[2024-12-07T17:15:44.035+0000] {local_task_job_runner.py:123} INFO - ::group::Pre task execution logs
[2024-12-07T17:15:44.117+0000] {taskinstance.py:2613} INFO - Dependencies all met for dep_context=non-requeueable deps ti=<TaskInstance: cars24_etl_pipeline.check_raw_data_file manual__2024-12-07T16:58:25.252048+00:00 [queued]>
[2024-12-07T17:15:44.179+0000] {taskinstance.py:2613} INFO - Dependencies all met for dep_context=requeueable deps ti=<TaskInstance: cars24_etl_pipeline.check_raw_data_file manual__2024-12-07T16:58:25.252048+00:00 [queued]>
[2024-12-07T17:15:44.207+0000] {taskinstance.py:2866} INFO - Starting attempt 1 of 2
[2024-12-07T17:15:44.417+0000] {taskinstance.py:2889} INFO - Executing <Task(FileSensor): check_raw_data_file> on 2024-12-07 16:58:25.252048+00:00
[2024-12-07T17:15:44.584+0000] {standard_task_runner.py:72} INFO - Started process 68830 to run task
[2024-12-07T17:15:44.979+0000] {standard_task_runner.py:104} INFO - Running: ['airflow', 'tasks', 'run', 'cars24_etl_pipeline', 'check_raw_data_file', 'manual__2024-12-07T16:58:25.252048+00:00', '--job-id', '8', '--raw', '--subdir', 'DAGS_FOLDER/etl_dag.py', '--cfg-path', '/tmp/tmpvsideql5']
[2024-12-07T17:15:45.024+0000] {standard_task_runner.py:105} INFO - Job 8: Subtask check_raw_data_file
[2024-12-07T17:15:48.003+0000] {task_command.py:467} INFO - Running <TaskInstance: cars24_etl_pipeline.check_raw_data_file manual__2024-12-07T16:58:25.252048+00:00 [running]> on host 98e62141e0b8
[2024-12-07T17:15:49.354+0000] {taskinstance.py:3132} INFO - Exporting env vars: AIRFLOW_CTX_DAG_OWNER='airflow' AIRFLOW_CTX_DAG_ID='cars24_etl_pipeline' AIRFLOW_CTX_TASK_ID='check_raw_data_file' AIRFLOW_CTX_EXECUTION_DATE='2024-12-07T16:58:25.252048+00:00' AIRFLOW_CTX_TRY_NUMBER='1' AIRFLOW_CTX_DAG_RUN_ID='manual__2024-12-07T16:58:25.252048+00:00'
[2024-12-07T17:15:49.380+0000] {logging_mixin.py:190} INFO - Task instance is in running state
[2024-12-07T17:15:49.381+0000] {logging_mixin.py:190} INFO -  Previous state of the Task instance: queued
[2024-12-07T17:15:49.382+0000] {logging_mixin.py:190} INFO - Current task name:check_raw_data_file state:running start_date:2024-12-07 17:15:44.124987+00:00
[2024-12-07T17:15:49.383+0000] {logging_mixin.py:190} INFO - Dag name:cars24_etl_pipeline and current dag run status:running
[2024-12-07T17:15:49.384+0000] {taskinstance.py:731} INFO - ::endgroup::
[2024-12-07T17:15:49.388+0000] {baseoperator.py:416} WARNING - FileSensor.execute cannot be called outside TaskInstance!
[2024-12-07T17:15:49.437+0000] {base.py:84} INFO - Retrieving connection 'fs_default'
[2024-12-07T17:15:49.439+0000] {filesystem.py:109} INFO - Poking for file /app/output/cars24_raw_data.xlsx
[2024-12-07T17:16:19.475+0000] {filesystem.py:109} INFO - Poking for file /app/output/cars24_raw_data.xlsx
[2024-12-07T17:16:49.550+0000] {filesystem.py:109} INFO - Poking for file /app/output/cars24_raw_data.xlsx
[2024-12-07T17:17:19.577+0000] {filesystem.py:109} INFO - Poking for file /app/output/cars24_raw_data.xlsx
[2024-12-07T17:17:49.581+0000] {filesystem.py:109} INFO - Poking for file /app/output/cars24_raw_data.xlsx
[2024-12-07T17:18:19.596+0000] {filesystem.py:109} INFO - Poking for file /app/output/cars24_raw_data.xlsx
[2024-12-07T17:18:49.607+0000] {filesystem.py:109} INFO - Poking for file /app/output/cars24_raw_data.xlsx
[2024-12-07T17:19:19.676+0000] {filesystem.py:109} INFO - Poking for file /app/output/cars24_raw_data.xlsx
[2024-12-07T17:19:49.692+0000] {filesystem.py:109} INFO - Poking for file /app/output/cars24_raw_data.xlsx
[2024-12-07T17:20:19.728+0000] {filesystem.py:109} INFO - Poking for file /app/output/cars24_raw_data.xlsx
[2024-12-07T17:20:49.776+0000] {filesystem.py:109} INFO - Poking for file /app/output/cars24_raw_data.xlsx
