[2024-12-07T16:54:59.707+0000] {processor.py:186} INFO - Started process (PID=68069) to work on /app/airflow/dags/etl_dag.py
[2024-12-07T16:54:59.710+0000] {processor.py:914} INFO - Processing file /app/airflow/dags/etl_dag.py for tasks to queue
[2024-12-07T16:54:59.714+0000] {logging_mixin.py:190} INFO - [2024-12-07T16:54:59.714+0000] {dagbag.py:588} INFO - Filling up the DagBag from /app/airflow/dags/etl_dag.py
[2024-12-07T16:54:59.988+0000] {processor.py:925} INFO - DAG(s) 'cars24_etl_pipeline' retrieved from /app/airflow/dags/etl_dag.py
[2024-12-07T16:55:00.438+0000] {logging_mixin.py:190} INFO - [2024-12-07T16:55:00.438+0000] {dag.py:3239} INFO - Sync 1 DAGs
[2024-12-07T16:55:00.510+0000] {logging_mixin.py:190} INFO - [2024-12-07T16:55:00.510+0000] {dag.py:4180} INFO - Setting next_dagrun for cars24_etl_pipeline to None, run_after=None
[2024-12-07T16:55:00.666+0000] {processor.py:208} INFO - Processing /app/airflow/dags/etl_dag.py took 0.979 seconds
[2024-12-07T16:56:26.173+0000] {processor.py:186} INFO - Started process (PID=68115) to work on /app/airflow/dags/etl_dag.py
[2024-12-07T16:56:26.183+0000] {processor.py:914} INFO - Processing file /app/airflow/dags/etl_dag.py for tasks to queue
[2024-12-07T16:56:26.186+0000] {logging_mixin.py:190} INFO - [2024-12-07T16:56:26.186+0000] {dagbag.py:588} INFO - Filling up the DagBag from /app/airflow/dags/etl_dag.py
[2024-12-07T16:56:26.428+0000] {processor.py:925} INFO - DAG(s) 'cars24_etl_pipeline' retrieved from /app/airflow/dags/etl_dag.py
[2024-12-07T16:56:26.455+0000] {logging_mixin.py:190} INFO - [2024-12-07T16:56:26.455+0000] {dag.py:3239} INFO - Sync 1 DAGs
[2024-12-07T16:56:26.480+0000] {logging_mixin.py:190} INFO - [2024-12-07T16:56:26.480+0000] {dag.py:4180} INFO - Setting next_dagrun for cars24_etl_pipeline to None, run_after=None
[2024-12-07T16:56:26.515+0000] {processor.py:208} INFO - Processing /app/airflow/dags/etl_dag.py took 0.364 seconds
[2024-12-07T16:57:31.285+0000] {processor.py:186} INFO - Started process (PID=68176) to work on /app/airflow/dags/etl_dag.py
[2024-12-07T16:57:31.287+0000] {processor.py:914} INFO - Processing file /app/airflow/dags/etl_dag.py for tasks to queue
[2024-12-07T16:57:31.290+0000] {logging_mixin.py:190} INFO - [2024-12-07T16:57:31.289+0000] {dagbag.py:588} INFO - Filling up the DagBag from /app/airflow/dags/etl_dag.py
[2024-12-07T16:57:31.483+0000] {processor.py:925} INFO - DAG(s) 'cars24_etl_pipeline' retrieved from /app/airflow/dags/etl_dag.py
[2024-12-07T16:57:31.509+0000] {logging_mixin.py:190} INFO - [2024-12-07T16:57:31.508+0000] {dag.py:3239} INFO - Sync 1 DAGs
[2024-12-07T16:57:31.535+0000] {logging_mixin.py:190} INFO - [2024-12-07T16:57:31.534+0000] {dag.py:4180} INFO - Setting next_dagrun for cars24_etl_pipeline to None, run_after=None
[2024-12-07T16:57:31.637+0000] {processor.py:208} INFO - Processing /app/airflow/dags/etl_dag.py took 0.360 seconds
[2024-12-07T17:03:15.457+0000] {processor.py:186} INFO - Started process (PID=68400) to work on /app/airflow/dags/etl_dag.py
[2024-12-07T17:03:15.484+0000] {processor.py:914} INFO - Processing file /app/airflow/dags/etl_dag.py for tasks to queue
[2024-12-07T17:03:15.511+0000] {logging_mixin.py:190} INFO - [2024-12-07T17:03:15.506+0000] {dagbag.py:588} INFO - Filling up the DagBag from /app/airflow/dags/etl_dag.py
[2024-12-07T17:03:16.575+0000] {processor.py:925} INFO - DAG(s) 'cars24_etl_pipeline' retrieved from /app/airflow/dags/etl_dag.py
[2024-12-07T17:03:16.893+0000] {logging_mixin.py:190} INFO - [2024-12-07T17:03:16.893+0000] {dag.py:3239} INFO - Sync 1 DAGs
[2024-12-07T17:03:16.982+0000] {logging_mixin.py:190} INFO - [2024-12-07T17:03:16.981+0000] {dag.py:4180} INFO - Setting next_dagrun for cars24_etl_pipeline to None, run_after=None
[2024-12-07T17:03:17.066+0000] {processor.py:208} INFO - Processing /app/airflow/dags/etl_dag.py took 1.740 seconds
[2024-12-07T17:04:57.782+0000] {processor.py:186} INFO - Started process (PID=68481) to work on /app/airflow/dags/etl_dag.py
[2024-12-07T17:04:57.824+0000] {processor.py:914} INFO - Processing file /app/airflow/dags/etl_dag.py for tasks to queue
[2024-12-07T17:04:57.829+0000] {logging_mixin.py:190} INFO - [2024-12-07T17:04:57.828+0000] {dagbag.py:588} INFO - Filling up the DagBag from /app/airflow/dags/etl_dag.py
[2024-12-07T17:04:58.033+0000] {processor.py:925} INFO - DAG(s) 'cars24_etl_pipeline' retrieved from /app/airflow/dags/etl_dag.py
[2024-12-07T17:04:58.054+0000] {logging_mixin.py:190} INFO - [2024-12-07T17:04:58.053+0000] {dag.py:3239} INFO - Sync 1 DAGs
[2024-12-07T17:04:58.072+0000] {logging_mixin.py:190} INFO - [2024-12-07T17:04:58.072+0000] {dag.py:4180} INFO - Setting next_dagrun for cars24_etl_pipeline to None, run_after=None
[2024-12-07T17:04:58.106+0000] {processor.py:208} INFO - Processing /app/airflow/dags/etl_dag.py took 0.335 seconds
[2024-12-07T17:05:59.820+0000] {processor.py:186} INFO - Started process (PID=68526) to work on /app/airflow/dags/etl_dag.py
[2024-12-07T17:05:59.821+0000] {processor.py:914} INFO - Processing file /app/airflow/dags/etl_dag.py for tasks to queue
[2024-12-07T17:05:59.825+0000] {logging_mixin.py:190} INFO - [2024-12-07T17:05:59.824+0000] {dagbag.py:588} INFO - Filling up the DagBag from /app/airflow/dags/etl_dag.py
[2024-12-07T17:05:59.995+0000] {processor.py:925} INFO - DAG(s) 'cars24_etl_pipeline' retrieved from /app/airflow/dags/etl_dag.py
[2024-12-07T17:06:00.017+0000] {logging_mixin.py:190} INFO - [2024-12-07T17:06:00.016+0000] {dag.py:3239} INFO - Sync 1 DAGs
[2024-12-07T17:06:00.037+0000] {logging_mixin.py:190} INFO - [2024-12-07T17:06:00.037+0000] {dag.py:4180} INFO - Setting next_dagrun for cars24_etl_pipeline to None, run_after=None
[2024-12-07T17:06:00.128+0000] {processor.py:208} INFO - Processing /app/airflow/dags/etl_dag.py took 0.318 seconds
[2024-12-07T17:07:13.351+0000] {processor.py:186} INFO - Started process (PID=68575) to work on /app/airflow/dags/etl_dag.py
[2024-12-07T17:07:13.355+0000] {processor.py:914} INFO - Processing file /app/airflow/dags/etl_dag.py for tasks to queue
[2024-12-07T17:07:13.359+0000] {logging_mixin.py:190} INFO - [2024-12-07T17:07:13.358+0000] {dagbag.py:588} INFO - Filling up the DagBag from /app/airflow/dags/etl_dag.py
[2024-12-07T17:07:13.728+0000] {processor.py:925} INFO - DAG(s) 'cars24_etl_pipeline' retrieved from /app/airflow/dags/etl_dag.py
[2024-12-07T17:07:13.757+0000] {logging_mixin.py:190} INFO - [2024-12-07T17:07:13.757+0000] {dag.py:3239} INFO - Sync 1 DAGs
[2024-12-07T17:07:13.789+0000] {logging_mixin.py:190} INFO - [2024-12-07T17:07:13.788+0000] {dag.py:4180} INFO - Setting next_dagrun for cars24_etl_pipeline to None, run_after=None
[2024-12-07T17:07:13.834+0000] {processor.py:208} INFO - Processing /app/airflow/dags/etl_dag.py took 0.505 seconds
[2024-12-07T17:09:40.069+0000] {processor.py:186} INFO - Started process (PID=68635) to work on /app/airflow/dags/etl_dag.py
[2024-12-07T17:09:40.087+0000] {processor.py:914} INFO - Processing file /app/airflow/dags/etl_dag.py for tasks to queue
[2024-12-07T17:09:40.135+0000] {logging_mixin.py:190} INFO - [2024-12-07T17:09:40.109+0000] {dagbag.py:588} INFO - Filling up the DagBag from /app/airflow/dags/etl_dag.py
[2024-12-07T17:09:41.149+0000] {processor.py:925} INFO - DAG(s) 'cars24_etl_pipeline' retrieved from /app/airflow/dags/etl_dag.py
[2024-12-07T17:09:41.419+0000] {logging_mixin.py:190} INFO - [2024-12-07T17:09:41.418+0000] {dag.py:3239} INFO - Sync 1 DAGs
[2024-12-07T17:09:41.600+0000] {logging_mixin.py:190} INFO - [2024-12-07T17:09:41.600+0000] {dag.py:4180} INFO - Setting next_dagrun for cars24_etl_pipeline to None, run_after=None
[2024-12-07T17:09:42.056+0000] {processor.py:208} INFO - Processing /app/airflow/dags/etl_dag.py took 2.118 seconds
[2024-12-07T17:11:53.202+0000] {processor.py:186} INFO - Started process (PID=68708) to work on /app/airflow/dags/etl_dag.py
[2024-12-07T17:11:53.225+0000] {processor.py:914} INFO - Processing file /app/airflow/dags/etl_dag.py for tasks to queue
[2024-12-07T17:11:53.302+0000] {logging_mixin.py:190} INFO - [2024-12-07T17:11:53.302+0000] {dagbag.py:588} INFO - Filling up the DagBag from /app/airflow/dags/etl_dag.py
[2024-12-07T17:11:54.827+0000] {processor.py:925} INFO - DAG(s) 'cars24_etl_pipeline' retrieved from /app/airflow/dags/etl_dag.py
[2024-12-07T17:11:54.853+0000] {logging_mixin.py:190} INFO - [2024-12-07T17:11:54.853+0000] {dag.py:3239} INFO - Sync 1 DAGs
[2024-12-07T17:11:54.884+0000] {logging_mixin.py:190} INFO - [2024-12-07T17:11:54.884+0000] {dag.py:4180} INFO - Setting next_dagrun for cars24_etl_pipeline to None, run_after=None
[2024-12-07T17:11:54.948+0000] {processor.py:208} INFO - Processing /app/airflow/dags/etl_dag.py took 1.766 seconds
[2024-12-07T17:13:07.101+0000] {processor.py:186} INFO - Started process (PID=68760) to work on /app/airflow/dags/etl_dag.py
[2024-12-07T17:13:07.103+0000] {processor.py:914} INFO - Processing file /app/airflow/dags/etl_dag.py for tasks to queue
[2024-12-07T17:13:07.106+0000] {logging_mixin.py:190} INFO - [2024-12-07T17:13:07.106+0000] {dagbag.py:588} INFO - Filling up the DagBag from /app/airflow/dags/etl_dag.py
[2024-12-07T17:13:07.451+0000] {processor.py:925} INFO - DAG(s) 'cars24_etl_pipeline' retrieved from /app/airflow/dags/etl_dag.py
[2024-12-07T17:13:07.493+0000] {logging_mixin.py:190} INFO - [2024-12-07T17:13:07.492+0000] {dag.py:3239} INFO - Sync 1 DAGs
[2024-12-07T17:13:07.545+0000] {logging_mixin.py:190} INFO - [2024-12-07T17:13:07.545+0000] {dag.py:4180} INFO - Setting next_dagrun for cars24_etl_pipeline to None, run_after=None
[2024-12-07T17:13:07.678+0000] {processor.py:208} INFO - Processing /app/airflow/dags/etl_dag.py took 0.590 seconds
[2024-12-07T17:15:16.893+0000] {processor.py:186} INFO - Started process (PID=68822) to work on /app/airflow/dags/etl_dag.py
[2024-12-07T17:15:16.899+0000] {processor.py:914} INFO - Processing file /app/airflow/dags/etl_dag.py for tasks to queue
[2024-12-07T17:15:16.911+0000] {logging_mixin.py:190} INFO - [2024-12-07T17:15:16.905+0000] {dagbag.py:588} INFO - Filling up the DagBag from /app/airflow/dags/etl_dag.py
[2024-12-07T17:15:17.873+0000] {processor.py:925} INFO - DAG(s) 'cars24_etl_pipeline' retrieved from /app/airflow/dags/etl_dag.py
[2024-12-07T17:15:30.539+0000] {logging_mixin.py:190} INFO - [2024-12-07T17:15:30.538+0000] {dag.py:3239} INFO - Sync 1 DAGs
[2024-12-07T17:15:30.655+0000] {logging_mixin.py:190} INFO - [2024-12-07T17:15:30.644+0000] {dag.py:4180} INFO - Setting next_dagrun for cars24_etl_pipeline to None, run_after=None
[2024-12-07T17:15:31.308+0000] {processor.py:208} INFO - Processing /app/airflow/dags/etl_dag.py took 14.461 seconds
[2024-12-07T17:22:35.295+0000] {processor.py:186} INFO - Started process (PID=36) to work on /app/airflow/dags/etl_dag.py
[2024-12-07T17:22:35.324+0000] {processor.py:914} INFO - Processing file /app/airflow/dags/etl_dag.py for tasks to queue
[2024-12-07T17:22:35.356+0000] {logging_mixin.py:190} INFO - [2024-12-07T17:22:35.354+0000] {dagbag.py:588} INFO - Filling up the DagBag from /app/airflow/dags/etl_dag.py
[2024-12-07T17:22:40.475+0000] {processor.py:925} INFO - DAG(s) 'cars24_etl_pipeline' retrieved from /app/airflow/dags/etl_dag.py
[2024-12-07T17:22:40.862+0000] {logging_mixin.py:190} INFO - [2024-12-07T17:22:40.862+0000] {dag.py:3239} INFO - Sync 1 DAGs
[2024-12-07T17:22:40.896+0000] {logging_mixin.py:190} INFO - [2024-12-07T17:22:40.896+0000] {dag.py:4180} INFO - Setting next_dagrun for cars24_etl_pipeline to None, run_after=None
[2024-12-07T17:22:40.973+0000] {processor.py:208} INFO - Processing /app/airflow/dags/etl_dag.py took 5.959 seconds
[2024-12-07T18:01:27.573+0000] {processor.py:186} INFO - Started process (PID=126) to work on /app/airflow/dags/etl_dag.py
[2024-12-07T18:01:27.603+0000] {processor.py:914} INFO - Processing file /app/airflow/dags/etl_dag.py for tasks to queue
[2024-12-07T18:01:27.608+0000] {logging_mixin.py:190} INFO - [2024-12-07T18:01:27.607+0000] {dagbag.py:588} INFO - Filling up the DagBag from /app/airflow/dags/etl_dag.py
[2024-12-07T18:01:28.603+0000] {processor.py:925} INFO - DAG(s) 'cars24_etl_pipeline' retrieved from /app/airflow/dags/etl_dag.py
[2024-12-07T18:01:29.223+0000] {logging_mixin.py:190} INFO - [2024-12-07T18:01:29.222+0000] {override.py:1901} INFO - Created Permission View: can delete on DAG:cars24_etl_pipeline
[2024-12-07T18:01:29.391+0000] {logging_mixin.py:190} INFO - [2024-12-07T18:01:29.391+0000] {override.py:1901} INFO - Created Permission View: can read on DAG:cars24_etl_pipeline
[2024-12-07T18:01:29.503+0000] {logging_mixin.py:190} INFO - [2024-12-07T18:01:29.502+0000] {override.py:1901} INFO - Created Permission View: can edit on DAG:cars24_etl_pipeline
[2024-12-07T18:01:29.716+0000] {logging_mixin.py:190} INFO - [2024-12-07T18:01:29.715+0000] {override.py:1901} INFO - Created Permission View: can delete on DAG Run:cars24_etl_pipeline
[2024-12-07T18:01:29.840+0000] {logging_mixin.py:190} INFO - [2024-12-07T18:01:29.839+0000] {override.py:1901} INFO - Created Permission View: can read on DAG Run:cars24_etl_pipeline
[2024-12-07T18:01:30.012+0000] {logging_mixin.py:190} INFO - [2024-12-07T18:01:30.011+0000] {override.py:1901} INFO - Created Permission View: menu access on DAG Run:cars24_etl_pipeline
[2024-12-07T18:01:30.137+0000] {logging_mixin.py:190} INFO - [2024-12-07T18:01:30.136+0000] {override.py:1901} INFO - Created Permission View: can create on DAG Run:cars24_etl_pipeline
[2024-12-07T18:01:30.143+0000] {logging_mixin.py:190} INFO - [2024-12-07T18:01:30.143+0000] {dag.py:3239} INFO - Sync 1 DAGs
[2024-12-07T18:01:30.223+0000] {logging_mixin.py:190} INFO - [2024-12-07T18:01:30.222+0000] {dag.py:3262} INFO - Creating ORM DAG for cars24_etl_pipeline
[2024-12-07T18:01:30.227+0000] {logging_mixin.py:190} INFO - [2024-12-07T18:01:30.226+0000] {dag.py:4180} INFO - Setting next_dagrun for cars24_etl_pipeline to None, run_after=None
[2024-12-07T18:01:30.340+0000] {processor.py:208} INFO - Processing /app/airflow/dags/etl_dag.py took 2.809 seconds
[2024-12-07T18:06:17.656+0000] {processor.py:186} INFO - Started process (PID=124) to work on /app/airflow/dags/etl_dag.py
[2024-12-07T18:06:17.717+0000] {processor.py:914} INFO - Processing file /app/airflow/dags/etl_dag.py for tasks to queue
[2024-12-07T18:06:17.736+0000] {logging_mixin.py:190} INFO - [2024-12-07T18:06:17.735+0000] {dagbag.py:588} INFO - Filling up the DagBag from /app/airflow/dags/etl_dag.py
[2024-12-07T18:06:20.425+0000] {processor.py:925} INFO - DAG(s) 'cars24_etl_pipeline' retrieved from /app/airflow/dags/etl_dag.py
[2024-12-07T18:06:21.993+0000] {logging_mixin.py:190} INFO - [2024-12-07T18:06:21.993+0000] {dag.py:3239} INFO - Sync 1 DAGs
[2024-12-07T18:06:22.667+0000] {logging_mixin.py:190} INFO - [2024-12-07T18:06:22.667+0000] {dag.py:4180} INFO - Setting next_dagrun for cars24_etl_pipeline to None, run_after=None
[2024-12-07T18:06:23.554+0000] {processor.py:208} INFO - Processing /app/airflow/dags/etl_dag.py took 5.939 seconds
[2024-12-07T18:20:06.940+0000] {processor.py:186} INFO - Started process (PID=510) to work on /app/airflow/dags/etl_dag.py
[2024-12-07T18:20:06.979+0000] {processor.py:914} INFO - Processing file /app/airflow/dags/etl_dag.py for tasks to queue
[2024-12-07T18:20:06.985+0000] {logging_mixin.py:190} INFO - [2024-12-07T18:20:06.984+0000] {dagbag.py:588} INFO - Filling up the DagBag from /app/airflow/dags/etl_dag.py
[2024-12-07T18:20:11.334+0000] {processor.py:925} INFO - DAG(s) 'cars24_etl_pipeline' retrieved from /app/airflow/dags/etl_dag.py
[2024-12-07T18:20:11.430+0000] {logging_mixin.py:190} INFO - [2024-12-07T18:20:11.429+0000] {dag.py:3239} INFO - Sync 1 DAGs
[2024-12-07T18:20:11.522+0000] {logging_mixin.py:190} INFO - [2024-12-07T18:20:11.522+0000] {dag.py:4180} INFO - Setting next_dagrun for cars24_etl_pipeline to None, run_after=None
[2024-12-07T18:20:11.757+0000] {processor.py:208} INFO - Processing /app/airflow/dags/etl_dag.py took 4.985 seconds
[2024-12-07T18:22:23.844+0000] {processor.py:186} INFO - Started process (PID=574) to work on /app/airflow/dags/etl_dag.py
[2024-12-07T18:22:23.848+0000] {processor.py:914} INFO - Processing file /app/airflow/dags/etl_dag.py for tasks to queue
[2024-12-07T18:22:23.859+0000] {logging_mixin.py:190} INFO - [2024-12-07T18:22:23.858+0000] {dagbag.py:588} INFO - Filling up the DagBag from /app/airflow/dags/etl_dag.py
[2024-12-07T18:22:25.032+0000] {processor.py:925} INFO - DAG(s) 'cars24_etl_pipeline' retrieved from /app/airflow/dags/etl_dag.py
[2024-12-07T18:22:25.071+0000] {logging_mixin.py:190} INFO - [2024-12-07T18:22:25.071+0000] {dag.py:3239} INFO - Sync 1 DAGs
[2024-12-07T18:22:25.097+0000] {logging_mixin.py:190} INFO - [2024-12-07T18:22:25.096+0000] {dag.py:4180} INFO - Setting next_dagrun for cars24_etl_pipeline to None, run_after=None
[2024-12-07T18:22:25.162+0000] {processor.py:208} INFO - Processing /app/airflow/dags/etl_dag.py took 1.342 seconds
[2024-12-07T18:23:56.241+0000] {processor.py:186} INFO - Started process (PID=609) to work on /app/airflow/dags/etl_dag.py
[2024-12-07T18:23:56.337+0000] {processor.py:914} INFO - Processing file /app/airflow/dags/etl_dag.py for tasks to queue
[2024-12-07T18:23:56.381+0000] {logging_mixin.py:190} INFO - [2024-12-07T18:23:56.380+0000] {dagbag.py:588} INFO - Filling up the DagBag from /app/airflow/dags/etl_dag.py
[2024-12-07T18:23:59.249+0000] {processor.py:925} INFO - DAG(s) 'cars24_etl_pipeline' retrieved from /app/airflow/dags/etl_dag.py
[2024-12-07T18:23:59.343+0000] {logging_mixin.py:190} INFO - [2024-12-07T18:23:59.343+0000] {dag.py:3239} INFO - Sync 1 DAGs
[2024-12-07T18:23:59.451+0000] {logging_mixin.py:190} INFO - [2024-12-07T18:23:59.450+0000] {dag.py:4180} INFO - Setting next_dagrun for cars24_etl_pipeline to None, run_after=None
[2024-12-07T18:23:59.663+0000] {processor.py:208} INFO - Processing /app/airflow/dags/etl_dag.py took 3.456 seconds
[2024-12-07T18:40:08.986+0000] {processor.py:186} INFO - Started process (PID=892) to work on /app/airflow/dags/etl_dag.py
[2024-12-07T18:40:09.045+0000] {processor.py:914} INFO - Processing file /app/airflow/dags/etl_dag.py for tasks to queue
[2024-12-07T18:40:09.073+0000] {logging_mixin.py:190} INFO - [2024-12-07T18:40:09.066+0000] {dagbag.py:588} INFO - Filling up the DagBag from /app/airflow/dags/etl_dag.py
[2024-12-07T18:40:16.267+0000] {processor.py:925} INFO - DAG(s) 'cars24_etl_pipeline' retrieved from /app/airflow/dags/etl_dag.py
[2024-12-07T18:40:22.712+0000] {logging_mixin.py:190} INFO - [2024-12-07T18:40:22.712+0000] {dag.py:3239} INFO - Sync 1 DAGs
[2024-12-07T18:40:23.536+0000] {logging_mixin.py:190} INFO - [2024-12-07T18:40:23.536+0000] {dag.py:4180} INFO - Setting next_dagrun for cars24_etl_pipeline to None, run_after=None
[2024-12-07T18:40:23.899+0000] {processor.py:208} INFO - Processing /app/airflow/dags/etl_dag.py took 15.697 seconds
[2024-12-07T18:42:46.094+0000] {processor.py:186} INFO - Started process (PID=918) to work on /app/airflow/dags/etl_dag.py
[2024-12-07T18:42:46.323+0000] {processor.py:914} INFO - Processing file /app/airflow/dags/etl_dag.py for tasks to queue
[2024-12-07T18:42:46.795+0000] {logging_mixin.py:190} INFO - [2024-12-07T18:42:46.778+0000] {dagbag.py:588} INFO - Filling up the DagBag from /app/airflow/dags/etl_dag.py
[2024-12-07T18:42:54.194+0000] {processor.py:925} INFO - DAG(s) 'cars24_etl_pipeline' retrieved from /app/airflow/dags/etl_dag.py
[2024-12-07T18:42:56.018+0000] {logging_mixin.py:190} INFO - [2024-12-07T18:42:56.018+0000] {dag.py:3239} INFO - Sync 1 DAGs
[2024-12-07T18:42:56.583+0000] {logging_mixin.py:190} INFO - [2024-12-07T18:42:56.582+0000] {dag.py:4180} INFO - Setting next_dagrun for cars24_etl_pipeline to None, run_after=None
[2024-12-07T18:42:57.327+0000] {processor.py:208} INFO - Processing /app/airflow/dags/etl_dag.py took 11.439 seconds
[2024-12-07T18:44:27.993+0000] {processor.py:186} INFO - Started process (PID=943) to work on /app/airflow/dags/etl_dag.py
[2024-12-07T18:44:28.013+0000] {processor.py:914} INFO - Processing file /app/airflow/dags/etl_dag.py for tasks to queue
[2024-12-07T18:44:28.045+0000] {logging_mixin.py:190} INFO - [2024-12-07T18:44:28.042+0000] {dagbag.py:588} INFO - Filling up the DagBag from /app/airflow/dags/etl_dag.py
[2024-12-07T18:44:31.824+0000] {processor.py:925} INFO - DAG(s) 'cars24_etl_pipeline' retrieved from /app/airflow/dags/etl_dag.py
[2024-12-07T18:44:33.434+0000] {logging_mixin.py:190} INFO - [2024-12-07T18:44:33.433+0000] {dag.py:3239} INFO - Sync 1 DAGs
[2024-12-07T18:44:34.333+0000] {logging_mixin.py:190} INFO - [2024-12-07T18:44:34.332+0000] {dag.py:4180} INFO - Setting next_dagrun for cars24_etl_pipeline to None, run_after=None
[2024-12-07T18:44:34.502+0000] {processor.py:208} INFO - Processing /app/airflow/dags/etl_dag.py took 6.628 seconds
[2024-12-07T18:47:31.091+0000] {processor.py:186} INFO - Started process (PID=1024) to work on /app/airflow/dags/etl_dag.py
[2024-12-07T18:47:31.094+0000] {processor.py:914} INFO - Processing file /app/airflow/dags/etl_dag.py for tasks to queue
[2024-12-07T18:47:31.106+0000] {logging_mixin.py:190} INFO - [2024-12-07T18:47:31.105+0000] {dagbag.py:588} INFO - Filling up the DagBag from /app/airflow/dags/etl_dag.py
[2024-12-07T18:47:35.935+0000] {processor.py:925} INFO - DAG(s) 'cars24_etl_pipeline' retrieved from /app/airflow/dags/etl_dag.py
[2024-12-07T18:47:36.059+0000] {logging_mixin.py:190} INFO - [2024-12-07T18:47:36.058+0000] {dag.py:3239} INFO - Sync 1 DAGs
[2024-12-07T18:47:36.157+0000] {logging_mixin.py:190} INFO - [2024-12-07T18:47:36.157+0000] {dag.py:4180} INFO - Setting next_dagrun for cars24_etl_pipeline to None, run_after=None
[2024-12-07T18:47:36.345+0000] {processor.py:208} INFO - Processing /app/airflow/dags/etl_dag.py took 5.284 seconds
[2024-12-07T18:50:31.247+0000] {processor.py:186} INFO - Started process (PID=1091) to work on /app/airflow/dags/etl_dag.py
[2024-12-07T18:50:31.250+0000] {processor.py:914} INFO - Processing file /app/airflow/dags/etl_dag.py for tasks to queue
[2024-12-07T18:50:31.254+0000] {logging_mixin.py:190} INFO - [2024-12-07T18:50:31.253+0000] {dagbag.py:588} INFO - Filling up the DagBag from /app/airflow/dags/etl_dag.py
[2024-12-07T18:50:38.117+0000] {processor.py:925} INFO - DAG(s) 'cars24_etl_pipeline' retrieved from /app/airflow/dags/etl_dag.py
[2024-12-07T18:50:38.221+0000] {logging_mixin.py:190} INFO - [2024-12-07T18:50:38.221+0000] {dag.py:3239} INFO - Sync 1 DAGs
[2024-12-07T18:50:38.323+0000] {logging_mixin.py:190} INFO - [2024-12-07T18:50:38.323+0000] {dag.py:4180} INFO - Setting next_dagrun for cars24_etl_pipeline to None, run_after=None
[2024-12-07T18:50:38.801+0000] {processor.py:208} INFO - Processing /app/airflow/dags/etl_dag.py took 7.569 seconds
[2024-12-07T18:52:32.688+0000] {processor.py:186} INFO - Started process (PID=1150) to work on /app/airflow/dags/etl_dag.py
[2024-12-07T18:52:32.701+0000] {processor.py:914} INFO - Processing file /app/airflow/dags/etl_dag.py for tasks to queue
[2024-12-07T18:52:32.714+0000] {logging_mixin.py:190} INFO - [2024-12-07T18:52:32.713+0000] {dagbag.py:588} INFO - Filling up the DagBag from /app/airflow/dags/etl_dag.py
[2024-12-07T18:52:33.619+0000] {processor.py:925} INFO - DAG(s) 'cars24_etl_pipeline' retrieved from /app/airflow/dags/etl_dag.py
[2024-12-07T18:52:33.710+0000] {logging_mixin.py:190} INFO - [2024-12-07T18:52:33.710+0000] {dag.py:3239} INFO - Sync 1 DAGs
[2024-12-07T18:52:33.766+0000] {logging_mixin.py:190} INFO - [2024-12-07T18:52:33.766+0000] {dag.py:4180} INFO - Setting next_dagrun for cars24_etl_pipeline to None, run_after=None
[2024-12-07T18:52:33.904+0000] {processor.py:208} INFO - Processing /app/airflow/dags/etl_dag.py took 1.241 seconds
[2024-12-07T18:54:14.723+0000] {processor.py:186} INFO - Started process (PID=1202) to work on /app/airflow/dags/etl_dag.py
[2024-12-07T18:54:14.726+0000] {processor.py:914} INFO - Processing file /app/airflow/dags/etl_dag.py for tasks to queue
[2024-12-07T18:54:14.729+0000] {logging_mixin.py:190} INFO - [2024-12-07T18:54:14.729+0000] {dagbag.py:588} INFO - Filling up the DagBag from /app/airflow/dags/etl_dag.py
[2024-12-07T18:54:15.101+0000] {processor.py:925} INFO - DAG(s) 'cars24_etl_pipeline' retrieved from /app/airflow/dags/etl_dag.py
[2024-12-07T18:54:15.172+0000] {logging_mixin.py:190} INFO - [2024-12-07T18:54:15.172+0000] {dag.py:3239} INFO - Sync 1 DAGs
[2024-12-07T18:54:15.196+0000] {logging_mixin.py:190} INFO - [2024-12-07T18:54:15.195+0000] {dag.py:4180} INFO - Setting next_dagrun for cars24_etl_pipeline to None, run_after=None
[2024-12-07T18:54:15.232+0000] {processor.py:208} INFO - Processing /app/airflow/dags/etl_dag.py took 0.524 seconds
[2024-12-07T18:55:25.753+0000] {processor.py:186} INFO - Started process (PID=1254) to work on /app/airflow/dags/etl_dag.py
[2024-12-07T18:55:25.763+0000] {processor.py:914} INFO - Processing file /app/airflow/dags/etl_dag.py for tasks to queue
[2024-12-07T18:55:25.767+0000] {logging_mixin.py:190} INFO - [2024-12-07T18:55:25.766+0000] {dagbag.py:588} INFO - Filling up the DagBag from /app/airflow/dags/etl_dag.py
[2024-12-07T18:55:26.169+0000] {processor.py:925} INFO - DAG(s) 'cars24_etl_pipeline' retrieved from /app/airflow/dags/etl_dag.py
[2024-12-07T18:55:26.636+0000] {logging_mixin.py:190} INFO - [2024-12-07T18:55:26.636+0000] {dag.py:3239} INFO - Sync 1 DAGs
[2024-12-07T18:55:26.769+0000] {logging_mixin.py:190} INFO - [2024-12-07T18:55:26.768+0000] {dag.py:4180} INFO - Setting next_dagrun for cars24_etl_pipeline to None, run_after=None
[2024-12-07T18:55:26.937+0000] {processor.py:208} INFO - Processing /app/airflow/dags/etl_dag.py took 1.223 seconds
[2024-12-07T18:56:25.478+0000] {processor.py:186} INFO - Started process (PID=1298) to work on /app/airflow/dags/etl_dag.py
[2024-12-07T18:56:25.480+0000] {processor.py:914} INFO - Processing file /app/airflow/dags/etl_dag.py for tasks to queue
[2024-12-07T18:56:25.483+0000] {logging_mixin.py:190} INFO - [2024-12-07T18:56:25.483+0000] {dagbag.py:588} INFO - Filling up the DagBag from /app/airflow/dags/etl_dag.py
[2024-12-07T18:56:25.669+0000] {processor.py:925} INFO - DAG(s) 'cars24_etl_pipeline' retrieved from /app/airflow/dags/etl_dag.py
[2024-12-07T18:56:25.691+0000] {logging_mixin.py:190} INFO - [2024-12-07T18:56:25.690+0000] {dag.py:3239} INFO - Sync 1 DAGs
[2024-12-07T18:56:25.709+0000] {logging_mixin.py:190} INFO - [2024-12-07T18:56:25.709+0000] {dag.py:4180} INFO - Setting next_dagrun for cars24_etl_pipeline to None, run_after=None
[2024-12-07T18:56:25.738+0000] {processor.py:208} INFO - Processing /app/airflow/dags/etl_dag.py took 0.270 seconds
