[2024-12-06T08:41:43.407+0000] {local_task_job_runner.py:123} INFO - ::group::Pre task execution logs
[2024-12-06T08:41:43.446+0000] {taskinstance.py:2613} INFO - Dependencies all met for dep_context=non-requeueable deps ti=<TaskInstance: cars24_etl_pipeline.combined_extract manual__2024-12-06T08:41:18.837479+00:00 [queued]>
[2024-12-06T08:41:43.461+0000] {taskinstance.py:2613} INFO - Dependencies all met for dep_context=requeueable deps ti=<TaskInstance: cars24_etl_pipeline.combined_extract manual__2024-12-06T08:41:18.837479+00:00 [queued]>
[2024-12-06T08:41:43.462+0000] {taskinstance.py:2866} INFO - Starting attempt 1 of 4
[2024-12-06T08:41:43.502+0000] {taskinstance.py:2889} INFO - Executing <Task(PythonOperator): combined_extract> on 2024-12-06 08:41:18.837479+00:00
[2024-12-06T08:41:43.544+0000] {standard_task_runner.py:72} INFO - Started process 786 to run task
[2024-12-06T08:41:43.632+0000] {standard_task_runner.py:104} INFO - Running: ['airflow', 'tasks', 'run', 'cars24_etl_pipeline', 'combined_extract', 'manual__2024-12-06T08:41:18.837479+00:00', '--job-id', '2', '--raw', '--subdir', 'DAGS_FOLDER/cars24_api_etl_pipeline.py', '--cfg-path', '/tmp/tmpi3v4vzow']
[2024-12-06T08:41:43.636+0000] {standard_task_runner.py:105} INFO - Job 2: Subtask combined_extract
[2024-12-06T08:41:45.553+0000] {task_command.py:467} INFO - Running <TaskInstance: cars24_etl_pipeline.combined_extract manual__2024-12-06T08:41:18.837479+00:00 [running]> on host 5aab8169bfc4
[2024-12-06T08:41:46.340+0000] {taskinstance.py:3132} INFO - Exporting env vars: AIRFLOW_CTX_DAG_OWNER='airflow' AIRFLOW_CTX_DAG_ID='cars24_etl_pipeline' AIRFLOW_CTX_TASK_ID='combined_extract' AIRFLOW_CTX_EXECUTION_DATE='2024-12-06T08:41:18.837479+00:00' AIRFLOW_CTX_TRY_NUMBER='1' AIRFLOW_CTX_DAG_RUN_ID='manual__2024-12-06T08:41:18.837479+00:00'
[2024-12-06T08:41:46.403+0000] {logging_mixin.py:190} INFO - Task instance is in running state
[2024-12-06T08:41:46.404+0000] {logging_mixin.py:190} INFO -  Previous state of the Task instance: queued
[2024-12-06T08:41:46.407+0000] {logging_mixin.py:190} INFO - Current task name:combined_extract state:running start_date:2024-12-06 08:41:43.447009+00:00
[2024-12-06T08:41:46.409+0000] {logging_mixin.py:190} INFO - Dag name:cars24_etl_pipeline and current dag run status:running
[2024-12-06T08:41:46.415+0000] {taskinstance.py:731} INFO - ::endgroup::
[2024-12-06T08:41:46.442+0000] {cars24_api_etl_pipeline.py:27} INFO - Starting combined Extract Stage 1 and Stage 2
[2024-12-06T08:41:46.444+0000] {main.py:190} INFO - Starting Stage 1: Fetching appointment IDs
[2024-12-06T08:41:49.514+0000] {logging_mixin.py:190} WARNING - /usr/local/lib/python3.8/site-packages/urllib3/connectionpool.py:1099 InsecureRequestWarning: Unverified HTTPS request is being made to host 'b2c-catalog-gateway.c24.tech'. Adding certificate verification is strongly advised. See: https://urllib3.readthedocs.io/en/latest/advanced-usage.html#tls-warnings
[2024-12-06T08:41:49.537+0000] {logging_mixin.py:190} WARNING - /usr/local/lib/python3.8/site-packages/urllib3/connectionpool.py:1099 InsecureRequestWarning: Unverified HTTPS request is being made to host 'b2c-catalog-gateway.c24.tech'. Adding certificate verification is strongly advised. See: https://urllib3.readthedocs.io/en/latest/advanced-usage.html#tls-warnings
[2024-12-06T08:41:49.562+0000] {logging_mixin.py:190} WARNING - /usr/local/lib/python3.8/site-packages/urllib3/connectionpool.py:1099 InsecureRequestWarning: Unverified HTTPS request is being made to host 'b2c-catalog-gateway.c24.tech'. Adding certificate verification is strongly advised. See: https://urllib3.readthedocs.io/en/latest/advanced-usage.html#tls-warnings
[2024-12-06T08:41:49.580+0000] {logging_mixin.py:190} WARNING - /usr/local/lib/python3.8/site-packages/urllib3/connectionpool.py:1099 InsecureRequestWarning: Unverified HTTPS request is being made to host 'b2c-catalog-gateway.c24.tech'. Adding certificate verification is strongly advised. See: https://urllib3.readthedocs.io/en/latest/advanced-usage.html#tls-warnings
[2024-12-06T08:41:49.916+0000] {logging_mixin.py:190} WARNING - /usr/local/lib/python3.8/site-packages/urllib3/connectionpool.py:1099 InsecureRequestWarning: Unverified HTTPS request is being made to host 'b2c-catalog-gateway.c24.tech'. Adding certificate verification is strongly advised. See: https://urllib3.readthedocs.io/en/latest/advanced-usage.html#tls-warnings
[2024-12-06T08:41:49.958+0000] {logging_mixin.py:190} WARNING - /usr/local/lib/python3.8/site-packages/urllib3/connectionpool.py:1099 InsecureRequestWarning: Unverified HTTPS request is being made to host 'b2c-catalog-gateway.c24.tech'. Adding certificate verification is strongly advised. See: https://urllib3.readthedocs.io/en/latest/advanced-usage.html#tls-warnings
[2024-12-06T08:41:49.974+0000] {logging_mixin.py:190} WARNING - /usr/local/lib/python3.8/site-packages/urllib3/connectionpool.py:1099 InsecureRequestWarning: Unverified HTTPS request is being made to host 'b2c-catalog-gateway.c24.tech'. Adding certificate verification is strongly advised. See: https://urllib3.readthedocs.io/en/latest/advanced-usage.html#tls-warnings
[2024-12-06T08:41:50.235+0000] {logging_mixin.py:190} WARNING - /usr/local/lib/python3.8/site-packages/urllib3/connectionpool.py:1099 InsecureRequestWarning: Unverified HTTPS request is being made to host 'b2c-catalog-gateway.c24.tech'. Adding certificate verification is strongly advised. See: https://urllib3.readthedocs.io/en/latest/advanced-usage.html#tls-warnings
[2024-12-06T08:41:50.496+0000] {logging_mixin.py:190} WARNING - /usr/local/lib/python3.8/site-packages/urllib3/connectionpool.py:1099 InsecureRequestWarning: Unverified HTTPS request is being made to host 'b2c-catalog-gateway.c24.tech'. Adding certificate verification is strongly advised. See: https://urllib3.readthedocs.io/en/latest/advanced-usage.html#tls-warnings
[2024-12-06T08:41:50.518+0000] {logging_mixin.py:190} WARNING - /usr/local/lib/python3.8/site-packages/urllib3/connectionpool.py:1099 InsecureRequestWarning: Unverified HTTPS request is being made to host 'b2c-catalog-gateway.c24.tech'. Adding certificate verification is strongly advised. See: https://urllib3.readthedocs.io/en/latest/advanced-usage.html#tls-warnings
[2024-12-06T08:41:50.576+0000] {logging_mixin.py:190} WARNING - /usr/local/lib/python3.8/site-packages/urllib3/connectionpool.py:1099 InsecureRequestWarning: Unverified HTTPS request is being made to host 'b2c-catalog-gateway.c24.tech'. Adding certificate verification is strongly advised. See: https://urllib3.readthedocs.io/en/latest/advanced-usage.html#tls-warnings
[2024-12-06T08:41:51.344+0000] {logging_mixin.py:190} WARNING - /usr/local/lib/python3.8/site-packages/urllib3/connectionpool.py:1099 InsecureRequestWarning: Unverified HTTPS request is being made to host 'b2c-catalog-gateway.c24.tech'. Adding certificate verification is strongly advised. See: https://urllib3.readthedocs.io/en/latest/advanced-usage.html#tls-warnings
[2024-12-06T08:41:51.563+0000] {logging_mixin.py:190} WARNING - /usr/local/lib/python3.8/site-packages/urllib3/connectionpool.py:1099 InsecureRequestWarning: Unverified HTTPS request is being made to host 'b2c-catalog-gateway.c24.tech'. Adding certificate verification is strongly advised. See: https://urllib3.readthedocs.io/en/latest/advanced-usage.html#tls-warnings
[2024-12-06T08:41:51.674+0000] {logging_mixin.py:190} WARNING - /usr/local/lib/python3.8/site-packages/urllib3/connectionpool.py:1099 InsecureRequestWarning: Unverified HTTPS request is being made to host 'b2c-catalog-gateway.c24.tech'. Adding certificate verification is strongly advised. See: https://urllib3.readthedocs.io/en/latest/advanced-usage.html#tls-warnings
[2024-12-06T08:41:51.748+0000] {logging_mixin.py:190} WARNING - /usr/local/lib/python3.8/site-packages/urllib3/connectionpool.py:1099 InsecureRequestWarning: Unverified HTTPS request is being made to host 'b2c-catalog-gateway.c24.tech'. Adding certificate verification is strongly advised. See: https://urllib3.readthedocs.io/en/latest/advanced-usage.html#tls-warnings
[2024-12-06T08:41:51.837+0000] {logging_mixin.py:190} WARNING - /usr/local/lib/python3.8/site-packages/urllib3/connectionpool.py:1099 InsecureRequestWarning: Unverified HTTPS request is being made to host 'b2c-catalog-gateway.c24.tech'. Adding certificate verification is strongly advised. See: https://urllib3.readthedocs.io/en/latest/advanced-usage.html#tls-warnings
[2024-12-06T08:41:51.909+0000] {logging_mixin.py:190} WARNING - /usr/local/lib/python3.8/site-packages/urllib3/connectionpool.py:1099 InsecureRequestWarning: Unverified HTTPS request is being made to host 'b2c-catalog-gateway.c24.tech'. Adding certificate verification is strongly advised. See: https://urllib3.readthedocs.io/en/latest/advanced-usage.html#tls-warnings
[2024-12-06T08:41:52.480+0000] {logging_mixin.py:190} WARNING - /usr/local/lib/python3.8/site-packages/urllib3/connectionpool.py:1099 InsecureRequestWarning: Unverified HTTPS request is being made to host 'b2c-catalog-gateway.c24.tech'. Adding certificate verification is strongly advised. See: https://urllib3.readthedocs.io/en/latest/advanced-usage.html#tls-warnings
[2024-12-06T08:41:52.588+0000] {logging_mixin.py:190} WARNING - /usr/local/lib/python3.8/site-packages/urllib3/connectionpool.py:1099 InsecureRequestWarning: Unverified HTTPS request is being made to host 'b2c-catalog-gateway.c24.tech'. Adding certificate verification is strongly advised. See: https://urllib3.readthedocs.io/en/latest/advanced-usage.html#tls-warnings
[2024-12-06T08:41:52.650+0000] {logging_mixin.py:190} WARNING - /usr/local/lib/python3.8/site-packages/urllib3/connectionpool.py:1099 InsecureRequestWarning: Unverified HTTPS request is being made to host 'b2c-catalog-gateway.c24.tech'. Adding certificate verification is strongly advised. See: https://urllib3.readthedocs.io/en/latest/advanced-usage.html#tls-warnings
[2024-12-06T08:41:53.009+0000] {logging_mixin.py:190} WARNING - /usr/local/lib/python3.8/site-packages/urllib3/connectionpool.py:1099 InsecureRequestWarning: Unverified HTTPS request is being made to host 'b2c-catalog-gateway.c24.tech'. Adding certificate verification is strongly advised. See: https://urllib3.readthedocs.io/en/latest/advanced-usage.html#tls-warnings
[2024-12-06T08:41:53.116+0000] {logging_mixin.py:190} WARNING - /usr/local/lib/python3.8/site-packages/urllib3/connectionpool.py:1099 InsecureRequestWarning: Unverified HTTPS request is being made to host 'b2c-catalog-gateway.c24.tech'. Adding certificate verification is strongly advised. See: https://urllib3.readthedocs.io/en/latest/advanced-usage.html#tls-warnings
[2024-12-06T08:41:53.224+0000] {logging_mixin.py:190} WARNING - /usr/local/lib/python3.8/site-packages/urllib3/connectionpool.py:1099 InsecureRequestWarning: Unverified HTTPS request is being made to host 'b2c-catalog-gateway.c24.tech'. Adding certificate verification is strongly advised. See: https://urllib3.readthedocs.io/en/latest/advanced-usage.html#tls-warnings
[2024-12-06T08:41:53.261+0000] {logging_mixin.py:190} WARNING - /usr/local/lib/python3.8/site-packages/urllib3/connectionpool.py:1099 InsecureRequestWarning: Unverified HTTPS request is being made to host 'b2c-catalog-gateway.c24.tech'. Adding certificate verification is strongly advised. See: https://urllib3.readthedocs.io/en/latest/advanced-usage.html#tls-warnings
[2024-12-06T08:41:53.356+0000] {logging_mixin.py:190} WARNING - /usr/local/lib/python3.8/site-packages/urllib3/connectionpool.py:1099 InsecureRequestWarning: Unverified HTTPS request is being made to host 'b2c-catalog-gateway.c24.tech'. Adding certificate verification is strongly advised. See: https://urllib3.readthedocs.io/en/latest/advanced-usage.html#tls-warnings
[2024-12-06T08:41:53.461+0000] {logging_mixin.py:190} WARNING - /usr/local/lib/python3.8/site-packages/urllib3/connectionpool.py:1099 InsecureRequestWarning: Unverified HTTPS request is being made to host 'b2c-catalog-gateway.c24.tech'. Adding certificate verification is strongly advised. See: https://urllib3.readthedocs.io/en/latest/advanced-usage.html#tls-warnings
[2024-12-06T08:41:53.546+0000] {logging_mixin.py:190} WARNING - /usr/local/lib/python3.8/site-packages/urllib3/connectionpool.py:1099 InsecureRequestWarning: Unverified HTTPS request is being made to host 'b2c-catalog-gateway.c24.tech'. Adding certificate verification is strongly advised. See: https://urllib3.readthedocs.io/en/latest/advanced-usage.html#tls-warnings
[2024-12-06T08:41:53.580+0000] {logging_mixin.py:190} WARNING - /usr/local/lib/python3.8/site-packages/urllib3/connectionpool.py:1099 InsecureRequestWarning: Unverified HTTPS request is being made to host 'b2c-catalog-gateway.c24.tech'. Adding certificate verification is strongly advised. See: https://urllib3.readthedocs.io/en/latest/advanced-usage.html#tls-warnings
[2024-12-06T08:41:53.809+0000] {logging_mixin.py:190} WARNING - /usr/local/lib/python3.8/site-packages/urllib3/connectionpool.py:1099 InsecureRequestWarning: Unverified HTTPS request is being made to host 'b2c-catalog-gateway.c24.tech'. Adding certificate verification is strongly advised. See: https://urllib3.readthedocs.io/en/latest/advanced-usage.html#tls-warnings
[2024-12-06T08:41:53.949+0000] {main.py:54} ERROR - Error processing city_id 105: 'appointmentId'
[2024-12-06T08:41:53.997+0000] {logging_mixin.py:190} WARNING - /usr/local/lib/python3.8/site-packages/urllib3/connectionpool.py:1099 InsecureRequestWarning: Unverified HTTPS request is being made to host 'b2c-catalog-gateway.c24.tech'. Adding certificate verification is strongly advised. See: https://urllib3.readthedocs.io/en/latest/advanced-usage.html#tls-warnings
[2024-12-06T08:41:54.293+0000] {logging_mixin.py:190} WARNING - /usr/local/lib/python3.8/site-packages/urllib3/connectionpool.py:1099 InsecureRequestWarning: Unverified HTTPS request is being made to host 'b2c-catalog-gateway.c24.tech'. Adding certificate verification is strongly advised. See: https://urllib3.readthedocs.io/en/latest/advanced-usage.html#tls-warnings
[2024-12-06T08:41:54.153+0000] {main.py:54} ERROR - Error processing city_id 108: 'appointmentId'
[2024-12-06T08:41:54.378+0000] {logging_mixin.py:190} WARNING - /usr/local/lib/python3.8/site-packages/urllib3/connectionpool.py:1099 InsecureRequestWarning: Unverified HTTPS request is being made to host 'b2c-catalog-gateway.c24.tech'. Adding certificate verification is strongly advised. See: https://urllib3.readthedocs.io/en/latest/advanced-usage.html#tls-warnings
[2024-12-06T08:41:54.403+0000] {main.py:54} ERROR - Error processing city_id 110: 'appointmentId'
[2024-12-06T08:41:54.519+0000] {logging_mixin.py:190} WARNING - /usr/local/lib/python3.8/site-packages/urllib3/connectionpool.py:1099 InsecureRequestWarning: Unverified HTTPS request is being made to host 'b2c-catalog-gateway.c24.tech'. Adding certificate verification is strongly advised. See: https://urllib3.readthedocs.io/en/latest/advanced-usage.html#tls-warnings
[2024-12-06T08:41:54.548+0000] {main.py:54} ERROR - Error processing city_id 112: Expecting value: line 1 column 1 (char 0)
[2024-12-06T08:41:54.610+0000] {logging_mixin.py:190} WARNING - /usr/local/lib/python3.8/site-packages/urllib3/connectionpool.py:1099 InsecureRequestWarning: Unverified HTTPS request is being made to host 'b2c-catalog-gateway.c24.tech'. Adding certificate verification is strongly advised. See: https://urllib3.readthedocs.io/en/latest/advanced-usage.html#tls-warnings
[2024-12-06T08:41:54.627+0000] {main.py:54} ERROR - Error processing city_id 100: 'appointmentId'
[2024-12-06T08:41:54.635+0000] {logging_mixin.py:190} WARNING - /usr/local/lib/python3.8/site-packages/urllib3/connectionpool.py:1099 InsecureRequestWarning: Unverified HTTPS request is being made to host 'b2c-catalog-gateway.c24.tech'. Adding certificate verification is strongly advised. See: https://urllib3.readthedocs.io/en/latest/advanced-usage.html#tls-warnings
[2024-12-06T08:41:54.641+0000] {main.py:54} ERROR - Error processing city_id 131: 'appointmentId'
[2024-12-06T08:41:54.657+0000] {logging_mixin.py:190} WARNING - /usr/local/lib/python3.8/site-packages/urllib3/connectionpool.py:1099 InsecureRequestWarning: Unverified HTTPS request is being made to host 'b2c-catalog-gateway.c24.tech'. Adding certificate verification is strongly advised. See: https://urllib3.readthedocs.io/en/latest/advanced-usage.html#tls-warnings
[2024-12-06T08:41:54.663+0000] {main.py:54} ERROR - Error processing city_id 135: 'appointmentId'
[2024-12-06T08:41:54.678+0000] {logging_mixin.py:190} WARNING - /usr/local/lib/python3.8/site-packages/urllib3/connectionpool.py:1099 InsecureRequestWarning: Unverified HTTPS request is being made to host 'b2c-catalog-gateway.c24.tech'. Adding certificate verification is strongly advised. See: https://urllib3.readthedocs.io/en/latest/advanced-usage.html#tls-warnings
[2024-12-06T08:41:54.688+0000] {main.py:54} ERROR - Error processing city_id 128: Expecting value: line 1 column 1 (char 0)
[2024-12-06T08:41:54.693+0000] {logging_mixin.py:190} WARNING - /usr/local/lib/python3.8/site-packages/urllib3/connectionpool.py:1099 InsecureRequestWarning: Unverified HTTPS request is being made to host 'b2c-catalog-gateway.c24.tech'. Adding certificate verification is strongly advised. See: https://urllib3.readthedocs.io/en/latest/advanced-usage.html#tls-warnings
[2024-12-06T08:41:54.696+0000] {main.py:54} ERROR - Error processing city_id 115: Expecting value: line 1 column 1 (char 0)
[2024-12-06T08:41:54.700+0000] {logging_mixin.py:190} WARNING - /usr/local/lib/python3.8/site-packages/urllib3/connectionpool.py:1099 InsecureRequestWarning: Unverified HTTPS request is being made to host 'b2c-catalog-gateway.c24.tech'. Adding certificate verification is strongly advised. See: https://urllib3.readthedocs.io/en/latest/advanced-usage.html#tls-warnings
[2024-12-06T08:41:54.717+0000] {main.py:54} ERROR - Error processing city_id 133: 'appointmentId'
[2024-12-06T08:41:54.727+0000] {logging_mixin.py:190} WARNING - /usr/local/lib/python3.8/site-packages/urllib3/connectionpool.py:1099 InsecureRequestWarning: Unverified HTTPS request is being made to host 'b2c-catalog-gateway.c24.tech'. Adding certificate verification is strongly advised. See: https://urllib3.readthedocs.io/en/latest/advanced-usage.html#tls-warnings
[2024-12-06T08:41:54.746+0000] {main.py:54} ERROR - Error processing city_id 116: Expecting value: line 1 column 1 (char 0)
[2024-12-06T08:41:54.755+0000] {logging_mixin.py:190} WARNING - /usr/local/lib/python3.8/site-packages/urllib3/connectionpool.py:1099 InsecureRequestWarning: Unverified HTTPS request is being made to host 'b2c-catalog-gateway.c24.tech'. Adding certificate verification is strongly advised. See: https://urllib3.readthedocs.io/en/latest/advanced-usage.html#tls-warnings
[2024-12-06T08:41:54.771+0000] {main.py:54} ERROR - Error processing city_id 124: Expecting value: line 1 column 1 (char 0)
[2024-12-06T08:41:54.882+0000] {logging_mixin.py:190} WARNING - /usr/local/lib/python3.8/site-packages/urllib3/connectionpool.py:1099 InsecureRequestWarning: Unverified HTTPS request is being made to host 'b2c-catalog-gateway.c24.tech'. Adding certificate verification is strongly advised. See: https://urllib3.readthedocs.io/en/latest/advanced-usage.html#tls-warnings
[2024-12-06T08:41:54.893+0000] {main.py:54} ERROR - Error processing city_id 106: 'appointmentId'
[2024-12-06T08:41:54.909+0000] {logging_mixin.py:190} WARNING - /usr/local/lib/python3.8/site-packages/urllib3/connectionpool.py:1099 InsecureRequestWarning: Unverified HTTPS request is being made to host 'b2c-catalog-gateway.c24.tech'. Adding certificate verification is strongly advised. See: https://urllib3.readthedocs.io/en/latest/advanced-usage.html#tls-warnings
[2024-12-06T08:41:54.943+0000] {logging_mixin.py:190} WARNING - /usr/local/lib/python3.8/site-packages/urllib3/connectionpool.py:1099 InsecureRequestWarning: Unverified HTTPS request is being made to host 'b2c-catalog-gateway.c24.tech'. Adding certificate verification is strongly advised. See: https://urllib3.readthedocs.io/en/latest/advanced-usage.html#tls-warnings
[2024-12-06T08:41:54.932+0000] {main.py:54} ERROR - Error processing city_id 127: Expecting value: line 1 column 1 (char 0)
[2024-12-06T08:41:54.992+0000] {logging_mixin.py:190} WARNING - /usr/local/lib/python3.8/site-packages/urllib3/connectionpool.py:1099 InsecureRequestWarning: Unverified HTTPS request is being made to host 'b2c-catalog-gateway.c24.tech'. Adding certificate verification is strongly advised. See: https://urllib3.readthedocs.io/en/latest/advanced-usage.html#tls-warnings
[2024-12-06T08:41:55.001+0000] {main.py:54} ERROR - Error processing city_id 129: Expecting value: line 1 column 1 (char 0)
[2024-12-06T08:41:55.027+0000] {logging_mixin.py:190} WARNING - /usr/local/lib/python3.8/site-packages/urllib3/connectionpool.py:1099 InsecureRequestWarning: Unverified HTTPS request is being made to host 'b2c-catalog-gateway.c24.tech'. Adding certificate verification is strongly advised. See: https://urllib3.readthedocs.io/en/latest/advanced-usage.html#tls-warnings
[2024-12-06T08:41:55.036+0000] {main.py:54} ERROR - Error processing city_id 123: Expecting value: line 1 column 1 (char 0)
[2024-12-06T08:41:55.042+0000] {logging_mixin.py:190} WARNING - /usr/local/lib/python3.8/site-packages/urllib3/connectionpool.py:1099 InsecureRequestWarning: Unverified HTTPS request is being made to host 'b2c-catalog-gateway.c24.tech'. Adding certificate verification is strongly advised. See: https://urllib3.readthedocs.io/en/latest/advanced-usage.html#tls-warnings
[2024-12-06T08:41:55.092+0000] {logging_mixin.py:190} WARNING - /usr/local/lib/python3.8/site-packages/urllib3/connectionpool.py:1099 InsecureRequestWarning: Unverified HTTPS request is being made to host 'b2c-catalog-gateway.c24.tech'. Adding certificate verification is strongly advised. See: https://urllib3.readthedocs.io/en/latest/advanced-usage.html#tls-warnings
[2024-12-06T08:41:55.054+0000] {main.py:54} ERROR - Error processing city_id 102: 'appointmentId'
[2024-12-06T08:41:55.188+0000] {logging_mixin.py:190} WARNING - /usr/local/lib/python3.8/site-packages/urllib3/connectionpool.py:1099 InsecureRequestWarning: Unverified HTTPS request is being made to host 'b2c-catalog-gateway.c24.tech'. Adding certificate verification is strongly advised. See: https://urllib3.readthedocs.io/en/latest/advanced-usage.html#tls-warnings
[2024-12-06T08:41:55.195+0000] {main.py:54} ERROR - Error processing city_id 117: Expecting value: line 1 column 1 (char 0)
[2024-12-06T08:41:57.560+0000] {main.py:54} ERROR - Error processing city_id 122: Expecting value: line 1 column 1 (char 0)
[2024-12-06T08:41:57.565+0000] {logging_mixin.py:190} WARNING - /usr/local/lib/python3.8/site-packages/urllib3/connectionpool.py:1099 InsecureRequestWarning: Unverified HTTPS request is being made to host 'b2c-catalog-gateway.c24.tech'. Adding certificate verification is strongly advised. See: https://urllib3.readthedocs.io/en/latest/advanced-usage.html#tls-warnings
[2024-12-06T08:41:57.565+0000] {main.py:54} ERROR - Error processing city_id 101: 'appointmentId'
[2024-12-06T08:41:57.574+0000] {logging_mixin.py:190} WARNING - /usr/local/lib/python3.8/site-packages/urllib3/connectionpool.py:1099 InsecureRequestWarning: Unverified HTTPS request is being made to host 'b2c-catalog-gateway.c24.tech'. Adding certificate verification is strongly advised. See: https://urllib3.readthedocs.io/en/latest/advanced-usage.html#tls-warnings
[2024-12-06T08:41:57.578+0000] {main.py:54} ERROR - Error processing city_id 126: Expecting value: line 1 column 1 (char 0)
[2024-12-06T08:41:57.587+0000] {logging_mixin.py:190} WARNING - /usr/local/lib/python3.8/site-packages/urllib3/connectionpool.py:1099 InsecureRequestWarning: Unverified HTTPS request is being made to host 'b2c-catalog-gateway.c24.tech'. Adding certificate verification is strongly advised. See: https://urllib3.readthedocs.io/en/latest/advanced-usage.html#tls-warnings
[2024-12-06T08:41:57.589+0000] {main.py:54} ERROR - Error processing city_id 119: Expecting value: line 1 column 1 (char 0)
[2024-12-06T08:41:57.592+0000] {logging_mixin.py:190} WARNING - /usr/local/lib/python3.8/site-packages/urllib3/connectionpool.py:1099 InsecureRequestWarning: Unverified HTTPS request is being made to host 'b2c-catalog-gateway.c24.tech'. Adding certificate verification is strongly advised. See: https://urllib3.readthedocs.io/en/latest/advanced-usage.html#tls-warnings
[2024-12-06T08:41:57.596+0000] {main.py:54} ERROR - Error processing city_id 104: 'appointmentId'
[2024-12-06T08:41:57.600+0000] {logging_mixin.py:190} WARNING - /usr/local/lib/python3.8/site-packages/urllib3/connectionpool.py:1099 InsecureRequestWarning: Unverified HTTPS request is being made to host 'b2c-catalog-gateway.c24.tech'. Adding certificate verification is strongly advised. See: https://urllib3.readthedocs.io/en/latest/advanced-usage.html#tls-warnings
[2024-12-06T08:41:57.602+0000] {main.py:54} ERROR - Error processing city_id 113: Expecting value: line 1 column 1 (char 0)
[2024-12-06T08:41:57.606+0000] {logging_mixin.py:190} WARNING - /usr/local/lib/python3.8/site-packages/urllib3/connectionpool.py:1099 InsecureRequestWarning: Unverified HTTPS request is being made to host 'b2c-catalog-gateway.c24.tech'. Adding certificate verification is strongly advised. See: https://urllib3.readthedocs.io/en/latest/advanced-usage.html#tls-warnings
[2024-12-06T08:41:57.612+0000] {main.py:54} ERROR - Error processing city_id 111: 'appointmentId'
[2024-12-06T08:41:57.623+0000] {logging_mixin.py:190} WARNING - /usr/local/lib/python3.8/site-packages/urllib3/connectionpool.py:1099 InsecureRequestWarning: Unverified HTTPS request is being made to host 'b2c-catalog-gateway.c24.tech'. Adding certificate verification is strongly advised. See: https://urllib3.readthedocs.io/en/latest/advanced-usage.html#tls-warnings
[2024-12-06T08:41:57.628+0000] {main.py:54} ERROR - Error processing city_id 120: Expecting value: line 1 column 1 (char 0)
[2024-12-06T08:41:57.634+0000] {main.py:54} ERROR - Error processing city_id 103: 'appointmentId'
[2024-12-06T08:41:57.636+0000] {main.py:54} ERROR - Error processing city_id 130: Expecting value: line 1 column 1 (char 0)
[2024-12-06T08:41:57.634+0000] {logging_mixin.py:190} WARNING - /usr/local/lib/python3.8/site-packages/urllib3/connectionpool.py:1099 InsecureRequestWarning: Unverified HTTPS request is being made to host 'b2c-catalog-gateway.c24.tech'. Adding certificate verification is strongly advised. See: https://urllib3.readthedocs.io/en/latest/advanced-usage.html#tls-warnings
[2024-12-06T08:41:57.637+0000] {main.py:52} INFO - Fetched 29 appointment IDs for city_id 136
[2024-12-06T08:41:57.642+0000] {logging_mixin.py:190} WARNING - /usr/local/lib/python3.8/site-packages/urllib3/connectionpool.py:1099 InsecureRequestWarning: Unverified HTTPS request is being made to host 'b2c-catalog-gateway.c24.tech'. Adding certificate verification is strongly advised. See: https://urllib3.readthedocs.io/en/latest/advanced-usage.html#tls-warnings
[2024-12-06T08:41:57.646+0000] {main.py:54} ERROR - Error processing city_id 140: 'appointmentId'
[2024-12-06T08:41:57.650+0000] {logging_mixin.py:190} WARNING - /usr/local/lib/python3.8/site-packages/urllib3/connectionpool.py:1099 InsecureRequestWarning: Unverified HTTPS request is being made to host 'b2c-catalog-gateway.c24.tech'. Adding certificate verification is strongly advised. See: https://urllib3.readthedocs.io/en/latest/advanced-usage.html#tls-warnings
[2024-12-06T08:41:57.660+0000] {main.py:54} ERROR - Error processing city_id 190: 'appointmentId'
[2024-12-06T08:41:57.751+0000] {logging_mixin.py:190} WARNING - /usr/local/lib/python3.8/site-packages/urllib3/connectionpool.py:1099 InsecureRequestWarning: Unverified HTTPS request is being made to host 'b2c-catalog-gateway.c24.tech'. Adding certificate verification is strongly advised. See: https://urllib3.readthedocs.io/en/latest/advanced-usage.html#tls-warnings
[2024-12-06T08:41:57.832+0000] {main.py:54} ERROR - Error processing city_id 114: Expecting value: line 1 column 1 (char 0)
[2024-12-06T08:41:57.846+0000] {main.py:54} ERROR - Error processing city_id 121: Expecting value: line 1 column 1 (char 0)
[2024-12-06T08:41:57.847+0000] {main.py:54} ERROR - Error processing city_id 118: Expecting value: line 1 column 1 (char 0)
[2024-12-06T08:41:57.849+0000] {logging_mixin.py:190} WARNING - /usr/local/lib/python3.8/site-packages/urllib3/connectionpool.py:1099 InsecureRequestWarning: Unverified HTTPS request is being made to host 'b2c-catalog-gateway.c24.tech'. Adding certificate verification is strongly advised. See: https://urllib3.readthedocs.io/en/latest/advanced-usage.html#tls-warnings
[2024-12-06T08:41:57.865+0000] {main.py:54} ERROR - Error processing city_id 107: 'appointmentId'
[2024-12-06T08:41:57.873+0000] {logging_mixin.py:190} WARNING - /usr/local/lib/python3.8/site-packages/urllib3/connectionpool.py:1099 InsecureRequestWarning: Unverified HTTPS request is being made to host 'b2c-catalog-gateway.c24.tech'. Adding certificate verification is strongly advised. See: https://urllib3.readthedocs.io/en/latest/advanced-usage.html#tls-warnings
[2024-12-06T08:41:57.881+0000] {main.py:54} ERROR - Error processing city_id 138: 'appointmentId'
[2024-12-06T08:41:57.883+0000] {logging_mixin.py:190} WARNING - /usr/local/lib/python3.8/site-packages/urllib3/connectionpool.py:1099 InsecureRequestWarning: Unverified HTTPS request is being made to host 'b2c-catalog-gateway.c24.tech'. Adding certificate verification is strongly advised. See: https://urllib3.readthedocs.io/en/latest/advanced-usage.html#tls-warnings
[2024-12-06T08:41:57.886+0000] {main.py:54} ERROR - Error processing city_id 125: Expecting value: line 1 column 1 (char 0)
[2024-12-06T08:41:57.888+0000] {logging_mixin.py:190} WARNING - /usr/local/lib/python3.8/site-packages/urllib3/connectionpool.py:1099 InsecureRequestWarning: Unverified HTTPS request is being made to host 'b2c-catalog-gateway.c24.tech'. Adding certificate verification is strongly advised. See: https://urllib3.readthedocs.io/en/latest/advanced-usage.html#tls-warnings
[2024-12-06T08:41:57.890+0000] {main.py:54} ERROR - Error processing city_id 109: 'appointmentId'
[2024-12-06T08:41:57.895+0000] {logging_mixin.py:190} WARNING - /usr/local/lib/python3.8/site-packages/urllib3/connectionpool.py:1099 InsecureRequestWarning: Unverified HTTPS request is being made to host 'b2c-catalog-gateway.c24.tech'. Adding certificate verification is strongly advised. See: https://urllib3.readthedocs.io/en/latest/advanced-usage.html#tls-warnings
[2024-12-06T08:41:57.896+0000] {main.py:54} ERROR - Error processing city_id 141: 'appointmentId'
[2024-12-06T08:41:57.900+0000] {logging_mixin.py:190} WARNING - /usr/local/lib/python3.8/site-packages/urllib3/connectionpool.py:1099 InsecureRequestWarning: Unverified HTTPS request is being made to host 'b2c-catalog-gateway.c24.tech'. Adding certificate verification is strongly advised. See: https://urllib3.readthedocs.io/en/latest/advanced-usage.html#tls-warnings
[2024-12-06T08:41:57.902+0000] {main.py:54} ERROR - Error processing city_id 142: 'appointmentId'
[2024-12-06T08:41:57.906+0000] {logging_mixin.py:190} WARNING - /usr/local/lib/python3.8/site-packages/urllib3/connectionpool.py:1099 InsecureRequestWarning: Unverified HTTPS request is being made to host 'b2c-catalog-gateway.c24.tech'. Adding certificate verification is strongly advised. See: https://urllib3.readthedocs.io/en/latest/advanced-usage.html#tls-warnings
[2024-12-06T08:41:57.911+0000] {main.py:54} ERROR - Error processing city_id 144: 'appointmentId'
[2024-12-06T08:41:57.914+0000] {logging_mixin.py:190} WARNING - /usr/local/lib/python3.8/site-packages/urllib3/connectionpool.py:1099 InsecureRequestWarning: Unverified HTTPS request is being made to host 'b2c-catalog-gateway.c24.tech'. Adding certificate verification is strongly advised. See: https://urllib3.readthedocs.io/en/latest/advanced-usage.html#tls-warnings
[2024-12-06T08:41:57.916+0000] {main.py:54} ERROR - Error processing city_id 139: 'appointmentId'
[2024-12-06T08:41:57.920+0000] {logging_mixin.py:190} WARNING - /usr/local/lib/python3.8/site-packages/urllib3/connectionpool.py:1099 InsecureRequestWarning: Unverified HTTPS request is being made to host 'b2c-catalog-gateway.c24.tech'. Adding certificate verification is strongly advised. See: https://urllib3.readthedocs.io/en/latest/advanced-usage.html#tls-warnings
[2024-12-06T08:41:57.927+0000] {main.py:54} ERROR - Error processing city_id 146: 'appointmentId'
[2024-12-06T08:41:57.946+0000] {logging_mixin.py:190} WARNING - /usr/local/lib/python3.8/site-packages/urllib3/connectionpool.py:1099 InsecureRequestWarning: Unverified HTTPS request is being made to host 'b2c-catalog-gateway.c24.tech'. Adding certificate verification is strongly advised. See: https://urllib3.readthedocs.io/en/latest/advanced-usage.html#tls-warnings
[2024-12-06T08:41:57.948+0000] {main.py:54} ERROR - Error processing city_id 145: 'appointmentId'
[2024-12-06T08:41:57.952+0000] {logging_mixin.py:190} WARNING - /usr/local/lib/python3.8/site-packages/urllib3/connectionpool.py:1099 InsecureRequestWarning: Unverified HTTPS request is being made to host 'b2c-catalog-gateway.c24.tech'. Adding certificate verification is strongly advised. See: https://urllib3.readthedocs.io/en/latest/advanced-usage.html#tls-warnings
[2024-12-06T08:41:57.954+0000] {main.py:54} ERROR - Error processing city_id 147: 'appointmentId'
[2024-12-06T08:41:57.957+0000] {logging_mixin.py:190} WARNING - /usr/local/lib/python3.8/site-packages/urllib3/connectionpool.py:1099 InsecureRequestWarning: Unverified HTTPS request is being made to host 'b2c-catalog-gateway.c24.tech'. Adding certificate verification is strongly advised. See: https://urllib3.readthedocs.io/en/latest/advanced-usage.html#tls-warnings
[2024-12-06T08:41:57.964+0000] {main.py:52} INFO - Fetched 131 appointment IDs for city_id 132
[2024-12-06T08:41:57.967+0000] {logging_mixin.py:190} WARNING - /usr/local/lib/python3.8/site-packages/urllib3/connectionpool.py:1099 InsecureRequestWarning: Unverified HTTPS request is being made to host 'b2c-catalog-gateway.c24.tech'. Adding certificate verification is strongly advised. See: https://urllib3.readthedocs.io/en/latest/advanced-usage.html#tls-warnings
[2024-12-06T08:41:57.972+0000] {main.py:54} ERROR - Error processing city_id 143: 'appointmentId'
[2024-12-06T08:41:57.974+0000] {logging_mixin.py:190} WARNING - /usr/local/lib/python3.8/site-packages/urllib3/connectionpool.py:1099 InsecureRequestWarning: Unverified HTTPS request is being made to host 'b2c-catalog-gateway.c24.tech'. Adding certificate verification is strongly advised. See: https://urllib3.readthedocs.io/en/latest/advanced-usage.html#tls-warnings
[2024-12-06T08:41:57.978+0000] {main.py:54} ERROR - Error processing city_id 153: 'appointmentId'
[2024-12-06T08:41:57.980+0000] {logging_mixin.py:190} WARNING - /usr/local/lib/python3.8/site-packages/urllib3/connectionpool.py:1099 InsecureRequestWarning: Unverified HTTPS request is being made to host 'b2c-catalog-gateway.c24.tech'. Adding certificate verification is strongly advised. See: https://urllib3.readthedocs.io/en/latest/advanced-usage.html#tls-warnings
[2024-12-06T08:41:57.981+0000] {main.py:54} ERROR - Error processing city_id 150: 'appointmentId'
[2024-12-06T08:41:57.985+0000] {logging_mixin.py:190} WARNING - /usr/local/lib/python3.8/site-packages/urllib3/connectionpool.py:1099 InsecureRequestWarning: Unverified HTTPS request is being made to host 'b2c-catalog-gateway.c24.tech'. Adding certificate verification is strongly advised. See: https://urllib3.readthedocs.io/en/latest/advanced-usage.html#tls-warnings
[2024-12-06T08:41:57.987+0000] {main.py:54} ERROR - Error processing city_id 148: 'appointmentId'
[2024-12-06T08:41:57.989+0000] {logging_mixin.py:190} WARNING - /usr/local/lib/python3.8/site-packages/urllib3/connectionpool.py:1099 InsecureRequestWarning: Unverified HTTPS request is being made to host 'b2c-catalog-gateway.c24.tech'. Adding certificate verification is strongly advised. See: https://urllib3.readthedocs.io/en/latest/advanced-usage.html#tls-warnings
[2024-12-06T08:41:57.992+0000] {main.py:54} ERROR - Error processing city_id 149: 'appointmentId'
[2024-12-06T08:41:57.996+0000] {logging_mixin.py:190} WARNING - /usr/local/lib/python3.8/site-packages/urllib3/connectionpool.py:1099 InsecureRequestWarning: Unverified HTTPS request is being made to host 'b2c-catalog-gateway.c24.tech'. Adding certificate verification is strongly advised. See: https://urllib3.readthedocs.io/en/latest/advanced-usage.html#tls-warnings
[2024-12-06T08:41:57.999+0000] {main.py:54} ERROR - Error processing city_id 156: 'appointmentId'
[2024-12-06T08:41:58.005+0000] {logging_mixin.py:190} WARNING - /usr/local/lib/python3.8/site-packages/urllib3/connectionpool.py:1099 InsecureRequestWarning: Unverified HTTPS request is being made to host 'b2c-catalog-gateway.c24.tech'. Adding certificate verification is strongly advised. See: https://urllib3.readthedocs.io/en/latest/advanced-usage.html#tls-warnings
[2024-12-06T08:41:58.016+0000] {main.py:54} ERROR - Error processing city_id 154: 'appointmentId'
[2024-12-06T08:41:58.024+0000] {logging_mixin.py:190} WARNING - /usr/local/lib/python3.8/site-packages/urllib3/connectionpool.py:1099 InsecureRequestWarning: Unverified HTTPS request is being made to host 'b2c-catalog-gateway.c24.tech'. Adding certificate verification is strongly advised. See: https://urllib3.readthedocs.io/en/latest/advanced-usage.html#tls-warnings
[2024-12-06T08:41:58.031+0000] {main.py:54} ERROR - Error processing city_id 158: 'appointmentId'
[2024-12-06T08:41:58.034+0000] {logging_mixin.py:190} WARNING - /usr/local/lib/python3.8/site-packages/urllib3/connectionpool.py:1099 InsecureRequestWarning: Unverified HTTPS request is being made to host 'b2c-catalog-gateway.c24.tech'. Adding certificate verification is strongly advised. See: https://urllib3.readthedocs.io/en/latest/advanced-usage.html#tls-warnings
[2024-12-06T08:41:58.036+0000] {main.py:54} ERROR - Error processing city_id 160: 'appointmentId'
[2024-12-06T08:41:58.040+0000] {logging_mixin.py:190} WARNING - /usr/local/lib/python3.8/site-packages/urllib3/connectionpool.py:1099 InsecureRequestWarning: Unverified HTTPS request is being made to host 'b2c-catalog-gateway.c24.tech'. Adding certificate verification is strongly advised. See: https://urllib3.readthedocs.io/en/latest/advanced-usage.html#tls-warnings
[2024-12-06T08:41:58.046+0000] {main.py:54} ERROR - Error processing city_id 157: 'appointmentId'
[2024-12-06T08:41:58.055+0000] {logging_mixin.py:190} WARNING - /usr/local/lib/python3.8/site-packages/urllib3/connectionpool.py:1099 InsecureRequestWarning: Unverified HTTPS request is being made to host 'b2c-catalog-gateway.c24.tech'. Adding certificate verification is strongly advised. See: https://urllib3.readthedocs.io/en/latest/advanced-usage.html#tls-warnings
[2024-12-06T08:41:58.075+0000] {logging_mixin.py:190} WARNING - /usr/local/lib/python3.8/site-packages/urllib3/connectionpool.py:1099 InsecureRequestWarning: Unverified HTTPS request is being made to host 'b2c-catalog-gateway.c24.tech'. Adding certificate verification is strongly advised. See: https://urllib3.readthedocs.io/en/latest/advanced-usage.html#tls-warnings
[2024-12-06T08:41:58.067+0000] {main.py:54} ERROR - Error processing city_id 151: 'appointmentId'
[2024-12-06T08:41:58.128+0000] {logging_mixin.py:190} WARNING - /usr/local/lib/python3.8/site-packages/urllib3/connectionpool.py:1099 InsecureRequestWarning: Unverified HTTPS request is being made to host 'b2c-catalog-gateway.c24.tech'. Adding certificate verification is strongly advised. See: https://urllib3.readthedocs.io/en/latest/advanced-usage.html#tls-warnings
[2024-12-06T08:41:58.134+0000] {main.py:54} ERROR - Error processing city_id 155: 'appointmentId'
[2024-12-06T08:41:58.164+0000] {logging_mixin.py:190} WARNING - /usr/local/lib/python3.8/site-packages/urllib3/connectionpool.py:1099 InsecureRequestWarning: Unverified HTTPS request is being made to host 'b2c-catalog-gateway.c24.tech'. Adding certificate verification is strongly advised. See: https://urllib3.readthedocs.io/en/latest/advanced-usage.html#tls-warnings
[2024-12-06T08:41:58.179+0000] {main.py:52} INFO - Fetched 179 appointment IDs for city_id 134
[2024-12-06T08:41:58.187+0000] {logging_mixin.py:190} WARNING - /usr/local/lib/python3.8/site-packages/urllib3/connectionpool.py:1099 InsecureRequestWarning: Unverified HTTPS request is being made to host 'b2c-catalog-gateway.c24.tech'. Adding certificate verification is strongly advised. See: https://urllib3.readthedocs.io/en/latest/advanced-usage.html#tls-warnings
[2024-12-06T08:41:58.206+0000] {logging_mixin.py:190} WARNING - /usr/local/lib/python3.8/site-packages/urllib3/connectionpool.py:1099 InsecureRequestWarning: Unverified HTTPS request is being made to host 'b2c-catalog-gateway.c24.tech'. Adding certificate verification is strongly advised. See: https://urllib3.readthedocs.io/en/latest/advanced-usage.html#tls-warnings
[2024-12-06T08:41:58.208+0000] {logging_mixin.py:190} WARNING - /usr/local/lib/python3.8/site-packages/urllib3/connectionpool.py:1099 InsecureRequestWarning: Unverified HTTPS request is being made to host 'b2c-catalog-gateway.c24.tech'. Adding certificate verification is strongly advised. See: https://urllib3.readthedocs.io/en/latest/advanced-usage.html#tls-warnings
[2024-12-06T08:41:58.190+0000] {main.py:54} ERROR - Error processing city_id 161: 'appointmentId'
[2024-12-06T08:41:58.219+0000] {logging_mixin.py:190} WARNING - /usr/local/lib/python3.8/site-packages/urllib3/connectionpool.py:1099 InsecureRequestWarning: Unverified HTTPS request is being made to host 'b2c-catalog-gateway.c24.tech'. Adding certificate verification is strongly advised. See: https://urllib3.readthedocs.io/en/latest/advanced-usage.html#tls-warnings
[2024-12-06T08:41:58.224+0000] {main.py:54} ERROR - Error processing city_id 162: 'appointmentId'
[2024-12-06T08:41:58.229+0000] {logging_mixin.py:190} WARNING - /usr/local/lib/python3.8/site-packages/urllib3/connectionpool.py:1099 InsecureRequestWarning: Unverified HTTPS request is being made to host 'b2c-catalog-gateway.c24.tech'. Adding certificate verification is strongly advised. See: https://urllib3.readthedocs.io/en/latest/advanced-usage.html#tls-warnings
[2024-12-06T08:41:58.231+0000] {main.py:54} ERROR - Error processing city_id 163: 'appointmentId'
[2024-12-06T08:41:58.234+0000] {logging_mixin.py:190} WARNING - /usr/local/lib/python3.8/site-packages/urllib3/connectionpool.py:1099 InsecureRequestWarning: Unverified HTTPS request is being made to host 'b2c-catalog-gateway.c24.tech'. Adding certificate verification is strongly advised. See: https://urllib3.readthedocs.io/en/latest/advanced-usage.html#tls-warnings
[2024-12-06T08:41:58.237+0000] {main.py:54} ERROR - Error processing city_id 168: 'appointmentId'
[2024-12-06T08:41:58.241+0000] {logging_mixin.py:190} WARNING - /usr/local/lib/python3.8/site-packages/urllib3/connectionpool.py:1099 InsecureRequestWarning: Unverified HTTPS request is being made to host 'b2c-catalog-gateway.c24.tech'. Adding certificate verification is strongly advised. See: https://urllib3.readthedocs.io/en/latest/advanced-usage.html#tls-warnings
[2024-12-06T08:41:58.244+0000] {main.py:54} ERROR - Error processing city_id 159: 'appointmentId'
[2024-12-06T08:41:58.249+0000] {logging_mixin.py:190} WARNING - /usr/local/lib/python3.8/site-packages/urllib3/connectionpool.py:1099 InsecureRequestWarning: Unverified HTTPS request is being made to host 'b2c-catalog-gateway.c24.tech'. Adding certificate verification is strongly advised. See: https://urllib3.readthedocs.io/en/latest/advanced-usage.html#tls-warnings
[2024-12-06T08:41:58.252+0000] {main.py:54} ERROR - Error processing city_id 173: 'appointmentId'
[2024-12-06T08:41:58.256+0000] {logging_mixin.py:190} WARNING - /usr/local/lib/python3.8/site-packages/urllib3/connectionpool.py:1099 InsecureRequestWarning: Unverified HTTPS request is being made to host 'b2c-catalog-gateway.c24.tech'. Adding certificate verification is strongly advised. See: https://urllib3.readthedocs.io/en/latest/advanced-usage.html#tls-warnings
[2024-12-06T08:41:58.258+0000] {main.py:54} ERROR - Error processing city_id 171: 'appointmentId'
[2024-12-06T08:41:58.262+0000] {logging_mixin.py:190} WARNING - /usr/local/lib/python3.8/site-packages/urllib3/connectionpool.py:1099 InsecureRequestWarning: Unverified HTTPS request is being made to host 'b2c-catalog-gateway.c24.tech'. Adding certificate verification is strongly advised. See: https://urllib3.readthedocs.io/en/latest/advanced-usage.html#tls-warnings
[2024-12-06T08:41:58.264+0000] {main.py:54} ERROR - Error processing city_id 164: 'appointmentId'
[2024-12-06T08:41:58.267+0000] {logging_mixin.py:190} WARNING - /usr/local/lib/python3.8/site-packages/urllib3/connectionpool.py:1099 InsecureRequestWarning: Unverified HTTPS request is being made to host 'b2c-catalog-gateway.c24.tech'. Adding certificate verification is strongly advised. See: https://urllib3.readthedocs.io/en/latest/advanced-usage.html#tls-warnings
[2024-12-06T08:41:58.268+0000] {main.py:54} ERROR - Error processing city_id 167: 'appointmentId'
[2024-12-06T08:41:58.272+0000] {logging_mixin.py:190} WARNING - /usr/local/lib/python3.8/site-packages/urllib3/connectionpool.py:1099 InsecureRequestWarning: Unverified HTTPS request is being made to host 'b2c-catalog-gateway.c24.tech'. Adding certificate verification is strongly advised. See: https://urllib3.readthedocs.io/en/latest/advanced-usage.html#tls-warnings
[2024-12-06T08:41:58.277+0000] {main.py:54} ERROR - Error processing city_id 175: 'appointmentId'
[2024-12-06T08:41:58.280+0000] {logging_mixin.py:190} WARNING - /usr/local/lib/python3.8/site-packages/urllib3/connectionpool.py:1099 InsecureRequestWarning: Unverified HTTPS request is being made to host 'b2c-catalog-gateway.c24.tech'. Adding certificate verification is strongly advised. See: https://urllib3.readthedocs.io/en/latest/advanced-usage.html#tls-warnings
[2024-12-06T08:41:58.281+0000] {main.py:54} ERROR - Error processing city_id 176: 'appointmentId'
[2024-12-06T08:41:58.284+0000] {logging_mixin.py:190} WARNING - /usr/local/lib/python3.8/site-packages/urllib3/connectionpool.py:1099 InsecureRequestWarning: Unverified HTTPS request is being made to host 'b2c-catalog-gateway.c24.tech'. Adding certificate verification is strongly advised. See: https://urllib3.readthedocs.io/en/latest/advanced-usage.html#tls-warnings
[2024-12-06T08:41:58.285+0000] {main.py:54} ERROR - Error processing city_id 152: 'appointmentId'
[2024-12-06T08:41:58.297+0000] {logging_mixin.py:190} WARNING - /usr/local/lib/python3.8/site-packages/urllib3/connectionpool.py:1099 InsecureRequestWarning: Unverified HTTPS request is being made to host 'b2c-catalog-gateway.c24.tech'. Adding certificate verification is strongly advised. See: https://urllib3.readthedocs.io/en/latest/advanced-usage.html#tls-warnings
[2024-12-06T08:41:58.298+0000] {main.py:54} ERROR - Error processing city_id 170: 'appointmentId'
[2024-12-06T08:41:58.305+0000] {main.py:54} ERROR - Error processing city_id 169: 'appointmentId'
[2024-12-06T08:41:58.307+0000] {main.py:54} ERROR - Error processing city_id 166: 'appointmentId'
[2024-12-06T08:41:58.308+0000] {main.py:54} ERROR - Error processing city_id 174: 'appointmentId'
[2024-12-06T08:41:58.312+0000] {main.py:54} ERROR - Error processing city_id 165: 'appointmentId'
[2024-12-06T08:41:58.315+0000] {main.py:54} ERROR - Error processing city_id 179: 'appointmentId'
[2024-12-06T08:41:58.316+0000] {main.py:54} ERROR - Error processing city_id 184: 'appointmentId'
[2024-12-06T08:41:58.317+0000] {main.py:54} ERROR - Error processing city_id 172: 'appointmentId'
[2024-12-06T08:41:58.317+0000] {main.py:54} ERROR - Error processing city_id 180: 'appointmentId'
[2024-12-06T08:41:58.318+0000] {main.py:54} ERROR - Error processing city_id 182: 'appointmentId'
[2024-12-06T08:41:58.319+0000] {main.py:54} ERROR - Error processing city_id 186: 'appointmentId'
[2024-12-06T08:41:58.320+0000] {main.py:54} ERROR - Error processing city_id 178: 'appointmentId'
[2024-12-06T08:41:58.321+0000] {main.py:54} ERROR - Error processing city_id 177: 'appointmentId'
[2024-12-06T08:41:58.321+0000] {main.py:54} ERROR - Error processing city_id 183: 'appointmentId'
[2024-12-06T08:41:58.322+0000] {main.py:54} ERROR - Error processing city_id 185: 'appointmentId'
[2024-12-06T08:41:58.335+0000] {main.py:54} ERROR - Error processing city_id 193: 'appointmentId'
[2024-12-06T08:41:58.347+0000] {main.py:54} ERROR - Error processing city_id 187: 'appointmentId'
[2024-12-06T08:41:58.352+0000] {main.py:54} ERROR - Error processing city_id 188: 'appointmentId'
[2024-12-06T08:41:58.366+0000] {main.py:54} ERROR - Error processing city_id 189: 'appointmentId'
[2024-12-06T08:41:58.386+0000] {main.py:54} ERROR - Error processing city_id 194: 'appointmentId'
[2024-12-06T08:41:58.401+0000] {main.py:54} ERROR - Error processing city_id 195: 'appointmentId'
[2024-12-06T08:41:58.405+0000] {main.py:54} ERROR - Error processing city_id 200: 'appointmentId'
[2024-12-06T08:41:58.406+0000] {main.py:54} ERROR - Error processing city_id 137: 'appointmentId'
[2024-12-06T08:41:58.408+0000] {main.py:54} ERROR - Error processing city_id 198: 'appointmentId'
[2024-12-06T08:41:58.411+0000] {main.py:54} ERROR - Error processing city_id 199: 'appointmentId'
[2024-12-06T08:41:58.422+0000] {main.py:54} ERROR - Error processing city_id 196: 'appointmentId'
[2024-12-06T08:41:58.425+0000] {main.py:54} ERROR - Error processing city_id 191: 'appointmentId'
[2024-12-06T08:41:58.430+0000] {main.py:54} ERROR - Error processing city_id 181: 'appointmentId'
[2024-12-06T08:41:58.475+0000] {main.py:54} ERROR - Error processing city_id 192: 'appointmentId'
[2024-12-06T08:41:58.492+0000] {main.py:54} ERROR - Error processing city_id 197: 'appointmentId'
[2024-12-06T08:41:58.510+0000] {main.py:193} INFO - Total appointment IDs fetched: 339
[2024-12-06T08:41:58.512+0000] {main.py:196} INFO - Starting Stage 2: Fetching car details
[2024-12-06T08:41:58.514+0000] {main.py:61} INFO - Currently Fetching: 19765231710
[2024-12-06T08:41:58.515+0000] {main.py:61} INFO - Currently Fetching: 18511230753
[2024-12-06T08:41:58.516+0000] {main.py:61} INFO - Currently Fetching: 13871537753
[2024-12-06T08:41:58.520+0000] {main.py:61} INFO - Currently Fetching: 18510833798
[2024-12-06T08:41:58.523+0000] {main.py:61} INFO - Currently Fetching: 25285830740
[2024-12-06T08:41:58.531+0000] {main.py:61} INFO - Currently Fetching: 19799335769
[2024-12-06T08:41:58.532+0000] {main.py:61} INFO - Currently Fetching: 18574836704
[2024-12-06T08:41:58.537+0000] {main.py:61} INFO - Currently Fetching: 18556431738
[2024-12-06T08:41:58.548+0000] {main.py:61} INFO - Currently Fetching: 18549430729
[2024-12-06T08:41:58.549+0000] {main.py:61} INFO - Currently Fetching: 18522823711
[2024-12-06T08:41:58.557+0000] {main.py:61} INFO - Currently Fetching: 18521731723
[2024-12-06T08:41:58.578+0000] {main.py:61} INFO - Currently Fetching: 18509128796
[2024-12-06T08:41:58.607+0000] {main.py:61} INFO - Currently Fetching: 13923735720
[2024-12-06T08:41:58.617+0000] {main.py:61} INFO - Currently Fetching: 13891234767
[2024-12-06T08:41:58.631+0000] {main.py:61} INFO - Currently Fetching: 13890533722
[2024-12-06T08:41:58.632+0000] {main.py:61} INFO - Currently Fetching: 13880127770
[2024-12-06T08:41:58.634+0000] {main.py:61} INFO - Currently Fetching: 13868930761
[2024-12-06T08:41:58.650+0000] {main.py:61} INFO - Currently Fetching: 13859624755
[2024-12-06T08:41:58.652+0000] {main.py:61} INFO - Currently Fetching: 13855830706
[2024-12-06T08:41:58.663+0000] {main.py:61} INFO - Currently Fetching: 13849032749
[2024-12-06T08:41:58.662+0000] {main.py:61} INFO - Currently Fetching: 13852736703
[2024-12-06T08:41:58.705+0000] {main.py:61} INFO - Currently Fetching: 13835938745
[2024-12-06T08:41:58.716+0000] {main.py:61} INFO - Currently Fetching: 13834838706
[2024-12-06T08:41:58.723+0000] {main.py:61} INFO - Currently Fetching: 13831432723
[2024-12-06T08:41:58.802+0000] {main.py:61} INFO - Currently Fetching: 13819330767
[2024-12-06T08:41:58.803+0000] {main.py:61} INFO - Currently Fetching: 13816137726
[2024-12-06T08:41:58.825+0000] {main.py:61} INFO - Currently Fetching: 18580534799
[2024-12-06T08:41:58.830+0000] {main.py:61} INFO - Currently Fetching: 18541224717
[2024-12-06T08:41:58.830+0000] {main.py:61} INFO - Currently Fetching: 13826223719
[2024-12-06T08:41:58.831+0000] {main.py:61} INFO - Currently Fetching: 10552537794
[2024-12-06T08:41:58.832+0000] {main.py:61} INFO - Currently Fetching: 11235134713
[2024-12-06T08:41:58.832+0000] {main.py:61} INFO - Currently Fetching: 10553933789
[2024-12-06T08:41:58.833+0000] {main.py:61} INFO - Currently Fetching: 10176486747
[2024-12-06T08:41:58.833+0000] {main.py:61} INFO - Currently Fetching: 10193681745
[2024-12-06T08:41:58.834+0000] {main.py:61} INFO - Currently Fetching: 10552081723
[2024-12-06T08:41:58.848+0000] {main.py:61} INFO - Currently Fetching: 10038132710
[2024-12-06T08:41:58.835+0000] {main.py:61} INFO - Currently Fetching: 10014783747
[2024-12-06T08:41:58.864+0000] {main.py:61} INFO - Currently Fetching: 10587680722
[2024-12-06T08:41:58.881+0000] {main.py:61} INFO - Currently Fetching: 11252731754
[2024-12-06T08:41:58.928+0000] {main.py:61} INFO - Currently Fetching: 10081085700
[2024-12-06T08:41:58.934+0000] {main.py:61} INFO - Currently Fetching: 11289226779
[2024-12-06T08:41:58.936+0000] {main.py:61} INFO - Currently Fetching: 11287028772
[2024-12-06T08:41:58.942+0000] {main.py:61} INFO - Currently Fetching: 11286130755
[2024-12-06T08:41:58.944+0000] {main.py:61} INFO - Currently Fetching: 11283323718
[2024-12-06T08:41:58.948+0000] {main.py:61} INFO - Currently Fetching: 11268132702
[2024-12-06T08:41:58.969+0000] {main.py:61} INFO - Currently Fetching: 11260139782
[2024-12-06T08:41:59.082+0000] {main.py:61} INFO - Currently Fetching: 11255237766
[2024-12-06T08:41:59.217+0000] {main.py:61} INFO - Currently Fetching: 11252932734
[2024-12-06T08:41:59.308+0000] {main.py:61} INFO - Currently Fetching: 11251421711
[2024-12-06T08:41:59.397+0000] {main.py:61} INFO - Currently Fetching: 11249233746
[2024-12-06T08:41:59.403+0000] {main.py:61} INFO - Currently Fetching: 11247952765
[2024-12-06T08:41:59.413+0000] {main.py:61} INFO - Currently Fetching: 11243429750
[2024-12-06T08:41:59.438+0000] {main.py:61} INFO - Currently Fetching: 11241927715
[2024-12-06T08:41:59.469+0000] {main.py:61} INFO - Currently Fetching: 11230630703
[2024-12-06T08:41:59.485+0000] {main.py:61} INFO - Currently Fetching: 11220221776
[2024-12-06T08:41:59.501+0000] {main.py:61} INFO - Currently Fetching: 11219726772
[2024-12-06T08:41:59.515+0000] {main.py:61} INFO - Currently Fetching: 11207221711
[2024-12-06T08:41:59.536+0000] {main.py:61} INFO - Currently Fetching: 11207020716
[2024-12-06T08:41:59.600+0000] {main.py:61} INFO - Currently Fetching: 11206528719
[2024-12-06T08:41:59.623+0000] {main.py:61} INFO - Currently Fetching: 10582937741
[2024-12-06T08:41:59.702+0000] {main.py:61} INFO - Currently Fetching: 10582226718
[2024-12-06T08:41:59.725+0000] {main.py:61} INFO - Currently Fetching: 10580228779
[2024-12-06T08:41:59.757+0000] {main.py:61} INFO - Currently Fetching: 10577929771
[2024-12-06T08:41:59.876+0000] {main.py:61} INFO - Currently Fetching: 10574425717
[2024-12-06T08:41:59.885+0000] {main.py:61} INFO - Currently Fetching: 10574422710
[2024-12-06T08:41:59.890+0000] {main.py:61} INFO - Currently Fetching: 10568425777
[2024-12-06T08:41:59.951+0000] {main.py:61} INFO - Currently Fetching: 10568129774
[2024-12-06T08:42:00.012+0000] {main.py:61} INFO - Currently Fetching: 10564924717
[2024-12-06T08:42:00.057+0000] {main.py:61} INFO - Currently Fetching: 10562926756
[2024-12-06T08:42:00.194+0000] {main.py:61} INFO - Currently Fetching: 10561727713
[2024-12-06T08:42:00.301+0000] {main.py:61} INFO - Currently Fetching: 10559723797
[2024-12-06T08:42:00.306+0000] {main.py:61} INFO - Currently Fetching: 10558022770
[2024-12-06T08:42:00.357+0000] {main.py:61} INFO - Currently Fetching: 10552125778
[2024-12-06T08:42:00.502+0000] {main.py:61} INFO - Currently Fetching: 10551429778
[2024-12-06T08:42:00.782+0000] {main.py:61} INFO - Currently Fetching: 10547826714
[2024-12-06T08:42:00.836+0000] {main.py:61} INFO - Currently Fetching: 10535133709
[2024-12-06T08:42:00.878+0000] {main.py:61} INFO - Currently Fetching: 10534931706
[2024-12-06T08:42:00.882+0000] {main.py:61} INFO - Currently Fetching: 10533454755
[2024-12-06T08:42:00.913+0000] {main.py:61} INFO - Currently Fetching: 10529833740
[2024-12-06T08:42:00.981+0000] {main.py:61} INFO - Currently Fetching: 10528026771
[2024-12-06T08:42:01.024+0000] {main.py:61} INFO - Currently Fetching: 10522227712
[2024-12-06T08:42:01.028+0000] {main.py:61} INFO - Currently Fetching: 10517733763
[2024-12-06T08:42:01.113+0000] {main.py:61} INFO - Currently Fetching: 10513839740
[2024-12-06T08:42:01.175+0000] {main.py:61} INFO - Currently Fetching: 10510032787
[2024-12-06T08:42:01.199+0000] {main.py:61} INFO - Currently Fetching: 10500134743
[2024-12-06T08:42:01.202+0000] {main.py:61} INFO - Currently Fetching: 10500029779
[2024-12-06T08:42:01.259+0000] {main.py:61} INFO - Currently Fetching: 10193425711
[2024-12-06T08:42:01.312+0000] {main.py:61} INFO - Currently Fetching: 10188620771
[2024-12-06T08:42:01.391+0000] {main.py:61} INFO - Currently Fetching: 10186032749
[2024-12-06T08:42:01.399+0000] {main.py:61} INFO - Currently Fetching: 10181030710
[2024-12-06T08:42:01.410+0000] {main.py:61} INFO - Currently Fetching: 10175926713
[2024-12-06T08:42:01.424+0000] {main.py:61} INFO - Currently Fetching: 10164228778
[2024-12-06T08:42:01.832+0000] {main.py:61} INFO - Currently Fetching: 10163420795
[2024-12-06T08:42:02.810+0000] {main.py:61} INFO - Currently Fetching: 10155035767
[2024-12-06T08:42:02.663+0000] {main.py:61} INFO - Currently Fetching: 10161226773
[2024-12-06T08:42:03.173+0000] {main.py:61} INFO - Currently Fetching: 10136526772
[2024-12-06T08:42:03.735+0000] {main.py:61} INFO - Currently Fetching: 10121437705
[2024-12-06T08:42:03.995+0000] {main.py:61} INFO - Currently Fetching: 10120722775
[2024-12-06T08:42:04.248+0000] {main.py:61} INFO - Currently Fetching: 10108823775
[2024-12-06T08:42:04.474+0000] {main.py:61} INFO - Currently Fetching: 10105725756
[2024-12-06T08:43:15.818+0000] {main.py:61} INFO - Currently Fetching: 10105125750
[2024-12-06T08:43:16.019+0000] {main.py:61} INFO - Currently Fetching: 10098522719
[2024-12-06T08:43:18.226+0000] {main.py:61} INFO - Currently Fetching: 10097138735
[2024-12-06T08:43:20.574+0000] {main.py:61} INFO - Currently Fetching: 10089432768
[2024-12-06T08:43:21.486+0000] {main.py:61} INFO - Currently Fetching: 10089327773
[2024-12-06T08:43:34.555+0000] {main.py:61} INFO - Currently Fetching: 10088237769
[2024-12-06T08:43:35.928+0000] {main.py:61} INFO - Currently Fetching: 10085920710
[2024-12-06T08:43:36.463+0000] {main.py:61} INFO - Currently Fetching: 10079627774
[2024-12-06T08:43:45.701+0000] {main.py:61} INFO - Currently Fetching: 10073327776
[2024-12-06T08:43:53.396+0000] {main.py:61} INFO - Currently Fetching: 10069420779
[2024-12-06T08:43:53.751+0000] {main.py:61} INFO - Currently Fetching: 10069420772
[2024-12-06T08:43:59.991+0000] {main.py:61} INFO - Currently Fetching: 10068437798
[2024-12-06T08:44:12.133+0000] {main.py:61} INFO - Currently Fetching: 10067935709
[2024-12-06T08:44:13.934+0000] {main.py:61} INFO - Currently Fetching: 10067128719
[2024-12-06T08:44:14.995+0000] {main.py:61} INFO - Currently Fetching: 10066938762
[2024-12-06T08:44:17.499+0000] {main.py:61} INFO - Currently Fetching: 10062639751
[2024-12-06T08:44:18.422+0000] {main.py:61} INFO - Currently Fetching: 10061436764
[2024-12-06T08:44:18.673+0000] {main.py:61} INFO - Currently Fetching: 10059520719
[2024-12-06T08:44:19.795+0000] {main.py:61} INFO - Currently Fetching: 10057626715
[2024-12-06T08:44:23.200+0000] {main.py:61} INFO - Currently Fetching: 10054626717
[2024-12-06T08:44:20.373+0000] {main.py:61} INFO - Currently Fetching: 10056220715
[2024-12-06T08:44:23.791+0000] {main.py:61} INFO - Currently Fetching: 10054321772
[2024-12-06T08:44:24.079+0000] {main.py:61} INFO - Currently Fetching: 10052929779
[2024-12-06T08:44:25.077+0000] {main.py:61} INFO - Currently Fetching: 10051522754
[2024-12-06T08:44:27.770+0000] {main.py:61} INFO - Currently Fetching: 10050734740
[2024-12-06T08:44:27.694+0000] {main.py:61} INFO - Currently Fetching: 10049229779
[2024-12-06T08:44:36.846+0000] {main.py:61} INFO - Currently Fetching: 10045723711
[2024-12-06T08:44:36.981+0000] {main.py:61} INFO - Currently Fetching: 10043920719
[2024-12-06T08:44:38.407+0000] {main.py:61} INFO - Currently Fetching: 10039521714
[2024-12-06T08:44:39.277+0000] {main.py:61} INFO - Currently Fetching: 10038239761
[2024-12-06T08:44:47.716+0000] {main.py:61} INFO - Currently Fetching: 10036636765
[2024-12-06T08:44:47.772+0000] {main.py:61} INFO - Currently Fetching: 10028838735
[2024-12-06T08:44:49.173+0000] {main.py:61} INFO - Currently Fetching: 10027537704
[2024-12-06T08:44:50.264+0000] {main.py:61} INFO - Currently Fetching: 10027431730
[2024-12-06T08:44:50.482+0000] {main.py:61} INFO - Currently Fetching: 10026720775
[2024-12-06T08:44:53.138+0000] {main.py:61} INFO - Currently Fetching: 10026538708
[2024-12-06T08:44:53.422+0000] {main.py:61} INFO - Currently Fetching: 10024834734
[2024-12-06T08:44:55.585+0000] {main.py:61} INFO - Currently Fetching: 10024321718
[2024-12-06T08:44:55.627+0000] {main.py:61} INFO - Currently Fetching: 10022337727
[2024-12-06T08:44:56.020+0000] {main.py:61} INFO - Currently Fetching: 10018338740
[2024-12-06T08:44:56.903+0000] {main.py:61} INFO - Currently Fetching: 10015933769
[2024-12-06T08:44:57.037+0000] {main.py:61} INFO - Currently Fetching: 10015732749
[2024-12-06T08:44:59.410+0000] {main.py:61} INFO - Currently Fetching: 10014835786
[2024-12-06T08:45:00.706+0000] {main.py:61} INFO - Currently Fetching: 10011535709
[2024-12-06T08:45:00.792+0000] {main.py:61} INFO - Currently Fetching: 10011530762
[2024-12-06T08:45:01.433+0000] {main.py:61} INFO - Currently Fetching: 10010132792
[2024-12-06T08:45:01.488+0000] {main.py:61} INFO - Currently Fetching: 10001781760
[2024-12-06T08:45:02.658+0000] {main.py:61} INFO - Currently Fetching: 10001330764
[2024-12-06T08:45:04.421+0000] {main.py:61} INFO - Currently Fetching: 10028786700
[2024-12-06T08:45:04.493+0000] {main.py:61} INFO - Currently Fetching: 10078283761
[2024-12-06T08:45:04.219+0000] {main.py:61} INFO - Currently Fetching: 11027733737
[2024-12-06T08:45:04.617+0000] {main.py:61} INFO - Currently Fetching: 10596487782
[2024-12-06T08:45:05.053+0000] {main.py:61} INFO - Currently Fetching: 11240334784
[2024-12-06T08:45:05.521+0000] {main.py:61} INFO - Currently Fetching: 10112287722
[2024-12-06T08:45:05.866+0000] {main.py:61} INFO - Currently Fetching: 11262821753
[2024-12-06T08:45:06.082+0000] {main.py:61} INFO - Currently Fetching: 11256226797
[2024-12-06T08:45:06.389+0000] {main.py:61} INFO - Currently Fetching: 10574221778
[2024-12-06T08:45:06.896+0000] {main.py:61} INFO - Currently Fetching: 10561020716
[2024-12-06T08:45:07.764+0000] {main.py:61} INFO - Currently Fetching: 10093629717
[2024-12-06T08:45:08.024+0000] {main.py:61} INFO - Currently Fetching: 10060038702
[2024-12-06T08:45:10.031+0000] {main.py:61} INFO - Currently Fetching: 10041088760
[2024-12-06T08:45:10.670+0000] {main.py:61} INFO - Currently Fetching: 11231289739
[2024-12-06T08:45:12.241+0000] {main.py:61} INFO - Currently Fetching: 10149984766
[2024-12-06T08:45:12.250+0000] {main.py:61} INFO - Currently Fetching: 10002556709
[2024-12-06T08:45:13.175+0000] {main.py:61} INFO - Currently Fetching: 10080038718
[2024-12-06T08:45:13.514+0000] {main.py:61} INFO - Currently Fetching: 10013186742
[2024-12-06T08:45:14.268+0000] {main.py:61} INFO - Currently Fetching: 10556138783
[2024-12-06T08:45:14.697+0000] {main.py:61} INFO - Currently Fetching: 12046785743
[2024-12-06T08:45:16.074+0000] {main.py:61} INFO - Currently Fetching: 11297636762
[2024-12-06T08:45:16.509+0000] {main.py:61} INFO - Currently Fetching: 11297223794
[2024-12-06T08:45:16.534+0000] {main.py:61} INFO - Currently Fetching: 11292239722
[2024-12-06T08:45:19.028+0000] {main.py:61} INFO - Currently Fetching: 11289233757
[2024-12-06T08:45:19.337+0000] {main.py:61} INFO - Currently Fetching: 11285727772
[2024-12-06T08:45:21.710+0000] {main.py:61} INFO - Currently Fetching: 11284338734
[2024-12-06T08:45:23.230+0000] {main.py:61} INFO - Currently Fetching: 11277323798
[2024-12-06T08:45:24.404+0000] {main.py:61} INFO - Currently Fetching: 11276033708
[2024-12-06T08:45:24.814+0000] {main.py:61} INFO - Currently Fetching: 11275634763
[2024-12-06T08:45:25.487+0000] {main.py:61} INFO - Currently Fetching: 11273435708
[2024-12-06T08:45:25.509+0000] {main.py:61} INFO - Currently Fetching: 11267835744
[2024-12-06T08:45:25.877+0000] {main.py:61} INFO - Currently Fetching: 11260328778
[2024-12-06T08:45:27.156+0000] {main.py:61} INFO - Currently Fetching: 11250139748
[2024-12-06T08:45:27.232+0000] {main.py:61} INFO - Currently Fetching: 11246129775
[2024-12-06T08:45:27.366+0000] {main.py:61} INFO - Currently Fetching: 11242236720
[2024-12-06T08:45:31.186+0000] {main.py:61} INFO - Currently Fetching: 11221236727
[2024-12-06T08:45:32.175+0000] {main.py:61} INFO - Currently Fetching: 11210236706
[2024-12-06T08:45:32.225+0000] {main.py:61} INFO - Currently Fetching: 11078336743
[2024-12-06T08:45:35.131+0000] {main.py:61} INFO - Currently Fetching: 11040534761
[2024-12-06T08:45:35.863+0000] {main.py:61} INFO - Currently Fetching: 11040124719
[2024-12-06T08:45:37.253+0000] {main.py:61} INFO - Currently Fetching: 11035733709
[2024-12-06T08:45:38.957+0000] {main.py:61} INFO - Currently Fetching: 11025429773
[2024-12-06T08:45:39.032+0000] {main.py:61} INFO - Currently Fetching: 11007534786
[2024-12-06T08:45:42.778+0000] {main.py:61} INFO - Currently Fetching: 10596431707
[2024-12-06T08:45:44.129+0000] {main.py:61} INFO - Currently Fetching: 10593423716
[2024-12-06T08:45:44.309+0000] {main.py:61} INFO - Currently Fetching: 10591036724
[2024-12-06T08:45:44.706+0000] {main.py:61} INFO - Currently Fetching: 10587231705
[2024-12-06T08:45:45.592+0000] {main.py:61} INFO - Currently Fetching: 10586626792
[2024-12-06T08:45:49.888+0000] {main.py:61} INFO - Currently Fetching: 10585727719
[2024-12-06T08:45:59.635+0000] {main.py:61} INFO - Currently Fetching: 10582722777
[2024-12-06T08:46:03.845+0000] {main.py:61} INFO - Currently Fetching: 10580037700
[2024-12-06T08:46:04.217+0000] {main.py:61} INFO - Currently Fetching: 10579235782
[2024-12-06T08:46:04.626+0000] {main.py:61} INFO - Currently Fetching: 10576834727
[2024-12-06T08:46:18.320+0000] {main.py:61} INFO - Currently Fetching: 10572934727
[2024-12-06T08:46:29.757+0000] {main.py:61} INFO - Currently Fetching: 10572926774
[2024-12-06T08:46:33.145+0000] {main.py:61} INFO - Currently Fetching: 10566034708
[2024-12-06T08:46:37.595+0000] {main.py:61} INFO - Currently Fetching: 10565737765
[2024-12-06T08:46:40.507+0000] {main.py:61} INFO - Currently Fetching: 10558128779
[2024-12-06T08:46:42.734+0000] {main.py:61} INFO - Currently Fetching: 10557936709
[2024-12-06T08:46:42.882+0000] {main.py:61} INFO - Currently Fetching: 10551132764
[2024-12-06T08:46:43.756+0000] {main.py:61} INFO - Currently Fetching: 10551121714
[2024-12-06T08:46:46.434+0000] {main.py:61} INFO - Currently Fetching: 10550536760
[2024-12-06T08:46:47.358+0000] {main.py:61} INFO - Currently Fetching: 10545323776
[2024-12-06T08:46:47.374+0000] {main.py:61} INFO - Currently Fetching: 10544126779
[2024-12-06T08:46:47.764+0000] {main.py:61} INFO - Currently Fetching: 10542624779
[2024-12-06T08:46:50.665+0000] {main.py:61} INFO - Currently Fetching: 10542439743
[2024-12-06T08:46:51.554+0000] {main.py:61} INFO - Currently Fetching: 10539732768
[2024-12-06T08:46:52.359+0000] {main.py:61} INFO - Currently Fetching: 10533525712
[2024-12-06T08:46:52.829+0000] {main.py:61} INFO - Currently Fetching: 10527422719
[2024-12-06T08:46:53.536+0000] {main.py:61} INFO - Currently Fetching: 10523239709
[2024-12-06T08:46:53.718+0000] {main.py:61} INFO - Currently Fetching: 10520033737
[2024-12-06T08:46:53.741+0000] {main.py:61} INFO - Currently Fetching: 10508533746
[2024-12-06T08:46:55.102+0000] {main.py:61} INFO - Currently Fetching: 10504729792
[2024-12-06T08:46:55.372+0000] {main.py:61} INFO - Currently Fetching: 10194520790
[2024-12-06T08:46:57.163+0000] {main.py:61} INFO - Currently Fetching: 10182536706
[2024-12-06T08:47:02.989+0000] {main.py:61} INFO - Currently Fetching: 10161621717
[2024-12-06T08:47:11.049+0000] {main.py:61} INFO - Currently Fetching: 10157828710
[2024-12-06T08:47:11.235+0000] {main.py:61} INFO - Currently Fetching: 10154025775
[2024-12-06T08:47:28.725+0000] {main.py:61} INFO - Currently Fetching: 10150636723
[2024-12-06T08:47:29.345+0000] {main.py:61} INFO - Currently Fetching: 10130723775
[2024-12-06T08:47:46.843+0000] {main.py:61} INFO - Currently Fetching: 10121133742
[2024-12-06T08:47:46.886+0000] {main.py:61} INFO - Currently Fetching: 10105721751
[2024-12-06T08:47:46.927+0000] {main.py:61} INFO - Currently Fetching: 10102239769
[2024-12-06T08:47:47.339+0000] {main.py:61} INFO - Currently Fetching: 10098935765
[2024-12-06T08:47:49.873+0000] {main.py:61} INFO - Currently Fetching: 10098837700
[2024-12-06T08:47:52.505+0000] {main.py:61} INFO - Currently Fetching: 10097732764
[2024-12-06T08:47:55.493+0000] {main.py:61} INFO - Currently Fetching: 10094832764
[2024-12-06T08:47:59.038+0000] {main.py:61} INFO - Currently Fetching: 10094731745
[2024-12-06T08:47:59.437+0000] {main.py:61} INFO - Currently Fetching: 10094621794
[2024-12-06T08:48:02.300+0000] {main.py:61} INFO - Currently Fetching: 10086825715
[2024-12-06T08:48:02.148+0000] {main.py:61} INFO - Currently Fetching: 10088730702
[2024-12-06T08:48:06.346+0000] {main.py:61} INFO - Currently Fetching: 10084629778
[2024-12-06T08:48:06.444+0000] {main.py:61} INFO - Currently Fetching: 10084124772
[2024-12-06T08:48:10.220+0000] {main.py:61} INFO - Currently Fetching: 10082437708
[2024-12-06T08:48:11.466+0000] {main.py:61} INFO - Currently Fetching: 10081130730
[2024-12-06T08:48:13.655+0000] {main.py:61} INFO - Currently Fetching: 10080738742
[2024-12-06T08:48:15.237+0000] {main.py:61} INFO - Currently Fetching: 10080531769
[2024-12-06T08:48:15.705+0000] {main.py:61} INFO - Currently Fetching: 10080123797
[2024-12-06T08:48:15.830+0000] {main.py:61} INFO - Currently Fetching: 10079932702
[2024-12-06T08:48:17.502+0000] {main.py:61} INFO - Currently Fetching: 10079927751
[2024-12-06T08:48:18.479+0000] {main.py:61} INFO - Currently Fetching: 10077329710
[2024-12-06T08:48:18.602+0000] {main.py:61} INFO - Currently Fetching: 10077025775
[2024-12-06T08:48:18.896+0000] {main.py:61} INFO - Currently Fetching: 10076226758
[2024-12-06T08:48:19.287+0000] {main.py:61} INFO - Currently Fetching: 10075525756
[2024-12-06T08:48:23.089+0000] {main.py:61} INFO - Currently Fetching: 10074025777
[2024-12-06T08:48:23.378+0000] {main.py:61} INFO - Currently Fetching: 10070823775
[2024-12-06T08:48:23.773+0000] {main.py:61} INFO - Currently Fetching: 10068826711
[2024-12-06T08:48:24.121+0000] {main.py:61} INFO - Currently Fetching: 10067534748
[2024-12-06T08:48:26.024+0000] {main.py:61} INFO - Currently Fetching: 10066335751
[2024-12-06T08:48:26.080+0000] {main.py:61} INFO - Currently Fetching: 10066024771
[2024-12-06T08:48:28.348+0000] {main.py:61} INFO - Currently Fetching: 10066024719
[2024-12-06T08:48:30.856+0000] {main.py:61} INFO - Currently Fetching: 10064636761
[2024-12-06T08:48:35.665+0000] {main.py:61} INFO - Currently Fetching: 10063735759
[2024-12-06T08:48:38.225+0000] {main.py:61} INFO - Currently Fetching: 10062423712
[2024-12-06T08:48:38.832+0000] {main.py:61} INFO - Currently Fetching: 10061520714
[2024-12-06T08:48:38.860+0000] {main.py:61} INFO - Currently Fetching: 10060229777
[2024-12-06T08:48:40.331+0000] {main.py:61} INFO - Currently Fetching: 10058728773
[2024-12-06T08:48:42.180+0000] {main.py:61} INFO - Currently Fetching: 10058431768
[2024-12-06T08:48:42.210+0000] {main.py:61} INFO - Currently Fetching: 10056738744
[2024-12-06T08:48:42.869+0000] {main.py:61} INFO - Currently Fetching: 10056227774
[2024-12-06T08:48:43.408+0000] {main.py:61} INFO - Currently Fetching: 10055727770
[2024-12-06T08:48:45.484+0000] {main.py:61} INFO - Currently Fetching: 10054738743
[2024-12-06T08:48:45.580+0000] {main.py:61} INFO - Currently Fetching: 10053825776
[2024-12-06T08:48:47.237+0000] {main.py:61} INFO - Currently Fetching: 10052924771
[2024-12-06T08:48:47.481+0000] {main.py:61} INFO - Currently Fetching: 10052737761
[2024-12-06T08:48:47.114+0000] {main.py:61} INFO - Currently Fetching: 10053529775
[2024-12-06T08:48:52.126+0000] {main.py:61} INFO - Currently Fetching: 10052330764
[2024-12-06T08:48:53.440+0000] {main.py:61} INFO - Currently Fetching: 10051522771
[2024-12-06T08:48:53.514+0000] {main.py:61} INFO - Currently Fetching: 10051622774
[2024-12-06T08:48:53.719+0000] {main.py:61} INFO - Currently Fetching: 10051124776
[2024-12-06T08:48:54.729+0000] {main.py:61} INFO - Currently Fetching: 10050323774
[2024-12-06T08:48:54.880+0000] {main.py:61} INFO - Currently Fetching: 10050028778
[2024-12-06T08:48:55.062+0000] {main.py:61} INFO - Currently Fetching: 10049022777
[2024-12-06T08:48:56.267+0000] {main.py:61} INFO - Currently Fetching: 10047728778
[2024-12-06T08:48:56.703+0000] {main.py:61} INFO - Currently Fetching: 10047630738
[2024-12-06T08:48:58.932+0000] {main.py:61} INFO - Currently Fetching: 10045539755
[2024-12-06T08:48:59.004+0000] {main.py:61} INFO - Currently Fetching: 10044020776
[2024-12-06T08:49:00.537+0000] {main.py:61} INFO - Currently Fetching: 10043637737
[2024-12-06T08:49:02.874+0000] {main.py:61} INFO - Currently Fetching: 10043426777
[2024-12-06T08:49:07.268+0000] {main.py:61} INFO - Currently Fetching: 10041633748
[2024-12-06T08:49:07.435+0000] {main.py:61} INFO - Currently Fetching: 10040825797
[2024-12-06T08:49:08.241+0000] {main.py:61} INFO - Currently Fetching: 10039533740
[2024-12-06T08:49:08.996+0000] {main.py:61} INFO - Currently Fetching: 10038720777
[2024-12-06T08:49:09.905+0000] {main.py:61} INFO - Currently Fetching: 10036837701
[2024-12-06T08:49:10.370+0000] {main.py:61} INFO - Currently Fetching: 10036023771
[2024-12-06T08:49:11.156+0000] {main.py:61} INFO - Currently Fetching: 10035620710
[2024-12-06T08:49:12.805+0000] {main.py:61} INFO - Currently Fetching: 10034881740
[2024-12-06T08:49:13.218+0000] {main.py:61} INFO - Currently Fetching: 10034738733
[2024-12-06T08:49:21.816+0000] {main.py:61} INFO - Currently Fetching: 10034234732
[2024-12-06T08:49:31.967+0000] {main.py:61} INFO - Currently Fetching: 10034124776
[2024-12-06T08:49:41.890+0000] {main.py:61} INFO - Currently Fetching: 10033023714
[2024-12-06T08:49:51.364+0000] {job.py:229} INFO - Heartbeat recovered after 10.56 seconds
[2024-12-06T08:49:58.221+0000] {job.py:229} INFO - Heartbeat recovered after 12.35 seconds
[2024-12-06T08:50:03.623+0000] {main.py:61} INFO - Currently Fetching: 10032424719
[2024-12-06T08:50:07.919+0000] {main.py:61} INFO - Currently Fetching: 10030922710
[2024-12-06T08:50:20.928+0000] {main.py:61} INFO - Currently Fetching: 10026928791
[2024-12-06T08:50:22.086+0000] {main.py:61} INFO - Currently Fetching: 10026434758
[2024-12-06T08:50:53.803+0000] {main.py:61} INFO - Currently Fetching: 10021234738
[2024-12-06T08:50:51.450+0000] {main.py:61} INFO - Currently Fetching: 10021237762
[2024-12-06T08:50:55.743+0000] {main.py:61} INFO - Currently Fetching: 10019723790
[2024-12-06T08:50:57.065+0000] {main.py:61} INFO - Currently Fetching: 10019628779
[2024-12-06T08:50:57.438+0000] {main.py:61} INFO - Currently Fetching: 10017325773
[2024-12-06T08:50:58.081+0000] {main.py:61} INFO - Currently Fetching: 10015426753
[2024-12-06T08:50:59.916+0000] {main.py:61} INFO - Currently Fetching: 10014728775
[2024-12-06T08:51:07.486+0000] {main.py:61} INFO - Currently Fetching: 10013221797
[2024-12-06T08:51:11.722+0000] {main.py:61} INFO - Currently Fetching: 10012231703
[2024-12-06T08:51:17.926+0000] {main.py:61} INFO - Currently Fetching: 10011221712
[2024-12-06T08:51:43.298+0000] {main.py:61} INFO - Currently Fetching: 10009021793
[2024-12-06T08:51:50.816+0000] {main.py:61} INFO - Currently Fetching: 10007934760
[2024-12-06T08:51:52.333+0000] {main.py:61} INFO - Currently Fetching: 10007021778
[2024-12-06T08:52:05.061+0000] {main.py:61} INFO - Currently Fetching: 10005323712
[2024-12-06T08:52:05.710+0000] {main.py:61} INFO - Currently Fetching: 10004833746
[2024-12-06T08:52:05.765+0000] {main.py:61} INFO - Currently Fetching: 10003326797
[2024-12-06T08:52:06.311+0000] {main.py:61} INFO - Currently Fetching: 10003128717
[2024-12-06T08:52:07.002+0000] {main.py:61} INFO - Currently Fetching: 10002721770
[2024-12-06T08:52:07.513+0000] {main.py:61} INFO - Currently Fetching: 10002132765
[2024-12-06T08:52:07.632+0000] {main.py:61} INFO - Currently Fetching: 10002038729
[2024-12-06T08:52:08.003+0000] {main.py:61} INFO - Currently Fetching: 10001131761
[2024-12-06T08:52:16.230+0000] {main.py:61} INFO - Currently Fetching: 10000931700
[2024-12-06T08:52:17.909+0000] {main.py:61} INFO - Currently Fetching: 10082837731
[2024-12-06T08:52:19.621+0000] {main.py:61} INFO - Currently Fetching: 10001231792
[2024-12-06T08:52:20.084+0000] {main.py:61} INFO - Currently Fetching: 10063189722
[2024-12-06T08:52:20.796+0000] {main.py:61} INFO - Currently Fetching: 10077382748
[2024-12-06T08:52:22.840+0000] {main.py:61} INFO - Currently Fetching: 11267025777
[2024-12-06T08:52:23.498+0000] {main.py:61} INFO - Currently Fetching: 11216639785
[2024-12-06T08:52:30.451+0000] {main.py:61} INFO - Currently Fetching: 10511238743
[2024-12-06T08:52:29.422+0000] {main.py:61} INFO - Currently Fetching: 10573627750
[2024-12-06T08:52:33.490+0000] {main.py:61} INFO - Currently Fetching: 10099224798
[2024-12-06T08:52:34.598+0000] {main.py:61} INFO - Currently Fetching: 10068728776
[2024-12-06T08:52:35.054+0000] {main.py:61} INFO - Currently Fetching: 10050320716
[2024-12-06T08:52:35.217+0000] {main.py:61} INFO - Currently Fetching: 10023236705
[2024-12-06T08:52:35.475+0000] {main.py:61} INFO - Currently Fetching: 10004020777
[2024-12-06T08:52:35.345+0000] {main.py:61} INFO - Currently Fetching: 10011127775
[2024-12-06T08:53:54.150+0000] {python.py:240} INFO - Done. Returned value was: None
[2024-12-06T08:53:54.228+0000] {taskinstance.py:340} INFO - ::group::Post task execution logs
[2024-12-06T08:53:54.231+0000] {taskinstance.py:352} INFO - Marking task as SUCCESS. dag_id=cars24_etl_pipeline, task_id=combined_extract, run_id=manual__2024-12-06T08:41:18.837479+00:00, execution_date=20241206T084118, start_date=20241206T084143, end_date=20241206T085354
[2024-12-06T08:53:54.295+0000] {logging_mixin.py:190} INFO - Task instance in success state
[2024-12-06T08:53:54.296+0000] {logging_mixin.py:190} INFO -  Previous state of the Task instance: running
[2024-12-06T08:53:54.296+0000] {logging_mixin.py:190} INFO - Dag name:cars24_etl_pipeline queued_at:2024-12-06 08:41:19.137728+00:00
[2024-12-06T08:53:54.297+0000] {logging_mixin.py:190} INFO - Task hostname:5aab8169bfc4 operator:PythonOperator
[2024-12-06T08:53:54.538+0000] {local_task_job_runner.py:266} INFO - Task exited with return code 0
[2024-12-06T08:53:55.064+0000] {taskinstance.py:3895} INFO - 0 downstream tasks scheduled from follow-on schedule check
[2024-12-06T08:53:55.072+0000] {local_task_job_runner.py:245} INFO - ::endgroup::
