[2024-12-06T09:27:26.558+0000] {local_task_job_runner.py:123} INFO - ::group::Pre task execution logs
[2024-12-06T09:27:26.588+0000] {taskinstance.py:2613} INFO - Dependencies all met for dep_context=non-requeueable deps ti=<TaskInstance: cars24_etl_pipeline.combined_extract manual__2024-12-06T09:26:36.307266+00:00 [queued]>
[2024-12-06T09:27:26.611+0000] {taskinstance.py:2613} INFO - Dependencies all met for dep_context=requeueable deps ti=<TaskInstance: cars24_etl_pipeline.combined_extract manual__2024-12-06T09:26:36.307266+00:00 [queued]>
[2024-12-06T09:27:26.612+0000] {taskinstance.py:2866} INFO - Starting attempt 1 of 4
[2024-12-06T09:27:26.663+0000] {taskinstance.py:2889} INFO - Executing <Task(PythonOperator): combined_extract> on 2024-12-06 09:26:36.307266+00:00
[2024-12-06T09:27:26.831+0000] {standard_task_runner.py:72} INFO - Started process 2832 to run task
[2024-12-06T09:27:27.342+0000] {standard_task_runner.py:104} INFO - Running: ['airflow', 'tasks', 'run', 'cars24_etl_pipeline', 'combined_extract', 'manual__2024-12-06T09:26:36.307266+00:00', '--job-id', '3', '--raw', '--subdir', 'DAGS_FOLDER/cars24_api_etl_pipeline.py', '--cfg-path', '/tmp/tmpr0qhxo9i']
[2024-12-06T09:27:27.347+0000] {standard_task_runner.py:105} INFO - Job 3: Subtask combined_extract
[2024-12-06T09:27:28.116+0000] {task_command.py:467} INFO - Running <TaskInstance: cars24_etl_pipeline.combined_extract manual__2024-12-06T09:26:36.307266+00:00 [running]> on host 5aab8169bfc4
[2024-12-06T09:27:31.591+0000] {taskinstance.py:3132} INFO - Exporting env vars: AIRFLOW_CTX_DAG_OWNER='airflow' AIRFLOW_CTX_DAG_ID='cars24_etl_pipeline' AIRFLOW_CTX_TASK_ID='combined_extract' AIRFLOW_CTX_EXECUTION_DATE='2024-12-06T09:26:36.307266+00:00' AIRFLOW_CTX_TRY_NUMBER='1' AIRFLOW_CTX_DAG_RUN_ID='manual__2024-12-06T09:26:36.307266+00:00'
[2024-12-06T09:27:31.595+0000] {logging_mixin.py:190} INFO - Task instance is in running state
[2024-12-06T09:27:31.596+0000] {logging_mixin.py:190} INFO -  Previous state of the Task instance: queued
[2024-12-06T09:27:31.598+0000] {logging_mixin.py:190} INFO - Current task name:combined_extract state:running start_date:2024-12-06 09:27:26.590537+00:00
[2024-12-06T09:27:31.599+0000] {logging_mixin.py:190} INFO - Dag name:cars24_etl_pipeline and current dag run status:running
[2024-12-06T09:27:31.600+0000] {taskinstance.py:731} INFO - ::endgroup::
[2024-12-06T09:27:31.603+0000] {cars24_api_etl_pipeline.py:27} INFO - Starting combined Extract Stage 1 and Stage 2
[2024-12-06T09:27:31.604+0000] {main.py:190} INFO - Starting Stage 1: Fetching appointment IDs
[2024-12-06T09:27:31.807+0000] {logging_mixin.py:190} WARNING - /usr/local/lib/python3.8/site-packages/urllib3/connectionpool.py:1099 InsecureRequestWarning: Unverified HTTPS request is being made to host 'b2c-catalog-gateway.c24.tech'. Adding certificate verification is strongly advised. See: https://urllib3.readthedocs.io/en/latest/advanced-usage.html#tls-warnings
[2024-12-06T09:27:31.818+0000] {logging_mixin.py:190} WARNING - /usr/local/lib/python3.8/site-packages/urllib3/connectionpool.py:1099 InsecureRequestWarning: Unverified HTTPS request is being made to host 'b2c-catalog-gateway.c24.tech'. Adding certificate verification is strongly advised. See: https://urllib3.readthedocs.io/en/latest/advanced-usage.html#tls-warnings
[2024-12-06T09:27:31.831+0000] {logging_mixin.py:190} WARNING - /usr/local/lib/python3.8/site-packages/urllib3/connectionpool.py:1099 InsecureRequestWarning: Unverified HTTPS request is being made to host 'b2c-catalog-gateway.c24.tech'. Adding certificate verification is strongly advised. See: https://urllib3.readthedocs.io/en/latest/advanced-usage.html#tls-warnings
[2024-12-06T09:27:31.848+0000] {logging_mixin.py:190} WARNING - /usr/local/lib/python3.8/site-packages/urllib3/connectionpool.py:1099 InsecureRequestWarning: Unverified HTTPS request is being made to host 'b2c-catalog-gateway.c24.tech'. Adding certificate verification is strongly advised. See: https://urllib3.readthedocs.io/en/latest/advanced-usage.html#tls-warnings
[2024-12-06T09:27:31.882+0000] {logging_mixin.py:190} WARNING - /usr/local/lib/python3.8/site-packages/urllib3/connectionpool.py:1099 InsecureRequestWarning: Unverified HTTPS request is being made to host 'b2c-catalog-gateway.c24.tech'. Adding certificate verification is strongly advised. See: https://urllib3.readthedocs.io/en/latest/advanced-usage.html#tls-warnings
[2024-12-06T09:27:31.899+0000] {logging_mixin.py:190} WARNING - /usr/local/lib/python3.8/site-packages/urllib3/connectionpool.py:1099 InsecureRequestWarning: Unverified HTTPS request is being made to host 'b2c-catalog-gateway.c24.tech'. Adding certificate verification is strongly advised. See: https://urllib3.readthedocs.io/en/latest/advanced-usage.html#tls-warnings
[2024-12-06T09:27:31.917+0000] {logging_mixin.py:190} WARNING - /usr/local/lib/python3.8/site-packages/urllib3/connectionpool.py:1099 InsecureRequestWarning: Unverified HTTPS request is being made to host 'b2c-catalog-gateway.c24.tech'. Adding certificate verification is strongly advised. See: https://urllib3.readthedocs.io/en/latest/advanced-usage.html#tls-warnings
[2024-12-06T09:27:31.949+0000] {logging_mixin.py:190} WARNING - /usr/local/lib/python3.8/site-packages/urllib3/connectionpool.py:1099 InsecureRequestWarning: Unverified HTTPS request is being made to host 'b2c-catalog-gateway.c24.tech'. Adding certificate verification is strongly advised. See: https://urllib3.readthedocs.io/en/latest/advanced-usage.html#tls-warnings
[2024-12-06T09:27:32.041+0000] {logging_mixin.py:190} WARNING - /usr/local/lib/python3.8/site-packages/urllib3/connectionpool.py:1099 InsecureRequestWarning: Unverified HTTPS request is being made to host 'b2c-catalog-gateway.c24.tech'. Adding certificate verification is strongly advised. See: https://urllib3.readthedocs.io/en/latest/advanced-usage.html#tls-warnings
[2024-12-06T09:27:32.068+0000] {logging_mixin.py:190} WARNING - /usr/local/lib/python3.8/site-packages/urllib3/connectionpool.py:1099 InsecureRequestWarning: Unverified HTTPS request is being made to host 'b2c-catalog-gateway.c24.tech'. Adding certificate verification is strongly advised. See: https://urllib3.readthedocs.io/en/latest/advanced-usage.html#tls-warnings
[2024-12-06T09:27:32.099+0000] {logging_mixin.py:190} WARNING - /usr/local/lib/python3.8/site-packages/urllib3/connectionpool.py:1099 InsecureRequestWarning: Unverified HTTPS request is being made to host 'b2c-catalog-gateway.c24.tech'. Adding certificate verification is strongly advised. See: https://urllib3.readthedocs.io/en/latest/advanced-usage.html#tls-warnings
[2024-12-06T09:27:32.174+0000] {logging_mixin.py:190} WARNING - /usr/local/lib/python3.8/site-packages/urllib3/connectionpool.py:1099 InsecureRequestWarning: Unverified HTTPS request is being made to host 'b2c-catalog-gateway.c24.tech'. Adding certificate verification is strongly advised. See: https://urllib3.readthedocs.io/en/latest/advanced-usage.html#tls-warnings
[2024-12-06T09:27:32.199+0000] {logging_mixin.py:190} WARNING - /usr/local/lib/python3.8/site-packages/urllib3/connectionpool.py:1099 InsecureRequestWarning: Unverified HTTPS request is being made to host 'b2c-catalog-gateway.c24.tech'. Adding certificate verification is strongly advised. See: https://urllib3.readthedocs.io/en/latest/advanced-usage.html#tls-warnings
[2024-12-06T09:27:32.271+0000] {logging_mixin.py:190} WARNING - /usr/local/lib/python3.8/site-packages/urllib3/connectionpool.py:1099 InsecureRequestWarning: Unverified HTTPS request is being made to host 'b2c-catalog-gateway.c24.tech'. Adding certificate verification is strongly advised. See: https://urllib3.readthedocs.io/en/latest/advanced-usage.html#tls-warnings
[2024-12-06T09:27:32.297+0000] {logging_mixin.py:190} WARNING - /usr/local/lib/python3.8/site-packages/urllib3/connectionpool.py:1099 InsecureRequestWarning: Unverified HTTPS request is being made to host 'b2c-catalog-gateway.c24.tech'. Adding certificate verification is strongly advised. See: https://urllib3.readthedocs.io/en/latest/advanced-usage.html#tls-warnings
[2024-12-06T09:27:32.370+0000] {logging_mixin.py:190} WARNING - /usr/local/lib/python3.8/site-packages/urllib3/connectionpool.py:1099 InsecureRequestWarning: Unverified HTTPS request is being made to host 'b2c-catalog-gateway.c24.tech'. Adding certificate verification is strongly advised. See: https://urllib3.readthedocs.io/en/latest/advanced-usage.html#tls-warnings
[2024-12-06T09:27:32.519+0000] {logging_mixin.py:190} WARNING - /usr/local/lib/python3.8/site-packages/urllib3/connectionpool.py:1099 InsecureRequestWarning: Unverified HTTPS request is being made to host 'b2c-catalog-gateway.c24.tech'. Adding certificate verification is strongly advised. See: https://urllib3.readthedocs.io/en/latest/advanced-usage.html#tls-warnings
[2024-12-06T09:27:32.608+0000] {logging_mixin.py:190} WARNING - /usr/local/lib/python3.8/site-packages/urllib3/connectionpool.py:1099 InsecureRequestWarning: Unverified HTTPS request is being made to host 'b2c-catalog-gateway.c24.tech'. Adding certificate verification is strongly advised. See: https://urllib3.readthedocs.io/en/latest/advanced-usage.html#tls-warnings
[2024-12-06T09:27:32.653+0000] {logging_mixin.py:190} WARNING - /usr/local/lib/python3.8/site-packages/urllib3/connectionpool.py:1099 InsecureRequestWarning: Unverified HTTPS request is being made to host 'b2c-catalog-gateway.c24.tech'. Adding certificate verification is strongly advised. See: https://urllib3.readthedocs.io/en/latest/advanced-usage.html#tls-warnings
[2024-12-06T09:27:32.681+0000] {logging_mixin.py:190} WARNING - /usr/local/lib/python3.8/site-packages/urllib3/connectionpool.py:1099 InsecureRequestWarning: Unverified HTTPS request is being made to host 'b2c-catalog-gateway.c24.tech'. Adding certificate verification is strongly advised. See: https://urllib3.readthedocs.io/en/latest/advanced-usage.html#tls-warnings
[2024-12-06T09:27:32.869+0000] {logging_mixin.py:190} WARNING - /usr/local/lib/python3.8/site-packages/urllib3/connectionpool.py:1099 InsecureRequestWarning: Unverified HTTPS request is being made to host 'b2c-catalog-gateway.c24.tech'. Adding certificate verification is strongly advised. See: https://urllib3.readthedocs.io/en/latest/advanced-usage.html#tls-warnings
[2024-12-06T09:27:32.905+0000] {logging_mixin.py:190} WARNING - /usr/local/lib/python3.8/site-packages/urllib3/connectionpool.py:1099 InsecureRequestWarning: Unverified HTTPS request is being made to host 'b2c-catalog-gateway.c24.tech'. Adding certificate verification is strongly advised. See: https://urllib3.readthedocs.io/en/latest/advanced-usage.html#tls-warnings
[2024-12-06T09:27:32.906+0000] {main.py:54} ERROR - Error processing city_id 153: 'appointmentId'
[2024-12-06T09:27:32.952+0000] {logging_mixin.py:190} WARNING - /usr/local/lib/python3.8/site-packages/urllib3/connectionpool.py:1099 InsecureRequestWarning: Unverified HTTPS request is being made to host 'b2c-catalog-gateway.c24.tech'. Adding certificate verification is strongly advised. See: https://urllib3.readthedocs.io/en/latest/advanced-usage.html#tls-warnings
[2024-12-06T09:27:32.974+0000] {main.py:54} ERROR - Error processing city_id 162: 'appointmentId'
[2024-12-06T09:27:32.997+0000] {logging_mixin.py:190} WARNING - /usr/local/lib/python3.8/site-packages/urllib3/connectionpool.py:1099 InsecureRequestWarning: Unverified HTTPS request is being made to host 'b2c-catalog-gateway.c24.tech'. Adding certificate verification is strongly advised. See: https://urllib3.readthedocs.io/en/latest/advanced-usage.html#tls-warnings
[2024-12-06T09:27:33.011+0000] {main.py:54} ERROR - Error processing city_id 151: 'appointmentId'
[2024-12-06T09:27:33.068+0000] {logging_mixin.py:190} WARNING - /usr/local/lib/python3.8/site-packages/urllib3/connectionpool.py:1099 InsecureRequestWarning: Unverified HTTPS request is being made to host 'b2c-catalog-gateway.c24.tech'. Adding certificate verification is strongly advised. See: https://urllib3.readthedocs.io/en/latest/advanced-usage.html#tls-warnings
[2024-12-06T09:27:33.086+0000] {main.py:54} ERROR - Error processing city_id 161: 'appointmentId'
[2024-12-06T09:27:33.111+0000] {logging_mixin.py:190} WARNING - /usr/local/lib/python3.8/site-packages/urllib3/connectionpool.py:1099 InsecureRequestWarning: Unverified HTTPS request is being made to host 'b2c-catalog-gateway.c24.tech'. Adding certificate verification is strongly advised. See: https://urllib3.readthedocs.io/en/latest/advanced-usage.html#tls-warnings
[2024-12-06T09:27:33.119+0000] {main.py:54} ERROR - Error processing city_id 154: 'appointmentId'
[2024-12-06T09:27:33.164+0000] {logging_mixin.py:190} WARNING - /usr/local/lib/python3.8/site-packages/urllib3/connectionpool.py:1099 InsecureRequestWarning: Unverified HTTPS request is being made to host 'b2c-catalog-gateway.c24.tech'. Adding certificate verification is strongly advised. See: https://urllib3.readthedocs.io/en/latest/advanced-usage.html#tls-warnings
[2024-12-06T09:27:33.172+0000] {main.py:54} ERROR - Error processing city_id 150: 'appointmentId'
[2024-12-06T09:27:33.179+0000] {logging_mixin.py:190} WARNING - /usr/local/lib/python3.8/site-packages/urllib3/connectionpool.py:1099 InsecureRequestWarning: Unverified HTTPS request is being made to host 'b2c-catalog-gateway.c24.tech'. Adding certificate verification is strongly advised. See: https://urllib3.readthedocs.io/en/latest/advanced-usage.html#tls-warnings
[2024-12-06T09:27:33.186+0000] {main.py:54} ERROR - Error processing city_id 156: 'appointmentId'
[2024-12-06T09:27:33.199+0000] {logging_mixin.py:190} WARNING - /usr/local/lib/python3.8/site-packages/urllib3/connectionpool.py:1099 InsecureRequestWarning: Unverified HTTPS request is being made to host 'b2c-catalog-gateway.c24.tech'. Adding certificate verification is strongly advised. See: https://urllib3.readthedocs.io/en/latest/advanced-usage.html#tls-warnings
[2024-12-06T09:27:33.202+0000] {main.py:54} ERROR - Error processing city_id 155: 'appointmentId'
[2024-12-06T09:27:33.215+0000] {logging_mixin.py:190} WARNING - /usr/local/lib/python3.8/site-packages/urllib3/connectionpool.py:1099 InsecureRequestWarning: Unverified HTTPS request is being made to host 'b2c-catalog-gateway.c24.tech'. Adding certificate verification is strongly advised. See: https://urllib3.readthedocs.io/en/latest/advanced-usage.html#tls-warnings
[2024-12-06T09:27:33.233+0000] {main.py:54} ERROR - Error processing city_id 158: 'appointmentId'
[2024-12-06T09:27:33.239+0000] {logging_mixin.py:190} WARNING - /usr/local/lib/python3.8/site-packages/urllib3/connectionpool.py:1099 InsecureRequestWarning: Unverified HTTPS request is being made to host 'b2c-catalog-gateway.c24.tech'. Adding certificate verification is strongly advised. See: https://urllib3.readthedocs.io/en/latest/advanced-usage.html#tls-warnings
[2024-12-06T09:27:33.244+0000] {main.py:54} ERROR - Error processing city_id 160: 'appointmentId'
[2024-12-06T09:27:33.251+0000] {logging_mixin.py:190} WARNING - /usr/local/lib/python3.8/site-packages/urllib3/connectionpool.py:1099 InsecureRequestWarning: Unverified HTTPS request is being made to host 'b2c-catalog-gateway.c24.tech'. Adding certificate verification is strongly advised. See: https://urllib3.readthedocs.io/en/latest/advanced-usage.html#tls-warnings
[2024-12-06T09:27:33.254+0000] {main.py:54} ERROR - Error processing city_id 159: 'appointmentId'
[2024-12-06T09:27:33.258+0000] {logging_mixin.py:190} WARNING - /usr/local/lib/python3.8/site-packages/urllib3/connectionpool.py:1099 InsecureRequestWarning: Unverified HTTPS request is being made to host 'b2c-catalog-gateway.c24.tech'. Adding certificate verification is strongly advised. See: https://urllib3.readthedocs.io/en/latest/advanced-usage.html#tls-warnings
[2024-12-06T09:27:33.260+0000] {main.py:54} ERROR - Error processing city_id 157: 'appointmentId'
[2024-12-06T09:27:33.265+0000] {logging_mixin.py:190} WARNING - /usr/local/lib/python3.8/site-packages/urllib3/connectionpool.py:1099 InsecureRequestWarning: Unverified HTTPS request is being made to host 'b2c-catalog-gateway.c24.tech'. Adding certificate verification is strongly advised. See: https://urllib3.readthedocs.io/en/latest/advanced-usage.html#tls-warnings
[2024-12-06T09:27:33.269+0000] {main.py:54} ERROR - Error processing city_id 166: 'appointmentId'
[2024-12-06T09:27:33.273+0000] {logging_mixin.py:190} WARNING - /usr/local/lib/python3.8/site-packages/urllib3/connectionpool.py:1099 InsecureRequestWarning: Unverified HTTPS request is being made to host 'b2c-catalog-gateway.c24.tech'. Adding certificate verification is strongly advised. See: https://urllib3.readthedocs.io/en/latest/advanced-usage.html#tls-warnings
[2024-12-06T09:27:33.283+0000] {main.py:54} ERROR - Error processing city_id 152: 'appointmentId'
[2024-12-06T09:27:33.290+0000] {main.py:54} ERROR - Error processing city_id 164: 'appointmentId'
[2024-12-06T09:27:33.287+0000] {logging_mixin.py:190} WARNING - /usr/local/lib/python3.8/site-packages/urllib3/connectionpool.py:1099 InsecureRequestWarning: Unverified HTTPS request is being made to host 'b2c-catalog-gateway.c24.tech'. Adding certificate verification is strongly advised. See: https://urllib3.readthedocs.io/en/latest/advanced-usage.html#tls-warnings
[2024-12-06T09:27:33.294+0000] {main.py:54} ERROR - Error processing city_id 163: 'appointmentId'
[2024-12-06T09:27:33.303+0000] {logging_mixin.py:190} WARNING - /usr/local/lib/python3.8/site-packages/urllib3/connectionpool.py:1099 InsecureRequestWarning: Unverified HTTPS request is being made to host 'b2c-catalog-gateway.c24.tech'. Adding certificate verification is strongly advised. See: https://urllib3.readthedocs.io/en/latest/advanced-usage.html#tls-warnings
[2024-12-06T09:27:33.305+0000] {main.py:54} ERROR - Error processing city_id 170: 'appointmentId'
[2024-12-06T09:27:33.309+0000] {logging_mixin.py:190} WARNING - /usr/local/lib/python3.8/site-packages/urllib3/connectionpool.py:1099 InsecureRequestWarning: Unverified HTTPS request is being made to host 'b2c-catalog-gateway.c24.tech'. Adding certificate verification is strongly advised. See: https://urllib3.readthedocs.io/en/latest/advanced-usage.html#tls-warnings
[2024-12-06T09:27:33.310+0000] {main.py:54} ERROR - Error processing city_id 165: 'appointmentId'
[2024-12-06T09:27:33.315+0000] {logging_mixin.py:190} WARNING - /usr/local/lib/python3.8/site-packages/urllib3/connectionpool.py:1099 InsecureRequestWarning: Unverified HTTPS request is being made to host 'b2c-catalog-gateway.c24.tech'. Adding certificate verification is strongly advised. See: https://urllib3.readthedocs.io/en/latest/advanced-usage.html#tls-warnings
[2024-12-06T09:27:33.321+0000] {main.py:54} ERROR - Error processing city_id 167: 'appointmentId'
[2024-12-06T09:27:33.323+0000] {logging_mixin.py:190} WARNING - /usr/local/lib/python3.8/site-packages/urllib3/connectionpool.py:1099 InsecureRequestWarning: Unverified HTTPS request is being made to host 'b2c-catalog-gateway.c24.tech'. Adding certificate verification is strongly advised. See: https://urllib3.readthedocs.io/en/latest/advanced-usage.html#tls-warnings
[2024-12-06T09:27:33.327+0000] {main.py:54} ERROR - Error processing city_id 168: 'appointmentId'
[2024-12-06T09:27:33.332+0000] {logging_mixin.py:190} WARNING - /usr/local/lib/python3.8/site-packages/urllib3/connectionpool.py:1099 InsecureRequestWarning: Unverified HTTPS request is being made to host 'b2c-catalog-gateway.c24.tech'. Adding certificate verification is strongly advised. See: https://urllib3.readthedocs.io/en/latest/advanced-usage.html#tls-warnings
[2024-12-06T09:27:33.334+0000] {main.py:54} ERROR - Error processing city_id 172: 'appointmentId'
[2024-12-06T09:27:33.338+0000] {logging_mixin.py:190} WARNING - /usr/local/lib/python3.8/site-packages/urllib3/connectionpool.py:1099 InsecureRequestWarning: Unverified HTTPS request is being made to host 'b2c-catalog-gateway.c24.tech'. Adding certificate verification is strongly advised. See: https://urllib3.readthedocs.io/en/latest/advanced-usage.html#tls-warnings
[2024-12-06T09:27:33.341+0000] {main.py:54} ERROR - Error processing city_id 169: 'appointmentId'
[2024-12-06T09:27:33.345+0000] {logging_mixin.py:190} WARNING - /usr/local/lib/python3.8/site-packages/urllib3/connectionpool.py:1099 InsecureRequestWarning: Unverified HTTPS request is being made to host 'b2c-catalog-gateway.c24.tech'. Adding certificate verification is strongly advised. See: https://urllib3.readthedocs.io/en/latest/advanced-usage.html#tls-warnings
[2024-12-06T09:27:33.350+0000] {main.py:54} ERROR - Error processing city_id 174: 'appointmentId'
[2024-12-06T09:27:33.353+0000] {logging_mixin.py:190} WARNING - /usr/local/lib/python3.8/site-packages/urllib3/connectionpool.py:1099 InsecureRequestWarning: Unverified HTTPS request is being made to host 'b2c-catalog-gateway.c24.tech'. Adding certificate verification is strongly advised. See: https://urllib3.readthedocs.io/en/latest/advanced-usage.html#tls-warnings
[2024-12-06T09:27:33.355+0000] {main.py:54} ERROR - Error processing city_id 171: 'appointmentId'
[2024-12-06T09:27:33.357+0000] {logging_mixin.py:190} WARNING - /usr/local/lib/python3.8/site-packages/urllib3/connectionpool.py:1099 InsecureRequestWarning: Unverified HTTPS request is being made to host 'b2c-catalog-gateway.c24.tech'. Adding certificate verification is strongly advised. See: https://urllib3.readthedocs.io/en/latest/advanced-usage.html#tls-warnings
[2024-12-06T09:27:33.364+0000] {main.py:54} ERROR - Error processing city_id 177: 'appointmentId'
[2024-12-06T09:27:33.370+0000] {logging_mixin.py:190} WARNING - /usr/local/lib/python3.8/site-packages/urllib3/connectionpool.py:1099 InsecureRequestWarning: Unverified HTTPS request is being made to host 'b2c-catalog-gateway.c24.tech'. Adding certificate verification is strongly advised. See: https://urllib3.readthedocs.io/en/latest/advanced-usage.html#tls-warnings
[2024-12-06T09:27:33.381+0000] {main.py:54} ERROR - Error processing city_id 180: 'appointmentId'
[2024-12-06T09:27:33.385+0000] {logging_mixin.py:190} WARNING - /usr/local/lib/python3.8/site-packages/urllib3/connectionpool.py:1099 InsecureRequestWarning: Unverified HTTPS request is being made to host 'b2c-catalog-gateway.c24.tech'. Adding certificate verification is strongly advised. See: https://urllib3.readthedocs.io/en/latest/advanced-usage.html#tls-warnings
[2024-12-06T09:27:33.387+0000] {main.py:54} ERROR - Error processing city_id 175: 'appointmentId'
[2024-12-06T09:27:33.391+0000] {logging_mixin.py:190} WARNING - /usr/local/lib/python3.8/site-packages/urllib3/connectionpool.py:1099 InsecureRequestWarning: Unverified HTTPS request is being made to host 'b2c-catalog-gateway.c24.tech'. Adding certificate verification is strongly advised. See: https://urllib3.readthedocs.io/en/latest/advanced-usage.html#tls-warnings
[2024-12-06T09:27:33.400+0000] {main.py:54} ERROR - Error processing city_id 178: 'appointmentId'
[2024-12-06T09:27:33.413+0000] {logging_mixin.py:190} WARNING - /usr/local/lib/python3.8/site-packages/urllib3/connectionpool.py:1099 InsecureRequestWarning: Unverified HTTPS request is being made to host 'b2c-catalog-gateway.c24.tech'. Adding certificate verification is strongly advised. See: https://urllib3.readthedocs.io/en/latest/advanced-usage.html#tls-warnings
[2024-12-06T09:27:33.415+0000] {main.py:54} ERROR - Error processing city_id 184: 'appointmentId'
[2024-12-06T09:27:33.435+0000] {main.py:54} ERROR - Error processing city_id 183: 'appointmentId'
[2024-12-06T09:27:33.445+0000] {main.py:54} ERROR - Error processing city_id 187: 'appointmentId'
[2024-12-06T09:27:33.428+0000] {logging_mixin.py:190} WARNING - /usr/local/lib/python3.8/site-packages/urllib3/connectionpool.py:1099 InsecureRequestWarning: Unverified HTTPS request is being made to host 'b2c-catalog-gateway.c24.tech'. Adding certificate verification is strongly advised. See: https://urllib3.readthedocs.io/en/latest/advanced-usage.html#tls-warnings
[2024-12-06T09:27:33.453+0000] {main.py:54} ERROR - Error processing city_id 173: 'appointmentId'
[2024-12-06T09:27:33.462+0000] {logging_mixin.py:190} WARNING - /usr/local/lib/python3.8/site-packages/urllib3/connectionpool.py:1099 InsecureRequestWarning: Unverified HTTPS request is being made to host 'b2c-catalog-gateway.c24.tech'. Adding certificate verification is strongly advised. See: https://urllib3.readthedocs.io/en/latest/advanced-usage.html#tls-warnings
[2024-12-06T09:27:33.466+0000] {main.py:54} ERROR - Error processing city_id 186: 'appointmentId'
[2024-12-06T09:27:33.499+0000] {main.py:54} ERROR - Error processing city_id 176: 'appointmentId'
[2024-12-06T09:27:33.500+0000] {main.py:54} ERROR - Error processing city_id 179: 'appointmentId'
[2024-12-06T09:27:33.503+0000] {main.py:54} ERROR - Error processing city_id 182: 'appointmentId'
[2024-12-06T09:27:33.505+0000] {main.py:54} ERROR - Error processing city_id 194: 'appointmentId'
[2024-12-06T09:27:33.506+0000] {main.py:54} ERROR - Error processing city_id 189: 'appointmentId'
[2024-12-06T09:27:33.507+0000] {main.py:54} ERROR - Error processing city_id 190: 'appointmentId'
[2024-12-06T09:27:33.509+0000] {main.py:54} ERROR - Error processing city_id 185: 'appointmentId'
[2024-12-06T09:27:33.512+0000] {main.py:54} ERROR - Error processing city_id 181: 'appointmentId'
[2024-12-06T09:27:33.515+0000] {main.py:54} ERROR - Error processing city_id 196: 'appointmentId'
[2024-12-06T09:27:33.516+0000] {main.py:54} ERROR - Error processing city_id 192: 'appointmentId'
[2024-12-06T09:27:33.522+0000] {main.py:54} ERROR - Error processing city_id 188: 'appointmentId'
[2024-12-06T09:27:33.533+0000] {main.py:54} ERROR - Error processing city_id 197: 'appointmentId'
[2024-12-06T09:27:33.536+0000] {main.py:54} ERROR - Error processing city_id 200: 'appointmentId'
[2024-12-06T09:27:33.537+0000] {main.py:54} ERROR - Error processing city_id 198: 'appointmentId'
[2024-12-06T09:27:33.538+0000] {main.py:54} ERROR - Error processing city_id 191: 'appointmentId'
[2024-12-06T09:27:33.551+0000] {main.py:54} ERROR - Error processing city_id 199: 'appointmentId'
[2024-12-06T09:27:33.569+0000] {main.py:54} ERROR - Error processing city_id 195: 'appointmentId'
[2024-12-06T09:27:33.650+0000] {main.py:54} ERROR - Error processing city_id 193: 'appointmentId'
[2024-12-06T09:27:33.657+0000] {main.py:193} INFO - Total appointment IDs fetched: 0
[2024-12-06T09:27:33.662+0000] {main.py:196} INFO - Starting Stage 2: Fetching car details
[2024-12-06T09:27:33.667+0000] {python.py:240} INFO - Done. Returned value was: None
[2024-12-06T09:27:33.689+0000] {taskinstance.py:340} INFO - ::group::Post task execution logs
[2024-12-06T09:27:33.696+0000] {taskinstance.py:352} INFO - Marking task as SUCCESS. dag_id=cars24_etl_pipeline, task_id=combined_extract, run_id=manual__2024-12-06T09:26:36.307266+00:00, execution_date=20241206T092636, start_date=20241206T092726, end_date=20241206T092733
[2024-12-06T09:27:33.805+0000] {logging_mixin.py:190} INFO - Task instance in success state
[2024-12-06T09:27:33.806+0000] {logging_mixin.py:190} INFO -  Previous state of the Task instance: running
[2024-12-06T09:27:33.809+0000] {logging_mixin.py:190} INFO - Dag name:cars24_etl_pipeline queued_at:2024-12-06 09:26:36.570736+00:00
[2024-12-06T09:27:33.818+0000] {logging_mixin.py:190} INFO - Task hostname:5aab8169bfc4 operator:PythonOperator
[2024-12-06T09:27:34.111+0000] {local_task_job_runner.py:266} INFO - Task exited with return code 0
[2024-12-06T09:27:34.194+0000] {taskinstance.py:3895} INFO - 0 downstream tasks scheduled from follow-on schedule check
[2024-12-06T09:27:34.207+0000] {local_task_job_runner.py:245} INFO - ::endgroup::
