[2024-12-07T18:09:13.492+0000] {local_task_job_runner.py:123} INFO - ::group::Pre task execution logs
[2024-12-07T18:09:13.562+0000] {taskinstance.py:2613} INFO - Dependencies all met for dep_context=non-requeueable deps ti=<TaskInstance: cars24_etl_pipeline.extract_stage manual__2024-12-07T18:08:25.330674+00:00 [queued]>
[2024-12-07T18:09:13.595+0000] {taskinstance.py:2613} INFO - Dependencies all met for dep_context=requeueable deps ti=<TaskInstance: cars24_etl_pipeline.extract_stage manual__2024-12-07T18:08:25.330674+00:00 [queued]>
[2024-12-07T18:09:13.596+0000] {taskinstance.py:2866} INFO - Starting attempt 1 of 4
[2024-12-07T18:09:13.666+0000] {taskinstance.py:2889} INFO - Executing <Task(PythonOperator): extract_stage> on 2024-12-07 18:08:25.330674+00:00
[2024-12-07T18:09:13.717+0000] {standard_task_runner.py:72} INFO - Started process 202 to run task
[2024-12-07T18:09:13.949+0000] {standard_task_runner.py:104} INFO - Running: ['airflow', 'tasks', 'run', 'cars24_etl_pipeline', 'extract_stage', 'manual__2024-12-07T18:08:25.330674+00:00', '--job-id', '5', '--raw', '--subdir', 'DAGS_FOLDER/etl_dag.py', '--cfg-path', '/tmp/tmpbltflrmx']
[2024-12-07T18:09:13.956+0000] {standard_task_runner.py:105} INFO - Job 5: Subtask extract_stage
[2024-12-07T18:09:16.671+0000] {task_command.py:467} INFO - Running <TaskInstance: cars24_etl_pipeline.extract_stage manual__2024-12-07T18:08:25.330674+00:00 [running]> on host bc0ae7fc4eec
[2024-12-07T18:09:18.232+0000] {taskinstance.py:3132} INFO - Exporting env vars: AIRFLOW_CTX_DAG_OWNER='airflow' AIRFLOW_CTX_DAG_ID='cars24_etl_pipeline' AIRFLOW_CTX_TASK_ID='extract_stage' AIRFLOW_CTX_EXECUTION_DATE='2024-12-07T18:08:25.330674+00:00' AIRFLOW_CTX_TRY_NUMBER='1' AIRFLOW_CTX_DAG_RUN_ID='manual__2024-12-07T18:08:25.330674+00:00'
[2024-12-07T18:09:18.254+0000] {logging_mixin.py:190} INFO - Task instance is in running state
[2024-12-07T18:09:18.255+0000] {logging_mixin.py:190} INFO -  Previous state of the Task instance: queued
[2024-12-07T18:09:18.256+0000] {logging_mixin.py:190} INFO - Current task name:extract_stage state:running start_date:2024-12-07 18:09:13.563577+00:00
[2024-12-07T18:09:18.257+0000] {logging_mixin.py:190} INFO - Dag name:cars24_etl_pipeline and current dag run status:running
[2024-12-07T18:09:18.260+0000] {taskinstance.py:731} INFO - ::endgroup::
[2024-12-07T18:09:18.266+0000] {etl_dag.py:143} INFO - Starting combined Extract Stage 1 and Stage 2
[2024-12-07T18:09:18.268+0000] {extract.py:208} INFO - Starting extract stage 1 and 2
[2024-12-07T18:09:18.268+0000] {extract.py:195} INFO - Starting Stage 1: Fetching appointment IDs
[2024-12-07T18:09:21.905+0000] {logging_mixin.py:190} WARNING - /usr/local/lib/python3.8/site-packages/urllib3/connectionpool.py:1099 InsecureRequestWarning: Unverified HTTPS request is being made to host 'b2c-catalog-gateway.c24.tech'. Adding certificate verification is strongly advised. See: https://urllib3.readthedocs.io/en/latest/advanced-usage.html#tls-warnings
[2024-12-07T18:09:21.904+0000] {logging_mixin.py:190} WARNING - /usr/local/lib/python3.8/site-packages/urllib3/connectionpool.py:1099 InsecureRequestWarning: Unverified HTTPS request is being made to host 'b2c-catalog-gateway.c24.tech'. Adding certificate verification is strongly advised. See: https://urllib3.readthedocs.io/en/latest/advanced-usage.html#tls-warnings
[2024-12-07T18:09:21.938+0000] {logging_mixin.py:190} WARNING - /usr/local/lib/python3.8/site-packages/urllib3/connectionpool.py:1099 InsecureRequestWarning: Unverified HTTPS request is being made to host 'b2c-catalog-gateway.c24.tech'. Adding certificate verification is strongly advised. See: https://urllib3.readthedocs.io/en/latest/advanced-usage.html#tls-warnings
[2024-12-07T18:09:22.308+0000] {logging_mixin.py:190} WARNING - /usr/local/lib/python3.8/site-packages/urllib3/connectionpool.py:1099 InsecureRequestWarning: Unverified HTTPS request is being made to host 'b2c-catalog-gateway.c24.tech'. Adding certificate verification is strongly advised. See: https://urllib3.readthedocs.io/en/latest/advanced-usage.html#tls-warnings
[2024-12-07T18:09:22.378+0000] {logging_mixin.py:190} WARNING - /usr/local/lib/python3.8/site-packages/urllib3/connectionpool.py:1099 InsecureRequestWarning: Unverified HTTPS request is being made to host 'b2c-catalog-gateway.c24.tech'. Adding certificate verification is strongly advised. See: https://urllib3.readthedocs.io/en/latest/advanced-usage.html#tls-warnings
[2024-12-07T18:09:22.127+0000] {logging_mixin.py:190} WARNING - /usr/local/lib/python3.8/site-packages/urllib3/connectionpool.py:1099 InsecureRequestWarning: Unverified HTTPS request is being made to host 'b2c-catalog-gateway.c24.tech'. Adding certificate verification is strongly advised. See: https://urllib3.readthedocs.io/en/latest/advanced-usage.html#tls-warnings
[2024-12-07T18:09:22.464+0000] {logging_mixin.py:190} WARNING - /usr/local/lib/python3.8/site-packages/urllib3/connectionpool.py:1099 InsecureRequestWarning: Unverified HTTPS request is being made to host 'b2c-catalog-gateway.c24.tech'. Adding certificate verification is strongly advised. See: https://urllib3.readthedocs.io/en/latest/advanced-usage.html#tls-warnings
[2024-12-07T18:09:22.674+0000] {logging_mixin.py:190} WARNING - /usr/local/lib/python3.8/site-packages/urllib3/connectionpool.py:1099 InsecureRequestWarning: Unverified HTTPS request is being made to host 'b2c-catalog-gateway.c24.tech'. Adding certificate verification is strongly advised. See: https://urllib3.readthedocs.io/en/latest/advanced-usage.html#tls-warnings
[2024-12-07T18:09:22.723+0000] {logging_mixin.py:190} WARNING - /usr/local/lib/python3.8/site-packages/urllib3/connectionpool.py:1099 InsecureRequestWarning: Unverified HTTPS request is being made to host 'b2c-catalog-gateway.c24.tech'. Adding certificate verification is strongly advised. See: https://urllib3.readthedocs.io/en/latest/advanced-usage.html#tls-warnings
[2024-12-07T18:09:22.979+0000] {logging_mixin.py:190} WARNING - /usr/local/lib/python3.8/site-packages/urllib3/connectionpool.py:1099 InsecureRequestWarning: Unverified HTTPS request is being made to host 'b2c-catalog-gateway.c24.tech'. Adding certificate verification is strongly advised. See: https://urllib3.readthedocs.io/en/latest/advanced-usage.html#tls-warnings
[2024-12-07T18:09:23.038+0000] {logging_mixin.py:190} WARNING - /usr/local/lib/python3.8/site-packages/urllib3/connectionpool.py:1099 InsecureRequestWarning: Unverified HTTPS request is being made to host 'b2c-catalog-gateway.c24.tech'. Adding certificate verification is strongly advised. See: https://urllib3.readthedocs.io/en/latest/advanced-usage.html#tls-warnings
[2024-12-07T18:09:23.086+0000] {logging_mixin.py:190} WARNING - /usr/local/lib/python3.8/site-packages/urllib3/connectionpool.py:1099 InsecureRequestWarning: Unverified HTTPS request is being made to host 'b2c-catalog-gateway.c24.tech'. Adding certificate verification is strongly advised. See: https://urllib3.readthedocs.io/en/latest/advanced-usage.html#tls-warnings
[2024-12-07T18:09:23.141+0000] {logging_mixin.py:190} WARNING - /usr/local/lib/python3.8/site-packages/urllib3/connectionpool.py:1099 InsecureRequestWarning: Unverified HTTPS request is being made to host 'b2c-catalog-gateway.c24.tech'. Adding certificate verification is strongly advised. See: https://urllib3.readthedocs.io/en/latest/advanced-usage.html#tls-warnings
[2024-12-07T18:09:23.148+0000] {extract.py:59} ERROR - Error processing city_id 257: 'appointmentId'
[2024-12-07T18:09:23.222+0000] {logging_mixin.py:190} WARNING - /usr/local/lib/python3.8/site-packages/urllib3/connectionpool.py:1099 InsecureRequestWarning: Unverified HTTPS request is being made to host 'b2c-catalog-gateway.c24.tech'. Adding certificate verification is strongly advised. See: https://urllib3.readthedocs.io/en/latest/advanced-usage.html#tls-warnings
[2024-12-07T18:09:23.223+0000] {logging_mixin.py:190} WARNING - /usr/local/lib/python3.8/site-packages/urllib3/connectionpool.py:1099 InsecureRequestWarning: Unverified HTTPS request is being made to host 'b2c-catalog-gateway.c24.tech'. Adding certificate verification is strongly advised. See: https://urllib3.readthedocs.io/en/latest/advanced-usage.html#tls-warnings
[2024-12-07T18:09:23.236+0000] {logging_mixin.py:190} WARNING - /usr/local/lib/python3.8/site-packages/urllib3/connectionpool.py:1099 InsecureRequestWarning: Unverified HTTPS request is being made to host 'b2c-catalog-gateway.c24.tech'. Adding certificate verification is strongly advised. See: https://urllib3.readthedocs.io/en/latest/advanced-usage.html#tls-warnings
[2024-12-07T18:09:23.257+0000] {logging_mixin.py:190} WARNING - /usr/local/lib/python3.8/site-packages/urllib3/connectionpool.py:1099 InsecureRequestWarning: Unverified HTTPS request is being made to host 'b2c-catalog-gateway.c24.tech'. Adding certificate verification is strongly advised. See: https://urllib3.readthedocs.io/en/latest/advanced-usage.html#tls-warnings
[2024-12-07T18:09:23.317+0000] {extract.py:59} ERROR - Error processing city_id 262: 'appointmentId'
[2024-12-07T18:09:23.363+0000] {logging_mixin.py:190} WARNING - /usr/local/lib/python3.8/site-packages/urllib3/connectionpool.py:1099 InsecureRequestWarning: Unverified HTTPS request is being made to host 'b2c-catalog-gateway.c24.tech'. Adding certificate verification is strongly advised. See: https://urllib3.readthedocs.io/en/latest/advanced-usage.html#tls-warnings
[2024-12-07T18:09:23.393+0000] {logging_mixin.py:190} WARNING - /usr/local/lib/python3.8/site-packages/urllib3/connectionpool.py:1099 InsecureRequestWarning: Unverified HTTPS request is being made to host 'b2c-catalog-gateway.c24.tech'. Adding certificate verification is strongly advised. See: https://urllib3.readthedocs.io/en/latest/advanced-usage.html#tls-warnings
[2024-12-07T18:09:23.415+0000] {logging_mixin.py:190} WARNING - /usr/local/lib/python3.8/site-packages/urllib3/connectionpool.py:1099 InsecureRequestWarning: Unverified HTTPS request is being made to host 'b2c-catalog-gateway.c24.tech'. Adding certificate verification is strongly advised. See: https://urllib3.readthedocs.io/en/latest/advanced-usage.html#tls-warnings
[2024-12-07T18:09:23.415+0000] {extract.py:59} ERROR - Error processing city_id 261: 'appointmentId'
[2024-12-07T18:09:23.420+0000] {logging_mixin.py:190} WARNING - /usr/local/lib/python3.8/site-packages/urllib3/connectionpool.py:1099 InsecureRequestWarning: Unverified HTTPS request is being made to host 'b2c-catalog-gateway.c24.tech'. Adding certificate verification is strongly advised. See: https://urllib3.readthedocs.io/en/latest/advanced-usage.html#tls-warnings
[2024-12-07T18:09:23.428+0000] {logging_mixin.py:190} WARNING - /usr/local/lib/python3.8/site-packages/urllib3/connectionpool.py:1099 InsecureRequestWarning: Unverified HTTPS request is being made to host 'b2c-catalog-gateway.c24.tech'. Adding certificate verification is strongly advised. See: https://urllib3.readthedocs.io/en/latest/advanced-usage.html#tls-warnings
[2024-12-07T18:09:23.431+0000] {logging_mixin.py:190} WARNING - /usr/local/lib/python3.8/site-packages/urllib3/connectionpool.py:1099 InsecureRequestWarning: Unverified HTTPS request is being made to host 'b2c-catalog-gateway.c24.tech'. Adding certificate verification is strongly advised. See: https://urllib3.readthedocs.io/en/latest/advanced-usage.html#tls-warnings
[2024-12-07T18:09:23.433+0000] {extract.py:59} ERROR - Error processing city_id 277: 'appointmentId'
[2024-12-07T18:09:23.450+0000] {extract.py:59} ERROR - Error processing city_id 274: 'appointmentId'
[2024-12-07T18:09:23.449+0000] {logging_mixin.py:190} WARNING - /usr/local/lib/python3.8/site-packages/urllib3/connectionpool.py:1099 InsecureRequestWarning: Unverified HTTPS request is being made to host 'b2c-catalog-gateway.c24.tech'. Adding certificate verification is strongly advised. See: https://urllib3.readthedocs.io/en/latest/advanced-usage.html#tls-warnings
[2024-12-07T18:09:23.448+0000] {logging_mixin.py:190} WARNING - /usr/local/lib/python3.8/site-packages/urllib3/connectionpool.py:1099 InsecureRequestWarning: Unverified HTTPS request is being made to host 'b2c-catalog-gateway.c24.tech'. Adding certificate verification is strongly advised. See: https://urllib3.readthedocs.io/en/latest/advanced-usage.html#tls-warnings
[2024-12-07T18:09:23.454+0000] {extract.py:59} ERROR - Error processing city_id 269: 'appointmentId'
[2024-12-07T18:09:23.462+0000] {extract.py:59} ERROR - Error processing city_id 280: 'appointmentId'
[2024-12-07T18:09:23.459+0000] {logging_mixin.py:190} WARNING - /usr/local/lib/python3.8/site-packages/urllib3/connectionpool.py:1099 InsecureRequestWarning: Unverified HTTPS request is being made to host 'b2c-catalog-gateway.c24.tech'. Adding certificate verification is strongly advised. See: https://urllib3.readthedocs.io/en/latest/advanced-usage.html#tls-warnings
[2024-12-07T18:09:23.467+0000] {extract.py:59} ERROR - Error processing city_id 263: 'appointmentId'
[2024-12-07T18:09:23.461+0000] {logging_mixin.py:190} WARNING - /usr/local/lib/python3.8/site-packages/urllib3/connectionpool.py:1099 InsecureRequestWarning: Unverified HTTPS request is being made to host 'b2c-catalog-gateway.c24.tech'. Adding certificate verification is strongly advised. See: https://urllib3.readthedocs.io/en/latest/advanced-usage.html#tls-warnings
[2024-12-07T18:09:23.471+0000] {logging_mixin.py:190} WARNING - /usr/local/lib/python3.8/site-packages/urllib3/connectionpool.py:1099 InsecureRequestWarning: Unverified HTTPS request is being made to host 'b2c-catalog-gateway.c24.tech'. Adding certificate verification is strongly advised. See: https://urllib3.readthedocs.io/en/latest/advanced-usage.html#tls-warnings
[2024-12-07T18:09:23.473+0000] {extract.py:59} ERROR - Error processing city_id 272: 'appointmentId'
[2024-12-07T18:09:23.478+0000] {logging_mixin.py:190} WARNING - /usr/local/lib/python3.8/site-packages/urllib3/connectionpool.py:1099 InsecureRequestWarning: Unverified HTTPS request is being made to host 'b2c-catalog-gateway.c24.tech'. Adding certificate verification is strongly advised. See: https://urllib3.readthedocs.io/en/latest/advanced-usage.html#tls-warnings
[2024-12-07T18:09:23.479+0000] {logging_mixin.py:190} WARNING - /usr/local/lib/python3.8/site-packages/urllib3/connectionpool.py:1099 InsecureRequestWarning: Unverified HTTPS request is being made to host 'b2c-catalog-gateway.c24.tech'. Adding certificate verification is strongly advised. See: https://urllib3.readthedocs.io/en/latest/advanced-usage.html#tls-warnings
[2024-12-07T18:09:23.491+0000] {extract.py:59} ERROR - Error processing city_id 264: 'appointmentId'
[2024-12-07T18:09:23.495+0000] {logging_mixin.py:190} WARNING - /usr/local/lib/python3.8/site-packages/urllib3/connectionpool.py:1099 InsecureRequestWarning: Unverified HTTPS request is being made to host 'b2c-catalog-gateway.c24.tech'. Adding certificate verification is strongly advised. See: https://urllib3.readthedocs.io/en/latest/advanced-usage.html#tls-warnings
[2024-12-07T18:09:23.497+0000] {logging_mixin.py:190} WARNING - /usr/local/lib/python3.8/site-packages/urllib3/connectionpool.py:1099 InsecureRequestWarning: Unverified HTTPS request is being made to host 'b2c-catalog-gateway.c24.tech'. Adding certificate verification is strongly advised. See: https://urllib3.readthedocs.io/en/latest/advanced-usage.html#tls-warnings
[2024-12-07T18:09:23.499+0000] {extract.py:59} ERROR - Error processing city_id 273: 'appointmentId'
[2024-12-07T18:09:23.518+0000] {logging_mixin.py:190} WARNING - /usr/local/lib/python3.8/site-packages/urllib3/connectionpool.py:1099 InsecureRequestWarning: Unverified HTTPS request is being made to host 'b2c-catalog-gateway.c24.tech'. Adding certificate verification is strongly advised. See: https://urllib3.readthedocs.io/en/latest/advanced-usage.html#tls-warnings
[2024-12-07T18:09:23.535+0000] {extract.py:59} ERROR - Error processing city_id 281: 'appointmentId'
[2024-12-07T18:09:23.544+0000] {logging_mixin.py:190} WARNING - /usr/local/lib/python3.8/site-packages/urllib3/connectionpool.py:1099 InsecureRequestWarning: Unverified HTTPS request is being made to host 'b2c-catalog-gateway.c24.tech'. Adding certificate verification is strongly advised. See: https://urllib3.readthedocs.io/en/latest/advanced-usage.html#tls-warnings
[2024-12-07T18:09:23.652+0000] {extract.py:59} ERROR - Error processing city_id 266: 'appointmentId'
[2024-12-07T18:09:23.687+0000] {extract.py:59} ERROR - Error processing city_id 253: 'appointmentId'
[2024-12-07T18:09:23.686+0000] {logging_mixin.py:190} WARNING - /usr/local/lib/python3.8/site-packages/urllib3/connectionpool.py:1099 InsecureRequestWarning: Unverified HTTPS request is being made to host 'b2c-catalog-gateway.c24.tech'. Adding certificate verification is strongly advised. See: https://urllib3.readthedocs.io/en/latest/advanced-usage.html#tls-warnings
[2024-12-07T18:09:23.693+0000] {extract.py:59} ERROR - Error processing city_id 250: 'appointmentId'
[2024-12-07T18:09:23.706+0000] {logging_mixin.py:190} WARNING - /usr/local/lib/python3.8/site-packages/urllib3/connectionpool.py:1099 InsecureRequestWarning: Unverified HTTPS request is being made to host 'b2c-catalog-gateway.c24.tech'. Adding certificate verification is strongly advised. See: https://urllib3.readthedocs.io/en/latest/advanced-usage.html#tls-warnings
[2024-12-07T18:09:23.709+0000] {extract.py:59} ERROR - Error processing city_id 283: 'appointmentId'
[2024-12-07T18:09:23.717+0000] {logging_mixin.py:190} WARNING - /usr/local/lib/python3.8/site-packages/urllib3/connectionpool.py:1099 InsecureRequestWarning: Unverified HTTPS request is being made to host 'b2c-catalog-gateway.c24.tech'. Adding certificate verification is strongly advised. See: https://urllib3.readthedocs.io/en/latest/advanced-usage.html#tls-warnings
[2024-12-07T18:09:23.721+0000] {extract.py:59} ERROR - Error processing city_id 254: 'appointmentId'
[2024-12-07T18:09:23.725+0000] {logging_mixin.py:190} WARNING - /usr/local/lib/python3.8/site-packages/urllib3/connectionpool.py:1099 InsecureRequestWarning: Unverified HTTPS request is being made to host 'b2c-catalog-gateway.c24.tech'. Adding certificate verification is strongly advised. See: https://urllib3.readthedocs.io/en/latest/advanced-usage.html#tls-warnings
[2024-12-07T18:09:23.729+0000] {extract.py:59} ERROR - Error processing city_id 265: 'appointmentId'
[2024-12-07T18:09:23.734+0000] {logging_mixin.py:190} WARNING - /usr/local/lib/python3.8/site-packages/urllib3/connectionpool.py:1099 InsecureRequestWarning: Unverified HTTPS request is being made to host 'b2c-catalog-gateway.c24.tech'. Adding certificate verification is strongly advised. See: https://urllib3.readthedocs.io/en/latest/advanced-usage.html#tls-warnings
[2024-12-07T18:09:23.738+0000] {extract.py:59} ERROR - Error processing city_id 260: 'appointmentId'
[2024-12-07T18:09:23.741+0000] {logging_mixin.py:190} WARNING - /usr/local/lib/python3.8/site-packages/urllib3/connectionpool.py:1099 InsecureRequestWarning: Unverified HTTPS request is being made to host 'b2c-catalog-gateway.c24.tech'. Adding certificate verification is strongly advised. See: https://urllib3.readthedocs.io/en/latest/advanced-usage.html#tls-warnings
[2024-12-07T18:09:23.748+0000] {extract.py:59} ERROR - Error processing city_id 252: 'appointmentId'
[2024-12-07T18:09:23.750+0000] {logging_mixin.py:190} WARNING - /usr/local/lib/python3.8/site-packages/urllib3/connectionpool.py:1099 InsecureRequestWarning: Unverified HTTPS request is being made to host 'b2c-catalog-gateway.c24.tech'. Adding certificate verification is strongly advised. See: https://urllib3.readthedocs.io/en/latest/advanced-usage.html#tls-warnings
[2024-12-07T18:09:23.752+0000] {extract.py:59} ERROR - Error processing city_id 271: 'appointmentId'
[2024-12-07T18:09:23.766+0000] {extract.py:59} ERROR - Error processing city_id 256: 'appointmentId'
[2024-12-07T18:09:23.759+0000] {logging_mixin.py:190} WARNING - /usr/local/lib/python3.8/site-packages/urllib3/connectionpool.py:1099 InsecureRequestWarning: Unverified HTTPS request is being made to host 'b2c-catalog-gateway.c24.tech'. Adding certificate verification is strongly advised. See: https://urllib3.readthedocs.io/en/latest/advanced-usage.html#tls-warnings
[2024-12-07T18:09:23.776+0000] {extract.py:59} ERROR - Error processing city_id 270: 'appointmentId'
[2024-12-07T18:09:23.778+0000] {logging_mixin.py:190} WARNING - /usr/local/lib/python3.8/site-packages/urllib3/connectionpool.py:1099 InsecureRequestWarning: Unverified HTTPS request is being made to host 'b2c-catalog-gateway.c24.tech'. Adding certificate verification is strongly advised. See: https://urllib3.readthedocs.io/en/latest/advanced-usage.html#tls-warnings
[2024-12-07T18:09:23.788+0000] {extract.py:59} ERROR - Error processing city_id 251: 'appointmentId'
[2024-12-07T18:09:23.790+0000] {logging_mixin.py:190} WARNING - /usr/local/lib/python3.8/site-packages/urllib3/connectionpool.py:1099 InsecureRequestWarning: Unverified HTTPS request is being made to host 'b2c-catalog-gateway.c24.tech'. Adding certificate verification is strongly advised. See: https://urllib3.readthedocs.io/en/latest/advanced-usage.html#tls-warnings
[2024-12-07T18:09:23.798+0000] {extract.py:59} ERROR - Error processing city_id 278: 'appointmentId'
[2024-12-07T18:09:23.800+0000] {logging_mixin.py:190} WARNING - /usr/local/lib/python3.8/site-packages/urllib3/connectionpool.py:1099 InsecureRequestWarning: Unverified HTTPS request is being made to host 'b2c-catalog-gateway.c24.tech'. Adding certificate verification is strongly advised. See: https://urllib3.readthedocs.io/en/latest/advanced-usage.html#tls-warnings
[2024-12-07T18:09:23.804+0000] {extract.py:59} ERROR - Error processing city_id 275: 'appointmentId'
[2024-12-07T18:09:23.807+0000] {logging_mixin.py:190} WARNING - /usr/local/lib/python3.8/site-packages/urllib3/connectionpool.py:1099 InsecureRequestWarning: Unverified HTTPS request is being made to host 'b2c-catalog-gateway.c24.tech'. Adding certificate verification is strongly advised. See: https://urllib3.readthedocs.io/en/latest/advanced-usage.html#tls-warnings
[2024-12-07T18:09:23.808+0000] {extract.py:59} ERROR - Error processing city_id 287: 'appointmentId'
[2024-12-07T18:09:23.813+0000] {logging_mixin.py:190} WARNING - /usr/local/lib/python3.8/site-packages/urllib3/connectionpool.py:1099 InsecureRequestWarning: Unverified HTTPS request is being made to host 'b2c-catalog-gateway.c24.tech'. Adding certificate verification is strongly advised. See: https://urllib3.readthedocs.io/en/latest/advanced-usage.html#tls-warnings
[2024-12-07T18:09:23.816+0000] {extract.py:59} ERROR - Error processing city_id 268: 'appointmentId'
[2024-12-07T18:09:23.820+0000] {logging_mixin.py:190} WARNING - /usr/local/lib/python3.8/site-packages/urllib3/connectionpool.py:1099 InsecureRequestWarning: Unverified HTTPS request is being made to host 'b2c-catalog-gateway.c24.tech'. Adding certificate verification is strongly advised. See: https://urllib3.readthedocs.io/en/latest/advanced-usage.html#tls-warnings
[2024-12-07T18:09:23.830+0000] {logging_mixin.py:190} WARNING - /usr/local/lib/python3.8/site-packages/urllib3/connectionpool.py:1099 InsecureRequestWarning: Unverified HTTPS request is being made to host 'b2c-catalog-gateway.c24.tech'. Adding certificate verification is strongly advised. See: https://urllib3.readthedocs.io/en/latest/advanced-usage.html#tls-warnings
[2024-12-07T18:09:23.822+0000] {extract.py:59} ERROR - Error processing city_id 285: 'appointmentId'
[2024-12-07T18:09:23.833+0000] {logging_mixin.py:190} WARNING - /usr/local/lib/python3.8/site-packages/urllib3/connectionpool.py:1099 InsecureRequestWarning: Unverified HTTPS request is being made to host 'b2c-catalog-gateway.c24.tech'. Adding certificate verification is strongly advised. See: https://urllib3.readthedocs.io/en/latest/advanced-usage.html#tls-warnings
[2024-12-07T18:09:23.834+0000] {extract.py:59} ERROR - Error processing city_id 284: 'appointmentId'
[2024-12-07T18:09:23.847+0000] {extract.py:59} ERROR - Error processing city_id 259: 'appointmentId'
[2024-12-07T18:09:23.860+0000] {logging_mixin.py:190} WARNING - /usr/local/lib/python3.8/site-packages/urllib3/connectionpool.py:1099 InsecureRequestWarning: Unverified HTTPS request is being made to host 'b2c-catalog-gateway.c24.tech'. Adding certificate verification is strongly advised. See: https://urllib3.readthedocs.io/en/latest/advanced-usage.html#tls-warnings
[2024-12-07T18:09:23.887+0000] {extract.py:59} ERROR - Error processing city_id 276: 'appointmentId'
[2024-12-07T18:09:23.923+0000] {extract.py:59} ERROR - Error processing city_id 255: 'appointmentId'
[2024-12-07T18:09:23.926+0000] {extract.py:59} ERROR - Error processing city_id 267: 'appointmentId'
[2024-12-07T18:09:23.930+0000] {extract.py:59} ERROR - Error processing city_id 279: 'appointmentId'
[2024-12-07T18:09:23.953+0000] {extract.py:59} ERROR - Error processing city_id 282: 'appointmentId'
[2024-12-07T18:09:23.968+0000] {extract.py:59} ERROR - Error processing city_id 286: 'appointmentId'
[2024-12-07T18:09:23.976+0000] {extract.py:59} ERROR - Error processing city_id 288: 'appointmentId'
[2024-12-07T18:09:23.990+0000] {extract.py:59} ERROR - Error processing city_id 258: 'appointmentId'
[2024-12-07T18:09:24.005+0000] {extract.py:59} ERROR - Error processing city_id 289: 'appointmentId'
[2024-12-07T18:09:24.028+0000] {extract.py:59} ERROR - Error processing city_id 292: 'appointmentId'
[2024-12-07T18:09:24.042+0000] {extract.py:59} ERROR - Error processing city_id 293: 'appointmentId'
[2024-12-07T18:09:24.047+0000] {extract.py:59} ERROR - Error processing city_id 294: 'appointmentId'
[2024-12-07T18:09:24.049+0000] {extract.py:59} ERROR - Error processing city_id 296: 'appointmentId'
[2024-12-07T18:09:24.050+0000] {extract.py:59} ERROR - Error processing city_id 291: 'appointmentId'
[2024-12-07T18:09:24.183+0000] {extract.py:59} ERROR - Error processing city_id 297: 'appointmentId'
[2024-12-07T18:09:24.191+0000] {extract.py:59} ERROR - Error processing city_id 300: 'appointmentId'
[2024-12-07T18:09:24.199+0000] {extract.py:59} ERROR - Error processing city_id 295: 'appointmentId'
[2024-12-07T18:09:24.212+0000] {extract.py:59} ERROR - Error processing city_id 299: 'appointmentId'
[2024-12-07T18:09:24.237+0000] {extract.py:59} ERROR - Error processing city_id 298: 'appointmentId'
[2024-12-07T18:09:24.361+0000] {extract.py:57} INFO - Fetched 101 appointment IDs for city_id 290
[2024-12-07T18:09:24.390+0000] {extract.py:198} INFO - Total appointment IDs fetched: 101
[2024-12-07T18:09:24.404+0000] {extract.py:201} INFO - Starting Stage 2: Fetching car details
[2024-12-07T18:09:24.426+0000] {extract.py:66} INFO - Currently Fetching: 13210836788
[2024-12-07T18:09:24.428+0000] {extract.py:66} INFO - Currently Fetching: 13987280767
[2024-12-07T18:09:24.429+0000] {extract.py:66} INFO - Currently Fetching: 13214586709
[2024-12-07T18:09:24.430+0000] {extract.py:66} INFO - Currently Fetching: 13218985762
[2024-12-07T18:09:24.430+0000] {extract.py:66} INFO - Currently Fetching: 13955185764
[2024-12-07T18:09:24.431+0000] {extract.py:66} INFO - Currently Fetching: 13209232780
[2024-12-07T18:09:24.432+0000] {extract.py:66} INFO - Currently Fetching: 13214482748
[2024-12-07T18:09:24.440+0000] {extract.py:66} INFO - Currently Fetching: 13933136758
[2024-12-07T18:09:24.454+0000] {extract.py:66} INFO - Currently Fetching: 13299033725
[2024-12-07T18:09:24.471+0000] {extract.py:66} INFO - Currently Fetching: 13297527716
[2024-12-07T18:09:24.477+0000] {extract.py:66} INFO - Currently Fetching: 13296538787
[2024-12-07T18:09:24.488+0000] {extract.py:66} INFO - Currently Fetching: 13296439742
[2024-12-07T18:09:24.489+0000] {extract.py:66} INFO - Currently Fetching: 13296322794
[2024-12-07T18:09:24.491+0000] {extract.py:66} INFO - Currently Fetching: 13296223776
[2024-12-07T18:09:24.492+0000] {extract.py:66} INFO - Currently Fetching: 13294728773
[2024-12-07T18:09:24.492+0000] {extract.py:66} INFO - Currently Fetching: 13293536762
[2024-12-07T18:09:24.493+0000] {extract.py:66} INFO - Currently Fetching: 13287731709
[2024-12-07T18:09:24.495+0000] {extract.py:66} INFO - Currently Fetching: 13285638765
[2024-12-07T18:09:24.507+0000] {extract.py:66} INFO - Currently Fetching: 13282939765
[2024-12-07T18:09:24.508+0000] {extract.py:66} INFO - Currently Fetching: 13281232741
[2024-12-07T18:09:24.535+0000] {extract.py:66} INFO - Currently Fetching: 13280221772
[2024-12-07T18:09:24.537+0000] {extract.py:66} INFO - Currently Fetching: 13279235704
[2024-12-07T18:09:24.538+0000] {extract.py:66} INFO - Currently Fetching: 13278832768
[2024-12-07T18:09:24.539+0000] {extract.py:66} INFO - Currently Fetching: 13278729713
[2024-12-07T18:09:24.540+0000] {extract.py:66} INFO - Currently Fetching: 13277834709
[2024-12-07T18:09:24.541+0000] {extract.py:66} INFO - Currently Fetching: 13276028777
[2024-12-07T18:09:24.542+0000] {extract.py:66} INFO - Currently Fetching: 13275333705
[2024-12-07T18:09:24.542+0000] {extract.py:66} INFO - Currently Fetching: 13274526797
[2024-12-07T18:09:24.543+0000] {extract.py:66} INFO - Currently Fetching: 13273923798
[2024-12-07T18:09:24.544+0000] {extract.py:66} INFO - Currently Fetching: 13271930745
[2024-12-07T18:09:24.545+0000] {extract.py:66} INFO - Currently Fetching: 13269838707
[2024-12-07T18:09:24.556+0000] {extract.py:66} INFO - Currently Fetching: 13269133747
[2024-12-07T18:09:24.560+0000] {extract.py:66} INFO - Currently Fetching: 13268339747
[2024-12-07T18:09:24.565+0000] {extract.py:66} INFO - Currently Fetching: 13268036721
[2024-12-07T18:09:24.566+0000] {extract.py:66} INFO - Currently Fetching: 13265838723
[2024-12-07T18:09:24.567+0000] {extract.py:66} INFO - Currently Fetching: 13265637744
[2024-12-07T18:09:24.569+0000] {extract.py:66} INFO - Currently Fetching: 13264429779
[2024-12-07T18:09:24.570+0000] {extract.py:66} INFO - Currently Fetching: 13263334748
[2024-12-07T18:09:24.571+0000] {extract.py:66} INFO - Currently Fetching: 13259139704
[2024-12-07T18:09:24.572+0000] {extract.py:66} INFO - Currently Fetching: 13258921794
[2024-12-07T18:09:24.587+0000] {extract.py:66} INFO - Currently Fetching: 13258731726
[2024-12-07T18:09:24.594+0000] {extract.py:66} INFO - Currently Fetching: 13256923715
[2024-12-07T18:09:24.602+0000] {extract.py:66} INFO - Currently Fetching: 13256835749
[2024-12-07T18:09:24.603+0000] {extract.py:66} INFO - Currently Fetching: 13256426798
[2024-12-07T18:09:24.604+0000] {extract.py:66} INFO - Currently Fetching: 13256035735
[2024-12-07T18:09:24.605+0000] {extract.py:66} INFO - Currently Fetching: 13255639707
[2024-12-07T18:09:24.607+0000] {extract.py:66} INFO - Currently Fetching: 13255025715
[2024-12-07T18:09:24.608+0000] {extract.py:66} INFO - Currently Fetching: 13252332702
[2024-12-07T18:09:24.609+0000] {extract.py:66} INFO - Currently Fetching: 13249332749
[2024-12-07T18:09:24.648+0000] {extract.py:66} INFO - Currently Fetching: 13245923791
[2024-12-07T18:09:24.652+0000] {extract.py:66} INFO - Currently Fetching: 13243022757
[2024-12-07T18:09:24.650+0000] {extract.py:66} INFO - Currently Fetching: 13243431721
[2024-12-07T18:09:24.666+0000] {extract.py:66} INFO - Currently Fetching: 13242629713
[2024-12-07T18:09:24.667+0000] {extract.py:66} INFO - Currently Fetching: 13242133766
[2024-12-07T18:09:24.667+0000] {extract.py:66} INFO - Currently Fetching: 13238234723
[2024-12-07T18:09:24.668+0000] {extract.py:66} INFO - Currently Fetching: 13237623715
[2024-12-07T18:09:24.669+0000] {extract.py:66} INFO - Currently Fetching: 13237424779
[2024-12-07T18:09:24.669+0000] {extract.py:66} INFO - Currently Fetching: 13236924796
[2024-12-07T18:09:24.670+0000] {extract.py:66} INFO - Currently Fetching: 13234724794
[2024-12-07T18:09:24.671+0000] {extract.py:66} INFO - Currently Fetching: 13234527711
[2024-12-07T18:09:24.671+0000] {extract.py:66} INFO - Currently Fetching: 13233130725
[2024-12-07T18:09:24.672+0000] {extract.py:66} INFO - Currently Fetching: 13232827793
[2024-12-07T18:09:24.673+0000] {extract.py:66} INFO - Currently Fetching: 13232623791
[2024-12-07T18:09:24.691+0000] {extract.py:66} INFO - Currently Fetching: 13231431737
[2024-12-07T18:09:24.699+0000] {extract.py:66} INFO - Currently Fetching: 13230730732
[2024-12-07T18:09:24.748+0000] {extract.py:66} INFO - Currently Fetching: 13227230761
[2024-12-07T18:09:24.749+0000] {extract.py:66} INFO - Currently Fetching: 13226037747
[2024-12-07T18:09:24.750+0000] {extract.py:66} INFO - Currently Fetching: 13221939745
[2024-12-07T18:09:24.759+0000] {extract.py:66} INFO - Currently Fetching: 13221524756
[2024-12-07T18:09:24.804+0000] {extract.py:66} INFO - Currently Fetching: 13220139708
[2024-12-07T18:09:24.810+0000] {extract.py:66} INFO - Currently Fetching: 13218334749
[2024-12-07T18:09:24.811+0000] {extract.py:66} INFO - Currently Fetching: 13218026759
[2024-12-07T18:09:24.812+0000] {extract.py:66} INFO - Currently Fetching: 13217938702
[2024-12-07T18:09:24.816+0000] {extract.py:66} INFO - Currently Fetching: 13215532703
[2024-12-07T18:09:24.822+0000] {extract.py:66} INFO - Currently Fetching: 13215330706
[2024-12-07T18:09:24.824+0000] {extract.py:66} INFO - Currently Fetching: 13213832764
[2024-12-07T18:09:24.826+0000] {extract.py:66} INFO - Currently Fetching: 13213432722
[2024-12-07T18:09:24.839+0000] {extract.py:66} INFO - Currently Fetching: 13212931769
[2024-12-07T18:09:25.160+0000] {extract.py:66} INFO - Currently Fetching: 13211733721
[2024-12-07T18:09:25.007+0000] {extract.py:66} INFO - Currently Fetching: 13212828791
[2024-12-07T18:09:25.224+0000] {extract.py:66} INFO - Currently Fetching: 13209233722
[2024-12-07T18:09:25.235+0000] {extract.py:66} INFO - Currently Fetching: 13206533737
[2024-12-07T18:09:25.241+0000] {extract.py:66} INFO - Currently Fetching: 13205937743
[2024-12-07T18:09:25.254+0000] {extract.py:66} INFO - Currently Fetching: 13205537745
[2024-12-07T18:09:25.361+0000] {extract.py:66} INFO - Currently Fetching: 13205425774
[2024-12-07T18:09:25.597+0000] {extract.py:66} INFO - Currently Fetching: 13202524756
[2024-12-07T18:09:25.600+0000] {extract.py:66} INFO - Currently Fetching: 13201933702
[2024-12-07T18:09:25.611+0000] {extract.py:66} INFO - Currently Fetching: 13201420712
[2024-12-07T18:09:25.648+0000] {extract.py:66} INFO - Currently Fetching: 10001531709
[2024-12-07T18:09:25.737+0000] {extract.py:66} INFO - Currently Fetching: 13270439736
[2024-12-07T18:09:25.787+0000] {extract.py:66} INFO - Currently Fetching: 13287985723
[2024-12-07T18:09:25.912+0000] {extract.py:66} INFO - Currently Fetching: 13901138791
[2024-12-07T18:09:25.919+0000] {extract.py:66} INFO - Currently Fetching: 13245331799
[2024-12-07T18:09:26.079+0000] {extract.py:66} INFO - Currently Fetching: 13284430742
[2024-12-07T18:09:26.091+0000] {extract.py:66} INFO - Currently Fetching: 13258626792
[2024-12-07T18:09:26.096+0000] {extract.py:66} INFO - Currently Fetching: 13250223776
[2024-12-07T18:09:26.296+0000] {extract.py:66} INFO - Currently Fetching: 13237131741
[2024-12-07T18:09:26.408+0000] {extract.py:66} INFO - Currently Fetching: 13232633740
[2024-12-07T18:09:26.417+0000] {extract.py:66} INFO - Currently Fetching: 13230024717
[2024-12-07T18:09:26.456+0000] {extract.py:66} INFO - Currently Fetching: 13220332741
[2024-12-07T18:11:56.017+0000] {extract.py:66} INFO - Currently Fetching: 13214132726
[2024-12-07T18:16:10.261+0000] {extract.py:210} INFO - Attempting to save Excel file
[2024-12-07T18:16:12.954+0000] {extract.py:212} INFO - Data saved to /app/output/cars24_raw_data.xlsx
[2024-12-07T18:16:12.956+0000] {python.py:240} INFO - Done. Returned value was: None
[2024-12-07T18:16:13.001+0000] {taskinstance.py:340} INFO - ::group::Post task execution logs
[2024-12-07T18:16:13.002+0000] {taskinstance.py:352} INFO - Marking task as SUCCESS. dag_id=cars24_etl_pipeline, task_id=extract_stage, run_id=manual__2024-12-07T18:08:25.330674+00:00, execution_date=20241207T180825, start_date=20241207T180913, end_date=20241207T181613
[2024-12-07T18:16:13.047+0000] {logging_mixin.py:190} INFO - Task instance in success state
[2024-12-07T18:16:13.048+0000] {logging_mixin.py:190} INFO -  Previous state of the Task instance: running
[2024-12-07T18:16:13.049+0000] {logging_mixin.py:190} INFO - Dag name:cars24_etl_pipeline queued_at:2024-12-07 18:08:26.939578+00:00
[2024-12-07T18:16:13.050+0000] {logging_mixin.py:190} INFO - Task hostname:bc0ae7fc4eec operator:PythonOperator
[2024-12-07T18:16:13.259+0000] {local_task_job_runner.py:266} INFO - Task exited with return code 0
[2024-12-07T18:16:13.734+0000] {taskinstance.py:3895} INFO - 1 downstream tasks scheduled from follow-on schedule check
[2024-12-07T18:16:13.743+0000] {local_task_job_runner.py:245} INFO - ::endgroup::
