[2024-12-05T10:19:17.610+0000] {local_task_job_runner.py:123} INFO - ::group::Pre task execution logs
[2024-12-05T10:19:17.700+0000] {taskinstance.py:2613} INFO - Dependencies all met for dep_context=non-requeueable deps ti=<TaskInstance: cars24_etl_pipeline.extract_stage_1 manual__2024-12-05T10:07:46.939188+00:00 [queued]>
[2024-12-05T10:19:17.759+0000] {taskinstance.py:2613} INFO - Dependencies all met for dep_context=requeueable deps ti=<TaskInstance: cars24_etl_pipeline.extract_stage_1 manual__2024-12-05T10:07:46.939188+00:00 [queued]>
[2024-12-05T10:19:17.762+0000] {taskinstance.py:2866} INFO - Starting attempt 3 of 4
[2024-12-05T10:19:17.906+0000] {taskinstance.py:2889} INFO - Executing <Task(PythonOperator): extract_stage_1> on 2024-12-05 10:07:46.939188+00:00
[2024-12-05T10:19:17.942+0000] {standard_task_runner.py:72} INFO - Started process 759 to run task
[2024-12-05T10:19:18.007+0000] {standard_task_runner.py:104} INFO - Running: ['airflow', 'tasks', 'run', 'cars24_etl_pipeline', 'extract_stage_1', 'manual__2024-12-05T10:07:46.939188+00:00', '--job-id', '4', '--raw', '--subdir', 'DAGS_FOLDER/cars24_api_etl_pipeline.py', '--cfg-path', '/tmp/tmpivanmq24']
[2024-12-05T10:19:18.013+0000] {standard_task_runner.py:105} INFO - Job 4: Subtask extract_stage_1
[2024-12-05T10:19:18.614+0000] {task_command.py:467} INFO - Running <TaskInstance: cars24_etl_pipeline.extract_stage_1 manual__2024-12-05T10:07:46.939188+00:00 [running]> on host a3066f1bc085
[2024-12-05T10:19:19.499+0000] {taskinstance.py:3132} INFO - Exporting env vars: AIRFLOW_CTX_DAG_OWNER='airflow' AIRFLOW_CTX_DAG_ID='cars24_etl_pipeline' AIRFLOW_CTX_TASK_ID='extract_stage_1' AIRFLOW_CTX_EXECUTION_DATE='2024-12-05T10:07:46.939188+00:00' AIRFLOW_CTX_TRY_NUMBER='3' AIRFLOW_CTX_DAG_RUN_ID='manual__2024-12-05T10:07:46.939188+00:00'
[2024-12-05T10:19:19.515+0000] {logging_mixin.py:190} INFO - Task instance is in running state
[2024-12-05T10:19:19.516+0000] {logging_mixin.py:190} INFO -  Previous state of the Task instance: queued
[2024-12-05T10:19:19.517+0000] {logging_mixin.py:190} INFO - Current task name:extract_stage_1 state:running start_date:2024-12-05 10:19:17.710820+00:00
[2024-12-05T10:19:19.527+0000] {logging_mixin.py:190} INFO - Dag name:cars24_etl_pipeline and current dag run status:running
[2024-12-05T10:19:19.529+0000] {taskinstance.py:731} INFO - ::endgroup::
[2024-12-05T10:19:19.537+0000] {cars24_api_etl_pipeline.py:29} INFO - Starting Extract Stage 1 with city IDs: range(150, 200)
[2024-12-05T10:19:19.783+0000] {cars24_api_extract1.py:92} INFO - Appointment ID extraction started
[2024-12-05T10:19:19.869+0000] {logging_mixin.py:190} INFO - 150
[2024-12-05T10:19:19.850+0000] {logging_mixin.py:190} INFO - 151
[2024-12-05T10:19:19.878+0000] {logging_mixin.py:190} INFO - 152
[2024-12-05T10:19:19.961+0000] {logging_mixin.py:190} INFO - 153
[2024-12-05T10:19:19.990+0000] {logging_mixin.py:190} INFO - 154
[2024-12-05T10:19:20.024+0000] {logging_mixin.py:190} INFO - 155
[2024-12-05T10:19:20.026+0000] {logging_mixin.py:190} INFO - 156
[2024-12-05T10:19:20.027+0000] {logging_mixin.py:190} INFO - 157
[2024-12-05T10:19:20.037+0000] {logging_mixin.py:190} INFO - 158
[2024-12-05T10:19:20.038+0000] {logging_mixin.py:190} INFO - 159
[2024-12-05T10:19:20.133+0000] {logging_mixin.py:190} INFO - 160
[2024-12-05T10:19:20.166+0000] {logging_mixin.py:190} INFO - 161
[2024-12-05T10:19:20.172+0000] {logging_mixin.py:190} INFO - 162
[2024-12-05T10:19:20.179+0000] {logging_mixin.py:190} INFO - 163
[2024-12-05T10:19:20.219+0000] {logging_mixin.py:190} INFO - 164
[2024-12-05T10:19:20.242+0000] {logging_mixin.py:190} INFO - 165
[2024-12-05T10:19:20.297+0000] {logging_mixin.py:190} INFO - 166
[2024-12-05T10:19:20.353+0000] {logging_mixin.py:190} INFO - 167
[2024-12-05T10:19:20.471+0000] {logging_mixin.py:190} INFO - 168
[2024-12-05T10:19:20.534+0000] {logging_mixin.py:190} INFO - 169
[2024-12-05T10:19:20.563+0000] {logging_mixin.py:190} INFO - 170
[2024-12-05T10:19:20.832+0000] {logging_mixin.py:190} INFO - 171
[2024-12-05T10:19:20.833+0000] {logging_mixin.py:190} INFO - 172
[2024-12-05T10:19:20.861+0000] {logging_mixin.py:190} INFO - 173
[2024-12-05T10:19:21.514+0000] {logging_mixin.py:190} INFO - 194
[2024-12-05T10:19:20.908+0000] {logging_mixin.py:190} INFO - 175
[2024-12-05T10:19:20.951+0000] {logging_mixin.py:190} INFO - 176
[2024-12-05T10:19:20.973+0000] {logging_mixin.py:190} INFO - 177
[2024-12-05T10:19:21.030+0000] {logging_mixin.py:190} INFO - 178
[2024-12-05T10:19:21.103+0000] {logging_mixin.py:190} INFO - 179
[2024-12-05T10:19:21.131+0000] {logging_mixin.py:190} INFO - 181
[2024-12-05T10:19:21.074+0000] {logging_mixin.py:190} INFO - 180
[2024-12-05T10:19:21.135+0000] {logging_mixin.py:190} INFO - 182
[2024-12-05T10:19:21.185+0000] {logging_mixin.py:190} INFO - 183
[2024-12-05T10:19:21.201+0000] {logging_mixin.py:190} INFO - 184
[2024-12-05T10:19:21.254+0000] {logging_mixin.py:190} INFO - 185
[2024-12-05T10:19:21.266+0000] {logging_mixin.py:190} INFO - 186
[2024-12-05T10:19:21.274+0000] {logging_mixin.py:190} INFO - 187
[2024-12-05T10:19:21.301+0000] {logging_mixin.py:190} INFO - 188
[2024-12-05T10:19:21.318+0000] {logging_mixin.py:190} INFO - 189
[2024-12-05T10:19:21.374+0000] {logging_mixin.py:190} INFO - 190
[2024-12-05T10:19:21.391+0000] {logging_mixin.py:190} INFO - 191
[2024-12-05T10:19:21.490+0000] {logging_mixin.py:190} INFO - 192
[2024-12-05T10:19:21.491+0000] {logging_mixin.py:190} INFO - 193
[2024-12-05T10:19:20.902+0000] {logging_mixin.py:190} INFO - 174
[2024-12-05T10:19:21.550+0000] {logging_mixin.py:190} INFO - 195
[2024-12-05T10:19:21.555+0000] {logging_mixin.py:190} INFO - 196
[2024-12-05T10:19:21.602+0000] {logging_mixin.py:190} INFO - 197
[2024-12-05T10:19:21.623+0000] {logging_mixin.py:190} INFO - 198
[2024-12-05T10:19:21.652+0000] {logging_mixin.py:190} INFO - 199
[2024-12-05T10:19:24.525+0000] {logging_mixin.py:190} WARNING - /usr/local/lib/python3.8/site-packages/urllib3/connectionpool.py:1099 InsecureRequestWarning: Unverified HTTPS request is being made to host 'b2c-catalog-gateway.c24.tech'. Adding certificate verification is strongly advised. See: https://urllib3.readthedocs.io/en/latest/advanced-usage.html#tls-warnings
[2024-12-05T10:19:24.527+0000] {logging_mixin.py:190} WARNING - /usr/local/lib/python3.8/site-packages/urllib3/connectionpool.py:1099 InsecureRequestWarning: Unverified HTTPS request is being made to host 'b2c-catalog-gateway.c24.tech'. Adding certificate verification is strongly advised. See: https://urllib3.readthedocs.io/en/latest/advanced-usage.html#tls-warnings
[2024-12-05T10:19:24.559+0000] {logging_mixin.py:190} WARNING - /usr/local/lib/python3.8/site-packages/urllib3/connectionpool.py:1099 InsecureRequestWarning: Unverified HTTPS request is being made to host 'b2c-catalog-gateway.c24.tech'. Adding certificate verification is strongly advised. See: https://urllib3.readthedocs.io/en/latest/advanced-usage.html#tls-warnings
[2024-12-05T10:19:24.740+0000] {logging_mixin.py:190} WARNING - /usr/local/lib/python3.8/site-packages/urllib3/connectionpool.py:1099 InsecureRequestWarning: Unverified HTTPS request is being made to host 'b2c-catalog-gateway.c24.tech'. Adding certificate verification is strongly advised. See: https://urllib3.readthedocs.io/en/latest/advanced-usage.html#tls-warnings
[2024-12-05T10:19:25.796+0000] {logging_mixin.py:190} WARNING - /usr/local/lib/python3.8/site-packages/urllib3/connectionpool.py:1099 InsecureRequestWarning: Unverified HTTPS request is being made to host 'b2c-catalog-gateway.c24.tech'. Adding certificate verification is strongly advised. See: https://urllib3.readthedocs.io/en/latest/advanced-usage.html#tls-warnings
[2024-12-05T10:19:25.644+0000] {logging_mixin.py:190} WARNING - /usr/local/lib/python3.8/site-packages/urllib3/connectionpool.py:1099 InsecureRequestWarning: Unverified HTTPS request is being made to host 'b2c-catalog-gateway.c24.tech'. Adding certificate verification is strongly advised. See: https://urllib3.readthedocs.io/en/latest/advanced-usage.html#tls-warnings
[2024-12-05T10:19:25.712+0000] {logging_mixin.py:190} WARNING - /usr/local/lib/python3.8/site-packages/urllib3/connectionpool.py:1099 InsecureRequestWarning: Unverified HTTPS request is being made to host 'b2c-catalog-gateway.c24.tech'. Adding certificate verification is strongly advised. See: https://urllib3.readthedocs.io/en/latest/advanced-usage.html#tls-warnings
[2024-12-05T10:19:25.595+0000] {logging_mixin.py:190} WARNING - /usr/local/lib/python3.8/site-packages/urllib3/connectionpool.py:1099 InsecureRequestWarning: Unverified HTTPS request is being made to host 'b2c-catalog-gateway.c24.tech'. Adding certificate verification is strongly advised. See: https://urllib3.readthedocs.io/en/latest/advanced-usage.html#tls-warnings
[2024-12-05T10:19:25.815+0000] {logging_mixin.py:190} WARNING - /usr/local/lib/python3.8/site-packages/urllib3/connectionpool.py:1099 InsecureRequestWarning: Unverified HTTPS request is being made to host 'b2c-catalog-gateway.c24.tech'. Adding certificate verification is strongly advised. See: https://urllib3.readthedocs.io/en/latest/advanced-usage.html#tls-warnings
[2024-12-05T10:19:25.858+0000] {logging_mixin.py:190} WARNING - /usr/local/lib/python3.8/site-packages/urllib3/connectionpool.py:1099 InsecureRequestWarning: Unverified HTTPS request is being made to host 'b2c-catalog-gateway.c24.tech'. Adding certificate verification is strongly advised. See: https://urllib3.readthedocs.io/en/latest/advanced-usage.html#tls-warnings
[2024-12-05T10:19:26.618+0000] {logging_mixin.py:190} WARNING - /usr/local/lib/python3.8/site-packages/urllib3/connectionpool.py:1099 InsecureRequestWarning: Unverified HTTPS request is being made to host 'b2c-catalog-gateway.c24.tech'. Adding certificate verification is strongly advised. See: https://urllib3.readthedocs.io/en/latest/advanced-usage.html#tls-warnings
[2024-12-05T10:19:26.926+0000] {logging_mixin.py:190} WARNING - /usr/local/lib/python3.8/site-packages/urllib3/connectionpool.py:1099 InsecureRequestWarning: Unverified HTTPS request is being made to host 'b2c-catalog-gateway.c24.tech'. Adding certificate verification is strongly advised. See: https://urllib3.readthedocs.io/en/latest/advanced-usage.html#tls-warnings
[2024-12-05T10:19:27.012+0000] {logging_mixin.py:190} WARNING - /usr/local/lib/python3.8/site-packages/urllib3/connectionpool.py:1099 InsecureRequestWarning: Unverified HTTPS request is being made to host 'b2c-catalog-gateway.c24.tech'. Adding certificate verification is strongly advised. See: https://urllib3.readthedocs.io/en/latest/advanced-usage.html#tls-warnings
[2024-12-05T10:19:27.048+0000] {logging_mixin.py:190} WARNING - /usr/local/lib/python3.8/site-packages/urllib3/connectionpool.py:1099 InsecureRequestWarning: Unverified HTTPS request is being made to host 'b2c-catalog-gateway.c24.tech'. Adding certificate verification is strongly advised. See: https://urllib3.readthedocs.io/en/latest/advanced-usage.html#tls-warnings
[2024-12-05T10:19:27.102+0000] {logging_mixin.py:190} WARNING - /usr/local/lib/python3.8/site-packages/urllib3/connectionpool.py:1099 InsecureRequestWarning: Unverified HTTPS request is being made to host 'b2c-catalog-gateway.c24.tech'. Adding certificate verification is strongly advised. See: https://urllib3.readthedocs.io/en/latest/advanced-usage.html#tls-warnings
[2024-12-05T10:19:27.121+0000] {logging_mixin.py:190} WARNING - /usr/local/lib/python3.8/site-packages/urllib3/connectionpool.py:1099 InsecureRequestWarning: Unverified HTTPS request is being made to host 'b2c-catalog-gateway.c24.tech'. Adding certificate verification is strongly advised. See: https://urllib3.readthedocs.io/en/latest/advanced-usage.html#tls-warnings
[2024-12-05T10:19:27.130+0000] {logging_mixin.py:190} WARNING - /usr/local/lib/python3.8/site-packages/urllib3/connectionpool.py:1099 InsecureRequestWarning: Unverified HTTPS request is being made to host 'b2c-catalog-gateway.c24.tech'. Adding certificate verification is strongly advised. See: https://urllib3.readthedocs.io/en/latest/advanced-usage.html#tls-warnings
[2024-12-05T10:19:27.145+0000] {logging_mixin.py:190} WARNING - /usr/local/lib/python3.8/site-packages/urllib3/connectionpool.py:1099 InsecureRequestWarning: Unverified HTTPS request is being made to host 'b2c-catalog-gateway.c24.tech'. Adding certificate verification is strongly advised. See: https://urllib3.readthedocs.io/en/latest/advanced-usage.html#tls-warnings
[2024-12-05T10:19:27.154+0000] {logging_mixin.py:190} WARNING - /usr/local/lib/python3.8/site-packages/urllib3/connectionpool.py:1099 InsecureRequestWarning: Unverified HTTPS request is being made to host 'b2c-catalog-gateway.c24.tech'. Adding certificate verification is strongly advised. See: https://urllib3.readthedocs.io/en/latest/advanced-usage.html#tls-warnings
[2024-12-05T10:19:27.206+0000] {logging_mixin.py:190} WARNING - /usr/local/lib/python3.8/site-packages/urllib3/connectionpool.py:1099 InsecureRequestWarning: Unverified HTTPS request is being made to host 'b2c-catalog-gateway.c24.tech'. Adding certificate verification is strongly advised. See: https://urllib3.readthedocs.io/en/latest/advanced-usage.html#tls-warnings
[2024-12-05T10:19:27.372+0000] {logging_mixin.py:190} WARNING - /usr/local/lib/python3.8/site-packages/urllib3/connectionpool.py:1099 InsecureRequestWarning: Unverified HTTPS request is being made to host 'b2c-catalog-gateway.c24.tech'. Adding certificate verification is strongly advised. See: https://urllib3.readthedocs.io/en/latest/advanced-usage.html#tls-warnings
[2024-12-05T10:19:27.704+0000] {logging_mixin.py:190} WARNING - /usr/local/lib/python3.8/site-packages/urllib3/connectionpool.py:1099 InsecureRequestWarning: Unverified HTTPS request is being made to host 'b2c-catalog-gateway.c24.tech'. Adding certificate verification is strongly advised. See: https://urllib3.readthedocs.io/en/latest/advanced-usage.html#tls-warnings
[2024-12-05T10:19:27.871+0000] {logging_mixin.py:190} WARNING - /usr/local/lib/python3.8/site-packages/urllib3/connectionpool.py:1099 InsecureRequestWarning: Unverified HTTPS request is being made to host 'b2c-catalog-gateway.c24.tech'. Adding certificate verification is strongly advised. See: https://urllib3.readthedocs.io/en/latest/advanced-usage.html#tls-warnings
[2024-12-05T10:19:27.841+0000] {logging_mixin.py:190} WARNING - /usr/local/lib/python3.8/site-packages/urllib3/connectionpool.py:1099 InsecureRequestWarning: Unverified HTTPS request is being made to host 'b2c-catalog-gateway.c24.tech'. Adding certificate verification is strongly advised. See: https://urllib3.readthedocs.io/en/latest/advanced-usage.html#tls-warnings
[2024-12-05T10:19:27.775+0000] {logging_mixin.py:190} WARNING - /usr/local/lib/python3.8/site-packages/urllib3/connectionpool.py:1099 InsecureRequestWarning: Unverified HTTPS request is being made to host 'b2c-catalog-gateway.c24.tech'. Adding certificate verification is strongly advised. See: https://urllib3.readthedocs.io/en/latest/advanced-usage.html#tls-warnings
[2024-12-05T10:19:27.992+0000] {logging_mixin.py:190} WARNING - /usr/local/lib/python3.8/site-packages/urllib3/connectionpool.py:1099 InsecureRequestWarning: Unverified HTTPS request is being made to host 'b2c-catalog-gateway.c24.tech'. Adding certificate verification is strongly advised. See: https://urllib3.readthedocs.io/en/latest/advanced-usage.html#tls-warnings
[2024-12-05T10:19:27.940+0000] {logging_mixin.py:190} WARNING - /usr/local/lib/python3.8/site-packages/urllib3/connectionpool.py:1099 InsecureRequestWarning: Unverified HTTPS request is being made to host 'b2c-catalog-gateway.c24.tech'. Adding certificate verification is strongly advised. See: https://urllib3.readthedocs.io/en/latest/advanced-usage.html#tls-warnings
[2024-12-05T10:19:28.074+0000] {logging_mixin.py:190} WARNING - /usr/local/lib/python3.8/site-packages/urllib3/connectionpool.py:1099 InsecureRequestWarning: Unverified HTTPS request is being made to host 'b2c-catalog-gateway.c24.tech'. Adding certificate verification is strongly advised. See: https://urllib3.readthedocs.io/en/latest/advanced-usage.html#tls-warnings
[2024-12-05T10:19:28.128+0000] {logging_mixin.py:190} WARNING - /usr/local/lib/python3.8/site-packages/urllib3/connectionpool.py:1099 InsecureRequestWarning: Unverified HTTPS request is being made to host 'b2c-catalog-gateway.c24.tech'. Adding certificate verification is strongly advised. See: https://urllib3.readthedocs.io/en/latest/advanced-usage.html#tls-warnings
[2024-12-05T10:19:28.180+0000] {logging_mixin.py:190} WARNING - /usr/local/lib/python3.8/site-packages/urllib3/connectionpool.py:1099 InsecureRequestWarning: Unverified HTTPS request is being made to host 'b2c-catalog-gateway.c24.tech'. Adding certificate verification is strongly advised. See: https://urllib3.readthedocs.io/en/latest/advanced-usage.html#tls-warnings
[2024-12-05T10:19:28.242+0000] {logging_mixin.py:190} WARNING - /usr/local/lib/python3.8/site-packages/urllib3/connectionpool.py:1099 InsecureRequestWarning: Unverified HTTPS request is being made to host 'b2c-catalog-gateway.c24.tech'. Adding certificate verification is strongly advised. See: https://urllib3.readthedocs.io/en/latest/advanced-usage.html#tls-warnings
[2024-12-05T10:19:28.282+0000] {logging_mixin.py:190} WARNING - /usr/local/lib/python3.8/site-packages/urllib3/connectionpool.py:1099 InsecureRequestWarning: Unverified HTTPS request is being made to host 'b2c-catalog-gateway.c24.tech'. Adding certificate verification is strongly advised. See: https://urllib3.readthedocs.io/en/latest/advanced-usage.html#tls-warnings
[2024-12-05T10:19:28.375+0000] {logging_mixin.py:190} WARNING - /usr/local/lib/python3.8/site-packages/urllib3/connectionpool.py:1099 InsecureRequestWarning: Unverified HTTPS request is being made to host 'b2c-catalog-gateway.c24.tech'. Adding certificate verification is strongly advised. See: https://urllib3.readthedocs.io/en/latest/advanced-usage.html#tls-warnings
[2024-12-05T10:19:28.455+0000] {logging_mixin.py:190} WARNING - /usr/local/lib/python3.8/site-packages/urllib3/connectionpool.py:1099 InsecureRequestWarning: Unverified HTTPS request is being made to host 'b2c-catalog-gateway.c24.tech'. Adding certificate verification is strongly advised. See: https://urllib3.readthedocs.io/en/latest/advanced-usage.html#tls-warnings
[2024-12-05T10:19:28.480+0000] {logging_mixin.py:190} WARNING - /usr/local/lib/python3.8/site-packages/urllib3/connectionpool.py:1099 InsecureRequestWarning: Unverified HTTPS request is being made to host 'b2c-catalog-gateway.c24.tech'. Adding certificate verification is strongly advised. See: https://urllib3.readthedocs.io/en/latest/advanced-usage.html#tls-warnings
[2024-12-05T10:19:28.524+0000] {logging_mixin.py:190} WARNING - /usr/local/lib/python3.8/site-packages/urllib3/connectionpool.py:1099 InsecureRequestWarning: Unverified HTTPS request is being made to host 'b2c-catalog-gateway.c24.tech'. Adding certificate verification is strongly advised. See: https://urllib3.readthedocs.io/en/latest/advanced-usage.html#tls-warnings
[2024-12-05T10:19:28.572+0000] {logging_mixin.py:190} WARNING - /usr/local/lib/python3.8/site-packages/urllib3/connectionpool.py:1099 InsecureRequestWarning: Unverified HTTPS request is being made to host 'b2c-catalog-gateway.c24.tech'. Adding certificate verification is strongly advised. See: https://urllib3.readthedocs.io/en/latest/advanced-usage.html#tls-warnings
[2024-12-05T10:19:28.604+0000] {logging_mixin.py:190} WARNING - /usr/local/lib/python3.8/site-packages/urllib3/connectionpool.py:1099 InsecureRequestWarning: Unverified HTTPS request is being made to host 'b2c-catalog-gateway.c24.tech'. Adding certificate verification is strongly advised. See: https://urllib3.readthedocs.io/en/latest/advanced-usage.html#tls-warnings
[2024-12-05T10:19:28.656+0000] {logging_mixin.py:190} WARNING - /usr/local/lib/python3.8/site-packages/urllib3/connectionpool.py:1099 InsecureRequestWarning: Unverified HTTPS request is being made to host 'b2c-catalog-gateway.c24.tech'. Adding certificate verification is strongly advised. See: https://urllib3.readthedocs.io/en/latest/advanced-usage.html#tls-warnings
[2024-12-05T10:19:28.749+0000] {logging_mixin.py:190} WARNING - /usr/local/lib/python3.8/site-packages/urllib3/connectionpool.py:1099 InsecureRequestWarning: Unverified HTTPS request is being made to host 'b2c-catalog-gateway.c24.tech'. Adding certificate verification is strongly advised. See: https://urllib3.readthedocs.io/en/latest/advanced-usage.html#tls-warnings
[2024-12-05T10:19:28.838+0000] {logging_mixin.py:190} WARNING - /usr/local/lib/python3.8/site-packages/urllib3/connectionpool.py:1099 InsecureRequestWarning: Unverified HTTPS request is being made to host 'b2c-catalog-gateway.c24.tech'. Adding certificate verification is strongly advised. See: https://urllib3.readthedocs.io/en/latest/advanced-usage.html#tls-warnings
[2024-12-05T10:19:28.878+0000] {logging_mixin.py:190} WARNING - /usr/local/lib/python3.8/site-packages/urllib3/connectionpool.py:1099 InsecureRequestWarning: Unverified HTTPS request is being made to host 'b2c-catalog-gateway.c24.tech'. Adding certificate verification is strongly advised. See: https://urllib3.readthedocs.io/en/latest/advanced-usage.html#tls-warnings
[2024-12-05T10:19:28.908+0000] {logging_mixin.py:190} WARNING - /usr/local/lib/python3.8/site-packages/urllib3/connectionpool.py:1099 InsecureRequestWarning: Unverified HTTPS request is being made to host 'b2c-catalog-gateway.c24.tech'. Adding certificate verification is strongly advised. See: https://urllib3.readthedocs.io/en/latest/advanced-usage.html#tls-warnings
[2024-12-05T10:19:28.932+0000] {logging_mixin.py:190} WARNING - /usr/local/lib/python3.8/site-packages/urllib3/connectionpool.py:1099 InsecureRequestWarning: Unverified HTTPS request is being made to host 'b2c-catalog-gateway.c24.tech'. Adding certificate verification is strongly advised. See: https://urllib3.readthedocs.io/en/latest/advanced-usage.html#tls-warnings
[2024-12-05T10:19:28.976+0000] {logging_mixin.py:190} WARNING - /usr/local/lib/python3.8/site-packages/urllib3/connectionpool.py:1099 InsecureRequestWarning: Unverified HTTPS request is being made to host 'b2c-catalog-gateway.c24.tech'. Adding certificate verification is strongly advised. See: https://urllib3.readthedocs.io/en/latest/advanced-usage.html#tls-warnings
[2024-12-05T10:19:28.999+0000] {logging_mixin.py:190} WARNING - /usr/local/lib/python3.8/site-packages/urllib3/connectionpool.py:1099 InsecureRequestWarning: Unverified HTTPS request is being made to host 'b2c-catalog-gateway.c24.tech'. Adding certificate verification is strongly advised. See: https://urllib3.readthedocs.io/en/latest/advanced-usage.html#tls-warnings
[2024-12-05T10:19:29.028+0000] {logging_mixin.py:190} WARNING - /usr/local/lib/python3.8/site-packages/urllib3/connectionpool.py:1099 InsecureRequestWarning: Unverified HTTPS request is being made to host 'b2c-catalog-gateway.c24.tech'. Adding certificate verification is strongly advised. See: https://urllib3.readthedocs.io/en/latest/advanced-usage.html#tls-warnings
[2024-12-05T10:19:29.060+0000] {logging_mixin.py:190} WARNING - /usr/local/lib/python3.8/site-packages/urllib3/connectionpool.py:1099 InsecureRequestWarning: Unverified HTTPS request is being made to host 'b2c-catalog-gateway.c24.tech'. Adding certificate verification is strongly advised. See: https://urllib3.readthedocs.io/en/latest/advanced-usage.html#tls-warnings
[2024-12-05T10:19:29.113+0000] {logging_mixin.py:190} WARNING - /usr/local/lib/python3.8/site-packages/urllib3/connectionpool.py:1099 InsecureRequestWarning: Unverified HTTPS request is being made to host 'b2c-catalog-gateway.c24.tech'. Adding certificate verification is strongly advised. See: https://urllib3.readthedocs.io/en/latest/advanced-usage.html#tls-warnings
[2024-12-05T10:19:29.143+0000] {logging_mixin.py:190} WARNING - /usr/local/lib/python3.8/site-packages/urllib3/connectionpool.py:1099 InsecureRequestWarning: Unverified HTTPS request is being made to host 'b2c-catalog-gateway.c24.tech'. Adding certificate verification is strongly advised. See: https://urllib3.readthedocs.io/en/latest/advanced-usage.html#tls-warnings
[2024-12-05T10:19:29.394+0000] {cars24_api_extract1.py:102} INFO - Appointment ID extraction finished
[2024-12-05T10:19:31.012+0000] {taskinstance.py:3311} ERROR - Task failed with exception
Traceback (most recent call last):
  File "/usr/local/lib/python3.8/site-packages/airflow/models/taskinstance.py", line 767, in _execute_task
    result = _execute_callable(context=context, **execute_callable_kwargs)
  File "/usr/local/lib/python3.8/site-packages/airflow/models/taskinstance.py", line 733, in _execute_callable
    return ExecutionCallableRunner(
  File "/usr/local/lib/python3.8/site-packages/airflow/utils/operator_helpers.py", line 252, in run
    return self.func(*args, **kwargs)
  File "/usr/local/lib/python3.8/site-packages/airflow/models/baseoperator.py", line 417, in wrapper
    return func(self, *args, **kwargs)
  File "/usr/local/lib/python3.8/site-packages/airflow/operators/python.py", line 238, in execute
    return_value = self.execute_callable()
  File "/usr/local/lib/python3.8/site-packages/airflow/operators/python.py", line 256, in execute_callable
    return runner.run(*self.op_args, **self.op_kwargs)
  File "/usr/local/lib/python3.8/site-packages/airflow/utils/operator_helpers.py", line 252, in run
    return self.func(*args, **kwargs)
  File "/app/airflow/dags/cars24_api_etl_pipeline.py", line 30, in run_extract_stage_1_task
    return run_extract_stage_1(city_ids)
  File "/app/scripts/cars24_api_extract1.py", line 106, in run_extract_stage_1
    final_df.to_excel(output_file_path, index=False)
  File "/usr/local/lib/python3.8/site-packages/pandas/core/generic.py", line 2252, in to_excel
    formatter.write(
  File "/usr/local/lib/python3.8/site-packages/pandas/io/formats/excel.py", line 934, in write
    writer = ExcelWriter(  # type: ignore[abstract]
  File "/usr/local/lib/python3.8/site-packages/pandas/io/excel/_openpyxl.py", line 60, in __init__
    super().__init__(
  File "/usr/local/lib/python3.8/site-packages/pandas/io/excel/_base.py", line 1219, in __init__
    self._handles = get_handle(
  File "/usr/local/lib/python3.8/site-packages/pandas/io/common.py", line 737, in get_handle
    check_parent_directory(str(handle))
  File "/usr/local/lib/python3.8/site-packages/pandas/io/common.py", line 600, in check_parent_directory
    raise OSError(rf"Cannot save file into a non-existent directory: '{parent}'")
OSError: Cannot save file into a non-existent directory: '/opt/airflow/output'
[2024-12-05T10:19:31.231+0000] {logging_mixin.py:190} INFO - Task instance in failure state
[2024-12-05T10:19:31.233+0000] {logging_mixin.py:190} INFO - Task start:2024-12-05 10:19:17.710820+00:00 end:2024-12-05 10:19:31.227950+00:00 duration:13.51713
[2024-12-05T10:19:31.234+0000] {logging_mixin.py:190} INFO - Task:<Task(PythonOperator): extract_stage_1> dag:<DAG: cars24_etl_pipeline> dagrun:<DagRun cars24_etl_pipeline @ 2024-12-05 10:07:46.939188+00:00: manual__2024-12-05T10:07:46.939188+00:00, state:running, queued_at: 2024-12-05 10:07:47.117296+00:00. externally triggered: True>
[2024-12-05T10:19:31.235+0000] {logging_mixin.py:190} INFO - Failure caused by Cannot save file into a non-existent directory: '/opt/airflow/output'
[2024-12-05T10:19:31.239+0000] {taskinstance.py:1225} INFO - Marking task as UP_FOR_RETRY. dag_id=cars24_etl_pipeline, task_id=extract_stage_1, run_id=manual__2024-12-05T10:07:46.939188+00:00, execution_date=20241205T100746, start_date=20241205T101917, end_date=20241205T101931
[2024-12-05T10:19:31.348+0000] {taskinstance.py:340} INFO - ::group::Post task execution logs
[2024-12-05T10:19:31.351+0000] {standard_task_runner.py:124} ERROR - Failed to execute job 4 for task extract_stage_1 (Cannot save file into a non-existent directory: '/opt/airflow/output'; 759)
Traceback (most recent call last):
  File "/usr/local/lib/python3.8/site-packages/airflow/task/task_runner/standard_task_runner.py", line 117, in _start_by_fork
    ret = args.func(args, dag=self.dag)
  File "/usr/local/lib/python3.8/site-packages/airflow/cli/cli_config.py", line 49, in command
    return func(*args, **kwargs)
  File "/usr/local/lib/python3.8/site-packages/airflow/utils/cli.py", line 116, in wrapper
    return f(*args, **kwargs)
  File "/usr/local/lib/python3.8/site-packages/airflow/cli/commands/task_command.py", line 483, in task_run
    task_return_code = _run_task_by_selected_method(args, _dag, ti)
  File "/usr/local/lib/python3.8/site-packages/airflow/cli/commands/task_command.py", line 256, in _run_task_by_selected_method
    return _run_raw_task(args, ti)
  File "/usr/local/lib/python3.8/site-packages/airflow/cli/commands/task_command.py", line 341, in _run_raw_task
    return ti._run_raw_task(
  File "/usr/local/lib/python3.8/site-packages/airflow/utils/session.py", line 97, in wrapper
    return func(*args, session=session, **kwargs)
  File "/usr/local/lib/python3.8/site-packages/airflow/models/taskinstance.py", line 3005, in _run_raw_task
    return _run_raw_task(
  File "/usr/local/lib/python3.8/site-packages/airflow/models/taskinstance.py", line 273, in _run_raw_task
    TaskInstance._execute_task_with_callbacks(
  File "/usr/local/lib/python3.8/site-packages/airflow/models/taskinstance.py", line 3159, in _execute_task_with_callbacks
    result = self._execute_task(context, task_orig)
  File "/usr/local/lib/python3.8/site-packages/airflow/models/taskinstance.py", line 3183, in _execute_task
    return _execute_task(self, context, task_orig)
  File "/usr/local/lib/python3.8/site-packages/airflow/models/taskinstance.py", line 767, in _execute_task
    result = _execute_callable(context=context, **execute_callable_kwargs)
  File "/usr/local/lib/python3.8/site-packages/airflow/models/taskinstance.py", line 733, in _execute_callable
    return ExecutionCallableRunner(
  File "/usr/local/lib/python3.8/site-packages/airflow/utils/operator_helpers.py", line 252, in run
    return self.func(*args, **kwargs)
  File "/usr/local/lib/python3.8/site-packages/airflow/models/baseoperator.py", line 417, in wrapper
    return func(self, *args, **kwargs)
  File "/usr/local/lib/python3.8/site-packages/airflow/operators/python.py", line 238, in execute
    return_value = self.execute_callable()
  File "/usr/local/lib/python3.8/site-packages/airflow/operators/python.py", line 256, in execute_callable
    return runner.run(*self.op_args, **self.op_kwargs)
  File "/usr/local/lib/python3.8/site-packages/airflow/utils/operator_helpers.py", line 252, in run
    return self.func(*args, **kwargs)
  File "/app/airflow/dags/cars24_api_etl_pipeline.py", line 30, in run_extract_stage_1_task
    return run_extract_stage_1(city_ids)
  File "/app/scripts/cars24_api_extract1.py", line 106, in run_extract_stage_1
    final_df.to_excel(output_file_path, index=False)
  File "/usr/local/lib/python3.8/site-packages/pandas/core/generic.py", line 2252, in to_excel
    formatter.write(
  File "/usr/local/lib/python3.8/site-packages/pandas/io/formats/excel.py", line 934, in write
    writer = ExcelWriter(  # type: ignore[abstract]
  File "/usr/local/lib/python3.8/site-packages/pandas/io/excel/_openpyxl.py", line 60, in __init__
    super().__init__(
  File "/usr/local/lib/python3.8/site-packages/pandas/io/excel/_base.py", line 1219, in __init__
    self._handles = get_handle(
  File "/usr/local/lib/python3.8/site-packages/pandas/io/common.py", line 737, in get_handle
    check_parent_directory(str(handle))
  File "/usr/local/lib/python3.8/site-packages/pandas/io/common.py", line 600, in check_parent_directory
    raise OSError(rf"Cannot save file into a non-existent directory: '{parent}'")
OSError: Cannot save file into a non-existent directory: '/opt/airflow/output'
[2024-12-05T10:19:31.389+0000] {local_task_job_runner.py:266} INFO - Task exited with return code 1
[2024-12-05T10:19:31.474+0000] {taskinstance.py:3895} INFO - 0 downstream tasks scheduled from follow-on schedule check
[2024-12-05T10:19:31.484+0000] {local_task_job_runner.py:245} INFO - ::endgroup::
