[2024-12-06T06:30:44.247+0000] {local_task_job_runner.py:123} INFO - ::group::Pre task execution logs
[2024-12-06T06:30:44.309+0000] {taskinstance.py:2613} INFO - Dependencies all met for dep_context=non-requeueable deps ti=<TaskInstance: cars24_etl_pipeline.combined_extract manual__2024-12-06T06:30:16.189503+00:00 [queued]>
[2024-12-06T06:30:44.369+0000] {taskinstance.py:2613} INFO - Dependencies all met for dep_context=requeueable deps ti=<TaskInstance: cars24_etl_pipeline.combined_extract manual__2024-12-06T06:30:16.189503+00:00 [queued]>
[2024-12-06T06:30:44.370+0000] {taskinstance.py:2866} INFO - Starting attempt 1 of 4
[2024-12-06T06:30:44.446+0000] {taskinstance.py:2889} INFO - Executing <Task(PythonOperator): combined_extract> on 2024-12-06 06:30:16.189503+00:00
[2024-12-06T06:30:44.472+0000] {standard_task_runner.py:72} INFO - Started process 34690 to run task
[2024-12-06T06:30:44.607+0000] {standard_task_runner.py:104} INFO - Running: ['airflow', 'tasks', 'run', 'cars24_etl_pipeline', 'combined_extract', 'manual__2024-12-06T06:30:16.189503+00:00', '--job-id', '5', '--raw', '--subdir', 'DAGS_FOLDER/cars24_api_etl_pipeline.py', '--cfg-path', '/tmp/tmpmx8zbjev']
[2024-12-06T06:30:44.614+0000] {standard_task_runner.py:105} INFO - Job 5: Subtask combined_extract
[2024-12-06T06:30:46.036+0000] {task_command.py:467} INFO - Running <TaskInstance: cars24_etl_pipeline.combined_extract manual__2024-12-06T06:30:16.189503+00:00 [running]> on host 252cdb13a655
[2024-12-06T06:30:46.778+0000] {taskinstance.py:3132} INFO - Exporting env vars: AIRFLOW_CTX_DAG_OWNER='airflow' AIRFLOW_CTX_DAG_ID='cars24_etl_pipeline' AIRFLOW_CTX_TASK_ID='combined_extract' AIRFLOW_CTX_EXECUTION_DATE='2024-12-06T06:30:16.189503+00:00' AIRFLOW_CTX_TRY_NUMBER='1' AIRFLOW_CTX_DAG_RUN_ID='manual__2024-12-06T06:30:16.189503+00:00'
[2024-12-06T06:30:46.809+0000] {logging_mixin.py:190} INFO - Task instance is in running state
[2024-12-06T06:30:46.810+0000] {logging_mixin.py:190} INFO -  Previous state of the Task instance: queued
[2024-12-06T06:30:46.811+0000] {logging_mixin.py:190} INFO - Current task name:combined_extract state:running start_date:2024-12-06 06:30:44.311913+00:00
[2024-12-06T06:30:46.812+0000] {logging_mixin.py:190} INFO - Dag name:cars24_etl_pipeline and current dag run status:running
[2024-12-06T06:30:46.813+0000] {taskinstance.py:731} INFO - ::endgroup::
[2024-12-06T06:30:46.822+0000] {cars24_api_etl_pipeline.py:64} INFO - Starting combined Extract Stage 1 and Stage 2
[2024-12-06T06:30:46.824+0000] {main.py:190} INFO - Starting Stage 1: Fetching appointment IDs
[2024-12-06T06:30:48.396+0000] {logging_mixin.py:190} WARNING - /usr/local/lib/python3.8/site-packages/urllib3/connectionpool.py:1099 InsecureRequestWarning: Unverified HTTPS request is being made to host 'b2c-catalog-gateway.c24.tech'. Adding certificate verification is strongly advised. See: https://urllib3.readthedocs.io/en/latest/advanced-usage.html#tls-warnings
[2024-12-06T06:30:48.486+0000] {logging_mixin.py:190} WARNING - /usr/local/lib/python3.8/site-packages/urllib3/connectionpool.py:1099 InsecureRequestWarning: Unverified HTTPS request is being made to host 'b2c-catalog-gateway.c24.tech'. Adding certificate verification is strongly advised. See: https://urllib3.readthedocs.io/en/latest/advanced-usage.html#tls-warnings
[2024-12-06T06:30:48.621+0000] {logging_mixin.py:190} WARNING - /usr/local/lib/python3.8/site-packages/urllib3/connectionpool.py:1099 InsecureRequestWarning: Unverified HTTPS request is being made to host 'b2c-catalog-gateway.c24.tech'. Adding certificate verification is strongly advised. See: https://urllib3.readthedocs.io/en/latest/advanced-usage.html#tls-warnings
[2024-12-06T06:30:48.662+0000] {logging_mixin.py:190} WARNING - /usr/local/lib/python3.8/site-packages/urllib3/connectionpool.py:1099 InsecureRequestWarning: Unverified HTTPS request is being made to host 'b2c-catalog-gateway.c24.tech'. Adding certificate verification is strongly advised. See: https://urllib3.readthedocs.io/en/latest/advanced-usage.html#tls-warnings
[2024-12-06T06:30:48.707+0000] {logging_mixin.py:190} WARNING - /usr/local/lib/python3.8/site-packages/urllib3/connectionpool.py:1099 InsecureRequestWarning: Unverified HTTPS request is being made to host 'b2c-catalog-gateway.c24.tech'. Adding certificate verification is strongly advised. See: https://urllib3.readthedocs.io/en/latest/advanced-usage.html#tls-warnings
[2024-12-06T06:30:48.729+0000] {logging_mixin.py:190} WARNING - /usr/local/lib/python3.8/site-packages/urllib3/connectionpool.py:1099 InsecureRequestWarning: Unverified HTTPS request is being made to host 'b2c-catalog-gateway.c24.tech'. Adding certificate verification is strongly advised. See: https://urllib3.readthedocs.io/en/latest/advanced-usage.html#tls-warnings
[2024-12-06T06:30:48.863+0000] {logging_mixin.py:190} WARNING - /usr/local/lib/python3.8/site-packages/urllib3/connectionpool.py:1099 InsecureRequestWarning: Unverified HTTPS request is being made to host 'b2c-catalog-gateway.c24.tech'. Adding certificate verification is strongly advised. See: https://urllib3.readthedocs.io/en/latest/advanced-usage.html#tls-warnings
[2024-12-06T06:30:48.921+0000] {logging_mixin.py:190} WARNING - /usr/local/lib/python3.8/site-packages/urllib3/connectionpool.py:1099 InsecureRequestWarning: Unverified HTTPS request is being made to host 'b2c-catalog-gateway.c24.tech'. Adding certificate verification is strongly advised. See: https://urllib3.readthedocs.io/en/latest/advanced-usage.html#tls-warnings
[2024-12-06T06:30:48.982+0000] {logging_mixin.py:190} WARNING - /usr/local/lib/python3.8/site-packages/urllib3/connectionpool.py:1099 InsecureRequestWarning: Unverified HTTPS request is being made to host 'b2c-catalog-gateway.c24.tech'. Adding certificate verification is strongly advised. See: https://urllib3.readthedocs.io/en/latest/advanced-usage.html#tls-warnings
[2024-12-06T06:30:49.008+0000] {logging_mixin.py:190} WARNING - /usr/local/lib/python3.8/site-packages/urllib3/connectionpool.py:1099 InsecureRequestWarning: Unverified HTTPS request is being made to host 'b2c-catalog-gateway.c24.tech'. Adding certificate verification is strongly advised. See: https://urllib3.readthedocs.io/en/latest/advanced-usage.html#tls-warnings
[2024-12-06T06:30:49.052+0000] {logging_mixin.py:190} WARNING - /usr/local/lib/python3.8/site-packages/urllib3/connectionpool.py:1099 InsecureRequestWarning: Unverified HTTPS request is being made to host 'b2c-catalog-gateway.c24.tech'. Adding certificate verification is strongly advised. See: https://urllib3.readthedocs.io/en/latest/advanced-usage.html#tls-warnings
[2024-12-06T06:30:49.112+0000] {logging_mixin.py:190} WARNING - /usr/local/lib/python3.8/site-packages/urllib3/connectionpool.py:1099 InsecureRequestWarning: Unverified HTTPS request is being made to host 'b2c-catalog-gateway.c24.tech'. Adding certificate verification is strongly advised. See: https://urllib3.readthedocs.io/en/latest/advanced-usage.html#tls-warnings
[2024-12-06T06:30:49.185+0000] {logging_mixin.py:190} WARNING - /usr/local/lib/python3.8/site-packages/urllib3/connectionpool.py:1099 InsecureRequestWarning: Unverified HTTPS request is being made to host 'b2c-catalog-gateway.c24.tech'. Adding certificate verification is strongly advised. See: https://urllib3.readthedocs.io/en/latest/advanced-usage.html#tls-warnings
[2024-12-06T06:30:49.326+0000] {logging_mixin.py:190} WARNING - /usr/local/lib/python3.8/site-packages/urllib3/connectionpool.py:1099 InsecureRequestWarning: Unverified HTTPS request is being made to host 'b2c-catalog-gateway.c24.tech'. Adding certificate verification is strongly advised. See: https://urllib3.readthedocs.io/en/latest/advanced-usage.html#tls-warnings
[2024-12-06T06:30:49.344+0000] {logging_mixin.py:190} WARNING - /usr/local/lib/python3.8/site-packages/urllib3/connectionpool.py:1099 InsecureRequestWarning: Unverified HTTPS request is being made to host 'b2c-catalog-gateway.c24.tech'. Adding certificate verification is strongly advised. See: https://urllib3.readthedocs.io/en/latest/advanced-usage.html#tls-warnings
[2024-12-06T06:30:49.406+0000] {logging_mixin.py:190} WARNING - /usr/local/lib/python3.8/site-packages/urllib3/connectionpool.py:1099 InsecureRequestWarning: Unverified HTTPS request is being made to host 'b2c-catalog-gateway.c24.tech'. Adding certificate verification is strongly advised. See: https://urllib3.readthedocs.io/en/latest/advanced-usage.html#tls-warnings
[2024-12-06T06:30:49.459+0000] {logging_mixin.py:190} WARNING - /usr/local/lib/python3.8/site-packages/urllib3/connectionpool.py:1099 InsecureRequestWarning: Unverified HTTPS request is being made to host 'b2c-catalog-gateway.c24.tech'. Adding certificate verification is strongly advised. See: https://urllib3.readthedocs.io/en/latest/advanced-usage.html#tls-warnings
[2024-12-06T06:30:49.543+0000] {logging_mixin.py:190} WARNING - /usr/local/lib/python3.8/site-packages/urllib3/connectionpool.py:1099 InsecureRequestWarning: Unverified HTTPS request is being made to host 'b2c-catalog-gateway.c24.tech'. Adding certificate verification is strongly advised. See: https://urllib3.readthedocs.io/en/latest/advanced-usage.html#tls-warnings
[2024-12-06T06:30:49.574+0000] {logging_mixin.py:190} WARNING - /usr/local/lib/python3.8/site-packages/urllib3/connectionpool.py:1099 InsecureRequestWarning: Unverified HTTPS request is being made to host 'b2c-catalog-gateway.c24.tech'. Adding certificate verification is strongly advised. See: https://urllib3.readthedocs.io/en/latest/advanced-usage.html#tls-warnings
[2024-12-06T06:30:49.618+0000] {logging_mixin.py:190} WARNING - /usr/local/lib/python3.8/site-packages/urllib3/connectionpool.py:1099 InsecureRequestWarning: Unverified HTTPS request is being made to host 'b2c-catalog-gateway.c24.tech'. Adding certificate verification is strongly advised. See: https://urllib3.readthedocs.io/en/latest/advanced-usage.html#tls-warnings
[2024-12-06T06:30:49.663+0000] {logging_mixin.py:190} WARNING - /usr/local/lib/python3.8/site-packages/urllib3/connectionpool.py:1099 InsecureRequestWarning: Unverified HTTPS request is being made to host 'b2c-catalog-gateway.c24.tech'. Adding certificate verification is strongly advised. See: https://urllib3.readthedocs.io/en/latest/advanced-usage.html#tls-warnings
[2024-12-06T06:30:49.686+0000] {logging_mixin.py:190} WARNING - /usr/local/lib/python3.8/site-packages/urllib3/connectionpool.py:1099 InsecureRequestWarning: Unverified HTTPS request is being made to host 'b2c-catalog-gateway.c24.tech'. Adding certificate verification is strongly advised. See: https://urllib3.readthedocs.io/en/latest/advanced-usage.html#tls-warnings
[2024-12-06T06:30:49.759+0000] {logging_mixin.py:190} WARNING - /usr/local/lib/python3.8/site-packages/urllib3/connectionpool.py:1099 InsecureRequestWarning: Unverified HTTPS request is being made to host 'b2c-catalog-gateway.c24.tech'. Adding certificate verification is strongly advised. See: https://urllib3.readthedocs.io/en/latest/advanced-usage.html#tls-warnings
[2024-12-06T06:30:49.784+0000] {logging_mixin.py:190} WARNING - /usr/local/lib/python3.8/site-packages/urllib3/connectionpool.py:1099 InsecureRequestWarning: Unverified HTTPS request is being made to host 'b2c-catalog-gateway.c24.tech'. Adding certificate verification is strongly advised. See: https://urllib3.readthedocs.io/en/latest/advanced-usage.html#tls-warnings
[2024-12-06T06:30:49.885+0000] {logging_mixin.py:190} WARNING - /usr/local/lib/python3.8/site-packages/urllib3/connectionpool.py:1099 InsecureRequestWarning: Unverified HTTPS request is being made to host 'b2c-catalog-gateway.c24.tech'. Adding certificate verification is strongly advised. See: https://urllib3.readthedocs.io/en/latest/advanced-usage.html#tls-warnings
[2024-12-06T06:30:49.897+0000] {logging_mixin.py:190} WARNING - /usr/local/lib/python3.8/site-packages/urllib3/connectionpool.py:1099 InsecureRequestWarning: Unverified HTTPS request is being made to host 'b2c-catalog-gateway.c24.tech'. Adding certificate verification is strongly advised. See: https://urllib3.readthedocs.io/en/latest/advanced-usage.html#tls-warnings
[2024-12-06T06:30:49.919+0000] {logging_mixin.py:190} WARNING - /usr/local/lib/python3.8/site-packages/urllib3/connectionpool.py:1099 InsecureRequestWarning: Unverified HTTPS request is being made to host 'b2c-catalog-gateway.c24.tech'. Adding certificate verification is strongly advised. See: https://urllib3.readthedocs.io/en/latest/advanced-usage.html#tls-warnings
[2024-12-06T06:30:49.989+0000] {logging_mixin.py:190} WARNING - /usr/local/lib/python3.8/site-packages/urllib3/connectionpool.py:1099 InsecureRequestWarning: Unverified HTTPS request is being made to host 'b2c-catalog-gateway.c24.tech'. Adding certificate verification is strongly advised. See: https://urllib3.readthedocs.io/en/latest/advanced-usage.html#tls-warnings
[2024-12-06T06:30:50.072+0000] {logging_mixin.py:190} WARNING - /usr/local/lib/python3.8/site-packages/urllib3/connectionpool.py:1099 InsecureRequestWarning: Unverified HTTPS request is being made to host 'b2c-catalog-gateway.c24.tech'. Adding certificate verification is strongly advised. See: https://urllib3.readthedocs.io/en/latest/advanced-usage.html#tls-warnings
[2024-12-06T06:30:50.046+0000] {main.py:53} ERROR - Error processing city_id 102: 'appointmentId'
[2024-12-06T06:30:50.115+0000] {logging_mixin.py:190} WARNING - /usr/local/lib/python3.8/site-packages/urllib3/connectionpool.py:1099 InsecureRequestWarning: Unverified HTTPS request is being made to host 'b2c-catalog-gateway.c24.tech'. Adding certificate verification is strongly advised. See: https://urllib3.readthedocs.io/en/latest/advanced-usage.html#tls-warnings
[2024-12-06T06:30:50.118+0000] {main.py:53} ERROR - Error processing city_id 112: Expecting value: line 1 column 1 (char 0)
[2024-12-06T06:30:50.126+0000] {main.py:53} ERROR - Error processing city_id 147: 'appointmentId'
[2024-12-06T06:30:50.122+0000] {logging_mixin.py:190} WARNING - /usr/local/lib/python3.8/site-packages/urllib3/connectionpool.py:1099 InsecureRequestWarning: Unverified HTTPS request is being made to host 'b2c-catalog-gateway.c24.tech'. Adding certificate verification is strongly advised. See: https://urllib3.readthedocs.io/en/latest/advanced-usage.html#tls-warnings
[2024-12-06T06:30:50.129+0000] {main.py:53} ERROR - Error processing city_id 100: 'appointmentId'
[2024-12-06T06:30:50.132+0000] {logging_mixin.py:190} WARNING - /usr/local/lib/python3.8/site-packages/urllib3/connectionpool.py:1099 InsecureRequestWarning: Unverified HTTPS request is being made to host 'b2c-catalog-gateway.c24.tech'. Adding certificate verification is strongly advised. See: https://urllib3.readthedocs.io/en/latest/advanced-usage.html#tls-warnings
[2024-12-06T06:30:50.134+0000] {main.py:53} ERROR - Error processing city_id 117: Expecting value: line 1 column 1 (char 0)
[2024-12-06T06:30:50.136+0000] {logging_mixin.py:190} WARNING - /usr/local/lib/python3.8/site-packages/urllib3/connectionpool.py:1099 InsecureRequestWarning: Unverified HTTPS request is being made to host 'b2c-catalog-gateway.c24.tech'. Adding certificate verification is strongly advised. See: https://urllib3.readthedocs.io/en/latest/advanced-usage.html#tls-warnings
[2024-12-06T06:30:50.139+0000] {main.py:53} ERROR - Error processing city_id 130: Expecting value: line 1 column 1 (char 0)
[2024-12-06T06:30:50.141+0000] {logging_mixin.py:190} WARNING - /usr/local/lib/python3.8/site-packages/urllib3/connectionpool.py:1099 InsecureRequestWarning: Unverified HTTPS request is being made to host 'b2c-catalog-gateway.c24.tech'. Adding certificate verification is strongly advised. See: https://urllib3.readthedocs.io/en/latest/advanced-usage.html#tls-warnings
[2024-12-06T06:30:50.144+0000] {main.py:53} ERROR - Error processing city_id 119: Expecting value: line 1 column 1 (char 0)
[2024-12-06T06:30:50.149+0000] {logging_mixin.py:190} WARNING - /usr/local/lib/python3.8/site-packages/urllib3/connectionpool.py:1099 InsecureRequestWarning: Unverified HTTPS request is being made to host 'b2c-catalog-gateway.c24.tech'. Adding certificate verification is strongly advised. See: https://urllib3.readthedocs.io/en/latest/advanced-usage.html#tls-warnings
[2024-12-06T06:30:50.150+0000] {main.py:53} ERROR - Error processing city_id 143: 'appointmentId'
[2024-12-06T06:30:50.160+0000] {logging_mixin.py:190} WARNING - /usr/local/lib/python3.8/site-packages/urllib3/connectionpool.py:1099 InsecureRequestWarning: Unverified HTTPS request is being made to host 'b2c-catalog-gateway.c24.tech'. Adding certificate verification is strongly advised. See: https://urllib3.readthedocs.io/en/latest/advanced-usage.html#tls-warnings
[2024-12-06T06:30:50.162+0000] {main.py:53} ERROR - Error processing city_id 114: Expecting value: line 1 column 1 (char 0)
[2024-12-06T06:30:50.164+0000] {logging_mixin.py:190} WARNING - /usr/local/lib/python3.8/site-packages/urllib3/connectionpool.py:1099 InsecureRequestWarning: Unverified HTTPS request is being made to host 'b2c-catalog-gateway.c24.tech'. Adding certificate verification is strongly advised. See: https://urllib3.readthedocs.io/en/latest/advanced-usage.html#tls-warnings
[2024-12-06T06:30:50.166+0000] {main.py:53} ERROR - Error processing city_id 127: Expecting value: line 1 column 1 (char 0)
[2024-12-06T06:30:50.179+0000] {main.py:53} ERROR - Error processing city_id 105: 'appointmentId'
[2024-12-06T06:30:50.185+0000] {main.py:53} ERROR - Error processing city_id 124: Expecting value: line 1 column 1 (char 0)
[2024-12-06T06:30:50.187+0000] {main.py:53} ERROR - Error processing city_id 123: Expecting value: line 1 column 1 (char 0)
[2024-12-06T06:30:50.199+0000] {main.py:53} ERROR - Error processing city_id 106: 'appointmentId'
[2024-12-06T06:30:50.176+0000] {logging_mixin.py:190} WARNING - /usr/local/lib/python3.8/site-packages/urllib3/connectionpool.py:1099 InsecureRequestWarning: Unverified HTTPS request is being made to host 'b2c-catalog-gateway.c24.tech'. Adding certificate verification is strongly advised. See: https://urllib3.readthedocs.io/en/latest/advanced-usage.html#tls-warnings
[2024-12-06T06:30:50.200+0000] {main.py:53} ERROR - Error processing city_id 144: 'appointmentId'
[2024-12-06T06:30:50.202+0000] {logging_mixin.py:190} WARNING - /usr/local/lib/python3.8/site-packages/urllib3/connectionpool.py:1099 InsecureRequestWarning: Unverified HTTPS request is being made to host 'b2c-catalog-gateway.c24.tech'. Adding certificate verification is strongly advised. See: https://urllib3.readthedocs.io/en/latest/advanced-usage.html#tls-warnings
[2024-12-06T06:30:50.206+0000] {main.py:53} ERROR - Error processing city_id 155: 'appointmentId'
[2024-12-06T06:30:50.213+0000] {logging_mixin.py:190} WARNING - /usr/local/lib/python3.8/site-packages/urllib3/connectionpool.py:1099 InsecureRequestWarning: Unverified HTTPS request is being made to host 'b2c-catalog-gateway.c24.tech'. Adding certificate verification is strongly advised. See: https://urllib3.readthedocs.io/en/latest/advanced-usage.html#tls-warnings
[2024-12-06T06:30:50.217+0000] {main.py:53} ERROR - Error processing city_id 146: 'appointmentId'
[2024-12-06T06:30:50.220+0000] {logging_mixin.py:190} WARNING - /usr/local/lib/python3.8/site-packages/urllib3/connectionpool.py:1099 InsecureRequestWarning: Unverified HTTPS request is being made to host 'b2c-catalog-gateway.c24.tech'. Adding certificate verification is strongly advised. See: https://urllib3.readthedocs.io/en/latest/advanced-usage.html#tls-warnings
[2024-12-06T06:30:50.223+0000] {main.py:53} ERROR - Error processing city_id 141: 'appointmentId'
[2024-12-06T06:30:50.225+0000] {logging_mixin.py:190} WARNING - /usr/local/lib/python3.8/site-packages/urllib3/connectionpool.py:1099 InsecureRequestWarning: Unverified HTTPS request is being made to host 'b2c-catalog-gateway.c24.tech'. Adding certificate verification is strongly advised. See: https://urllib3.readthedocs.io/en/latest/advanced-usage.html#tls-warnings
[2024-12-06T06:30:50.228+0000] {main.py:53} ERROR - Error processing city_id 122: Expecting value: line 1 column 1 (char 0)
[2024-12-06T06:30:50.231+0000] {logging_mixin.py:190} WARNING - /usr/local/lib/python3.8/site-packages/urllib3/connectionpool.py:1099 InsecureRequestWarning: Unverified HTTPS request is being made to host 'b2c-catalog-gateway.c24.tech'. Adding certificate verification is strongly advised. See: https://urllib3.readthedocs.io/en/latest/advanced-usage.html#tls-warnings
[2024-12-06T06:30:50.234+0000] {main.py:53} ERROR - Error processing city_id 101: 'appointmentId'
[2024-12-06T06:30:50.241+0000] {logging_mixin.py:190} WARNING - /usr/local/lib/python3.8/site-packages/urllib3/connectionpool.py:1099 InsecureRequestWarning: Unverified HTTPS request is being made to host 'b2c-catalog-gateway.c24.tech'. Adding certificate verification is strongly advised. See: https://urllib3.readthedocs.io/en/latest/advanced-usage.html#tls-warnings
[2024-12-06T06:30:50.243+0000] {main.py:53} ERROR - Error processing city_id 140: 'appointmentId'
[2024-12-06T06:30:50.246+0000] {logging_mixin.py:190} WARNING - /usr/local/lib/python3.8/site-packages/urllib3/connectionpool.py:1099 InsecureRequestWarning: Unverified HTTPS request is being made to host 'b2c-catalog-gateway.c24.tech'. Adding certificate verification is strongly advised. See: https://urllib3.readthedocs.io/en/latest/advanced-usage.html#tls-warnings
[2024-12-06T06:30:50.248+0000] {main.py:53} ERROR - Error processing city_id 150: 'appointmentId'
[2024-12-06T06:30:50.250+0000] {logging_mixin.py:190} WARNING - /usr/local/lib/python3.8/site-packages/urllib3/connectionpool.py:1099 InsecureRequestWarning: Unverified HTTPS request is being made to host 'b2c-catalog-gateway.c24.tech'. Adding certificate verification is strongly advised. See: https://urllib3.readthedocs.io/en/latest/advanced-usage.html#tls-warnings
[2024-12-06T06:30:50.252+0000] {main.py:53} ERROR - Error processing city_id 104: 'appointmentId'
[2024-12-06T06:30:50.260+0000] {logging_mixin.py:190} WARNING - /usr/local/lib/python3.8/site-packages/urllib3/connectionpool.py:1099 InsecureRequestWarning: Unverified HTTPS request is being made to host 'b2c-catalog-gateway.c24.tech'. Adding certificate verification is strongly advised. See: https://urllib3.readthedocs.io/en/latest/advanced-usage.html#tls-warnings
[2024-12-06T06:30:50.263+0000] {main.py:53} ERROR - Error processing city_id 145: 'appointmentId'
[2024-12-06T06:30:50.276+0000] {logging_mixin.py:190} WARNING - /usr/local/lib/python3.8/site-packages/urllib3/connectionpool.py:1099 InsecureRequestWarning: Unverified HTTPS request is being made to host 'b2c-catalog-gateway.c24.tech'. Adding certificate verification is strongly advised. See: https://urllib3.readthedocs.io/en/latest/advanced-usage.html#tls-warnings
[2024-12-06T06:30:50.299+0000] {main.py:53} ERROR - Error processing city_id 113: Expecting value: line 1 column 1 (char 0)
[2024-12-06T06:30:50.308+0000] {logging_mixin.py:190} WARNING - /usr/local/lib/python3.8/site-packages/urllib3/connectionpool.py:1099 InsecureRequestWarning: Unverified HTTPS request is being made to host 'b2c-catalog-gateway.c24.tech'. Adding certificate verification is strongly advised. See: https://urllib3.readthedocs.io/en/latest/advanced-usage.html#tls-warnings
[2024-12-06T06:30:50.325+0000] {main.py:53} ERROR - Error processing city_id 121: Expecting value: line 1 column 1 (char 0)
[2024-12-06T06:30:50.335+0000] {logging_mixin.py:190} WARNING - /usr/local/lib/python3.8/site-packages/urllib3/connectionpool.py:1099 InsecureRequestWarning: Unverified HTTPS request is being made to host 'b2c-catalog-gateway.c24.tech'. Adding certificate verification is strongly advised. See: https://urllib3.readthedocs.io/en/latest/advanced-usage.html#tls-warnings
[2024-12-06T06:30:50.347+0000] {main.py:53} ERROR - Error processing city_id 115: Expecting value: line 1 column 1 (char 0)
[2024-12-06T06:30:50.372+0000] {logging_mixin.py:190} WARNING - /usr/local/lib/python3.8/site-packages/urllib3/connectionpool.py:1099 InsecureRequestWarning: Unverified HTTPS request is being made to host 'b2c-catalog-gateway.c24.tech'. Adding certificate verification is strongly advised. See: https://urllib3.readthedocs.io/en/latest/advanced-usage.html#tls-warnings
[2024-12-06T06:30:50.386+0000] {main.py:53} ERROR - Error processing city_id 111: 'appointmentId'
[2024-12-06T06:30:50.412+0000] {logging_mixin.py:190} WARNING - /usr/local/lib/python3.8/site-packages/urllib3/connectionpool.py:1099 InsecureRequestWarning: Unverified HTTPS request is being made to host 'b2c-catalog-gateway.c24.tech'. Adding certificate verification is strongly advised. See: https://urllib3.readthedocs.io/en/latest/advanced-usage.html#tls-warnings
[2024-12-06T06:30:50.412+0000] {main.py:53} ERROR - Error processing city_id 118: Expecting value: line 1 column 1 (char 0)
[2024-12-06T06:30:50.433+0000] {logging_mixin.py:190} WARNING - /usr/local/lib/python3.8/site-packages/urllib3/connectionpool.py:1099 InsecureRequestWarning: Unverified HTTPS request is being made to host 'b2c-catalog-gateway.c24.tech'. Adding certificate verification is strongly advised. See: https://urllib3.readthedocs.io/en/latest/advanced-usage.html#tls-warnings
[2024-12-06T06:30:50.440+0000] {main.py:53} ERROR - Error processing city_id 116: Expecting value: line 1 column 1 (char 0)
[2024-12-06T06:30:50.446+0000] {logging_mixin.py:190} WARNING - /usr/local/lib/python3.8/site-packages/urllib3/connectionpool.py:1099 InsecureRequestWarning: Unverified HTTPS request is being made to host 'b2c-catalog-gateway.c24.tech'. Adding certificate verification is strongly advised. See: https://urllib3.readthedocs.io/en/latest/advanced-usage.html#tls-warnings
[2024-12-06T06:30:50.450+0000] {main.py:53} ERROR - Error processing city_id 126: Expecting value: line 1 column 1 (char 0)
[2024-12-06T06:30:50.458+0000] {logging_mixin.py:190} WARNING - /usr/local/lib/python3.8/site-packages/urllib3/connectionpool.py:1099 InsecureRequestWarning: Unverified HTTPS request is being made to host 'b2c-catalog-gateway.c24.tech'. Adding certificate verification is strongly advised. See: https://urllib3.readthedocs.io/en/latest/advanced-usage.html#tls-warnings
[2024-12-06T06:30:50.464+0000] {main.py:53} ERROR - Error processing city_id 110: 'appointmentId'
[2024-12-06T06:30:50.471+0000] {logging_mixin.py:190} WARNING - /usr/local/lib/python3.8/site-packages/urllib3/connectionpool.py:1099 InsecureRequestWarning: Unverified HTTPS request is being made to host 'b2c-catalog-gateway.c24.tech'. Adding certificate verification is strongly advised. See: https://urllib3.readthedocs.io/en/latest/advanced-usage.html#tls-warnings
[2024-12-06T06:30:50.472+0000] {main.py:53} ERROR - Error processing city_id 107: 'appointmentId'
[2024-12-06T06:30:50.475+0000] {logging_mixin.py:190} WARNING - /usr/local/lib/python3.8/site-packages/urllib3/connectionpool.py:1099 InsecureRequestWarning: Unverified HTTPS request is being made to host 'b2c-catalog-gateway.c24.tech'. Adding certificate verification is strongly advised. See: https://urllib3.readthedocs.io/en/latest/advanced-usage.html#tls-warnings
[2024-12-06T06:30:50.477+0000] {main.py:53} ERROR - Error processing city_id 135: 'appointmentId'
[2024-12-06T06:30:50.480+0000] {logging_mixin.py:190} WARNING - /usr/local/lib/python3.8/site-packages/urllib3/connectionpool.py:1099 InsecureRequestWarning: Unverified HTTPS request is being made to host 'b2c-catalog-gateway.c24.tech'. Adding certificate verification is strongly advised. See: https://urllib3.readthedocs.io/en/latest/advanced-usage.html#tls-warnings
[2024-12-06T06:30:50.481+0000] {main.py:53} ERROR - Error processing city_id 128: Expecting value: line 1 column 1 (char 0)
[2024-12-06T06:30:50.482+0000] {logging_mixin.py:190} WARNING - /usr/local/lib/python3.8/site-packages/urllib3/connectionpool.py:1099 InsecureRequestWarning: Unverified HTTPS request is being made to host 'b2c-catalog-gateway.c24.tech'. Adding certificate verification is strongly advised. See: https://urllib3.readthedocs.io/en/latest/advanced-usage.html#tls-warnings
[2024-12-06T06:30:50.485+0000] {main.py:53} ERROR - Error processing city_id 120: Expecting value: line 1 column 1 (char 0)
[2024-12-06T06:30:50.487+0000] {main.py:53} ERROR - Error processing city_id 148: 'appointmentId'
[2024-12-06T06:30:50.487+0000] {logging_mixin.py:190} WARNING - /usr/local/lib/python3.8/site-packages/urllib3/connectionpool.py:1099 InsecureRequestWarning: Unverified HTTPS request is being made to host 'b2c-catalog-gateway.c24.tech'. Adding certificate verification is strongly advised. See: https://urllib3.readthedocs.io/en/latest/advanced-usage.html#tls-warnings
[2024-12-06T06:30:50.489+0000] {main.py:53} ERROR - Error processing city_id 138: 'appointmentId'
[2024-12-06T06:30:50.490+0000] {logging_mixin.py:190} WARNING - /usr/local/lib/python3.8/site-packages/urllib3/connectionpool.py:1099 InsecureRequestWarning: Unverified HTTPS request is being made to host 'b2c-catalog-gateway.c24.tech'. Adding certificate verification is strongly advised. See: https://urllib3.readthedocs.io/en/latest/advanced-usage.html#tls-warnings
[2024-12-06T06:30:50.492+0000] {main.py:53} ERROR - Error processing city_id 125: Expecting value: line 1 column 1 (char 0)
[2024-12-06T06:30:50.494+0000] {logging_mixin.py:190} WARNING - /usr/local/lib/python3.8/site-packages/urllib3/connectionpool.py:1099 InsecureRequestWarning: Unverified HTTPS request is being made to host 'b2c-catalog-gateway.c24.tech'. Adding certificate verification is strongly advised. See: https://urllib3.readthedocs.io/en/latest/advanced-usage.html#tls-warnings
[2024-12-06T06:30:50.495+0000] {main.py:53} ERROR - Error processing city_id 103: 'appointmentId'
[2024-12-06T06:30:50.497+0000] {logging_mixin.py:190} WARNING - /usr/local/lib/python3.8/site-packages/urllib3/connectionpool.py:1099 InsecureRequestWarning: Unverified HTTPS request is being made to host 'b2c-catalog-gateway.c24.tech'. Adding certificate verification is strongly advised. See: https://urllib3.readthedocs.io/en/latest/advanced-usage.html#tls-warnings
[2024-12-06T06:30:50.500+0000] {main.py:53} ERROR - Error processing city_id 131: 'appointmentId'
[2024-12-06T06:30:50.503+0000] {logging_mixin.py:190} WARNING - /usr/local/lib/python3.8/site-packages/urllib3/connectionpool.py:1099 InsecureRequestWarning: Unverified HTTPS request is being made to host 'b2c-catalog-gateway.c24.tech'. Adding certificate verification is strongly advised. See: https://urllib3.readthedocs.io/en/latest/advanced-usage.html#tls-warnings
[2024-12-06T06:30:50.504+0000] {main.py:53} ERROR - Error processing city_id 129: Expecting value: line 1 column 1 (char 0)
[2024-12-06T06:30:50.506+0000] {logging_mixin.py:190} WARNING - /usr/local/lib/python3.8/site-packages/urllib3/connectionpool.py:1099 InsecureRequestWarning: Unverified HTTPS request is being made to host 'b2c-catalog-gateway.c24.tech'. Adding certificate verification is strongly advised. See: https://urllib3.readthedocs.io/en/latest/advanced-usage.html#tls-warnings
[2024-12-06T06:30:50.515+0000] {main.py:53} ERROR - Error processing city_id 152: 'appointmentId'
[2024-12-06T06:30:50.521+0000] {logging_mixin.py:190} WARNING - /usr/local/lib/python3.8/site-packages/urllib3/connectionpool.py:1099 InsecureRequestWarning: Unverified HTTPS request is being made to host 'b2c-catalog-gateway.c24.tech'. Adding certificate verification is strongly advised. See: https://urllib3.readthedocs.io/en/latest/advanced-usage.html#tls-warnings
[2024-12-06T06:30:50.527+0000] {main.py:53} ERROR - Error processing city_id 109: 'appointmentId'
[2024-12-06T06:30:50.530+0000] {logging_mixin.py:190} WARNING - /usr/local/lib/python3.8/site-packages/urllib3/connectionpool.py:1099 InsecureRequestWarning: Unverified HTTPS request is being made to host 'b2c-catalog-gateway.c24.tech'. Adding certificate verification is strongly advised. See: https://urllib3.readthedocs.io/en/latest/advanced-usage.html#tls-warnings
[2024-12-06T06:30:50.530+0000] {main.py:53} ERROR - Error processing city_id 133: 'appointmentId'
[2024-12-06T06:30:50.536+0000] {logging_mixin.py:190} WARNING - /usr/local/lib/python3.8/site-packages/urllib3/connectionpool.py:1099 InsecureRequestWarning: Unverified HTTPS request is being made to host 'b2c-catalog-gateway.c24.tech'. Adding certificate verification is strongly advised. See: https://urllib3.readthedocs.io/en/latest/advanced-usage.html#tls-warnings
[2024-12-06T06:30:50.536+0000] {main.py:53} ERROR - Error processing city_id 139: 'appointmentId'
[2024-12-06T06:30:50.540+0000] {logging_mixin.py:190} WARNING - /usr/local/lib/python3.8/site-packages/urllib3/connectionpool.py:1099 InsecureRequestWarning: Unverified HTTPS request is being made to host 'b2c-catalog-gateway.c24.tech'. Adding certificate verification is strongly advised. See: https://urllib3.readthedocs.io/en/latest/advanced-usage.html#tls-warnings
[2024-12-06T06:30:50.544+0000] {main.py:53} ERROR - Error processing city_id 142: 'appointmentId'
[2024-12-06T06:30:50.547+0000] {logging_mixin.py:190} WARNING - /usr/local/lib/python3.8/site-packages/urllib3/connectionpool.py:1099 InsecureRequestWarning: Unverified HTTPS request is being made to host 'b2c-catalog-gateway.c24.tech'. Adding certificate verification is strongly advised. See: https://urllib3.readthedocs.io/en/latest/advanced-usage.html#tls-warnings
[2024-12-06T06:30:50.548+0000] {main.py:51} INFO - Fetched 29 appointment IDs for city_id 136
[2024-12-06T06:30:50.552+0000] {logging_mixin.py:190} WARNING - /usr/local/lib/python3.8/site-packages/urllib3/connectionpool.py:1099 InsecureRequestWarning: Unverified HTTPS request is being made to host 'b2c-catalog-gateway.c24.tech'. Adding certificate verification is strongly advised. See: https://urllib3.readthedocs.io/en/latest/advanced-usage.html#tls-warnings
[2024-12-06T06:30:50.553+0000] {main.py:53} ERROR - Error processing city_id 151: 'appointmentId'
[2024-12-06T06:30:50.556+0000] {logging_mixin.py:190} WARNING - /usr/local/lib/python3.8/site-packages/urllib3/connectionpool.py:1099 InsecureRequestWarning: Unverified HTTPS request is being made to host 'b2c-catalog-gateway.c24.tech'. Adding certificate verification is strongly advised. See: https://urllib3.readthedocs.io/en/latest/advanced-usage.html#tls-warnings
[2024-12-06T06:30:50.560+0000] {logging_mixin.py:190} WARNING - /usr/local/lib/python3.8/site-packages/urllib3/connectionpool.py:1099 InsecureRequestWarning: Unverified HTTPS request is being made to host 'b2c-catalog-gateway.c24.tech'. Adding certificate verification is strongly advised. See: https://urllib3.readthedocs.io/en/latest/advanced-usage.html#tls-warnings
[2024-12-06T06:30:50.562+0000] {logging_mixin.py:190} WARNING - /usr/local/lib/python3.8/site-packages/urllib3/connectionpool.py:1099 InsecureRequestWarning: Unverified HTTPS request is being made to host 'b2c-catalog-gateway.c24.tech'. Adding certificate verification is strongly advised. See: https://urllib3.readthedocs.io/en/latest/advanced-usage.html#tls-warnings
[2024-12-06T06:30:50.566+0000] {logging_mixin.py:190} WARNING - /usr/local/lib/python3.8/site-packages/urllib3/connectionpool.py:1099 InsecureRequestWarning: Unverified HTTPS request is being made to host 'b2c-catalog-gateway.c24.tech'. Adding certificate verification is strongly advised. See: https://urllib3.readthedocs.io/en/latest/advanced-usage.html#tls-warnings
[2024-12-06T06:30:50.568+0000] {logging_mixin.py:190} WARNING - /usr/local/lib/python3.8/site-packages/urllib3/connectionpool.py:1099 InsecureRequestWarning: Unverified HTTPS request is being made to host 'b2c-catalog-gateway.c24.tech'. Adding certificate verification is strongly advised. See: https://urllib3.readthedocs.io/en/latest/advanced-usage.html#tls-warnings
[2024-12-06T06:30:50.581+0000] {logging_mixin.py:190} WARNING - /usr/local/lib/python3.8/site-packages/urllib3/connectionpool.py:1099 InsecureRequestWarning: Unverified HTTPS request is being made to host 'b2c-catalog-gateway.c24.tech'. Adding certificate verification is strongly advised. See: https://urllib3.readthedocs.io/en/latest/advanced-usage.html#tls-warnings
[2024-12-06T06:30:50.582+0000] {main.py:53} ERROR - Error processing city_id 158: 'appointmentId'
[2024-12-06T06:30:50.591+0000] {logging_mixin.py:190} WARNING - /usr/local/lib/python3.8/site-packages/urllib3/connectionpool.py:1099 InsecureRequestWarning: Unverified HTTPS request is being made to host 'b2c-catalog-gateway.c24.tech'. Adding certificate verification is strongly advised. See: https://urllib3.readthedocs.io/en/latest/advanced-usage.html#tls-warnings
[2024-12-06T06:30:50.592+0000] {main.py:53} ERROR - Error processing city_id 108: 'appointmentId'
[2024-12-06T06:30:50.615+0000] {logging_mixin.py:190} WARNING - /usr/local/lib/python3.8/site-packages/urllib3/connectionpool.py:1099 InsecureRequestWarning: Unverified HTTPS request is being made to host 'b2c-catalog-gateway.c24.tech'. Adding certificate verification is strongly advised. See: https://urllib3.readthedocs.io/en/latest/advanced-usage.html#tls-warnings
[2024-12-06T06:30:52.680+0000] {main.py:53} ERROR - Error processing city_id 159: 'appointmentId'
[2024-12-06T06:30:52.702+0000] {logging_mixin.py:190} WARNING - /usr/local/lib/python3.8/site-packages/urllib3/connectionpool.py:1099 InsecureRequestWarning: Unverified HTTPS request is being made to host 'b2c-catalog-gateway.c24.tech'. Adding certificate verification is strongly advised. See: https://urllib3.readthedocs.io/en/latest/advanced-usage.html#tls-warnings
[2024-12-06T06:30:52.711+0000] {main.py:53} ERROR - Error processing city_id 161: 'appointmentId'
[2024-12-06T06:30:52.713+0000] {logging_mixin.py:190} WARNING - /usr/local/lib/python3.8/site-packages/urllib3/connectionpool.py:1099 InsecureRequestWarning: Unverified HTTPS request is being made to host 'b2c-catalog-gateway.c24.tech'. Adding certificate verification is strongly advised. See: https://urllib3.readthedocs.io/en/latest/advanced-usage.html#tls-warnings
[2024-12-06T06:30:52.714+0000] {main.py:53} ERROR - Error processing city_id 165: 'appointmentId'
[2024-12-06T06:30:52.721+0000] {logging_mixin.py:190} WARNING - /usr/local/lib/python3.8/site-packages/urllib3/connectionpool.py:1099 InsecureRequestWarning: Unverified HTTPS request is being made to host 'b2c-catalog-gateway.c24.tech'. Adding certificate verification is strongly advised. See: https://urllib3.readthedocs.io/en/latest/advanced-usage.html#tls-warnings
[2024-12-06T06:30:52.723+0000] {main.py:53} ERROR - Error processing city_id 174: 'appointmentId'
[2024-12-06T06:30:52.727+0000] {logging_mixin.py:190} WARNING - /usr/local/lib/python3.8/site-packages/urllib3/connectionpool.py:1099 InsecureRequestWarning: Unverified HTTPS request is being made to host 'b2c-catalog-gateway.c24.tech'. Adding certificate verification is strongly advised. See: https://urllib3.readthedocs.io/en/latest/advanced-usage.html#tls-warnings
[2024-12-06T06:30:52.728+0000] {main.py:53} ERROR - Error processing city_id 176: 'appointmentId'
[2024-12-06T06:30:52.730+0000] {logging_mixin.py:190} WARNING - /usr/local/lib/python3.8/site-packages/urllib3/connectionpool.py:1099 InsecureRequestWarning: Unverified HTTPS request is being made to host 'b2c-catalog-gateway.c24.tech'. Adding certificate verification is strongly advised. See: https://urllib3.readthedocs.io/en/latest/advanced-usage.html#tls-warnings
[2024-12-06T06:30:52.731+0000] {main.py:53} ERROR - Error processing city_id 137: 'appointmentId'
[2024-12-06T06:30:52.734+0000] {logging_mixin.py:190} WARNING - /usr/local/lib/python3.8/site-packages/urllib3/connectionpool.py:1099 InsecureRequestWarning: Unverified HTTPS request is being made to host 'b2c-catalog-gateway.c24.tech'. Adding certificate verification is strongly advised. See: https://urllib3.readthedocs.io/en/latest/advanced-usage.html#tls-warnings
[2024-12-06T06:30:52.735+0000] {main.py:53} ERROR - Error processing city_id 164: 'appointmentId'
[2024-12-06T06:30:52.739+0000] {logging_mixin.py:190} WARNING - /usr/local/lib/python3.8/site-packages/urllib3/connectionpool.py:1099 InsecureRequestWarning: Unverified HTTPS request is being made to host 'b2c-catalog-gateway.c24.tech'. Adding certificate verification is strongly advised. See: https://urllib3.readthedocs.io/en/latest/advanced-usage.html#tls-warnings
[2024-12-06T06:30:52.740+0000] {main.py:53} ERROR - Error processing city_id 172: 'appointmentId'
[2024-12-06T06:30:52.743+0000] {logging_mixin.py:190} WARNING - /usr/local/lib/python3.8/site-packages/urllib3/connectionpool.py:1099 InsecureRequestWarning: Unverified HTTPS request is being made to host 'b2c-catalog-gateway.c24.tech'. Adding certificate verification is strongly advised. See: https://urllib3.readthedocs.io/en/latest/advanced-usage.html#tls-warnings
[2024-12-06T06:30:52.745+0000] {main.py:53} ERROR - Error processing city_id 179: 'appointmentId'
[2024-12-06T06:30:52.748+0000] {logging_mixin.py:190} WARNING - /usr/local/lib/python3.8/site-packages/urllib3/connectionpool.py:1099 InsecureRequestWarning: Unverified HTTPS request is being made to host 'b2c-catalog-gateway.c24.tech'. Adding certificate verification is strongly advised. See: https://urllib3.readthedocs.io/en/latest/advanced-usage.html#tls-warnings
[2024-12-06T06:30:52.751+0000] {main.py:53} ERROR - Error processing city_id 171: 'appointmentId'
[2024-12-06T06:30:52.754+0000] {main.py:53} ERROR - Error processing city_id 153: 'appointmentId'
[2024-12-06T06:30:52.753+0000] {logging_mixin.py:190} WARNING - /usr/local/lib/python3.8/site-packages/urllib3/connectionpool.py:1099 InsecureRequestWarning: Unverified HTTPS request is being made to host 'b2c-catalog-gateway.c24.tech'. Adding certificate verification is strongly advised. See: https://urllib3.readthedocs.io/en/latest/advanced-usage.html#tls-warnings
[2024-12-06T06:30:52.755+0000] {main.py:53} ERROR - Error processing city_id 175: 'appointmentId'
[2024-12-06T06:30:52.758+0000] {logging_mixin.py:190} WARNING - /usr/local/lib/python3.8/site-packages/urllib3/connectionpool.py:1099 InsecureRequestWarning: Unverified HTTPS request is being made to host 'b2c-catalog-gateway.c24.tech'. Adding certificate verification is strongly advised. See: https://urllib3.readthedocs.io/en/latest/advanced-usage.html#tls-warnings
[2024-12-06T06:30:52.759+0000] {main.py:53} ERROR - Error processing city_id 162: 'appointmentId'
[2024-12-06T06:30:52.790+0000] {logging_mixin.py:190} WARNING - /usr/local/lib/python3.8/site-packages/urllib3/connectionpool.py:1099 InsecureRequestWarning: Unverified HTTPS request is being made to host 'b2c-catalog-gateway.c24.tech'. Adding certificate verification is strongly advised. See: https://urllib3.readthedocs.io/en/latest/advanced-usage.html#tls-warnings
[2024-12-06T06:30:52.808+0000] {main.py:53} ERROR - Error processing city_id 160: 'appointmentId'
[2024-12-06T06:30:52.813+0000] {logging_mixin.py:190} WARNING - /usr/local/lib/python3.8/site-packages/urllib3/connectionpool.py:1099 InsecureRequestWarning: Unverified HTTPS request is being made to host 'b2c-catalog-gateway.c24.tech'. Adding certificate verification is strongly advised. See: https://urllib3.readthedocs.io/en/latest/advanced-usage.html#tls-warnings
[2024-12-06T06:30:52.814+0000] {main.py:53} ERROR - Error processing city_id 169: 'appointmentId'
[2024-12-06T06:30:52.815+0000] {logging_mixin.py:190} WARNING - /usr/local/lib/python3.8/site-packages/urllib3/connectionpool.py:1099 InsecureRequestWarning: Unverified HTTPS request is being made to host 'b2c-catalog-gateway.c24.tech'. Adding certificate verification is strongly advised. See: https://urllib3.readthedocs.io/en/latest/advanced-usage.html#tls-warnings
[2024-12-06T06:30:52.817+0000] {main.py:53} ERROR - Error processing city_id 163: 'appointmentId'
[2024-12-06T06:30:52.819+0000] {logging_mixin.py:190} WARNING - /usr/local/lib/python3.8/site-packages/urllib3/connectionpool.py:1099 InsecureRequestWarning: Unverified HTTPS request is being made to host 'b2c-catalog-gateway.c24.tech'. Adding certificate verification is strongly advised. See: https://urllib3.readthedocs.io/en/latest/advanced-usage.html#tls-warnings
[2024-12-06T06:30:52.821+0000] {main.py:53} ERROR - Error processing city_id 166: 'appointmentId'
[2024-12-06T06:30:52.823+0000] {logging_mixin.py:190} WARNING - /usr/local/lib/python3.8/site-packages/urllib3/connectionpool.py:1099 InsecureRequestWarning: Unverified HTTPS request is being made to host 'b2c-catalog-gateway.c24.tech'. Adding certificate verification is strongly advised. See: https://urllib3.readthedocs.io/en/latest/advanced-usage.html#tls-warnings
[2024-12-06T06:30:52.824+0000] {main.py:53} ERROR - Error processing city_id 149: 'appointmentId'
[2024-12-06T06:30:52.828+0000] {logging_mixin.py:190} WARNING - /usr/local/lib/python3.8/site-packages/urllib3/connectionpool.py:1099 InsecureRequestWarning: Unverified HTTPS request is being made to host 'b2c-catalog-gateway.c24.tech'. Adding certificate verification is strongly advised. See: https://urllib3.readthedocs.io/en/latest/advanced-usage.html#tls-warnings
[2024-12-06T06:30:52.831+0000] {main.py:53} ERROR - Error processing city_id 154: 'appointmentId'
[2024-12-06T06:30:52.836+0000] {logging_mixin.py:190} WARNING - /usr/local/lib/python3.8/site-packages/urllib3/connectionpool.py:1099 InsecureRequestWarning: Unverified HTTPS request is being made to host 'b2c-catalog-gateway.c24.tech'. Adding certificate verification is strongly advised. See: https://urllib3.readthedocs.io/en/latest/advanced-usage.html#tls-warnings
[2024-12-06T06:30:52.838+0000] {main.py:53} ERROR - Error processing city_id 157: 'appointmentId'
[2024-12-06T06:30:52.842+0000] {logging_mixin.py:190} WARNING - /usr/local/lib/python3.8/site-packages/urllib3/connectionpool.py:1099 InsecureRequestWarning: Unverified HTTPS request is being made to host 'b2c-catalog-gateway.c24.tech'. Adding certificate verification is strongly advised. See: https://urllib3.readthedocs.io/en/latest/advanced-usage.html#tls-warnings
[2024-12-06T06:30:52.845+0000] {main.py:53} ERROR - Error processing city_id 173: 'appointmentId'
[2024-12-06T06:30:52.851+0000] {logging_mixin.py:190} WARNING - /usr/local/lib/python3.8/site-packages/urllib3/connectionpool.py:1099 InsecureRequestWarning: Unverified HTTPS request is being made to host 'b2c-catalog-gateway.c24.tech'. Adding certificate verification is strongly advised. See: https://urllib3.readthedocs.io/en/latest/advanced-usage.html#tls-warnings
[2024-12-06T06:30:52.853+0000] {main.py:53} ERROR - Error processing city_id 177: 'appointmentId'
[2024-12-06T06:30:52.856+0000] {logging_mixin.py:190} WARNING - /usr/local/lib/python3.8/site-packages/urllib3/connectionpool.py:1099 InsecureRequestWarning: Unverified HTTPS request is being made to host 'b2c-catalog-gateway.c24.tech'. Adding certificate verification is strongly advised. See: https://urllib3.readthedocs.io/en/latest/advanced-usage.html#tls-warnings
[2024-12-06T06:30:52.859+0000] {main.py:53} ERROR - Error processing city_id 168: 'appointmentId'
[2024-12-06T06:30:52.866+0000] {logging_mixin.py:190} WARNING - /usr/local/lib/python3.8/site-packages/urllib3/connectionpool.py:1099 InsecureRequestWarning: Unverified HTTPS request is being made to host 'b2c-catalog-gateway.c24.tech'. Adding certificate verification is strongly advised. See: https://urllib3.readthedocs.io/en/latest/advanced-usage.html#tls-warnings
[2024-12-06T06:30:52.872+0000] {main.py:53} ERROR - Error processing city_id 156: 'appointmentId'
[2024-12-06T06:30:52.879+0000] {main.py:53} ERROR - Error processing city_id 167: 'appointmentId'
[2024-12-06T06:30:52.880+0000] {main.py:51} INFO - Fetched 132 appointment IDs for city_id 132
[2024-12-06T06:30:52.881+0000] {main.py:51} INFO - Fetched 182 appointment IDs for city_id 134
[2024-12-06T06:30:52.882+0000] {main.py:53} ERROR - Error processing city_id 170: 'appointmentId'
[2024-12-06T06:30:52.882+0000] {main.py:53} ERROR - Error processing city_id 186: 'appointmentId'
[2024-12-06T06:30:52.883+0000] {main.py:53} ERROR - Error processing city_id 180: 'appointmentId'
[2024-12-06T06:30:52.883+0000] {main.py:53} ERROR - Error processing city_id 188: 'appointmentId'
[2024-12-06T06:30:52.894+0000] {main.py:53} ERROR - Error processing city_id 182: 'appointmentId'
[2024-12-06T06:30:52.901+0000] {main.py:53} ERROR - Error processing city_id 187: 'appointmentId'
[2024-12-06T06:30:52.902+0000] {main.py:53} ERROR - Error processing city_id 191: 'appointmentId'
[2024-12-06T06:30:52.909+0000] {main.py:53} ERROR - Error processing city_id 178: 'appointmentId'
[2024-12-06T06:30:52.910+0000] {main.py:53} ERROR - Error processing city_id 181: 'appointmentId'
[2024-12-06T06:30:52.920+0000] {main.py:53} ERROR - Error processing city_id 183: 'appointmentId'
[2024-12-06T06:30:52.928+0000] {main.py:53} ERROR - Error processing city_id 195: 'appointmentId'
[2024-12-06T06:30:52.930+0000] {main.py:53} ERROR - Error processing city_id 194: 'appointmentId'
[2024-12-06T06:30:52.935+0000] {main.py:53} ERROR - Error processing city_id 197: 'appointmentId'
[2024-12-06T06:30:52.939+0000] {main.py:53} ERROR - Error processing city_id 185: 'appointmentId'
[2024-12-06T06:30:52.950+0000] {main.py:53} ERROR - Error processing city_id 184: 'appointmentId'
[2024-12-06T06:30:52.959+0000] {main.py:53} ERROR - Error processing city_id 189: 'appointmentId'
[2024-12-06T06:30:52.962+0000] {main.py:53} ERROR - Error processing city_id 200: 'appointmentId'
[2024-12-06T06:30:52.963+0000] {main.py:53} ERROR - Error processing city_id 192: 'appointmentId'
[2024-12-06T06:30:53.016+0000] {main.py:53} ERROR - Error processing city_id 196: 'appointmentId'
[2024-12-06T06:30:53.036+0000] {main.py:53} ERROR - Error processing city_id 199: 'appointmentId'
[2024-12-06T06:30:53.076+0000] {main.py:53} ERROR - Error processing city_id 193: 'appointmentId'
[2024-12-06T06:30:53.084+0000] {main.py:53} ERROR - Error processing city_id 198: 'appointmentId'
[2024-12-06T06:30:53.395+0000] {main.py:53} ERROR - Error processing city_id 190: 'appointmentId'
[2024-12-06T06:30:53.433+0000] {main.py:193} INFO - Total appointment IDs fetched: 343
[2024-12-06T06:30:53.445+0000] {main.py:196} INFO - Starting Stage 2: Fetching car details
[2024-12-06T06:30:53.452+0000] {main.py:60} INFO - Currently Fetching: 19765231710
[2024-12-06T06:30:53.471+0000] {main.py:60} INFO - Currently Fetching: 18511230753
[2024-12-06T06:30:53.477+0000] {main.py:60} INFO - Currently Fetching: 18510833798
[2024-12-06T06:30:53.477+0000] {main.py:60} INFO - Currently Fetching: 13871537753
[2024-12-06T06:30:53.478+0000] {main.py:60} INFO - Currently Fetching: 25285830740
[2024-12-06T06:30:53.479+0000] {main.py:60} INFO - Currently Fetching: 19799335769
[2024-12-06T06:30:53.487+0000] {main.py:60} INFO - Currently Fetching: 18574836704
[2024-12-06T06:30:53.488+0000] {main.py:60} INFO - Currently Fetching: 18556431738
[2024-12-06T06:30:53.490+0000] {main.py:60} INFO - Currently Fetching: 18549430729
[2024-12-06T06:30:53.494+0000] {main.py:60} INFO - Currently Fetching: 18522823711
[2024-12-06T06:30:53.495+0000] {main.py:60} INFO - Currently Fetching: 18521731723
[2024-12-06T06:30:53.496+0000] {main.py:60} INFO - Currently Fetching: 18509128796
[2024-12-06T06:30:53.519+0000] {main.py:60} INFO - Currently Fetching: 13923735720
[2024-12-06T06:30:53.520+0000] {main.py:60} INFO - Currently Fetching: 13891234767
[2024-12-06T06:30:53.521+0000] {main.py:60} INFO - Currently Fetching: 13890533722
[2024-12-06T06:30:53.521+0000] {main.py:60} INFO - Currently Fetching: 13880127770
[2024-12-06T06:30:53.522+0000] {main.py:60} INFO - Currently Fetching: 13868930761
[2024-12-06T06:30:53.523+0000] {main.py:60} INFO - Currently Fetching: 13859624755
[2024-12-06T06:30:53.524+0000] {main.py:60} INFO - Currently Fetching: 13855830706
[2024-12-06T06:30:53.524+0000] {main.py:60} INFO - Currently Fetching: 13852736703
[2024-12-06T06:30:53.529+0000] {main.py:60} INFO - Currently Fetching: 13849032749
[2024-12-06T06:30:53.530+0000] {main.py:60} INFO - Currently Fetching: 13835938745
[2024-12-06T06:30:53.530+0000] {main.py:60} INFO - Currently Fetching: 13834838706
[2024-12-06T06:30:53.531+0000] {main.py:60} INFO - Currently Fetching: 13831432723
[2024-12-06T06:30:53.532+0000] {main.py:60} INFO - Currently Fetching: 13819330767
[2024-12-06T06:30:53.532+0000] {main.py:60} INFO - Currently Fetching: 13816137726
[2024-12-06T06:30:53.533+0000] {main.py:60} INFO - Currently Fetching: 18580534799
[2024-12-06T06:30:53.533+0000] {main.py:60} INFO - Currently Fetching: 18541224717
[2024-12-06T06:30:53.534+0000] {main.py:60} INFO - Currently Fetching: 13826223719
[2024-12-06T06:30:53.534+0000] {main.py:60} INFO - Currently Fetching: 10552537794
[2024-12-06T06:30:53.535+0000] {main.py:60} INFO - Currently Fetching: 11235134713
[2024-12-06T06:30:55.056+0000] {main.py:60} INFO - Currently Fetching: 10556138783
[2024-12-06T06:30:53.537+0000] {main.py:60} INFO - Currently Fetching: 10176486747
[2024-12-06T06:30:53.560+0000] {main.py:60} INFO - Currently Fetching: 10193681745
[2024-12-06T06:30:53.563+0000] {main.py:60} INFO - Currently Fetching: 10552081723
[2024-12-06T06:30:53.559+0000] {main.py:60} INFO - Currently Fetching: 10592280765
[2024-12-06T06:30:53.564+0000] {main.py:60} INFO - Currently Fetching: 10014783747
[2024-12-06T06:30:53.564+0000] {main.py:60} INFO - Currently Fetching: 10038132710
[2024-12-06T06:30:53.565+0000] {main.py:60} INFO - Currently Fetching: 10587680722
[2024-12-06T06:30:53.566+0000] {main.py:60} INFO - Currently Fetching: 11252731754
[2024-12-06T06:30:53.566+0000] {main.py:60} INFO - Currently Fetching: 10081085700
[2024-12-06T06:30:53.586+0000] {main.py:60} INFO - Currently Fetching: 11289226779
[2024-12-06T06:30:53.586+0000] {main.py:60} INFO - Currently Fetching: 11287028772
[2024-12-06T06:30:53.621+0000] {main.py:60} INFO - Currently Fetching: 11283323718
[2024-12-06T06:30:53.607+0000] {main.py:60} INFO - Currently Fetching: 11286130755
[2024-12-06T06:30:53.623+0000] {main.py:60} INFO - Currently Fetching: 11268132702
[2024-12-06T06:30:53.625+0000] {main.py:60} INFO - Currently Fetching: 11260139782
[2024-12-06T06:30:53.627+0000] {main.py:60} INFO - Currently Fetching: 11255237766
[2024-12-06T06:30:53.630+0000] {main.py:60} INFO - Currently Fetching: 11252932734
[2024-12-06T06:30:53.636+0000] {main.py:60} INFO - Currently Fetching: 11251421711
[2024-12-06T06:30:53.639+0000] {main.py:60} INFO - Currently Fetching: 11249233746
[2024-12-06T06:30:53.642+0000] {main.py:60} INFO - Currently Fetching: 11247952765
[2024-12-06T06:30:53.644+0000] {main.py:60} INFO - Currently Fetching: 11243429750
[2024-12-06T06:30:53.645+0000] {main.py:60} INFO - Currently Fetching: 11241927715
[2024-12-06T06:30:53.646+0000] {main.py:60} INFO - Currently Fetching: 11230630703
[2024-12-06T06:30:53.647+0000] {main.py:60} INFO - Currently Fetching: 11220221776
[2024-12-06T06:30:53.647+0000] {main.py:60} INFO - Currently Fetching: 11219726772
[2024-12-06T06:30:53.648+0000] {main.py:60} INFO - Currently Fetching: 11207221711
[2024-12-06T06:30:53.649+0000] {main.py:60} INFO - Currently Fetching: 11207020716
[2024-12-06T06:30:53.650+0000] {main.py:60} INFO - Currently Fetching: 11206528719
[2024-12-06T06:30:53.650+0000] {main.py:60} INFO - Currently Fetching: 10582937741
[2024-12-06T06:30:53.651+0000] {main.py:60} INFO - Currently Fetching: 10582226718
[2024-12-06T06:30:53.652+0000] {main.py:60} INFO - Currently Fetching: 10580228779
[2024-12-06T06:30:53.655+0000] {main.py:60} INFO - Currently Fetching: 10574425717
[2024-12-06T06:30:53.655+0000] {main.py:60} INFO - Currently Fetching: 10574422710
[2024-12-06T06:30:53.654+0000] {main.py:60} INFO - Currently Fetching: 10577929771
[2024-12-06T06:30:53.657+0000] {main.py:60} INFO - Currently Fetching: 10568129774
[2024-12-06T06:30:53.656+0000] {main.py:60} INFO - Currently Fetching: 10568425777
[2024-12-06T06:30:53.659+0000] {main.py:60} INFO - Currently Fetching: 10564924717
[2024-12-06T06:30:53.661+0000] {main.py:60} INFO - Currently Fetching: 10561727713
[2024-12-06T06:30:53.660+0000] {main.py:60} INFO - Currently Fetching: 10562926756
[2024-12-06T06:30:53.663+0000] {main.py:60} INFO - Currently Fetching: 10559723797
[2024-12-06T06:30:53.664+0000] {main.py:60} INFO - Currently Fetching: 10558022770
[2024-12-06T06:30:53.665+0000] {main.py:60} INFO - Currently Fetching: 10552125778
[2024-12-06T06:30:53.671+0000] {main.py:60} INFO - Currently Fetching: 10551429778
[2024-12-06T06:30:53.691+0000] {main.py:60} INFO - Currently Fetching: 10535133709
[2024-12-06T06:30:53.692+0000] {main.py:60} INFO - Currently Fetching: 10534931706
[2024-12-06T06:30:53.691+0000] {main.py:60} INFO - Currently Fetching: 10547826714
[2024-12-06T06:30:53.693+0000] {main.py:60} INFO - Currently Fetching: 10533454755
[2024-12-06T06:30:53.693+0000] {main.py:60} INFO - Currently Fetching: 10529833740
[2024-12-06T06:30:53.694+0000] {main.py:60} INFO - Currently Fetching: 10528026771
[2024-12-06T06:30:53.694+0000] {main.py:60} INFO - Currently Fetching: 10522227712
[2024-12-06T06:30:53.695+0000] {main.py:60} INFO - Currently Fetching: 10517733763
[2024-12-06T06:30:53.695+0000] {main.py:60} INFO - Currently Fetching: 10513839740
[2024-12-06T06:30:53.696+0000] {main.py:60} INFO - Currently Fetching: 10510032787
[2024-12-06T06:30:53.716+0000] {main.py:60} INFO - Currently Fetching: 10500134743
[2024-12-06T06:30:53.731+0000] {main.py:60} INFO - Currently Fetching: 10500029779
[2024-12-06T06:30:53.736+0000] {main.py:60} INFO - Currently Fetching: 10193425711
[2024-12-06T06:30:53.740+0000] {main.py:60} INFO - Currently Fetching: 10188620771
[2024-12-06T06:30:53.742+0000] {main.py:60} INFO - Currently Fetching: 10186032749
[2024-12-06T06:30:53.743+0000] {main.py:60} INFO - Currently Fetching: 10181030710
[2024-12-06T06:30:53.745+0000] {main.py:60} INFO - Currently Fetching: 10175926713
[2024-12-06T06:30:53.781+0000] {main.py:60} INFO - Currently Fetching: 10164228778
[2024-12-06T06:30:53.792+0000] {main.py:60} INFO - Currently Fetching: 10163420795
[2024-12-06T06:30:53.795+0000] {main.py:60} INFO - Currently Fetching: 10161226773
[2024-12-06T06:30:53.808+0000] {main.py:60} INFO - Currently Fetching: 10155035767
[2024-12-06T06:30:53.836+0000] {main.py:60} INFO - Currently Fetching: 10136526772
[2024-12-06T06:30:53.837+0000] {main.py:60} INFO - Currently Fetching: 10121437705
[2024-12-06T06:30:53.838+0000] {main.py:60} INFO - Currently Fetching: 10120722775
[2024-12-06T06:30:53.839+0000] {main.py:60} INFO - Currently Fetching: 10108823775
[2024-12-06T06:30:53.840+0000] {main.py:60} INFO - Currently Fetching: 10105725756
[2024-12-06T06:30:53.843+0000] {main.py:60} INFO - Currently Fetching: 10105125750
[2024-12-06T06:30:53.863+0000] {main.py:60} INFO - Currently Fetching: 10098522719
[2024-12-06T06:30:53.872+0000] {main.py:60} INFO - Currently Fetching: 10097138735
[2024-12-06T06:30:53.879+0000] {main.py:60} INFO - Currently Fetching: 10089432768
[2024-12-06T06:30:53.883+0000] {main.py:60} INFO - Currently Fetching: 10089327773
[2024-12-06T06:30:53.887+0000] {main.py:60} INFO - Currently Fetching: 10088237769
[2024-12-06T06:30:53.889+0000] {main.py:60} INFO - Currently Fetching: 10085920710
[2024-12-06T06:30:53.892+0000] {main.py:60} INFO - Currently Fetching: 10079627774
[2024-12-06T06:30:53.895+0000] {main.py:60} INFO - Currently Fetching: 10073327776
[2024-12-06T06:30:53.898+0000] {main.py:60} INFO - Currently Fetching: 10069420779
[2024-12-06T06:30:53.900+0000] {main.py:60} INFO - Currently Fetching: 10069420772
[2024-12-06T06:30:53.902+0000] {main.py:60} INFO - Currently Fetching: 10068437798
[2024-12-06T06:30:53.903+0000] {main.py:60} INFO - Currently Fetching: 10067935709
[2024-12-06T06:30:53.905+0000] {main.py:60} INFO - Currently Fetching: 10067128719
[2024-12-06T06:30:53.908+0000] {main.py:60} INFO - Currently Fetching: 10066938762
[2024-12-06T06:30:53.911+0000] {main.py:60} INFO - Currently Fetching: 10062639751
[2024-12-06T06:30:53.914+0000] {main.py:60} INFO - Currently Fetching: 10061436764
[2024-12-06T06:30:53.915+0000] {main.py:60} INFO - Currently Fetching: 10059520719
[2024-12-06T06:30:53.928+0000] {main.py:60} INFO - Currently Fetching: 10057626715
[2024-12-06T06:30:53.986+0000] {main.py:60} INFO - Currently Fetching: 10056220715
[2024-12-06T06:30:53.993+0000] {main.py:60} INFO - Currently Fetching: 10054626717
[2024-12-06T06:30:53.994+0000] {main.py:60} INFO - Currently Fetching: 10054321772
[2024-12-06T06:30:53.995+0000] {main.py:60} INFO - Currently Fetching: 10052929779
[2024-12-06T06:30:53.997+0000] {main.py:60} INFO - Currently Fetching: 10051522754
[2024-12-06T06:30:54.043+0000] {main.py:60} INFO - Currently Fetching: 10049229779
[2024-12-06T06:30:54.069+0000] {main.py:60} INFO - Currently Fetching: 10045723711
[2024-12-06T06:30:54.083+0000] {main.py:60} INFO - Currently Fetching: 10043920719
[2024-12-06T06:30:54.086+0000] {main.py:60} INFO - Currently Fetching: 10039521714
[2024-12-06T06:30:54.087+0000] {main.py:60} INFO - Currently Fetching: 10038239761
[2024-12-06T06:30:54.090+0000] {main.py:60} INFO - Currently Fetching: 10036636765
[2024-12-06T06:30:54.092+0000] {main.py:60} INFO - Currently Fetching: 10028838735
[2024-12-06T06:30:54.093+0000] {main.py:60} INFO - Currently Fetching: 10027537704
[2024-12-06T06:30:54.095+0000] {main.py:60} INFO - Currently Fetching: 10027431730
[2024-12-06T06:30:54.096+0000] {main.py:60} INFO - Currently Fetching: 10026720775
[2024-12-06T06:30:54.118+0000] {main.py:60} INFO - Currently Fetching: 10026538708
[2024-12-06T06:30:54.143+0000] {main.py:60} INFO - Currently Fetching: 10024834734
[2024-12-06T06:30:54.167+0000] {main.py:60} INFO - Currently Fetching: 10024321718
[2024-12-06T06:30:54.178+0000] {main.py:60} INFO - Currently Fetching: 10022337727
[2024-12-06T06:30:54.179+0000] {main.py:60} INFO - Currently Fetching: 10018338740
[2024-12-06T06:30:54.187+0000] {main.py:60} INFO - Currently Fetching: 10015933769
[2024-12-06T06:30:54.191+0000] {main.py:60} INFO - Currently Fetching: 10015732749
[2024-12-06T06:30:54.192+0000] {main.py:60} INFO - Currently Fetching: 10014835786
[2024-12-06T06:30:54.199+0000] {main.py:60} INFO - Currently Fetching: 10011535709
[2024-12-06T06:30:54.201+0000] {main.py:60} INFO - Currently Fetching: 10011530762
[2024-12-06T06:30:54.202+0000] {main.py:60} INFO - Currently Fetching: 10010132792
[2024-12-06T06:30:54.206+0000] {main.py:60} INFO - Currently Fetching: 10001781760
[2024-12-06T06:30:54.217+0000] {main.py:60} INFO - Currently Fetching: 10001330764
[2024-12-06T06:30:54.218+0000] {main.py:60} INFO - Currently Fetching: 11027733737
[2024-12-06T06:30:54.247+0000] {main.py:60} INFO - Currently Fetching: 10028786700
[2024-12-06T06:30:54.250+0000] {main.py:60} INFO - Currently Fetching: 10078283761
[2024-12-06T06:30:54.253+0000] {main.py:60} INFO - Currently Fetching: 10596487782
[2024-12-06T06:30:54.256+0000] {main.py:60} INFO - Currently Fetching: 11240334784
[2024-12-06T06:30:54.260+0000] {main.py:60} INFO - Currently Fetching: 10018481747
[2024-12-06T06:30:54.287+0000] {main.py:60} INFO - Currently Fetching: 10524682768
[2024-12-06T06:30:54.295+0000] {main.py:60} INFO - Currently Fetching: 10112287722
[2024-12-06T06:30:54.298+0000] {main.py:60} INFO - Currently Fetching: 11262821753
[2024-12-06T06:30:54.310+0000] {main.py:60} INFO - Currently Fetching: 11256226797
[2024-12-06T06:30:54.327+0000] {main.py:60} INFO - Currently Fetching: 11239723755
[2024-12-06T06:30:54.360+0000] {main.py:60} INFO - Currently Fetching: 10574221778
[2024-12-06T06:30:54.384+0000] {main.py:60} INFO - Currently Fetching: 10060038702
[2024-12-06T06:30:54.402+0000] {main.py:60} INFO - Currently Fetching: 10041088760
[2024-12-06T06:30:54.426+0000] {main.py:60} INFO - Currently Fetching: 11231289739
[2024-12-06T06:30:54.432+0000] {main.py:60} INFO - Currently Fetching: 10149984766
[2024-12-06T06:30:54.457+0000] {main.py:60} INFO - Currently Fetching: 10002556709
[2024-12-06T06:30:54.702+0000] {main.py:60} INFO - Currently Fetching: 10080038718
[2024-12-06T06:30:54.910+0000] {main.py:60} INFO - Currently Fetching: 10013186742
[2024-12-06T06:30:53.536+0000] {main.py:60} INFO - Currently Fetching: 10553933789
[2024-12-06T06:30:55.069+0000] {main.py:60} INFO - Currently Fetching: 12046785743
[2024-12-06T06:30:55.090+0000] {main.py:60} INFO - Currently Fetching: 11297636762
[2024-12-06T06:30:55.127+0000] {main.py:60} INFO - Currently Fetching: 11297223794
[2024-12-06T06:30:55.140+0000] {main.py:60} INFO - Currently Fetching: 11292239722
[2024-12-06T06:30:55.968+0000] {main.py:60} INFO - Currently Fetching: 11289233757
[2024-12-06T06:30:57.336+0000] {main.py:60} INFO - Currently Fetching: 11284338734
[2024-12-06T06:30:57.736+0000] {main.py:60} INFO - Currently Fetching: 11277323798
[2024-12-06T06:30:56.777+0000] {main.py:60} INFO - Currently Fetching: 11285727772
[2024-12-06T06:30:58.861+0000] {main.py:60} INFO - Currently Fetching: 11276033708
[2024-12-06T06:30:58.999+0000] {main.py:60} INFO - Currently Fetching: 11275634763
[2024-12-06T06:30:59.183+0000] {main.py:60} INFO - Currently Fetching: 11273435708
[2024-12-06T06:30:59.298+0000] {main.py:60} INFO - Currently Fetching: 11260328778
[2024-12-06T06:30:59.258+0000] {main.py:60} INFO - Currently Fetching: 11267835744
[2024-12-06T06:30:59.473+0000] {main.py:60} INFO - Currently Fetching: 11250139748
[2024-12-06T06:30:59.806+0000] {main.py:60} INFO - Currently Fetching: 11246129775
[2024-12-06T06:30:59.839+0000] {main.py:60} INFO - Currently Fetching: 11242236720
[2024-12-06T06:30:59.885+0000] {main.py:60} INFO - Currently Fetching: 11221236727
[2024-12-06T06:31:00.409+0000] {main.py:60} INFO - Currently Fetching: 11210236706
[2024-12-06T06:31:00.415+0000] {main.py:60} INFO - Currently Fetching: 11078336743
[2024-12-06T06:31:00.597+0000] {main.py:60} INFO - Currently Fetching: 11040534761
[2024-12-06T06:31:00.791+0000] {main.py:60} INFO - Currently Fetching: 11040124719
[2024-12-06T06:31:00.835+0000] {main.py:60} INFO - Currently Fetching: 11035733709
[2024-12-06T06:31:00.848+0000] {main.py:60} INFO - Currently Fetching: 11025429773
[2024-12-06T06:31:00.922+0000] {main.py:60} INFO - Currently Fetching: 11007534786
[2024-12-06T06:31:01.048+0000] {main.py:60} INFO - Currently Fetching: 10596431707
[2024-12-06T06:31:01.460+0000] {main.py:60} INFO - Currently Fetching: 10593423716
[2024-12-06T06:31:01.750+0000] {main.py:60} INFO - Currently Fetching: 10591036724
[2024-12-06T06:31:01.770+0000] {main.py:60} INFO - Currently Fetching: 10587231705
[2024-12-06T06:31:01.889+0000] {main.py:60} INFO - Currently Fetching: 10586626792
[2024-12-06T06:31:02.060+0000] {main.py:60} INFO - Currently Fetching: 10585727719
[2024-12-06T06:31:02.080+0000] {main.py:60} INFO - Currently Fetching: 10582722777
[2024-12-06T06:31:02.145+0000] {main.py:60} INFO - Currently Fetching: 10579235782
[2024-12-06T06:31:02.133+0000] {main.py:60} INFO - Currently Fetching: 10580037700
[2024-12-06T06:31:02.197+0000] {main.py:60} INFO - Currently Fetching: 10576834727
[2024-12-06T06:31:02.259+0000] {main.py:60} INFO - Currently Fetching: 10572934727
[2024-12-06T06:31:02.453+0000] {main.py:60} INFO - Currently Fetching: 10572926774
[2024-12-06T06:31:02.753+0000] {main.py:60} INFO - Currently Fetching: 10566034708
[2024-12-06T06:31:02.778+0000] {main.py:60} INFO - Currently Fetching: 10565737765
[2024-12-06T06:31:02.886+0000] {main.py:60} INFO - Currently Fetching: 10558128779
[2024-12-06T06:31:03.137+0000] {main.py:60} INFO - Currently Fetching: 10557936709
[2024-12-06T06:31:03.326+0000] {main.py:60} INFO - Currently Fetching: 10551132764
[2024-12-06T06:31:03.584+0000] {main.py:60} INFO - Currently Fetching: 10551121714
[2024-12-06T06:31:04.540+0000] {main.py:60} INFO - Currently Fetching: 10550536760
[2024-12-06T06:31:04.618+0000] {main.py:60} INFO - Currently Fetching: 10545323776
[2024-12-06T06:31:04.868+0000] {main.py:60} INFO - Currently Fetching: 10544126779
[2024-12-06T06:31:05.526+0000] {main.py:60} INFO - Currently Fetching: 10542624779
[2024-12-06T06:31:05.606+0000] {main.py:60} INFO - Currently Fetching: 10542439743
[2024-12-06T06:31:05.777+0000] {main.py:60} INFO - Currently Fetching: 10539732768
[2024-12-06T06:31:05.798+0000] {main.py:60} INFO - Currently Fetching: 10533525712
[2024-12-06T06:31:05.847+0000] {main.py:60} INFO - Currently Fetching: 10527422719
[2024-12-06T06:31:05.910+0000] {main.py:60} INFO - Currently Fetching: 10523239709
[2024-12-06T06:31:05.932+0000] {main.py:60} INFO - Currently Fetching: 10520033737
[2024-12-06T06:31:07.244+0000] {main.py:60} INFO - Currently Fetching: 10504729792
[2024-12-06T06:31:07.217+0000] {main.py:60} INFO - Currently Fetching: 10508533746
[2024-12-06T06:31:07.609+0000] {main.py:60} INFO - Currently Fetching: 10194520790
[2024-12-06T06:31:07.840+0000] {main.py:60} INFO - Currently Fetching: 10182536706
[2024-12-06T06:31:07.847+0000] {main.py:60} INFO - Currently Fetching: 10161621717
[2024-12-06T06:31:08.040+0000] {main.py:60} INFO - Currently Fetching: 10157828710
[2024-12-06T06:31:10.585+0000] {main.py:60} INFO - Currently Fetching: 10154025775
[2024-12-06T06:31:10.683+0000] {main.py:60} INFO - Currently Fetching: 10150636723
[2024-12-06T06:31:10.774+0000] {main.py:60} INFO - Currently Fetching: 10130723775
[2024-12-06T06:31:10.968+0000] {main.py:60} INFO - Currently Fetching: 10121133742
[2024-12-06T06:31:11.429+0000] {main.py:60} INFO - Currently Fetching: 10105721751
[2024-12-06T06:31:12.414+0000] {main.py:60} INFO - Currently Fetching: 10102239769
[2024-12-06T06:31:13.088+0000] {main.py:60} INFO - Currently Fetching: 10098935765
[2024-12-06T06:31:13.627+0000] {main.py:60} INFO - Currently Fetching: 10098837700
[2024-12-06T06:31:13.922+0000] {main.py:60} INFO - Currently Fetching: 10097732764
[2024-12-06T06:31:14.065+0000] {main.py:60} INFO - Currently Fetching: 10094832764
[2024-12-06T06:31:14.202+0000] {main.py:60} INFO - Currently Fetching: 10094731745
[2024-12-06T06:31:14.357+0000] {main.py:60} INFO - Currently Fetching: 10094621794
[2024-12-06T06:31:15.004+0000] {main.py:60} INFO - Currently Fetching: 10088730702
[2024-12-06T06:31:15.233+0000] {main.py:60} INFO - Currently Fetching: 10086825715
[2024-12-06T06:31:15.557+0000] {main.py:60} INFO - Currently Fetching: 10084629778
[2024-12-06T06:31:16.004+0000] {main.py:60} INFO - Currently Fetching: 10082437708
[2024-12-06T06:31:15.858+0000] {main.py:60} INFO - Currently Fetching: 10084124772
[2024-12-06T06:31:16.202+0000] {main.py:60} INFO - Currently Fetching: 10081130730
[2024-12-06T06:31:16.338+0000] {main.py:60} INFO - Currently Fetching: 10080738742
[2024-12-06T06:31:16.900+0000] {main.py:60} INFO - Currently Fetching: 10080531769
[2024-12-06T06:31:17.038+0000] {main.py:60} INFO - Currently Fetching: 10080123797
[2024-12-06T06:31:17.074+0000] {main.py:60} INFO - Currently Fetching: 10079932702
[2024-12-06T06:31:17.459+0000] {main.py:60} INFO - Currently Fetching: 10079927751
[2024-12-06T06:31:17.554+0000] {main.py:60} INFO - Currently Fetching: 10077329710
[2024-12-06T06:31:17.603+0000] {main.py:60} INFO - Currently Fetching: 10077025775
[2024-12-06T06:31:17.698+0000] {main.py:60} INFO - Currently Fetching: 10076226758
[2024-12-06T06:31:18.027+0000] {main.py:60} INFO - Currently Fetching: 10075525756
[2024-12-06T06:31:19.282+0000] {main.py:60} INFO - Currently Fetching: 10074025777
[2024-12-06T06:31:19.314+0000] {main.py:60} INFO - Currently Fetching: 10070823775
[2024-12-06T06:31:19.499+0000] {main.py:60} INFO - Currently Fetching: 10068826711
[2024-12-06T06:31:19.623+0000] {main.py:60} INFO - Currently Fetching: 10067534748
[2024-12-06T06:31:19.797+0000] {main.py:60} INFO - Currently Fetching: 10066335751
[2024-12-06T06:31:19.835+0000] {main.py:60} INFO - Currently Fetching: 10066024771
[2024-12-06T06:31:19.912+0000] {main.py:60} INFO - Currently Fetching: 10066024719
[2024-12-06T06:31:19.973+0000] {main.py:60} INFO - Currently Fetching: 10064636761
[2024-12-06T06:31:20.095+0000] {main.py:60} INFO - Currently Fetching: 10063735759
[2024-12-06T06:31:20.187+0000] {main.py:60} INFO - Currently Fetching: 10062423712
[2024-12-06T06:31:20.519+0000] {main.py:60} INFO - Currently Fetching: 10061520714
[2024-12-06T06:31:21.186+0000] {main.py:60} INFO - Currently Fetching: 10060229777
[2024-12-06T06:31:21.833+0000] {main.py:60} INFO - Currently Fetching: 10058728773
[2024-12-06T06:31:22.079+0000] {main.py:60} INFO - Currently Fetching: 10056738744
[2024-12-06T06:31:21.947+0000] {main.py:60} INFO - Currently Fetching: 10058431768
[2024-12-06T06:31:22.502+0000] {main.py:60} INFO - Currently Fetching: 10056227774
[2024-12-06T06:31:22.867+0000] {main.py:60} INFO - Currently Fetching: 10055727770
[2024-12-06T06:31:23.030+0000] {main.py:60} INFO - Currently Fetching: 10054738743
[2024-12-06T06:31:23.736+0000] {main.py:60} INFO - Currently Fetching: 10053825776
[2024-12-06T06:31:24.639+0000] {main.py:60} INFO - Currently Fetching: 10053529775
[2024-12-06T06:31:25.272+0000] {main.py:60} INFO - Currently Fetching: 10052924771
[2024-12-06T06:31:26.364+0000] {main.py:60} INFO - Currently Fetching: 10052737761
[2024-12-06T06:31:27.037+0000] {main.py:60} INFO - Currently Fetching: 10052330764
[2024-12-06T06:31:27.296+0000] {main.py:60} INFO - Currently Fetching: 10051622774
[2024-12-06T06:31:27.742+0000] {main.py:60} INFO - Currently Fetching: 10051522771
[2024-12-06T06:31:28.554+0000] {main.py:60} INFO - Currently Fetching: 10051124776
[2024-12-06T06:31:28.755+0000] {main.py:60} INFO - Currently Fetching: 10050323774
[2024-12-06T06:31:29.104+0000] {main.py:60} INFO - Currently Fetching: 10050028778
[2024-12-06T06:31:29.524+0000] {main.py:60} INFO - Currently Fetching: 10049022777
[2024-12-06T06:31:29.948+0000] {main.py:60} INFO - Currently Fetching: 10047728778
[2024-12-06T06:31:30.327+0000] {main.py:60} INFO - Currently Fetching: 10047630738
[2024-12-06T06:31:30.882+0000] {main.py:60} INFO - Currently Fetching: 10045539755
[2024-12-06T06:31:31.336+0000] {main.py:60} INFO - Currently Fetching: 10043637737
[2024-12-06T06:31:31.039+0000] {main.py:60} INFO - Currently Fetching: 10044020776
[2024-12-06T06:31:31.431+0000] {main.py:60} INFO - Currently Fetching: 10043426777
[2024-12-06T06:31:33.389+0000] {main.py:60} INFO - Currently Fetching: 10041633748
[2024-12-06T06:31:34.094+0000] {main.py:60} INFO - Currently Fetching: 10039533740
[2024-12-06T06:31:33.965+0000] {main.py:60} INFO - Currently Fetching: 10040825797
[2024-12-06T06:31:35.964+0000] {main.py:60} INFO - Currently Fetching: 10038720777
[2024-12-06T06:31:36.720+0000] {main.py:60} INFO - Currently Fetching: 10037936765
[2024-12-06T06:31:38.039+0000] {main.py:60} INFO - Currently Fetching: 10036837701
[2024-12-06T06:31:38.056+0000] {main.py:60} INFO - Currently Fetching: 10036023771
[2024-12-06T06:31:38.546+0000] {main.py:60} INFO - Currently Fetching: 10035620710
[2024-12-06T06:31:38.841+0000] {main.py:60} INFO - Currently Fetching: 10034881740
[2024-12-06T06:31:38.884+0000] {main.py:60} INFO - Currently Fetching: 10034738733
[2024-12-06T06:31:38.950+0000] {main.py:60} INFO - Currently Fetching: 10034234732
[2024-12-06T06:31:39.138+0000] {main.py:60} INFO - Currently Fetching: 10034124776
[2024-12-06T06:31:39.524+0000] {main.py:60} INFO - Currently Fetching: 10033023714
[2024-12-06T06:31:40.034+0000] {main.py:60} INFO - Currently Fetching: 10030922710
[2024-12-06T06:31:39.857+0000] {main.py:60} INFO - Currently Fetching: 10032424719
[2024-12-06T06:31:42.290+0000] {main.py:60} INFO - Currently Fetching: 10026928791
[2024-12-06T06:31:42.339+0000] {main.py:60} INFO - Currently Fetching: 10026524713
[2024-12-06T06:31:45.003+0000] {main.py:60} INFO - Currently Fetching: 10026434758
[2024-12-06T06:31:46.354+0000] {main.py:60} INFO - Currently Fetching: 10021237762
[2024-12-06T06:31:47.163+0000] {main.py:60} INFO - Currently Fetching: 10021234738
[2024-12-06T06:31:47.653+0000] {main.py:60} INFO - Currently Fetching: 10019628779
[2024-12-06T06:31:48.883+0000] {main.py:60} INFO - Currently Fetching: 10017325773
[2024-12-06T06:31:50.304+0000] {main.py:60} INFO - Currently Fetching: 10015426753
[2024-12-06T06:31:55.482+0000] {main.py:60} INFO - Currently Fetching: 10013221797
[2024-12-06T06:31:53.666+0000] {main.py:60} INFO - Currently Fetching: 10014728775
[2024-12-06T06:31:56.145+0000] {main.py:60} INFO - Currently Fetching: 10012231703
[2024-12-06T06:31:58.916+0000] {main.py:60} INFO - Currently Fetching: 10011221712
[2024-12-06T06:31:59.724+0000] {main.py:60} INFO - Currently Fetching: 10009021793
[2024-12-06T06:31:59.738+0000] {main.py:60} INFO - Currently Fetching: 10007934760
[2024-12-06T06:32:02.040+0000] {main.py:60} INFO - Currently Fetching: 10007021778
[2024-12-06T06:32:03.380+0000] {main.py:60} INFO - Currently Fetching: 10005323712
[2024-12-06T06:32:04.268+0000] {main.py:60} INFO - Currently Fetching: 10004833746
[2024-12-06T06:32:07.195+0000] {main.py:60} INFO - Currently Fetching: 10003326797
[2024-12-06T06:32:09.354+0000] {main.py:60} INFO - Currently Fetching: 10003128717
[2024-12-06T06:32:10.475+0000] {main.py:60} INFO - Currently Fetching: 10002721770
[2024-12-06T06:32:11.237+0000] {main.py:60} INFO - Currently Fetching: 10002132765
[2024-12-06T06:32:12.997+0000] {main.py:60} INFO - Currently Fetching: 10002038729
[2024-12-06T06:32:13.739+0000] {main.py:60} INFO - Currently Fetching: 10001131761
[2024-12-06T06:32:14.961+0000] {main.py:60} INFO - Currently Fetching: 10000931700
[2024-12-06T06:32:16.014+0000] {main.py:60} INFO - Currently Fetching: 10082837731
[2024-12-06T06:32:16.069+0000] {main.py:60} INFO - Currently Fetching: 10001231792
[2024-12-06T06:32:16.958+0000] {main.py:60} INFO - Currently Fetching: 10063189722
[2024-12-06T06:32:17.610+0000] {main.py:60} INFO - Currently Fetching: 10077382748
[2024-12-06T06:32:17.805+0000] {main.py:60} INFO - Currently Fetching: 11267025777
[2024-12-06T06:32:21.457+0000] {main.py:60} INFO - Currently Fetching: 11216639785
[2024-12-06T06:32:24.085+0000] {main.py:60} INFO - Currently Fetching: 10593633761
[2024-12-06T06:32:27.206+0000] {main.py:60} INFO - Currently Fetching: 10511238743
[2024-12-06T06:32:25.236+0000] {main.py:60} INFO - Currently Fetching: 10573627750
[2024-12-06T06:32:28.107+0000] {main.py:60} INFO - Currently Fetching: 10098427771
[2024-12-06T06:32:28.076+0000] {main.py:60} INFO - Currently Fetching: 10099224798
[2024-12-06T06:32:28.161+0000] {main.py:60} INFO - Currently Fetching: 10068728776
[2024-12-06T06:32:28.732+0000] {main.py:60} INFO - Currently Fetching: 10050320716
[2024-12-06T06:32:28.991+0000] {main.py:60} INFO - Currently Fetching: 10023236705
[2024-12-06T06:32:29.028+0000] {main.py:60} INFO - Currently Fetching: 10011127775
[2024-12-06T06:32:29.101+0000] {main.py:60} INFO - Currently Fetching: 10004020777
[2024-12-06T06:41:03.374+0000] {python.py:240} INFO - Done. Returned value was: None
[2024-12-06T06:41:05.550+0000] {taskinstance.py:340} INFO - ::group::Post task execution logs
[2024-12-06T06:41:05.584+0000] {taskinstance.py:352} INFO - Marking task as SUCCESS. dag_id=cars24_etl_pipeline, task_id=combined_extract, run_id=manual__2024-12-06T06:30:16.189503+00:00, execution_date=20241206T063016, start_date=20241206T063044, end_date=20241206T064105
[2024-12-06T06:41:05.857+0000] {logging_mixin.py:190} INFO - Task instance in success state
[2024-12-06T06:41:05.866+0000] {logging_mixin.py:190} INFO -  Previous state of the Task instance: running
[2024-12-06T06:41:05.873+0000] {logging_mixin.py:190} INFO - Dag name:cars24_etl_pipeline queued_at:2024-12-06 06:30:16.531232+00:00
[2024-12-06T06:41:05.883+0000] {logging_mixin.py:190} INFO - Task hostname:252cdb13a655 operator:PythonOperator
[2024-12-06T06:41:08.502+0000] {local_task_job_runner.py:266} INFO - Task exited with return code 0
[2024-12-06T06:41:09.326+0000] {taskinstance.py:3895} INFO - 0 downstream tasks scheduled from follow-on schedule check
[2024-12-06T06:41:09.337+0000] {local_task_job_runner.py:245} INFO - ::endgroup::
