[2024-12-05T13:52:31.574+0000] {local_task_job_runner.py:123} INFO - ::group::Pre task execution logs
[2024-12-05T13:52:31.617+0000] {taskinstance.py:2613} INFO - Dependencies all met for dep_context=non-requeueable deps ti=<TaskInstance: cars24_etl_pipeline.extract_stage_1 manual__2024-12-05T13:52:08.070862+00:00 [queued]>
[2024-12-05T13:52:31.632+0000] {taskinstance.py:2613} INFO - Dependencies all met for dep_context=requeueable deps ti=<TaskInstance: cars24_etl_pipeline.extract_stage_1 manual__2024-12-05T13:52:08.070862+00:00 [queued]>
[2024-12-05T13:52:31.633+0000] {taskinstance.py:2866} INFO - Starting attempt 1 of 4
[2024-12-05T13:52:31.716+0000] {taskinstance.py:2889} INFO - Executing <Task(PythonOperator): extract_stage_1> on 2024-12-05 13:52:08.070862+00:00
[2024-12-05T13:52:31.809+0000] {standard_task_runner.py:72} INFO - Started process 250 to run task
[2024-12-05T13:52:31.910+0000] {standard_task_runner.py:104} INFO - Running: ['airflow', 'tasks', 'run', 'cars24_etl_pipeline', 'extract_stage_1', 'manual__2024-12-05T13:52:08.070862+00:00', '--job-id', '2', '--raw', '--subdir', 'DAGS_FOLDER/cars24_api_etl_pipeline.py', '--cfg-path', '/tmp/tmpbzn8ro09']
[2024-12-05T13:52:31.914+0000] {standard_task_runner.py:105} INFO - Job 2: Subtask extract_stage_1
[2024-12-05T13:52:33.444+0000] {task_command.py:467} INFO - Running <TaskInstance: cars24_etl_pipeline.extract_stage_1 manual__2024-12-05T13:52:08.070862+00:00 [running]> on host 6df944eb0d55
[2024-12-05T13:52:33.859+0000] {taskinstance.py:3132} INFO - Exporting env vars: AIRFLOW_CTX_DAG_OWNER='airflow' AIRFLOW_CTX_DAG_ID='cars24_etl_pipeline' AIRFLOW_CTX_TASK_ID='extract_stage_1' AIRFLOW_CTX_EXECUTION_DATE='2024-12-05T13:52:08.070862+00:00' AIRFLOW_CTX_TRY_NUMBER='1' AIRFLOW_CTX_DAG_RUN_ID='manual__2024-12-05T13:52:08.070862+00:00'
[2024-12-05T13:52:33.881+0000] {logging_mixin.py:190} INFO - Task instance is in running state
[2024-12-05T13:52:33.882+0000] {logging_mixin.py:190} INFO -  Previous state of the Task instance: queued
[2024-12-05T13:52:33.883+0000] {logging_mixin.py:190} INFO - Current task name:extract_stage_1 state:running start_date:2024-12-05 13:52:31.618154+00:00
[2024-12-05T13:52:33.884+0000] {logging_mixin.py:190} INFO - Dag name:cars24_etl_pipeline and current dag run status:running
[2024-12-05T13:52:33.887+0000] {taskinstance.py:731} INFO - ::endgroup::
[2024-12-05T13:52:33.897+0000] {cars24_api_etl_pipeline.py:29} INFO - Starting Extract Stage 1 with city IDs: range(150, 200)
[2024-12-05T13:52:34.002+0000] {cars24_api_extract1.py:92} INFO - Appointment ID extraction started
[2024-12-05T13:52:34.009+0000] {logging_mixin.py:190} INFO - 150
[2024-12-05T13:52:34.012+0000] {logging_mixin.py:190} INFO - 151
[2024-12-05T13:52:34.027+0000] {logging_mixin.py:190} INFO - 152
[2024-12-05T13:52:34.044+0000] {logging_mixin.py:190} INFO - 153
[2024-12-05T13:52:34.055+0000] {logging_mixin.py:190} INFO - 154
[2024-12-05T13:52:34.059+0000] {logging_mixin.py:190} INFO - 155
[2024-12-05T13:52:34.126+0000] {logging_mixin.py:190} INFO - 156
[2024-12-05T13:52:34.178+0000] {logging_mixin.py:190} INFO - 159
[2024-12-05T13:52:34.161+0000] {logging_mixin.py:190} INFO - 158
[2024-12-05T13:52:34.148+0000] {logging_mixin.py:190} INFO - 157
[2024-12-05T13:52:34.203+0000] {logging_mixin.py:190} INFO - 162
[2024-12-05T13:52:34.184+0000] {logging_mixin.py:190} INFO - 160
[2024-12-05T13:52:34.198+0000] {logging_mixin.py:190} INFO - 161
[2024-12-05T13:52:34.234+0000] {logging_mixin.py:190} INFO - 163
[2024-12-05T13:52:34.235+0000] {logging_mixin.py:190} INFO - 164
[2024-12-05T13:52:34.255+0000] {logging_mixin.py:190} INFO - 165
[2024-12-05T13:52:34.268+0000] {logging_mixin.py:190} INFO - 166
[2024-12-05T13:52:34.272+0000] {logging_mixin.py:190} INFO - 167
[2024-12-05T13:52:34.278+0000] {logging_mixin.py:190} INFO - 168
[2024-12-05T13:52:34.295+0000] {logging_mixin.py:190} INFO - 169
[2024-12-05T13:52:34.305+0000] {logging_mixin.py:190} INFO - 170
[2024-12-05T13:52:34.320+0000] {logging_mixin.py:190} INFO - 171
[2024-12-05T13:52:34.332+0000] {logging_mixin.py:190} INFO - 172
[2024-12-05T13:52:34.345+0000] {logging_mixin.py:190} INFO - 173
[2024-12-05T13:52:34.385+0000] {logging_mixin.py:190} INFO - 174
[2024-12-05T13:52:34.387+0000] {logging_mixin.py:190} INFO - 175
[2024-12-05T13:52:34.409+0000] {logging_mixin.py:190} INFO - 176
[2024-12-05T13:52:34.423+0000] {logging_mixin.py:190} INFO - 177
[2024-12-05T13:52:34.468+0000] {logging_mixin.py:190} INFO - 178
[2024-12-05T13:52:34.476+0000] {logging_mixin.py:190} INFO - 179
[2024-12-05T13:52:34.599+0000] {logging_mixin.py:190} INFO - 180
[2024-12-05T13:52:34.627+0000] {logging_mixin.py:190} INFO - 181
[2024-12-05T13:52:34.636+0000] {logging_mixin.py:190} INFO - 182
[2024-12-05T13:52:34.638+0000] {logging_mixin.py:190} INFO - 183
[2024-12-05T13:52:34.660+0000] {logging_mixin.py:190} INFO - 184
[2024-12-05T13:52:34.666+0000] {logging_mixin.py:190} INFO - 185
[2024-12-05T13:52:34.669+0000] {logging_mixin.py:190} INFO - 186
[2024-12-05T13:52:34.684+0000] {logging_mixin.py:190} INFO - 187
[2024-12-05T13:52:34.687+0000] {logging_mixin.py:190} INFO - 188
[2024-12-05T13:52:34.695+0000] {logging_mixin.py:190} INFO - 190
[2024-12-05T13:52:34.703+0000] {logging_mixin.py:190} INFO - 189
[2024-12-05T13:52:34.714+0000] {logging_mixin.py:190} INFO - 191
[2024-12-05T13:52:34.712+0000] {logging_mixin.py:190} INFO - 192
[2024-12-05T13:52:34.751+0000] {logging_mixin.py:190} INFO - 193
[2024-12-05T13:52:34.771+0000] {logging_mixin.py:190} INFO - 194
[2024-12-05T13:52:34.777+0000] {logging_mixin.py:190} INFO - 195
[2024-12-05T13:52:34.782+0000] {logging_mixin.py:190} INFO - 196
[2024-12-05T13:52:34.795+0000] {logging_mixin.py:190} INFO - 197
[2024-12-05T13:52:34.801+0000] {logging_mixin.py:190} INFO - 199
[2024-12-05T13:52:34.801+0000] {logging_mixin.py:190} INFO - 198
[2024-12-05T13:52:36.991+0000] {logging_mixin.py:190} WARNING - /usr/local/lib/python3.8/site-packages/urllib3/connectionpool.py:1099 InsecureRequestWarning: Unverified HTTPS request is being made to host 'b2c-catalog-gateway.c24.tech'. Adding certificate verification is strongly advised. See: https://urllib3.readthedocs.io/en/latest/advanced-usage.html#tls-warnings
[2024-12-05T13:52:36.992+0000] {logging_mixin.py:190} WARNING - /usr/local/lib/python3.8/site-packages/urllib3/connectionpool.py:1099 InsecureRequestWarning: Unverified HTTPS request is being made to host 'b2c-catalog-gateway.c24.tech'. Adding certificate verification is strongly advised. See: https://urllib3.readthedocs.io/en/latest/advanced-usage.html#tls-warnings
[2024-12-05T13:52:37.006+0000] {logging_mixin.py:190} WARNING - /usr/local/lib/python3.8/site-packages/urllib3/connectionpool.py:1099 InsecureRequestWarning: Unverified HTTPS request is being made to host 'b2c-catalog-gateway.c24.tech'. Adding certificate verification is strongly advised. See: https://urllib3.readthedocs.io/en/latest/advanced-usage.html#tls-warnings
[2024-12-05T13:52:37.009+0000] {logging_mixin.py:190} WARNING - /usr/local/lib/python3.8/site-packages/urllib3/connectionpool.py:1099 InsecureRequestWarning: Unverified HTTPS request is being made to host 'b2c-catalog-gateway.c24.tech'. Adding certificate verification is strongly advised. See: https://urllib3.readthedocs.io/en/latest/advanced-usage.html#tls-warnings
[2024-12-05T13:52:37.032+0000] {logging_mixin.py:190} WARNING - /usr/local/lib/python3.8/site-packages/urllib3/connectionpool.py:1099 InsecureRequestWarning: Unverified HTTPS request is being made to host 'b2c-catalog-gateway.c24.tech'. Adding certificate verification is strongly advised. See: https://urllib3.readthedocs.io/en/latest/advanced-usage.html#tls-warnings
[2024-12-05T13:52:37.041+0000] {logging_mixin.py:190} WARNING - /usr/local/lib/python3.8/site-packages/urllib3/connectionpool.py:1099 InsecureRequestWarning: Unverified HTTPS request is being made to host 'b2c-catalog-gateway.c24.tech'. Adding certificate verification is strongly advised. See: https://urllib3.readthedocs.io/en/latest/advanced-usage.html#tls-warnings
[2024-12-05T13:52:37.054+0000] {logging_mixin.py:190} WARNING - /usr/local/lib/python3.8/site-packages/urllib3/connectionpool.py:1099 InsecureRequestWarning: Unverified HTTPS request is being made to host 'b2c-catalog-gateway.c24.tech'. Adding certificate verification is strongly advised. See: https://urllib3.readthedocs.io/en/latest/advanced-usage.html#tls-warnings
[2024-12-05T13:52:37.066+0000] {logging_mixin.py:190} WARNING - /usr/local/lib/python3.8/site-packages/urllib3/connectionpool.py:1099 InsecureRequestWarning: Unverified HTTPS request is being made to host 'b2c-catalog-gateway.c24.tech'. Adding certificate verification is strongly advised. See: https://urllib3.readthedocs.io/en/latest/advanced-usage.html#tls-warnings
[2024-12-05T13:52:37.072+0000] {logging_mixin.py:190} WARNING - /usr/local/lib/python3.8/site-packages/urllib3/connectionpool.py:1099 InsecureRequestWarning: Unverified HTTPS request is being made to host 'b2c-catalog-gateway.c24.tech'. Adding certificate verification is strongly advised. See: https://urllib3.readthedocs.io/en/latest/advanced-usage.html#tls-warnings
[2024-12-05T13:52:37.147+0000] {logging_mixin.py:190} WARNING - /usr/local/lib/python3.8/site-packages/urllib3/connectionpool.py:1099 InsecureRequestWarning: Unverified HTTPS request is being made to host 'b2c-catalog-gateway.c24.tech'. Adding certificate verification is strongly advised. See: https://urllib3.readthedocs.io/en/latest/advanced-usage.html#tls-warnings
[2024-12-05T13:52:37.171+0000] {logging_mixin.py:190} WARNING - /usr/local/lib/python3.8/site-packages/urllib3/connectionpool.py:1099 InsecureRequestWarning: Unverified HTTPS request is being made to host 'b2c-catalog-gateway.c24.tech'. Adding certificate verification is strongly advised. See: https://urllib3.readthedocs.io/en/latest/advanced-usage.html#tls-warnings
[2024-12-05T13:52:37.203+0000] {logging_mixin.py:190} WARNING - /usr/local/lib/python3.8/site-packages/urllib3/connectionpool.py:1099 InsecureRequestWarning: Unverified HTTPS request is being made to host 'b2c-catalog-gateway.c24.tech'. Adding certificate verification is strongly advised. See: https://urllib3.readthedocs.io/en/latest/advanced-usage.html#tls-warnings
[2024-12-05T13:52:37.338+0000] {logging_mixin.py:190} WARNING - /usr/local/lib/python3.8/site-packages/urllib3/connectionpool.py:1099 InsecureRequestWarning: Unverified HTTPS request is being made to host 'b2c-catalog-gateway.c24.tech'. Adding certificate verification is strongly advised. See: https://urllib3.readthedocs.io/en/latest/advanced-usage.html#tls-warnings
[2024-12-05T13:52:37.403+0000] {logging_mixin.py:190} WARNING - /usr/local/lib/python3.8/site-packages/urllib3/connectionpool.py:1099 InsecureRequestWarning: Unverified HTTPS request is being made to host 'b2c-catalog-gateway.c24.tech'. Adding certificate verification is strongly advised. See: https://urllib3.readthedocs.io/en/latest/advanced-usage.html#tls-warnings
[2024-12-05T13:52:37.454+0000] {logging_mixin.py:190} WARNING - /usr/local/lib/python3.8/site-packages/urllib3/connectionpool.py:1099 InsecureRequestWarning: Unverified HTTPS request is being made to host 'b2c-catalog-gateway.c24.tech'. Adding certificate verification is strongly advised. See: https://urllib3.readthedocs.io/en/latest/advanced-usage.html#tls-warnings
[2024-12-05T13:52:37.594+0000] {logging_mixin.py:190} WARNING - /usr/local/lib/python3.8/site-packages/urllib3/connectionpool.py:1099 InsecureRequestWarning: Unverified HTTPS request is being made to host 'b2c-catalog-gateway.c24.tech'. Adding certificate verification is strongly advised. See: https://urllib3.readthedocs.io/en/latest/advanced-usage.html#tls-warnings
[2024-12-05T13:52:37.607+0000] {logging_mixin.py:190} WARNING - /usr/local/lib/python3.8/site-packages/urllib3/connectionpool.py:1099 InsecureRequestWarning: Unverified HTTPS request is being made to host 'b2c-catalog-gateway.c24.tech'. Adding certificate verification is strongly advised. See: https://urllib3.readthedocs.io/en/latest/advanced-usage.html#tls-warnings
[2024-12-05T13:52:37.611+0000] {logging_mixin.py:190} WARNING - /usr/local/lib/python3.8/site-packages/urllib3/connectionpool.py:1099 InsecureRequestWarning: Unverified HTTPS request is being made to host 'b2c-catalog-gateway.c24.tech'. Adding certificate verification is strongly advised. See: https://urllib3.readthedocs.io/en/latest/advanced-usage.html#tls-warnings
[2024-12-05T13:52:37.621+0000] {logging_mixin.py:190} WARNING - /usr/local/lib/python3.8/site-packages/urllib3/connectionpool.py:1099 InsecureRequestWarning: Unverified HTTPS request is being made to host 'b2c-catalog-gateway.c24.tech'. Adding certificate verification is strongly advised. See: https://urllib3.readthedocs.io/en/latest/advanced-usage.html#tls-warnings
[2024-12-05T13:52:37.625+0000] {logging_mixin.py:190} WARNING - /usr/local/lib/python3.8/site-packages/urllib3/connectionpool.py:1099 InsecureRequestWarning: Unverified HTTPS request is being made to host 'b2c-catalog-gateway.c24.tech'. Adding certificate verification is strongly advised. See: https://urllib3.readthedocs.io/en/latest/advanced-usage.html#tls-warnings
[2024-12-05T13:52:37.631+0000] {logging_mixin.py:190} WARNING - /usr/local/lib/python3.8/site-packages/urllib3/connectionpool.py:1099 InsecureRequestWarning: Unverified HTTPS request is being made to host 'b2c-catalog-gateway.c24.tech'. Adding certificate verification is strongly advised. See: https://urllib3.readthedocs.io/en/latest/advanced-usage.html#tls-warnings
[2024-12-05T13:52:37.633+0000] {logging_mixin.py:190} WARNING - /usr/local/lib/python3.8/site-packages/urllib3/connectionpool.py:1099 InsecureRequestWarning: Unverified HTTPS request is being made to host 'b2c-catalog-gateway.c24.tech'. Adding certificate verification is strongly advised. See: https://urllib3.readthedocs.io/en/latest/advanced-usage.html#tls-warnings
[2024-12-05T13:52:37.637+0000] {logging_mixin.py:190} WARNING - /usr/local/lib/python3.8/site-packages/urllib3/connectionpool.py:1099 InsecureRequestWarning: Unverified HTTPS request is being made to host 'b2c-catalog-gateway.c24.tech'. Adding certificate verification is strongly advised. See: https://urllib3.readthedocs.io/en/latest/advanced-usage.html#tls-warnings
[2024-12-05T13:52:37.640+0000] {logging_mixin.py:190} WARNING - /usr/local/lib/python3.8/site-packages/urllib3/connectionpool.py:1099 InsecureRequestWarning: Unverified HTTPS request is being made to host 'b2c-catalog-gateway.c24.tech'. Adding certificate verification is strongly advised. See: https://urllib3.readthedocs.io/en/latest/advanced-usage.html#tls-warnings
[2024-12-05T13:52:37.642+0000] {logging_mixin.py:190} WARNING - /usr/local/lib/python3.8/site-packages/urllib3/connectionpool.py:1099 InsecureRequestWarning: Unverified HTTPS request is being made to host 'b2c-catalog-gateway.c24.tech'. Adding certificate verification is strongly advised. See: https://urllib3.readthedocs.io/en/latest/advanced-usage.html#tls-warnings
[2024-12-05T13:52:37.648+0000] {logging_mixin.py:190} WARNING - /usr/local/lib/python3.8/site-packages/urllib3/connectionpool.py:1099 InsecureRequestWarning: Unverified HTTPS request is being made to host 'b2c-catalog-gateway.c24.tech'. Adding certificate verification is strongly advised. See: https://urllib3.readthedocs.io/en/latest/advanced-usage.html#tls-warnings
[2024-12-05T13:52:37.652+0000] {logging_mixin.py:190} WARNING - /usr/local/lib/python3.8/site-packages/urllib3/connectionpool.py:1099 InsecureRequestWarning: Unverified HTTPS request is being made to host 'b2c-catalog-gateway.c24.tech'. Adding certificate verification is strongly advised. See: https://urllib3.readthedocs.io/en/latest/advanced-usage.html#tls-warnings
[2024-12-05T13:52:37.654+0000] {logging_mixin.py:190} WARNING - /usr/local/lib/python3.8/site-packages/urllib3/connectionpool.py:1099 InsecureRequestWarning: Unverified HTTPS request is being made to host 'b2c-catalog-gateway.c24.tech'. Adding certificate verification is strongly advised. See: https://urllib3.readthedocs.io/en/latest/advanced-usage.html#tls-warnings
[2024-12-05T13:52:37.657+0000] {logging_mixin.py:190} WARNING - /usr/local/lib/python3.8/site-packages/urllib3/connectionpool.py:1099 InsecureRequestWarning: Unverified HTTPS request is being made to host 'b2c-catalog-gateway.c24.tech'. Adding certificate verification is strongly advised. See: https://urllib3.readthedocs.io/en/latest/advanced-usage.html#tls-warnings
[2024-12-05T13:52:37.665+0000] {logging_mixin.py:190} WARNING - /usr/local/lib/python3.8/site-packages/urllib3/connectionpool.py:1099 InsecureRequestWarning: Unverified HTTPS request is being made to host 'b2c-catalog-gateway.c24.tech'. Adding certificate verification is strongly advised. See: https://urllib3.readthedocs.io/en/latest/advanced-usage.html#tls-warnings
[2024-12-05T13:52:37.669+0000] {logging_mixin.py:190} WARNING - /usr/local/lib/python3.8/site-packages/urllib3/connectionpool.py:1099 InsecureRequestWarning: Unverified HTTPS request is being made to host 'b2c-catalog-gateway.c24.tech'. Adding certificate verification is strongly advised. See: https://urllib3.readthedocs.io/en/latest/advanced-usage.html#tls-warnings
[2024-12-05T13:52:37.673+0000] {logging_mixin.py:190} WARNING - /usr/local/lib/python3.8/site-packages/urllib3/connectionpool.py:1099 InsecureRequestWarning: Unverified HTTPS request is being made to host 'b2c-catalog-gateway.c24.tech'. Adding certificate verification is strongly advised. See: https://urllib3.readthedocs.io/en/latest/advanced-usage.html#tls-warnings
[2024-12-05T13:52:37.681+0000] {logging_mixin.py:190} WARNING - /usr/local/lib/python3.8/site-packages/urllib3/connectionpool.py:1099 InsecureRequestWarning: Unverified HTTPS request is being made to host 'b2c-catalog-gateway.c24.tech'. Adding certificate verification is strongly advised. See: https://urllib3.readthedocs.io/en/latest/advanced-usage.html#tls-warnings
[2024-12-05T13:52:37.692+0000] {logging_mixin.py:190} WARNING - /usr/local/lib/python3.8/site-packages/urllib3/connectionpool.py:1099 InsecureRequestWarning: Unverified HTTPS request is being made to host 'b2c-catalog-gateway.c24.tech'. Adding certificate verification is strongly advised. See: https://urllib3.readthedocs.io/en/latest/advanced-usage.html#tls-warnings
[2024-12-05T13:52:37.700+0000] {logging_mixin.py:190} WARNING - /usr/local/lib/python3.8/site-packages/urllib3/connectionpool.py:1099 InsecureRequestWarning: Unverified HTTPS request is being made to host 'b2c-catalog-gateway.c24.tech'. Adding certificate verification is strongly advised. See: https://urllib3.readthedocs.io/en/latest/advanced-usage.html#tls-warnings
[2024-12-05T13:52:37.718+0000] {logging_mixin.py:190} WARNING - /usr/local/lib/python3.8/site-packages/urllib3/connectionpool.py:1099 InsecureRequestWarning: Unverified HTTPS request is being made to host 'b2c-catalog-gateway.c24.tech'. Adding certificate verification is strongly advised. See: https://urllib3.readthedocs.io/en/latest/advanced-usage.html#tls-warnings
[2024-12-05T13:52:37.749+0000] {logging_mixin.py:190} WARNING - /usr/local/lib/python3.8/site-packages/urllib3/connectionpool.py:1099 InsecureRequestWarning: Unverified HTTPS request is being made to host 'b2c-catalog-gateway.c24.tech'. Adding certificate verification is strongly advised. See: https://urllib3.readthedocs.io/en/latest/advanced-usage.html#tls-warnings
[2024-12-05T13:52:37.872+0000] {logging_mixin.py:190} WARNING - /usr/local/lib/python3.8/site-packages/urllib3/connectionpool.py:1099 InsecureRequestWarning: Unverified HTTPS request is being made to host 'b2c-catalog-gateway.c24.tech'. Adding certificate verification is strongly advised. See: https://urllib3.readthedocs.io/en/latest/advanced-usage.html#tls-warnings
[2024-12-05T13:52:37.888+0000] {logging_mixin.py:190} WARNING - /usr/local/lib/python3.8/site-packages/urllib3/connectionpool.py:1099 InsecureRequestWarning: Unverified HTTPS request is being made to host 'b2c-catalog-gateway.c24.tech'. Adding certificate verification is strongly advised. See: https://urllib3.readthedocs.io/en/latest/advanced-usage.html#tls-warnings
[2024-12-05T13:52:37.919+0000] {logging_mixin.py:190} WARNING - /usr/local/lib/python3.8/site-packages/urllib3/connectionpool.py:1099 InsecureRequestWarning: Unverified HTTPS request is being made to host 'b2c-catalog-gateway.c24.tech'. Adding certificate verification is strongly advised. See: https://urllib3.readthedocs.io/en/latest/advanced-usage.html#tls-warnings
[2024-12-05T13:52:37.928+0000] {logging_mixin.py:190} WARNING - /usr/local/lib/python3.8/site-packages/urllib3/connectionpool.py:1099 InsecureRequestWarning: Unverified HTTPS request is being made to host 'b2c-catalog-gateway.c24.tech'. Adding certificate verification is strongly advised. See: https://urllib3.readthedocs.io/en/latest/advanced-usage.html#tls-warnings
[2024-12-05T13:52:37.937+0000] {logging_mixin.py:190} WARNING - /usr/local/lib/python3.8/site-packages/urllib3/connectionpool.py:1099 InsecureRequestWarning: Unverified HTTPS request is being made to host 'b2c-catalog-gateway.c24.tech'. Adding certificate verification is strongly advised. See: https://urllib3.readthedocs.io/en/latest/advanced-usage.html#tls-warnings
[2024-12-05T13:52:37.940+0000] {logging_mixin.py:190} WARNING - /usr/local/lib/python3.8/site-packages/urllib3/connectionpool.py:1099 InsecureRequestWarning: Unverified HTTPS request is being made to host 'b2c-catalog-gateway.c24.tech'. Adding certificate verification is strongly advised. See: https://urllib3.readthedocs.io/en/latest/advanced-usage.html#tls-warnings
[2024-12-05T13:52:37.944+0000] {logging_mixin.py:190} WARNING - /usr/local/lib/python3.8/site-packages/urllib3/connectionpool.py:1099 InsecureRequestWarning: Unverified HTTPS request is being made to host 'b2c-catalog-gateway.c24.tech'. Adding certificate verification is strongly advised. See: https://urllib3.readthedocs.io/en/latest/advanced-usage.html#tls-warnings
[2024-12-05T13:52:37.951+0000] {logging_mixin.py:190} WARNING - /usr/local/lib/python3.8/site-packages/urllib3/connectionpool.py:1099 InsecureRequestWarning: Unverified HTTPS request is being made to host 'b2c-catalog-gateway.c24.tech'. Adding certificate verification is strongly advised. See: https://urllib3.readthedocs.io/en/latest/advanced-usage.html#tls-warnings
[2024-12-05T13:52:37.962+0000] {logging_mixin.py:190} WARNING - /usr/local/lib/python3.8/site-packages/urllib3/connectionpool.py:1099 InsecureRequestWarning: Unverified HTTPS request is being made to host 'b2c-catalog-gateway.c24.tech'. Adding certificate verification is strongly advised. See: https://urllib3.readthedocs.io/en/latest/advanced-usage.html#tls-warnings
[2024-12-05T13:52:37.968+0000] {logging_mixin.py:190} WARNING - /usr/local/lib/python3.8/site-packages/urllib3/connectionpool.py:1099 InsecureRequestWarning: Unverified HTTPS request is being made to host 'b2c-catalog-gateway.c24.tech'. Adding certificate verification is strongly advised. See: https://urllib3.readthedocs.io/en/latest/advanced-usage.html#tls-warnings
[2024-12-05T13:52:37.977+0000] {logging_mixin.py:190} WARNING - /usr/local/lib/python3.8/site-packages/urllib3/connectionpool.py:1099 InsecureRequestWarning: Unverified HTTPS request is being made to host 'b2c-catalog-gateway.c24.tech'. Adding certificate verification is strongly advised. See: https://urllib3.readthedocs.io/en/latest/advanced-usage.html#tls-warnings
[2024-12-05T13:52:37.983+0000] {logging_mixin.py:190} WARNING - /usr/local/lib/python3.8/site-packages/urllib3/connectionpool.py:1099 InsecureRequestWarning: Unverified HTTPS request is being made to host 'b2c-catalog-gateway.c24.tech'. Adding certificate verification is strongly advised. See: https://urllib3.readthedocs.io/en/latest/advanced-usage.html#tls-warnings
[2024-12-05T13:52:37.990+0000] {logging_mixin.py:190} WARNING - /usr/local/lib/python3.8/site-packages/urllib3/connectionpool.py:1099 InsecureRequestWarning: Unverified HTTPS request is being made to host 'b2c-catalog-gateway.c24.tech'. Adding certificate verification is strongly advised. See: https://urllib3.readthedocs.io/en/latest/advanced-usage.html#tls-warnings
[2024-12-05T13:52:38.208+0000] {cars24_api_extract1.py:102} INFO - Appointment ID extraction finished
[2024-12-05T13:52:41.202+0000] {cars24_api_extract1.py:107} INFO - Data saved to /app/output/cars24_stage1_output.xlsx
[2024-12-05T13:52:41.204+0000] {python.py:240} INFO - Done. Returned value was: Empty DataFrame
Columns: []
Index: []
[2024-12-05T13:52:41.668+0000] {taskinstance.py:340} INFO - ::group::Post task execution logs
[2024-12-05T13:52:41.669+0000] {taskinstance.py:352} INFO - Marking task as SUCCESS. dag_id=cars24_etl_pipeline, task_id=extract_stage_1, run_id=manual__2024-12-05T13:52:08.070862+00:00, execution_date=20241205T135208, start_date=20241205T135231, end_date=20241205T135241
[2024-12-05T13:52:41.700+0000] {logging_mixin.py:190} INFO - Task instance in success state
[2024-12-05T13:52:41.701+0000] {logging_mixin.py:190} INFO -  Previous state of the Task instance: running
[2024-12-05T13:52:41.702+0000] {logging_mixin.py:190} INFO - Dag name:cars24_etl_pipeline queued_at:2024-12-05 13:52:08.210478+00:00
[2024-12-05T13:52:41.703+0000] {logging_mixin.py:190} INFO - Task hostname:6df944eb0d55 operator:PythonOperator
[2024-12-05T13:52:41.722+0000] {local_task_job_runner.py:266} INFO - Task exited with return code 0
[2024-12-05T13:52:41.784+0000] {taskinstance.py:3895} INFO - 1 downstream tasks scheduled from follow-on schedule check
[2024-12-05T13:52:41.794+0000] {local_task_job_runner.py:245} INFO - ::endgroup::
