[2024-12-07T18:17:20.774+0000] {local_task_job_runner.py:123} INFO - ::group::Pre task execution logs
[2024-12-07T18:17:20.826+0000] {taskinstance.py:2613} INFO - Dependencies all met for dep_context=non-requeueable deps ti=<TaskInstance: cars24_etl_pipeline.check_raw_data_file manual__2024-12-07T18:08:25.330674+00:00 [queued]>
[2024-12-07T18:17:20.842+0000] {taskinstance.py:2613} INFO - Dependencies all met for dep_context=requeueable deps ti=<TaskInstance: cars24_etl_pipeline.check_raw_data_file manual__2024-12-07T18:08:25.330674+00:00 [queued]>
[2024-12-07T18:17:20.843+0000] {taskinstance.py:2866} INFO - Starting attempt 1 of 2
[2024-12-07T18:17:20.897+0000] {taskinstance.py:2889} INFO - Executing <Task(FileSensor): check_raw_data_file> on 2024-12-07 18:08:25.330674+00:00
[2024-12-07T18:17:20.930+0000] {standard_task_runner.py:72} INFO - Started process 420 to run task
[2024-12-07T18:17:21.058+0000] {standard_task_runner.py:104} INFO - Running: ['airflow', 'tasks', 'run', 'cars24_etl_pipeline', 'check_raw_data_file', 'manual__2024-12-07T18:08:25.330674+00:00', '--job-id', '6', '--raw', '--subdir', 'DAGS_FOLDER/etl_dag.py', '--cfg-path', '/tmp/tmp5d2ofaex']
[2024-12-07T18:17:21.061+0000] {standard_task_runner.py:105} INFO - Job 6: Subtask check_raw_data_file
[2024-12-07T18:17:26.087+0000] {task_command.py:467} INFO - Running <TaskInstance: cars24_etl_pipeline.check_raw_data_file manual__2024-12-07T18:08:25.330674+00:00 [running]> on host bc0ae7fc4eec
[2024-12-07T18:17:27.208+0000] {taskinstance.py:3132} INFO - Exporting env vars: AIRFLOW_CTX_DAG_OWNER='airflow' AIRFLOW_CTX_DAG_ID='cars24_etl_pipeline' AIRFLOW_CTX_TASK_ID='check_raw_data_file' AIRFLOW_CTX_EXECUTION_DATE='2024-12-07T18:08:25.330674+00:00' AIRFLOW_CTX_TRY_NUMBER='1' AIRFLOW_CTX_DAG_RUN_ID='manual__2024-12-07T18:08:25.330674+00:00'
[2024-12-07T18:17:27.267+0000] {logging_mixin.py:190} INFO - Task instance is in running state
[2024-12-07T18:17:27.269+0000] {logging_mixin.py:190} INFO -  Previous state of the Task instance: queued
[2024-12-07T18:17:27.274+0000] {logging_mixin.py:190} INFO - Current task name:check_raw_data_file state:running start_date:2024-12-07 18:17:20.827313+00:00
[2024-12-07T18:17:27.277+0000] {logging_mixin.py:190} INFO - Dag name:cars24_etl_pipeline and current dag run status:running
[2024-12-07T18:17:27.280+0000] {taskinstance.py:731} INFO - ::endgroup::
[2024-12-07T18:17:27.293+0000] {baseoperator.py:416} WARNING - FileSensor.execute cannot be called outside TaskInstance!
[2024-12-07T18:17:27.389+0000] {base.py:84} INFO - Retrieving connection 'fs_default'
[2024-12-07T18:17:27.392+0000] {filesystem.py:109} INFO - Poking for file /app/output/cars24_raw_data.xlsx
[2024-12-07T18:17:27.409+0000] {filesystem.py:113} INFO - Found File /app/output/cars24_raw_data.xlsx last modified: 20241207181612
[2024-12-07T18:17:27.411+0000] {base.py:336} INFO - Success criteria met. Exiting.
[2024-12-07T18:17:27.412+0000] {filesystem.py:109} INFO - Poking for file /app/output/cars24_raw_data.xlsx
[2024-12-07T18:17:27.428+0000] {filesystem.py:113} INFO - Found File /app/output/cars24_raw_data.xlsx last modified: 20241207181612
[2024-12-07T18:17:27.469+0000] {taskinstance.py:340} INFO - ::group::Post task execution logs
[2024-12-07T18:17:27.471+0000] {taskinstance.py:352} INFO - Marking task as SUCCESS. dag_id=cars24_etl_pipeline, task_id=check_raw_data_file, run_id=manual__2024-12-07T18:08:25.330674+00:00, execution_date=20241207T180825, start_date=20241207T181720, end_date=20241207T181727
[2024-12-07T18:17:27.584+0000] {logging_mixin.py:190} INFO - Task instance in success state
[2024-12-07T18:17:27.586+0000] {logging_mixin.py:190} INFO -  Previous state of the Task instance: running
[2024-12-07T18:17:27.588+0000] {logging_mixin.py:190} INFO - Dag name:cars24_etl_pipeline queued_at:2024-12-07 18:08:26.939578+00:00
[2024-12-07T18:17:27.589+0000] {logging_mixin.py:190} INFO - Task hostname:bc0ae7fc4eec operator:FileSensor
[2024-12-07T18:17:27.641+0000] {local_task_job_runner.py:266} INFO - Task exited with return code 0
[2024-12-07T18:17:27.797+0000] {taskinstance.py:3895} INFO - 1 downstream tasks scheduled from follow-on schedule check
[2024-12-07T18:17:28.120+0000] {local_task_job_runner.py:245} INFO - ::endgroup::
