[2024-12-07T18:23:51.052+0000] {local_task_job_runner.py:123} INFO - ::group::Pre task execution logs
[2024-12-07T18:23:51.135+0000] {taskinstance.py:2613} INFO - Dependencies all met for dep_context=non-requeueable deps ti=<TaskInstance: cars24_etl_pipeline.check_transformed_data_file manual__2024-12-07T18:08:25.330674+00:00 [queued]>
[2024-12-07T18:23:51.167+0000] {taskinstance.py:2613} INFO - Dependencies all met for dep_context=requeueable deps ti=<TaskInstance: cars24_etl_pipeline.check_transformed_data_file manual__2024-12-07T18:08:25.330674+00:00 [queued]>
[2024-12-07T18:23:51.168+0000] {taskinstance.py:2866} INFO - Starting attempt 1 of 2
[2024-12-07T18:23:51.204+0000] {taskinstance.py:2889} INFO - Executing <Task(FileSensor): check_transformed_data_file> on 2024-12-07 18:08:25.330674+00:00
[2024-12-07T18:23:51.213+0000] {standard_task_runner.py:72} INFO - Started process 607 to run task
[2024-12-07T18:23:51.221+0000] {standard_task_runner.py:104} INFO - Running: ['airflow', 'tasks', 'run', 'cars24_etl_pipeline', 'check_transformed_data_file', 'manual__2024-12-07T18:08:25.330674+00:00', '--job-id', '9', '--raw', '--subdir', 'DAGS_FOLDER/etl_dag.py', '--cfg-path', '/tmp/tmpvf1wceoh']
[2024-12-07T18:23:51.222+0000] {standard_task_runner.py:105} INFO - Job 9: Subtask check_transformed_data_file
[2024-12-07T18:23:51.343+0000] {task_command.py:467} INFO - Running <TaskInstance: cars24_etl_pipeline.check_transformed_data_file manual__2024-12-07T18:08:25.330674+00:00 [running]> on host bc0ae7fc4eec
[2024-12-07T18:23:51.516+0000] {taskinstance.py:3132} INFO - Exporting env vars: AIRFLOW_CTX_DAG_OWNER='airflow' AIRFLOW_CTX_DAG_ID='cars24_etl_pipeline' AIRFLOW_CTX_TASK_ID='check_transformed_data_file' AIRFLOW_CTX_EXECUTION_DATE='2024-12-07T18:08:25.330674+00:00' AIRFLOW_CTX_TRY_NUMBER='1' AIRFLOW_CTX_DAG_RUN_ID='manual__2024-12-07T18:08:25.330674+00:00'
[2024-12-07T18:23:51.520+0000] {logging_mixin.py:190} INFO - Task instance is in running state
[2024-12-07T18:23:51.521+0000] {logging_mixin.py:190} INFO -  Previous state of the Task instance: queued
[2024-12-07T18:23:51.522+0000] {logging_mixin.py:190} INFO - Current task name:check_transformed_data_file state:running start_date:2024-12-07 18:23:51.136418+00:00
[2024-12-07T18:23:51.522+0000] {logging_mixin.py:190} INFO - Dag name:cars24_etl_pipeline and current dag run status:running
[2024-12-07T18:23:51.523+0000] {taskinstance.py:731} INFO - ::endgroup::
[2024-12-07T18:23:51.524+0000] {baseoperator.py:416} WARNING - FileSensor.execute cannot be called outside TaskInstance!
[2024-12-07T18:23:51.536+0000] {base.py:84} INFO - Retrieving connection 'fs_default'
[2024-12-07T18:23:51.537+0000] {filesystem.py:109} INFO - Poking for file /app/output/cars24_transformed_data.xlsx
[2024-12-07T18:23:51.541+0000] {filesystem.py:113} INFO - Found File /app/output/cars24_transformed_data.xlsx last modified: 20241207182335
[2024-12-07T18:23:51.542+0000] {base.py:336} INFO - Success criteria met. Exiting.
[2024-12-07T18:23:51.542+0000] {filesystem.py:109} INFO - Poking for file /app/output/cars24_transformed_data.xlsx
[2024-12-07T18:23:51.550+0000] {filesystem.py:113} INFO - Found File /app/output/cars24_transformed_data.xlsx last modified: 20241207182335
[2024-12-07T18:23:51.557+0000] {taskinstance.py:340} INFO - ::group::Post task execution logs
[2024-12-07T18:23:51.558+0000] {taskinstance.py:352} INFO - Marking task as SUCCESS. dag_id=cars24_etl_pipeline, task_id=check_transformed_data_file, run_id=manual__2024-12-07T18:08:25.330674+00:00, execution_date=20241207T180825, start_date=20241207T182351, end_date=20241207T182351
[2024-12-07T18:23:51.598+0000] {logging_mixin.py:190} INFO - Task instance in success state
[2024-12-07T18:23:51.600+0000] {logging_mixin.py:190} INFO -  Previous state of the Task instance: running
[2024-12-07T18:23:51.601+0000] {logging_mixin.py:190} INFO - Dag name:cars24_etl_pipeline queued_at:2024-12-07 18:08:26.939578+00:00
[2024-12-07T18:23:51.602+0000] {logging_mixin.py:190} INFO - Task hostname:bc0ae7fc4eec operator:FileSensor
[2024-12-07T18:23:51.635+0000] {local_task_job_runner.py:266} INFO - Task exited with return code 0
[2024-12-07T18:23:51.655+0000] {taskinstance.py:3895} INFO - 0 downstream tasks scheduled from follow-on schedule check
[2024-12-07T18:23:51.657+0000] {local_task_job_runner.py:245} INFO - ::endgroup::
