[2024-12-06T04:15:59.980+0000] {local_task_job_runner.py:123} INFO - ::group::Pre task execution logs
[2024-12-06T04:16:00.153+0000] {taskinstance.py:2613} INFO - Dependencies all met for dep_context=non-requeueable deps ti=<TaskInstance: cars24_etl_pipeline.combined_extract manual__2024-12-06T04:15:27.398411+00:00 [queued]>
[2024-12-06T04:16:00.202+0000] {taskinstance.py:2613} INFO - Dependencies all met for dep_context=requeueable deps ti=<TaskInstance: cars24_etl_pipeline.combined_extract manual__2024-12-06T04:15:27.398411+00:00 [queued]>
[2024-12-06T04:16:00.214+0000] {taskinstance.py:2866} INFO - Starting attempt 1 of 4
[2024-12-06T04:16:00.328+0000] {taskinstance.py:2889} INFO - Executing <Task(PythonOperator): combined_extract> on 2024-12-06 04:15:27.398411+00:00
[2024-12-06T04:16:00.373+0000] {standard_task_runner.py:72} INFO - Started process 27441 to run task
[2024-12-06T04:16:00.530+0000] {standard_task_runner.py:104} INFO - Running: ['airflow', 'tasks', 'run', 'cars24_etl_pipeline', 'combined_extract', 'manual__2024-12-06T04:15:27.398411+00:00', '--job-id', '2', '--raw', '--subdir', 'DAGS_FOLDER/cars24_api_etl_pipeline.py', '--cfg-path', '/tmp/tmpgk_0zswv']
[2024-12-06T04:16:00.555+0000] {standard_task_runner.py:105} INFO - Job 2: Subtask combined_extract
[2024-12-06T04:16:03.278+0000] {task_command.py:467} INFO - Running <TaskInstance: cars24_etl_pipeline.combined_extract manual__2024-12-06T04:15:27.398411+00:00 [running]> on host 252cdb13a655
[2024-12-06T04:16:03.718+0000] {taskinstance.py:3132} INFO - Exporting env vars: AIRFLOW_CTX_DAG_OWNER='airflow' AIRFLOW_CTX_DAG_ID='cars24_etl_pipeline' AIRFLOW_CTX_TASK_ID='combined_extract' AIRFLOW_CTX_EXECUTION_DATE='2024-12-06T04:15:27.398411+00:00' AIRFLOW_CTX_TRY_NUMBER='1' AIRFLOW_CTX_DAG_RUN_ID='manual__2024-12-06T04:15:27.398411+00:00'
[2024-12-06T04:16:03.744+0000] {logging_mixin.py:190} INFO - Task instance is in running state
[2024-12-06T04:16:03.745+0000] {logging_mixin.py:190} INFO -  Previous state of the Task instance: queued
[2024-12-06T04:16:03.746+0000] {logging_mixin.py:190} INFO - Current task name:combined_extract state:running start_date:2024-12-06 04:16:00.163751+00:00
[2024-12-06T04:16:03.746+0000] {logging_mixin.py:190} INFO - Dag name:cars24_etl_pipeline and current dag run status:running
[2024-12-06T04:16:03.751+0000] {taskinstance.py:731} INFO - ::endgroup::
[2024-12-06T04:16:03.769+0000] {cars24_api_etl_pipeline.py:65} INFO - Starting combined Extract Stage 1 and Stage 2
[2024-12-06T04:16:03.770+0000] {main.py:190} INFO - Starting Stage 1: Fetching appointment IDs
[2024-12-06T04:16:08.064+0000] {logging_mixin.py:190} WARNING - /usr/local/lib/python3.8/site-packages/urllib3/connectionpool.py:1099 InsecureRequestWarning: Unverified HTTPS request is being made to host 'b2c-catalog-gateway.c24.tech'. Adding certificate verification is strongly advised. See: https://urllib3.readthedocs.io/en/latest/advanced-usage.html#tls-warnings
[2024-12-06T04:16:08.140+0000] {logging_mixin.py:190} WARNING - /usr/local/lib/python3.8/site-packages/urllib3/connectionpool.py:1099 InsecureRequestWarning: Unverified HTTPS request is being made to host 'b2c-catalog-gateway.c24.tech'. Adding certificate verification is strongly advised. See: https://urllib3.readthedocs.io/en/latest/advanced-usage.html#tls-warnings
[2024-12-06T04:16:08.232+0000] {logging_mixin.py:190} WARNING - /usr/local/lib/python3.8/site-packages/urllib3/connectionpool.py:1099 InsecureRequestWarning: Unverified HTTPS request is being made to host 'b2c-catalog-gateway.c24.tech'. Adding certificate verification is strongly advised. See: https://urllib3.readthedocs.io/en/latest/advanced-usage.html#tls-warnings
[2024-12-06T04:16:14.041+0000] {logging_mixin.py:190} WARNING - /usr/local/lib/python3.8/site-packages/urllib3/connectionpool.py:1099 InsecureRequestWarning: Unverified HTTPS request is being made to host 'b2c-catalog-gateway.c24.tech'. Adding certificate verification is strongly advised. See: https://urllib3.readthedocs.io/en/latest/advanced-usage.html#tls-warnings
[2024-12-06T04:16:14.075+0000] {logging_mixin.py:190} WARNING - /usr/local/lib/python3.8/site-packages/urllib3/connectionpool.py:1099 InsecureRequestWarning: Unverified HTTPS request is being made to host 'b2c-catalog-gateway.c24.tech'. Adding certificate verification is strongly advised. See: https://urllib3.readthedocs.io/en/latest/advanced-usage.html#tls-warnings
[2024-12-06T04:16:14.092+0000] {logging_mixin.py:190} WARNING - /usr/local/lib/python3.8/site-packages/urllib3/connectionpool.py:1099 InsecureRequestWarning: Unverified HTTPS request is being made to host 'b2c-catalog-gateway.c24.tech'. Adding certificate verification is strongly advised. See: https://urllib3.readthedocs.io/en/latest/advanced-usage.html#tls-warnings
[2024-12-06T04:16:14.141+0000] {logging_mixin.py:190} WARNING - /usr/local/lib/python3.8/site-packages/urllib3/connectionpool.py:1099 InsecureRequestWarning: Unverified HTTPS request is being made to host 'b2c-catalog-gateway.c24.tech'. Adding certificate verification is strongly advised. See: https://urllib3.readthedocs.io/en/latest/advanced-usage.html#tls-warnings
[2024-12-06T04:16:14.131+0000] {logging_mixin.py:190} WARNING - /usr/local/lib/python3.8/site-packages/urllib3/connectionpool.py:1099 InsecureRequestWarning: Unverified HTTPS request is being made to host 'b2c-catalog-gateway.c24.tech'. Adding certificate verification is strongly advised. See: https://urllib3.readthedocs.io/en/latest/advanced-usage.html#tls-warnings
[2024-12-06T04:16:14.174+0000] {logging_mixin.py:190} WARNING - /usr/local/lib/python3.8/site-packages/urllib3/connectionpool.py:1099 InsecureRequestWarning: Unverified HTTPS request is being made to host 'b2c-catalog-gateway.c24.tech'. Adding certificate verification is strongly advised. See: https://urllib3.readthedocs.io/en/latest/advanced-usage.html#tls-warnings
[2024-12-06T04:16:14.184+0000] {main.py:53} ERROR - Error processing city_id 131: 'appointmentId'
[2024-12-06T04:16:14.190+0000] {logging_mixin.py:190} WARNING - /usr/local/lib/python3.8/site-packages/urllib3/connectionpool.py:1099 InsecureRequestWarning: Unverified HTTPS request is being made to host 'b2c-catalog-gateway.c24.tech'. Adding certificate verification is strongly advised. See: https://urllib3.readthedocs.io/en/latest/advanced-usage.html#tls-warnings
[2024-12-06T04:16:14.194+0000] {logging_mixin.py:190} WARNING - /usr/local/lib/python3.8/site-packages/urllib3/connectionpool.py:1099 InsecureRequestWarning: Unverified HTTPS request is being made to host 'b2c-catalog-gateway.c24.tech'. Adding certificate verification is strongly advised. See: https://urllib3.readthedocs.io/en/latest/advanced-usage.html#tls-warnings
[2024-12-06T04:16:14.198+0000] {logging_mixin.py:190} WARNING - /usr/local/lib/python3.8/site-packages/urllib3/connectionpool.py:1099 InsecureRequestWarning: Unverified HTTPS request is being made to host 'b2c-catalog-gateway.c24.tech'. Adding certificate verification is strongly advised. See: https://urllib3.readthedocs.io/en/latest/advanced-usage.html#tls-warnings
[2024-12-06T04:16:14.201+0000] {logging_mixin.py:190} WARNING - /usr/local/lib/python3.8/site-packages/urllib3/connectionpool.py:1099 InsecureRequestWarning: Unverified HTTPS request is being made to host 'b2c-catalog-gateway.c24.tech'. Adding certificate verification is strongly advised. See: https://urllib3.readthedocs.io/en/latest/advanced-usage.html#tls-warnings
[2024-12-06T04:16:14.234+0000] {logging_mixin.py:190} WARNING - /usr/local/lib/python3.8/site-packages/urllib3/connectionpool.py:1099 InsecureRequestWarning: Unverified HTTPS request is being made to host 'b2c-catalog-gateway.c24.tech'. Adding certificate verification is strongly advised. See: https://urllib3.readthedocs.io/en/latest/advanced-usage.html#tls-warnings
[2024-12-06T04:16:14.243+0000] {main.py:53} ERROR - Error processing city_id 150: 'appointmentId'
[2024-12-06T04:16:14.250+0000] {main.py:53} ERROR - Error processing city_id 158: 'appointmentId'
[2024-12-06T04:16:14.248+0000] {logging_mixin.py:190} WARNING - /usr/local/lib/python3.8/site-packages/urllib3/connectionpool.py:1099 InsecureRequestWarning: Unverified HTTPS request is being made to host 'b2c-catalog-gateway.c24.tech'. Adding certificate verification is strongly advised. See: https://urllib3.readthedocs.io/en/latest/advanced-usage.html#tls-warnings
[2024-12-06T04:16:14.244+0000] {logging_mixin.py:190} WARNING - /usr/local/lib/python3.8/site-packages/urllib3/connectionpool.py:1099 InsecureRequestWarning: Unverified HTTPS request is being made to host 'b2c-catalog-gateway.c24.tech'. Adding certificate verification is strongly advised. See: https://urllib3.readthedocs.io/en/latest/advanced-usage.html#tls-warnings
[2024-12-06T04:16:14.260+0000] {logging_mixin.py:190} WARNING - /usr/local/lib/python3.8/site-packages/urllib3/connectionpool.py:1099 InsecureRequestWarning: Unverified HTTPS request is being made to host 'b2c-catalog-gateway.c24.tech'. Adding certificate verification is strongly advised. See: https://urllib3.readthedocs.io/en/latest/advanced-usage.html#tls-warnings
[2024-12-06T04:16:14.265+0000] {logging_mixin.py:190} WARNING - /usr/local/lib/python3.8/site-packages/urllib3/connectionpool.py:1099 InsecureRequestWarning: Unverified HTTPS request is being made to host 'b2c-catalog-gateway.c24.tech'. Adding certificate verification is strongly advised. See: https://urllib3.readthedocs.io/en/latest/advanced-usage.html#tls-warnings
[2024-12-06T04:16:14.268+0000] {logging_mixin.py:190} WARNING - /usr/local/lib/python3.8/site-packages/urllib3/connectionpool.py:1099 InsecureRequestWarning: Unverified HTTPS request is being made to host 'b2c-catalog-gateway.c24.tech'. Adding certificate verification is strongly advised. See: https://urllib3.readthedocs.io/en/latest/advanced-usage.html#tls-warnings
[2024-12-06T04:16:14.276+0000] {logging_mixin.py:190} WARNING - /usr/local/lib/python3.8/site-packages/urllib3/connectionpool.py:1099 InsecureRequestWarning: Unverified HTTPS request is being made to host 'b2c-catalog-gateway.c24.tech'. Adding certificate verification is strongly advised. See: https://urllib3.readthedocs.io/en/latest/advanced-usage.html#tls-warnings
[2024-12-06T04:16:14.280+0000] {main.py:53} ERROR - Error processing city_id 169: 'appointmentId'
[2024-12-06T04:16:14.283+0000] {logging_mixin.py:190} WARNING - /usr/local/lib/python3.8/site-packages/urllib3/connectionpool.py:1099 InsecureRequestWarning: Unverified HTTPS request is being made to host 'b2c-catalog-gateway.c24.tech'. Adding certificate verification is strongly advised. See: https://urllib3.readthedocs.io/en/latest/advanced-usage.html#tls-warnings
[2024-12-06T04:16:14.285+0000] {logging_mixin.py:190} WARNING - /usr/local/lib/python3.8/site-packages/urllib3/connectionpool.py:1099 InsecureRequestWarning: Unverified HTTPS request is being made to host 'b2c-catalog-gateway.c24.tech'. Adding certificate verification is strongly advised. See: https://urllib3.readthedocs.io/en/latest/advanced-usage.html#tls-warnings
[2024-12-06T04:16:14.297+0000] {main.py:53} ERROR - Error processing city_id 139: 'appointmentId'
[2024-12-06T04:16:14.305+0000] {logging_mixin.py:190} WARNING - /usr/local/lib/python3.8/site-packages/urllib3/connectionpool.py:1099 InsecureRequestWarning: Unverified HTTPS request is being made to host 'b2c-catalog-gateway.c24.tech'. Adding certificate verification is strongly advised. See: https://urllib3.readthedocs.io/en/latest/advanced-usage.html#tls-warnings
[2024-12-06T04:16:14.322+0000] {logging_mixin.py:190} WARNING - /usr/local/lib/python3.8/site-packages/urllib3/connectionpool.py:1099 InsecureRequestWarning: Unverified HTTPS request is being made to host 'b2c-catalog-gateway.c24.tech'. Adding certificate verification is strongly advised. See: https://urllib3.readthedocs.io/en/latest/advanced-usage.html#tls-warnings
[2024-12-06T04:16:14.312+0000] {main.py:53} ERROR - Error processing city_id 130: Expecting value: line 1 column 1 (char 0)
[2024-12-06T04:16:14.306+0000] {logging_mixin.py:190} WARNING - /usr/local/lib/python3.8/site-packages/urllib3/connectionpool.py:1099 InsecureRequestWarning: Unverified HTTPS request is being made to host 'b2c-catalog-gateway.c24.tech'. Adding certificate verification is strongly advised. See: https://urllib3.readthedocs.io/en/latest/advanced-usage.html#tls-warnings
[2024-12-06T04:16:14.327+0000] {logging_mixin.py:190} WARNING - /usr/local/lib/python3.8/site-packages/urllib3/connectionpool.py:1099 InsecureRequestWarning: Unverified HTTPS request is being made to host 'b2c-catalog-gateway.c24.tech'. Adding certificate verification is strongly advised. See: https://urllib3.readthedocs.io/en/latest/advanced-usage.html#tls-warnings
[2024-12-06T04:16:14.328+0000] {main.py:53} ERROR - Error processing city_id 147: 'appointmentId'
[2024-12-06T04:16:14.338+0000] {logging_mixin.py:190} WARNING - /usr/local/lib/python3.8/site-packages/urllib3/connectionpool.py:1099 InsecureRequestWarning: Unverified HTTPS request is being made to host 'b2c-catalog-gateway.c24.tech'. Adding certificate verification is strongly advised. See: https://urllib3.readthedocs.io/en/latest/advanced-usage.html#tls-warnings
[2024-12-06T04:16:14.341+0000] {logging_mixin.py:190} WARNING - /usr/local/lib/python3.8/site-packages/urllib3/connectionpool.py:1099 InsecureRequestWarning: Unverified HTTPS request is being made to host 'b2c-catalog-gateway.c24.tech'. Adding certificate verification is strongly advised. See: https://urllib3.readthedocs.io/en/latest/advanced-usage.html#tls-warnings
[2024-12-06T04:16:14.350+0000] {main.py:53} ERROR - Error processing city_id 123: Expecting value: line 1 column 1 (char 0)
[2024-12-06T04:16:14.356+0000] {logging_mixin.py:190} WARNING - /usr/local/lib/python3.8/site-packages/urllib3/connectionpool.py:1099 InsecureRequestWarning: Unverified HTTPS request is being made to host 'b2c-catalog-gateway.c24.tech'. Adding certificate verification is strongly advised. See: https://urllib3.readthedocs.io/en/latest/advanced-usage.html#tls-warnings
[2024-12-06T04:16:14.360+0000] {logging_mixin.py:190} WARNING - /usr/local/lib/python3.8/site-packages/urllib3/connectionpool.py:1099 InsecureRequestWarning: Unverified HTTPS request is being made to host 'b2c-catalog-gateway.c24.tech'. Adding certificate verification is strongly advised. See: https://urllib3.readthedocs.io/en/latest/advanced-usage.html#tls-warnings
[2024-12-06T04:16:14.362+0000] {main.py:53} ERROR - Error processing city_id 187: 'appointmentId'
[2024-12-06T04:16:14.366+0000] {logging_mixin.py:190} WARNING - /usr/local/lib/python3.8/site-packages/urllib3/connectionpool.py:1099 InsecureRequestWarning: Unverified HTTPS request is being made to host 'b2c-catalog-gateway.c24.tech'. Adding certificate verification is strongly advised. See: https://urllib3.readthedocs.io/en/latest/advanced-usage.html#tls-warnings
[2024-12-06T04:16:14.369+0000] {logging_mixin.py:190} WARNING - /usr/local/lib/python3.8/site-packages/urllib3/connectionpool.py:1099 InsecureRequestWarning: Unverified HTTPS request is being made to host 'b2c-catalog-gateway.c24.tech'. Adding certificate verification is strongly advised. See: https://urllib3.readthedocs.io/en/latest/advanced-usage.html#tls-warnings
[2024-12-06T04:16:14.376+0000] {main.py:53} ERROR - Error processing city_id 127: Expecting value: line 1 column 1 (char 0)
[2024-12-06T04:16:14.383+0000] {logging_mixin.py:190} WARNING - /usr/local/lib/python3.8/site-packages/urllib3/connectionpool.py:1099 InsecureRequestWarning: Unverified HTTPS request is being made to host 'b2c-catalog-gateway.c24.tech'. Adding certificate verification is strongly advised. See: https://urllib3.readthedocs.io/en/latest/advanced-usage.html#tls-warnings
[2024-12-06T04:16:14.388+0000] {logging_mixin.py:190} WARNING - /usr/local/lib/python3.8/site-packages/urllib3/connectionpool.py:1099 InsecureRequestWarning: Unverified HTTPS request is being made to host 'b2c-catalog-gateway.c24.tech'. Adding certificate verification is strongly advised. See: https://urllib3.readthedocs.io/en/latest/advanced-usage.html#tls-warnings
[2024-12-06T04:16:14.391+0000] {main.py:53} ERROR - Error processing city_id 146: 'appointmentId'
[2024-12-06T04:16:14.406+0000] {logging_mixin.py:190} WARNING - /usr/local/lib/python3.8/site-packages/urllib3/connectionpool.py:1099 InsecureRequestWarning: Unverified HTTPS request is being made to host 'b2c-catalog-gateway.c24.tech'. Adding certificate verification is strongly advised. See: https://urllib3.readthedocs.io/en/latest/advanced-usage.html#tls-warnings
[2024-12-06T04:16:14.421+0000] {logging_mixin.py:190} WARNING - /usr/local/lib/python3.8/site-packages/urllib3/connectionpool.py:1099 InsecureRequestWarning: Unverified HTTPS request is being made to host 'b2c-catalog-gateway.c24.tech'. Adding certificate verification is strongly advised. See: https://urllib3.readthedocs.io/en/latest/advanced-usage.html#tls-warnings
[2024-12-06T04:16:14.433+0000] {main.py:53} ERROR - Error processing city_id 159: 'appointmentId'
[2024-12-06T04:16:14.459+0000] {logging_mixin.py:190} WARNING - /usr/local/lib/python3.8/site-packages/urllib3/connectionpool.py:1099 InsecureRequestWarning: Unverified HTTPS request is being made to host 'b2c-catalog-gateway.c24.tech'. Adding certificate verification is strongly advised. See: https://urllib3.readthedocs.io/en/latest/advanced-usage.html#tls-warnings
[2024-12-06T04:16:14.529+0000] {logging_mixin.py:190} WARNING - /usr/local/lib/python3.8/site-packages/urllib3/connectionpool.py:1099 InsecureRequestWarning: Unverified HTTPS request is being made to host 'b2c-catalog-gateway.c24.tech'. Adding certificate verification is strongly advised. See: https://urllib3.readthedocs.io/en/latest/advanced-usage.html#tls-warnings
[2024-12-06T04:16:14.543+0000] {main.py:53} ERROR - Error processing city_id 119: Expecting value: line 1 column 1 (char 0)
[2024-12-06T04:16:14.564+0000] {main.py:53} ERROR - Error processing city_id 156: 'appointmentId'
[2024-12-06T04:16:14.561+0000] {logging_mixin.py:190} WARNING - /usr/local/lib/python3.8/site-packages/urllib3/connectionpool.py:1099 InsecureRequestWarning: Unverified HTTPS request is being made to host 'b2c-catalog-gateway.c24.tech'. Adding certificate verification is strongly advised. See: https://urllib3.readthedocs.io/en/latest/advanced-usage.html#tls-warnings
[2024-12-06T04:16:14.553+0000] {logging_mixin.py:190} WARNING - /usr/local/lib/python3.8/site-packages/urllib3/connectionpool.py:1099 InsecureRequestWarning: Unverified HTTPS request is being made to host 'b2c-catalog-gateway.c24.tech'. Adding certificate verification is strongly advised. See: https://urllib3.readthedocs.io/en/latest/advanced-usage.html#tls-warnings
[2024-12-06T04:16:14.587+0000] {main.py:53} ERROR - Error processing city_id 120: Expecting value: line 1 column 1 (char 0)
[2024-12-06T04:16:14.607+0000] {logging_mixin.py:190} WARNING - /usr/local/lib/python3.8/site-packages/urllib3/connectionpool.py:1099 InsecureRequestWarning: Unverified HTTPS request is being made to host 'b2c-catalog-gateway.c24.tech'. Adding certificate verification is strongly advised. See: https://urllib3.readthedocs.io/en/latest/advanced-usage.html#tls-warnings
[2024-12-06T04:16:14.615+0000] {main.py:53} ERROR - Error processing city_id 133: 'appointmentId'
[2024-12-06T04:16:14.621+0000] {logging_mixin.py:190} WARNING - /usr/local/lib/python3.8/site-packages/urllib3/connectionpool.py:1099 InsecureRequestWarning: Unverified HTTPS request is being made to host 'b2c-catalog-gateway.c24.tech'. Adding certificate verification is strongly advised. See: https://urllib3.readthedocs.io/en/latest/advanced-usage.html#tls-warnings
[2024-12-06T04:16:14.639+0000] {logging_mixin.py:190} WARNING - /usr/local/lib/python3.8/site-packages/urllib3/connectionpool.py:1099 InsecureRequestWarning: Unverified HTTPS request is being made to host 'b2c-catalog-gateway.c24.tech'. Adding certificate verification is strongly advised. See: https://urllib3.readthedocs.io/en/latest/advanced-usage.html#tls-warnings
[2024-12-06T04:16:14.660+0000] {main.py:53} ERROR - Error processing city_id 184: 'appointmentId'
[2024-12-06T04:16:14.674+0000] {logging_mixin.py:190} WARNING - /usr/local/lib/python3.8/site-packages/urllib3/connectionpool.py:1099 InsecureRequestWarning: Unverified HTTPS request is being made to host 'b2c-catalog-gateway.c24.tech'. Adding certificate verification is strongly advised. See: https://urllib3.readthedocs.io/en/latest/advanced-usage.html#tls-warnings
[2024-12-06T04:16:14.682+0000] {logging_mixin.py:190} WARNING - /usr/local/lib/python3.8/site-packages/urllib3/connectionpool.py:1099 InsecureRequestWarning: Unverified HTTPS request is being made to host 'b2c-catalog-gateway.c24.tech'. Adding certificate verification is strongly advised. See: https://urllib3.readthedocs.io/en/latest/advanced-usage.html#tls-warnings
[2024-12-06T04:16:14.684+0000] {main.py:53} ERROR - Error processing city_id 157: 'appointmentId'
[2024-12-06T04:16:14.689+0000] {logging_mixin.py:190} WARNING - /usr/local/lib/python3.8/site-packages/urllib3/connectionpool.py:1099 InsecureRequestWarning: Unverified HTTPS request is being made to host 'b2c-catalog-gateway.c24.tech'. Adding certificate verification is strongly advised. See: https://urllib3.readthedocs.io/en/latest/advanced-usage.html#tls-warnings
[2024-12-06T04:16:14.695+0000] {logging_mixin.py:190} WARNING - /usr/local/lib/python3.8/site-packages/urllib3/connectionpool.py:1099 InsecureRequestWarning: Unverified HTTPS request is being made to host 'b2c-catalog-gateway.c24.tech'. Adding certificate verification is strongly advised. See: https://urllib3.readthedocs.io/en/latest/advanced-usage.html#tls-warnings
[2024-12-06T04:16:14.699+0000] {main.py:53} ERROR - Error processing city_id 179: 'appointmentId'
[2024-12-06T04:16:14.702+0000] {logging_mixin.py:190} WARNING - /usr/local/lib/python3.8/site-packages/urllib3/connectionpool.py:1099 InsecureRequestWarning: Unverified HTTPS request is being made to host 'b2c-catalog-gateway.c24.tech'. Adding certificate verification is strongly advised. See: https://urllib3.readthedocs.io/en/latest/advanced-usage.html#tls-warnings
[2024-12-06T04:16:14.722+0000] {logging_mixin.py:190} WARNING - /usr/local/lib/python3.8/site-packages/urllib3/connectionpool.py:1099 InsecureRequestWarning: Unverified HTTPS request is being made to host 'b2c-catalog-gateway.c24.tech'. Adding certificate verification is strongly advised. See: https://urllib3.readthedocs.io/en/latest/advanced-usage.html#tls-warnings
[2024-12-06T04:16:14.748+0000] {main.py:53} ERROR - Error processing city_id 143: 'appointmentId'
[2024-12-06T04:16:14.785+0000] {logging_mixin.py:190} WARNING - /usr/local/lib/python3.8/site-packages/urllib3/connectionpool.py:1099 InsecureRequestWarning: Unverified HTTPS request is being made to host 'b2c-catalog-gateway.c24.tech'. Adding certificate verification is strongly advised. See: https://urllib3.readthedocs.io/en/latest/advanced-usage.html#tls-warnings
[2024-12-06T04:16:14.806+0000] {logging_mixin.py:190} WARNING - /usr/local/lib/python3.8/site-packages/urllib3/connectionpool.py:1099 InsecureRequestWarning: Unverified HTTPS request is being made to host 'b2c-catalog-gateway.c24.tech'. Adding certificate verification is strongly advised. See: https://urllib3.readthedocs.io/en/latest/advanced-usage.html#tls-warnings
[2024-12-06T04:16:14.823+0000] {main.py:53} ERROR - Error processing city_id 172: 'appointmentId'
[2024-12-06T04:16:14.857+0000] {logging_mixin.py:190} WARNING - /usr/local/lib/python3.8/site-packages/urllib3/connectionpool.py:1099 InsecureRequestWarning: Unverified HTTPS request is being made to host 'b2c-catalog-gateway.c24.tech'. Adding certificate verification is strongly advised. See: https://urllib3.readthedocs.io/en/latest/advanced-usage.html#tls-warnings
[2024-12-06T04:16:14.882+0000] {logging_mixin.py:190} WARNING - /usr/local/lib/python3.8/site-packages/urllib3/connectionpool.py:1099 InsecureRequestWarning: Unverified HTTPS request is being made to host 'b2c-catalog-gateway.c24.tech'. Adding certificate verification is strongly advised. See: https://urllib3.readthedocs.io/en/latest/advanced-usage.html#tls-warnings
[2024-12-06T04:16:14.900+0000] {main.py:53} ERROR - Error processing city_id 149: 'appointmentId'
[2024-12-06T04:16:14.923+0000] {logging_mixin.py:190} WARNING - /usr/local/lib/python3.8/site-packages/urllib3/connectionpool.py:1099 InsecureRequestWarning: Unverified HTTPS request is being made to host 'b2c-catalog-gateway.c24.tech'. Adding certificate verification is strongly advised. See: https://urllib3.readthedocs.io/en/latest/advanced-usage.html#tls-warnings
[2024-12-06T04:16:14.928+0000] {logging_mixin.py:190} WARNING - /usr/local/lib/python3.8/site-packages/urllib3/connectionpool.py:1099 InsecureRequestWarning: Unverified HTTPS request is being made to host 'b2c-catalog-gateway.c24.tech'. Adding certificate verification is strongly advised. See: https://urllib3.readthedocs.io/en/latest/advanced-usage.html#tls-warnings
[2024-12-06T04:16:14.941+0000] {main.py:53} ERROR - Error processing city_id 109: 'appointmentId'
[2024-12-06T04:16:14.947+0000] {logging_mixin.py:190} WARNING - /usr/local/lib/python3.8/site-packages/urllib3/connectionpool.py:1099 InsecureRequestWarning: Unverified HTTPS request is being made to host 'b2c-catalog-gateway.c24.tech'. Adding certificate verification is strongly advised. See: https://urllib3.readthedocs.io/en/latest/advanced-usage.html#tls-warnings
[2024-12-06T04:16:14.960+0000] {logging_mixin.py:190} WARNING - /usr/local/lib/python3.8/site-packages/urllib3/connectionpool.py:1099 InsecureRequestWarning: Unverified HTTPS request is being made to host 'b2c-catalog-gateway.c24.tech'. Adding certificate verification is strongly advised. See: https://urllib3.readthedocs.io/en/latest/advanced-usage.html#tls-warnings
[2024-12-06T04:16:14.963+0000] {main.py:53} ERROR - Error processing city_id 178: 'appointmentId'
[2024-12-06T04:16:14.966+0000] {logging_mixin.py:190} WARNING - /usr/local/lib/python3.8/site-packages/urllib3/connectionpool.py:1099 InsecureRequestWarning: Unverified HTTPS request is being made to host 'b2c-catalog-gateway.c24.tech'. Adding certificate verification is strongly advised. See: https://urllib3.readthedocs.io/en/latest/advanced-usage.html#tls-warnings
[2024-12-06T04:16:14.972+0000] {logging_mixin.py:190} WARNING - /usr/local/lib/python3.8/site-packages/urllib3/connectionpool.py:1099 InsecureRequestWarning: Unverified HTTPS request is being made to host 'b2c-catalog-gateway.c24.tech'. Adding certificate verification is strongly advised. See: https://urllib3.readthedocs.io/en/latest/advanced-usage.html#tls-warnings
[2024-12-06T04:16:14.978+0000] {main.py:53} ERROR - Error processing city_id 154: 'appointmentId'
[2024-12-06T04:16:14.985+0000] {logging_mixin.py:190} WARNING - /usr/local/lib/python3.8/site-packages/urllib3/connectionpool.py:1099 InsecureRequestWarning: Unverified HTTPS request is being made to host 'b2c-catalog-gateway.c24.tech'. Adding certificate verification is strongly advised. See: https://urllib3.readthedocs.io/en/latest/advanced-usage.html#tls-warnings
[2024-12-06T04:16:15.001+0000] {main.py:53} ERROR - Error processing city_id 113: Expecting value: line 1 column 1 (char 0)
[2024-12-06T04:16:15.011+0000] {logging_mixin.py:190} WARNING - /usr/local/lib/python3.8/site-packages/urllib3/connectionpool.py:1099 InsecureRequestWarning: Unverified HTTPS request is being made to host 'b2c-catalog-gateway.c24.tech'. Adding certificate verification is strongly advised. See: https://urllib3.readthedocs.io/en/latest/advanced-usage.html#tls-warnings
[2024-12-06T04:16:15.017+0000] {main.py:53} ERROR - Error processing city_id 168: 'appointmentId'
[2024-12-06T04:16:15.027+0000] {logging_mixin.py:190} WARNING - /usr/local/lib/python3.8/site-packages/urllib3/connectionpool.py:1099 InsecureRequestWarning: Unverified HTTPS request is being made to host 'b2c-catalog-gateway.c24.tech'. Adding certificate verification is strongly advised. See: https://urllib3.readthedocs.io/en/latest/advanced-usage.html#tls-warnings
[2024-12-06T04:16:15.091+0000] {main.py:53} ERROR - Error processing city_id 108: 'appointmentId'
[2024-12-06T04:16:15.129+0000] {logging_mixin.py:190} WARNING - /usr/local/lib/python3.8/site-packages/urllib3/connectionpool.py:1099 InsecureRequestWarning: Unverified HTTPS request is being made to host 'b2c-catalog-gateway.c24.tech'. Adding certificate verification is strongly advised. See: https://urllib3.readthedocs.io/en/latest/advanced-usage.html#tls-warnings
[2024-12-06T04:16:15.179+0000] {main.py:53} ERROR - Error processing city_id 100: 'appointmentId'
[2024-12-06T04:16:15.217+0000] {logging_mixin.py:190} WARNING - /usr/local/lib/python3.8/site-packages/urllib3/connectionpool.py:1099 InsecureRequestWarning: Unverified HTTPS request is being made to host 'b2c-catalog-gateway.c24.tech'. Adding certificate verification is strongly advised. See: https://urllib3.readthedocs.io/en/latest/advanced-usage.html#tls-warnings
[2024-12-06T04:16:15.238+0000] {main.py:53} ERROR - Error processing city_id 163: 'appointmentId'
[2024-12-06T04:16:15.241+0000] {logging_mixin.py:190} WARNING - /usr/local/lib/python3.8/site-packages/urllib3/connectionpool.py:1099 InsecureRequestWarning: Unverified HTTPS request is being made to host 'b2c-catalog-gateway.c24.tech'. Adding certificate verification is strongly advised. See: https://urllib3.readthedocs.io/en/latest/advanced-usage.html#tls-warnings
[2024-12-06T04:16:15.245+0000] {main.py:53} ERROR - Error processing city_id 152: 'appointmentId'
[2024-12-06T04:16:15.285+0000] {logging_mixin.py:190} WARNING - /usr/local/lib/python3.8/site-packages/urllib3/connectionpool.py:1099 InsecureRequestWarning: Unverified HTTPS request is being made to host 'b2c-catalog-gateway.c24.tech'. Adding certificate verification is strongly advised. See: https://urllib3.readthedocs.io/en/latest/advanced-usage.html#tls-warnings
[2024-12-06T04:16:15.313+0000] {main.py:53} ERROR - Error processing city_id 116: Expecting value: line 1 column 1 (char 0)
[2024-12-06T04:16:15.332+0000] {logging_mixin.py:190} WARNING - /usr/local/lib/python3.8/site-packages/urllib3/connectionpool.py:1099 InsecureRequestWarning: Unverified HTTPS request is being made to host 'b2c-catalog-gateway.c24.tech'. Adding certificate verification is strongly advised. See: https://urllib3.readthedocs.io/en/latest/advanced-usage.html#tls-warnings
[2024-12-06T04:16:15.341+0000] {main.py:53} ERROR - Error processing city_id 151: 'appointmentId'
[2024-12-06T04:16:15.346+0000] {logging_mixin.py:190} WARNING - /usr/local/lib/python3.8/site-packages/urllib3/connectionpool.py:1099 InsecureRequestWarning: Unverified HTTPS request is being made to host 'b2c-catalog-gateway.c24.tech'. Adding certificate verification is strongly advised. See: https://urllib3.readthedocs.io/en/latest/advanced-usage.html#tls-warnings
[2024-12-06T04:16:15.352+0000] {main.py:53} ERROR - Error processing city_id 189: 'appointmentId'
[2024-12-06T04:16:15.358+0000] {logging_mixin.py:190} WARNING - /usr/local/lib/python3.8/site-packages/urllib3/connectionpool.py:1099 InsecureRequestWarning: Unverified HTTPS request is being made to host 'b2c-catalog-gateway.c24.tech'. Adding certificate verification is strongly advised. See: https://urllib3.readthedocs.io/en/latest/advanced-usage.html#tls-warnings
[2024-12-06T04:16:15.362+0000] {main.py:51} INFO - Fetched 29 appointment IDs for city_id 136
[2024-12-06T04:16:15.364+0000] {logging_mixin.py:190} WARNING - /usr/local/lib/python3.8/site-packages/urllib3/connectionpool.py:1099 InsecureRequestWarning: Unverified HTTPS request is being made to host 'b2c-catalog-gateway.c24.tech'. Adding certificate verification is strongly advised. See: https://urllib3.readthedocs.io/en/latest/advanced-usage.html#tls-warnings
[2024-12-06T04:16:15.372+0000] {main.py:53} ERROR - Error processing city_id 167: 'appointmentId'
[2024-12-06T04:16:15.385+0000] {logging_mixin.py:190} WARNING - /usr/local/lib/python3.8/site-packages/urllib3/connectionpool.py:1099 InsecureRequestWarning: Unverified HTTPS request is being made to host 'b2c-catalog-gateway.c24.tech'. Adding certificate verification is strongly advised. See: https://urllib3.readthedocs.io/en/latest/advanced-usage.html#tls-warnings
[2024-12-06T04:16:15.396+0000] {main.py:53} ERROR - Error processing city_id 112: Expecting value: line 1 column 1 (char 0)
[2024-12-06T04:16:15.402+0000] {logging_mixin.py:190} WARNING - /usr/local/lib/python3.8/site-packages/urllib3/connectionpool.py:1099 InsecureRequestWarning: Unverified HTTPS request is being made to host 'b2c-catalog-gateway.c24.tech'. Adding certificate verification is strongly advised. See: https://urllib3.readthedocs.io/en/latest/advanced-usage.html#tls-warnings
[2024-12-06T04:16:15.434+0000] {main.py:53} ERROR - Error processing city_id 106: 'appointmentId'
[2024-12-06T04:16:15.444+0000] {logging_mixin.py:190} WARNING - /usr/local/lib/python3.8/site-packages/urllib3/connectionpool.py:1099 InsecureRequestWarning: Unverified HTTPS request is being made to host 'b2c-catalog-gateway.c24.tech'. Adding certificate verification is strongly advised. See: https://urllib3.readthedocs.io/en/latest/advanced-usage.html#tls-warnings
[2024-12-06T04:16:15.453+0000] {main.py:53} ERROR - Error processing city_id 135: 'appointmentId'
[2024-12-06T04:16:15.487+0000] {logging_mixin.py:190} WARNING - /usr/local/lib/python3.8/site-packages/urllib3/connectionpool.py:1099 InsecureRequestWarning: Unverified HTTPS request is being made to host 'b2c-catalog-gateway.c24.tech'. Adding certificate verification is strongly advised. See: https://urllib3.readthedocs.io/en/latest/advanced-usage.html#tls-warnings
[2024-12-06T04:16:15.510+0000] {main.py:53} ERROR - Error processing city_id 118: Expecting value: line 1 column 1 (char 0)
[2024-12-06T04:16:15.520+0000] {logging_mixin.py:190} WARNING - /usr/local/lib/python3.8/site-packages/urllib3/connectionpool.py:1099 InsecureRequestWarning: Unverified HTTPS request is being made to host 'b2c-catalog-gateway.c24.tech'. Adding certificate verification is strongly advised. See: https://urllib3.readthedocs.io/en/latest/advanced-usage.html#tls-warnings
[2024-12-06T04:16:15.525+0000] {main.py:53} ERROR - Error processing city_id 142: 'appointmentId'
[2024-12-06T04:16:15.528+0000] {logging_mixin.py:190} WARNING - /usr/local/lib/python3.8/site-packages/urllib3/connectionpool.py:1099 InsecureRequestWarning: Unverified HTTPS request is being made to host 'b2c-catalog-gateway.c24.tech'. Adding certificate verification is strongly advised. See: https://urllib3.readthedocs.io/en/latest/advanced-usage.html#tls-warnings
[2024-12-06T04:16:15.531+0000] {main.py:53} ERROR - Error processing city_id 115: Expecting value: line 1 column 1 (char 0)
[2024-12-06T04:16:15.534+0000] {logging_mixin.py:190} WARNING - /usr/local/lib/python3.8/site-packages/urllib3/connectionpool.py:1099 InsecureRequestWarning: Unverified HTTPS request is being made to host 'b2c-catalog-gateway.c24.tech'. Adding certificate verification is strongly advised. See: https://urllib3.readthedocs.io/en/latest/advanced-usage.html#tls-warnings
[2024-12-06T04:16:15.540+0000] {main.py:53} ERROR - Error processing city_id 164: 'appointmentId'
[2024-12-06T04:16:15.556+0000] {logging_mixin.py:190} WARNING - /usr/local/lib/python3.8/site-packages/urllib3/connectionpool.py:1099 InsecureRequestWarning: Unverified HTTPS request is being made to host 'b2c-catalog-gateway.c24.tech'. Adding certificate verification is strongly advised. See: https://urllib3.readthedocs.io/en/latest/advanced-usage.html#tls-warnings
[2024-12-06T04:16:15.573+0000] {main.py:53} ERROR - Error processing city_id 110: 'appointmentId'
[2024-12-06T04:16:15.585+0000] {logging_mixin.py:190} WARNING - /usr/local/lib/python3.8/site-packages/urllib3/connectionpool.py:1099 InsecureRequestWarning: Unverified HTTPS request is being made to host 'b2c-catalog-gateway.c24.tech'. Adding certificate verification is strongly advised. See: https://urllib3.readthedocs.io/en/latest/advanced-usage.html#tls-warnings
[2024-12-06T04:16:15.634+0000] {main.py:53} ERROR - Error processing city_id 175: 'appointmentId'
[2024-12-06T04:16:15.681+0000] {logging_mixin.py:190} WARNING - /usr/local/lib/python3.8/site-packages/urllib3/connectionpool.py:1099 InsecureRequestWarning: Unverified HTTPS request is being made to host 'b2c-catalog-gateway.c24.tech'. Adding certificate verification is strongly advised. See: https://urllib3.readthedocs.io/en/latest/advanced-usage.html#tls-warnings
[2024-12-06T04:16:15.707+0000] {main.py:53} ERROR - Error processing city_id 165: 'appointmentId'
[2024-12-06T04:16:15.748+0000] {logging_mixin.py:190} WARNING - /usr/local/lib/python3.8/site-packages/urllib3/connectionpool.py:1099 InsecureRequestWarning: Unverified HTTPS request is being made to host 'b2c-catalog-gateway.c24.tech'. Adding certificate verification is strongly advised. See: https://urllib3.readthedocs.io/en/latest/advanced-usage.html#tls-warnings
[2024-12-06T04:16:15.825+0000] {main.py:53} ERROR - Error processing city_id 103: 'appointmentId'
[2024-12-06T04:16:15.863+0000] {logging_mixin.py:190} WARNING - /usr/local/lib/python3.8/site-packages/urllib3/connectionpool.py:1099 InsecureRequestWarning: Unverified HTTPS request is being made to host 'b2c-catalog-gateway.c24.tech'. Adding certificate verification is strongly advised. See: https://urllib3.readthedocs.io/en/latest/advanced-usage.html#tls-warnings
[2024-12-06T04:16:15.876+0000] {main.py:53} ERROR - Error processing city_id 111: 'appointmentId'
[2024-12-06T04:16:15.898+0000] {logging_mixin.py:190} WARNING - /usr/local/lib/python3.8/site-packages/urllib3/connectionpool.py:1099 InsecureRequestWarning: Unverified HTTPS request is being made to host 'b2c-catalog-gateway.c24.tech'. Adding certificate verification is strongly advised. See: https://urllib3.readthedocs.io/en/latest/advanced-usage.html#tls-warnings
[2024-12-06T04:16:15.963+0000] {logging_mixin.py:190} WARNING - /usr/local/lib/python3.8/site-packages/urllib3/connectionpool.py:1099 InsecureRequestWarning: Unverified HTTPS request is being made to host 'b2c-catalog-gateway.c24.tech'. Adding certificate verification is strongly advised. See: https://urllib3.readthedocs.io/en/latest/advanced-usage.html#tls-warnings
[2024-12-06T04:16:15.927+0000] {main.py:53} ERROR - Error processing city_id 107: 'appointmentId'
[2024-12-06T04:16:15.975+0000] {logging_mixin.py:190} WARNING - /usr/local/lib/python3.8/site-packages/urllib3/connectionpool.py:1099 InsecureRequestWarning: Unverified HTTPS request is being made to host 'b2c-catalog-gateway.c24.tech'. Adding certificate verification is strongly advised. See: https://urllib3.readthedocs.io/en/latest/advanced-usage.html#tls-warnings
[2024-12-06T04:16:15.980+0000] {main.py:53} ERROR - Error processing city_id 183: 'appointmentId'
[2024-12-06T04:16:15.984+0000] {logging_mixin.py:190} WARNING - /usr/local/lib/python3.8/site-packages/urllib3/connectionpool.py:1099 InsecureRequestWarning: Unverified HTTPS request is being made to host 'b2c-catalog-gateway.c24.tech'. Adding certificate verification is strongly advised. See: https://urllib3.readthedocs.io/en/latest/advanced-usage.html#tls-warnings
[2024-12-06T04:16:16.012+0000] {main.py:53} ERROR - Error processing city_id 161: 'appointmentId'
[2024-12-06T04:16:16.028+0000] {logging_mixin.py:190} WARNING - /usr/local/lib/python3.8/site-packages/urllib3/connectionpool.py:1099 InsecureRequestWarning: Unverified HTTPS request is being made to host 'b2c-catalog-gateway.c24.tech'. Adding certificate verification is strongly advised. See: https://urllib3.readthedocs.io/en/latest/advanced-usage.html#tls-warnings
[2024-12-06T04:16:16.044+0000] {main.py:53} ERROR - Error processing city_id 162: 'appointmentId'
[2024-12-06T04:16:16.081+0000] {main.py:53} ERROR - Error processing city_id 185: 'appointmentId'
[2024-12-06T04:16:16.066+0000] {logging_mixin.py:190} WARNING - /usr/local/lib/python3.8/site-packages/urllib3/connectionpool.py:1099 InsecureRequestWarning: Unverified HTTPS request is being made to host 'b2c-catalog-gateway.c24.tech'. Adding certificate verification is strongly advised. See: https://urllib3.readthedocs.io/en/latest/advanced-usage.html#tls-warnings
[2024-12-06T04:16:16.100+0000] {main.py:53} ERROR - Error processing city_id 125: Expecting value: line 1 column 1 (char 0)
[2024-12-06T04:16:16.144+0000] {logging_mixin.py:190} WARNING - /usr/local/lib/python3.8/site-packages/urllib3/connectionpool.py:1099 InsecureRequestWarning: Unverified HTTPS request is being made to host 'b2c-catalog-gateway.c24.tech'. Adding certificate verification is strongly advised. See: https://urllib3.readthedocs.io/en/latest/advanced-usage.html#tls-warnings
[2024-12-06T04:16:16.185+0000] {main.py:53} ERROR - Error processing city_id 181: 'appointmentId'
[2024-12-06T04:16:16.301+0000] {logging_mixin.py:190} WARNING - /usr/local/lib/python3.8/site-packages/urllib3/connectionpool.py:1099 InsecureRequestWarning: Unverified HTTPS request is being made to host 'b2c-catalog-gateway.c24.tech'. Adding certificate verification is strongly advised. See: https://urllib3.readthedocs.io/en/latest/advanced-usage.html#tls-warnings
[2024-12-06T04:16:16.330+0000] {main.py:53} ERROR - Error processing city_id 170: 'appointmentId'
[2024-12-06T04:16:16.354+0000] {logging_mixin.py:190} WARNING - /usr/local/lib/python3.8/site-packages/urllib3/connectionpool.py:1099 InsecureRequestWarning: Unverified HTTPS request is being made to host 'b2c-catalog-gateway.c24.tech'. Adding certificate verification is strongly advised. See: https://urllib3.readthedocs.io/en/latest/advanced-usage.html#tls-warnings
[2024-12-06T04:16:16.361+0000] {main.py:53} ERROR - Error processing city_id 177: 'appointmentId'
[2024-12-06T04:16:16.396+0000] {logging_mixin.py:190} WARNING - /usr/local/lib/python3.8/site-packages/urllib3/connectionpool.py:1099 InsecureRequestWarning: Unverified HTTPS request is being made to host 'b2c-catalog-gateway.c24.tech'. Adding certificate verification is strongly advised. See: https://urllib3.readthedocs.io/en/latest/advanced-usage.html#tls-warnings
[2024-12-06T04:16:16.461+0000] {logging_mixin.py:190} WARNING - /usr/local/lib/python3.8/site-packages/urllib3/connectionpool.py:1099 InsecureRequestWarning: Unverified HTTPS request is being made to host 'b2c-catalog-gateway.c24.tech'. Adding certificate verification is strongly advised. See: https://urllib3.readthedocs.io/en/latest/advanced-usage.html#tls-warnings
[2024-12-06T04:16:16.419+0000] {main.py:53} ERROR - Error processing city_id 140: 'appointmentId'
[2024-12-06T04:16:16.480+0000] {logging_mixin.py:190} WARNING - /usr/local/lib/python3.8/site-packages/urllib3/connectionpool.py:1099 InsecureRequestWarning: Unverified HTTPS request is being made to host 'b2c-catalog-gateway.c24.tech'. Adding certificate verification is strongly advised. See: https://urllib3.readthedocs.io/en/latest/advanced-usage.html#tls-warnings
[2024-12-06T04:16:16.482+0000] {main.py:53} ERROR - Error processing city_id 148: 'appointmentId'
[2024-12-06T04:16:16.485+0000] {logging_mixin.py:190} WARNING - /usr/local/lib/python3.8/site-packages/urllib3/connectionpool.py:1099 InsecureRequestWarning: Unverified HTTPS request is being made to host 'b2c-catalog-gateway.c24.tech'. Adding certificate verification is strongly advised. See: https://urllib3.readthedocs.io/en/latest/advanced-usage.html#tls-warnings
[2024-12-06T04:16:16.488+0000] {main.py:53} ERROR - Error processing city_id 182: 'appointmentId'
[2024-12-06T04:16:16.499+0000] {logging_mixin.py:190} WARNING - /usr/local/lib/python3.8/site-packages/urllib3/connectionpool.py:1099 InsecureRequestWarning: Unverified HTTPS request is being made to host 'b2c-catalog-gateway.c24.tech'. Adding certificate verification is strongly advised. See: https://urllib3.readthedocs.io/en/latest/advanced-usage.html#tls-warnings
[2024-12-06T04:16:16.505+0000] {main.py:53} ERROR - Error processing city_id 176: 'appointmentId'
[2024-12-06T04:16:16.513+0000] {logging_mixin.py:190} WARNING - /usr/local/lib/python3.8/site-packages/urllib3/connectionpool.py:1099 InsecureRequestWarning: Unverified HTTPS request is being made to host 'b2c-catalog-gateway.c24.tech'. Adding certificate verification is strongly advised. See: https://urllib3.readthedocs.io/en/latest/advanced-usage.html#tls-warnings
[2024-12-06T04:16:16.517+0000] {main.py:53} ERROR - Error processing city_id 145: 'appointmentId'
[2024-12-06T04:16:16.533+0000] {logging_mixin.py:190} WARNING - /usr/local/lib/python3.8/site-packages/urllib3/connectionpool.py:1099 InsecureRequestWarning: Unverified HTTPS request is being made to host 'b2c-catalog-gateway.c24.tech'. Adding certificate verification is strongly advised. See: https://urllib3.readthedocs.io/en/latest/advanced-usage.html#tls-warnings
[2024-12-06T04:16:16.551+0000] {main.py:53} ERROR - Error processing city_id 192: 'appointmentId'
[2024-12-06T04:16:16.578+0000] {logging_mixin.py:190} WARNING - /usr/local/lib/python3.8/site-packages/urllib3/connectionpool.py:1099 InsecureRequestWarning: Unverified HTTPS request is being made to host 'b2c-catalog-gateway.c24.tech'. Adding certificate verification is strongly advised. See: https://urllib3.readthedocs.io/en/latest/advanced-usage.html#tls-warnings
[2024-12-06T04:16:16.584+0000] {main.py:53} ERROR - Error processing city_id 160: 'appointmentId'
[2024-12-06T04:16:16.588+0000] {logging_mixin.py:190} WARNING - /usr/local/lib/python3.8/site-packages/urllib3/connectionpool.py:1099 InsecureRequestWarning: Unverified HTTPS request is being made to host 'b2c-catalog-gateway.c24.tech'. Adding certificate verification is strongly advised. See: https://urllib3.readthedocs.io/en/latest/advanced-usage.html#tls-warnings
[2024-12-06T04:16:16.594+0000] {main.py:53} ERROR - Error processing city_id 180: 'appointmentId'
[2024-12-06T04:16:16.602+0000] {logging_mixin.py:190} WARNING - /usr/local/lib/python3.8/site-packages/urllib3/connectionpool.py:1099 InsecureRequestWarning: Unverified HTTPS request is being made to host 'b2c-catalog-gateway.c24.tech'. Adding certificate verification is strongly advised. See: https://urllib3.readthedocs.io/en/latest/advanced-usage.html#tls-warnings
[2024-12-06T04:16:16.616+0000] {main.py:53} ERROR - Error processing city_id 117: Expecting value: line 1 column 1 (char 0)
[2024-12-06T04:16:16.633+0000] {main.py:53} ERROR - Error processing city_id 114: Expecting value: line 1 column 1 (char 0)
[2024-12-06T04:16:16.674+0000] {main.py:53} ERROR - Error processing city_id 121: Expecting value: line 1 column 1 (char 0)
[2024-12-06T04:16:16.738+0000] {main.py:53} ERROR - Error processing city_id 124: Expecting value: line 1 column 1 (char 0)
[2024-12-06T04:16:16.823+0000] {main.py:53} ERROR - Error processing city_id 129: Expecting value: line 1 column 1 (char 0)
[2024-12-06T04:16:16.886+0000] {main.py:53} ERROR - Error processing city_id 191: 'appointmentId'
[2024-12-06T04:16:16.965+0000] {main.py:53} ERROR - Error processing city_id 101: 'appointmentId'
[2024-12-06T04:16:17.020+0000] {main.py:53} ERROR - Error processing city_id 174: 'appointmentId'
[2024-12-06T04:16:17.065+0000] {main.py:53} ERROR - Error processing city_id 138: 'appointmentId'
[2024-12-06T04:16:17.081+0000] {main.py:53} ERROR - Error processing city_id 144: 'appointmentId'
[2024-12-06T04:16:17.102+0000] {main.py:53} ERROR - Error processing city_id 141: 'appointmentId'
[2024-12-06T04:16:17.129+0000] {main.py:51} INFO - Fetched 185 appointment IDs for city_id 134
[2024-12-06T04:16:17.149+0000] {main.py:53} ERROR - Error processing city_id 186: 'appointmentId'
[2024-12-06T04:16:17.188+0000] {main.py:53} ERROR - Error processing city_id 105: 'appointmentId'
[2024-12-06T04:16:17.213+0000] {main.py:53} ERROR - Error processing city_id 122: Expecting value: line 1 column 1 (char 0)
[2024-12-06T04:16:17.216+0000] {main.py:53} ERROR - Error processing city_id 173: 'appointmentId'
[2024-12-06T04:16:17.219+0000] {main.py:53} ERROR - Error processing city_id 102: 'appointmentId'
[2024-12-06T04:16:17.220+0000] {main.py:53} ERROR - Error processing city_id 171: 'appointmentId'
[2024-12-06T04:16:17.222+0000] {main.py:53} ERROR - Error processing city_id 104: 'appointmentId'
[2024-12-06T04:16:17.228+0000] {main.py:53} ERROR - Error processing city_id 166: 'appointmentId'
[2024-12-06T04:16:17.231+0000] {main.py:53} ERROR - Error processing city_id 190: 'appointmentId'
[2024-12-06T04:16:17.233+0000] {main.py:53} ERROR - Error processing city_id 188: 'appointmentId'
[2024-12-06T04:16:17.237+0000] {main.py:53} ERROR - Error processing city_id 155: 'appointmentId'
[2024-12-06T04:16:17.250+0000] {main.py:53} ERROR - Error processing city_id 196: 'appointmentId'
[2024-12-06T04:16:17.260+0000] {main.py:53} ERROR - Error processing city_id 193: 'appointmentId'
[2024-12-06T04:16:17.266+0000] {main.py:53} ERROR - Error processing city_id 126: Expecting value: line 1 column 1 (char 0)
[2024-12-06T04:16:17.269+0000] {main.py:53} ERROR - Error processing city_id 128: Expecting value: line 1 column 1 (char 0)
[2024-12-06T04:16:17.270+0000] {main.py:53} ERROR - Error processing city_id 137: 'appointmentId'
[2024-12-06T04:16:17.272+0000] {main.py:53} ERROR - Error processing city_id 194: 'appointmentId'
[2024-12-06T04:16:17.283+0000] {main.py:53} ERROR - Error processing city_id 198: 'appointmentId'
[2024-12-06T04:16:17.285+0000] {main.py:53} ERROR - Error processing city_id 153: 'appointmentId'
[2024-12-06T04:16:17.286+0000] {main.py:51} INFO - Fetched 132 appointment IDs for city_id 132
[2024-12-06T04:16:17.287+0000] {main.py:53} ERROR - Error processing city_id 195: 'appointmentId'
[2024-12-06T04:16:17.288+0000] {main.py:53} ERROR - Error processing city_id 197: 'appointmentId'
[2024-12-06T04:16:17.294+0000] {main.py:53} ERROR - Error processing city_id 200: 'appointmentId'
[2024-12-06T04:16:17.297+0000] {main.py:53} ERROR - Error processing city_id 199: 'appointmentId'
[2024-12-06T04:16:17.321+0000] {main.py:193} INFO - Total appointment IDs fetched: 346
[2024-12-06T04:16:17.327+0000] {main.py:196} INFO - Starting Stage 2: Fetching car details
[2024-12-06T04:16:17.348+0000] {main.py:60} INFO - Currently Fetching: 19765231710
[2024-12-06T04:16:17.349+0000] {main.py:60} INFO - Currently Fetching: 18511230753
[2024-12-06T04:16:17.350+0000] {main.py:60} INFO - Currently Fetching: 13871537753
[2024-12-06T04:16:17.351+0000] {main.py:60} INFO - Currently Fetching: 18510833798
[2024-12-06T04:16:17.351+0000] {main.py:60} INFO - Currently Fetching: 25285830740
[2024-12-06T04:16:17.352+0000] {main.py:60} INFO - Currently Fetching: 19799335769
[2024-12-06T04:16:17.378+0000] {main.py:60} INFO - Currently Fetching: 18574836704
[2024-12-06T04:16:17.379+0000] {main.py:60} INFO - Currently Fetching: 18556431738
[2024-12-06T04:16:17.380+0000] {main.py:60} INFO - Currently Fetching: 18549430729
[2024-12-06T04:16:17.385+0000] {main.py:60} INFO - Currently Fetching: 18522823711
[2024-12-06T04:16:17.386+0000] {main.py:60} INFO - Currently Fetching: 18521731723
[2024-12-06T04:16:17.387+0000] {main.py:60} INFO - Currently Fetching: 18509128796
[2024-12-06T04:16:17.387+0000] {main.py:60} INFO - Currently Fetching: 13923735720
[2024-12-06T04:16:17.388+0000] {main.py:60} INFO - Currently Fetching: 13891234767
[2024-12-06T04:16:17.389+0000] {main.py:60} INFO - Currently Fetching: 13890533722
[2024-12-06T04:16:17.390+0000] {main.py:60} INFO - Currently Fetching: 13880127770
[2024-12-06T04:16:17.395+0000] {main.py:60} INFO - Currently Fetching: 13868930761
[2024-12-06T04:16:17.404+0000] {main.py:60} INFO - Currently Fetching: 13859624755
[2024-12-06T04:16:17.411+0000] {main.py:60} INFO - Currently Fetching: 13855830706
[2024-12-06T04:16:17.413+0000] {main.py:60} INFO - Currently Fetching: 13852736703
[2024-12-06T04:16:17.414+0000] {main.py:60} INFO - Currently Fetching: 13849032749
[2024-12-06T04:16:17.414+0000] {main.py:60} INFO - Currently Fetching: 13835938745
[2024-12-06T04:16:17.415+0000] {main.py:60} INFO - Currently Fetching: 13834838706
[2024-12-06T04:16:17.416+0000] {main.py:60} INFO - Currently Fetching: 13831432723
[2024-12-06T04:16:17.416+0000] {main.py:60} INFO - Currently Fetching: 13819330767
[2024-12-06T04:16:17.417+0000] {main.py:60} INFO - Currently Fetching: 13816137726
[2024-12-06T04:16:17.418+0000] {main.py:60} INFO - Currently Fetching: 18580534799
[2024-12-06T04:16:17.419+0000] {main.py:60} INFO - Currently Fetching: 18541224717
[2024-12-06T04:16:17.420+0000] {main.py:60} INFO - Currently Fetching: 13826223719
[2024-12-06T04:16:17.434+0000] {main.py:60} INFO - Currently Fetching: 10041088760
[2024-12-06T04:16:17.461+0000] {main.py:60} INFO - Currently Fetching: 10149984766
[2024-12-06T04:16:17.461+0000] {main.py:60} INFO - Currently Fetching: 10002556709
[2024-12-06T04:16:17.462+0000] {main.py:60} INFO - Currently Fetching: 10080038718
[2024-12-06T04:16:17.460+0000] {main.py:60} INFO - Currently Fetching: 11231289739
[2024-12-06T04:16:17.463+0000] {main.py:60} INFO - Currently Fetching: 10013186742
[2024-12-06T04:16:17.464+0000] {main.py:60} INFO - Currently Fetching: 10556138783
[2024-12-06T04:16:17.465+0000] {main.py:60} INFO - Currently Fetching: 12046785743
[2024-12-06T04:16:17.482+0000] {main.py:60} INFO - Currently Fetching: 11297636762
[2024-12-06T04:16:17.491+0000] {main.py:60} INFO - Currently Fetching: 11297223794
[2024-12-06T04:16:17.493+0000] {main.py:60} INFO - Currently Fetching: 11292239722
[2024-12-06T04:16:17.510+0000] {main.py:60} INFO - Currently Fetching: 11289233757
[2024-12-06T04:16:17.511+0000] {main.py:60} INFO - Currently Fetching: 11285727772
[2024-12-06T04:16:17.512+0000] {main.py:60} INFO - Currently Fetching: 11284338734
[2024-12-06T04:16:17.512+0000] {main.py:60} INFO - Currently Fetching: 11277323798
[2024-12-06T04:16:17.513+0000] {main.py:60} INFO - Currently Fetching: 11276033708
[2024-12-06T04:16:17.514+0000] {main.py:60} INFO - Currently Fetching: 11275634763
[2024-12-06T04:16:17.523+0000] {main.py:60} INFO - Currently Fetching: 11273435708
[2024-12-06T04:16:17.530+0000] {main.py:60} INFO - Currently Fetching: 11267835744
[2024-12-06T04:16:17.531+0000] {main.py:60} INFO - Currently Fetching: 11260328778
[2024-12-06T04:16:17.532+0000] {main.py:60} INFO - Currently Fetching: 11250139748
[2024-12-06T04:16:17.537+0000] {main.py:60} INFO - Currently Fetching: 11246129775
[2024-12-06T04:16:17.538+0000] {main.py:60} INFO - Currently Fetching: 11242236720
[2024-12-06T04:16:17.539+0000] {main.py:60} INFO - Currently Fetching: 11221236727
[2024-12-06T04:16:17.540+0000] {main.py:60} INFO - Currently Fetching: 11210236706
[2024-12-06T04:16:17.541+0000] {main.py:60} INFO - Currently Fetching: 11078336743
[2024-12-06T04:16:17.542+0000] {main.py:60} INFO - Currently Fetching: 11040534761
[2024-12-06T04:16:17.543+0000] {main.py:60} INFO - Currently Fetching: 11040124719
[2024-12-06T04:16:17.543+0000] {main.py:60} INFO - Currently Fetching: 11035733709
[2024-12-06T04:16:17.548+0000] {main.py:60} INFO - Currently Fetching: 11025429773
[2024-12-06T04:16:17.550+0000] {main.py:60} INFO - Currently Fetching: 11007534786
[2024-12-06T04:16:17.572+0000] {main.py:60} INFO - Currently Fetching: 10596431707
[2024-12-06T04:16:17.580+0000] {main.py:60} INFO - Currently Fetching: 10593423716
[2024-12-06T04:16:17.582+0000] {main.py:60} INFO - Currently Fetching: 10591036724
[2024-12-06T04:16:17.583+0000] {main.py:60} INFO - Currently Fetching: 10587231705
[2024-12-06T04:16:17.583+0000] {main.py:60} INFO - Currently Fetching: 10586626792
[2024-12-06T04:16:17.584+0000] {main.py:60} INFO - Currently Fetching: 10585727719
[2024-12-06T04:16:17.585+0000] {main.py:60} INFO - Currently Fetching: 10582722777
[2024-12-06T04:16:17.586+0000] {main.py:60} INFO - Currently Fetching: 10580037700
[2024-12-06T04:16:17.586+0000] {main.py:60} INFO - Currently Fetching: 10579235782
[2024-12-06T04:16:17.587+0000] {main.py:60} INFO - Currently Fetching: 10576834727
[2024-12-06T04:16:17.588+0000] {main.py:60} INFO - Currently Fetching: 10572934727
[2024-12-06T04:16:17.588+0000] {main.py:60} INFO - Currently Fetching: 10572926774
[2024-12-06T04:16:17.589+0000] {main.py:60} INFO - Currently Fetching: 10566034708
[2024-12-06T04:16:17.590+0000] {main.py:60} INFO - Currently Fetching: 10565737765
[2024-12-06T04:16:17.606+0000] {main.py:60} INFO - Currently Fetching: 10558128779
[2024-12-06T04:16:17.617+0000] {main.py:60} INFO - Currently Fetching: 10557936709
[2024-12-06T04:16:17.618+0000] {main.py:60} INFO - Currently Fetching: 10551132764
[2024-12-06T04:16:17.619+0000] {main.py:60} INFO - Currently Fetching: 10551121714
[2024-12-06T04:16:17.620+0000] {main.py:60} INFO - Currently Fetching: 10550536760
[2024-12-06T04:16:17.630+0000] {main.py:60} INFO - Currently Fetching: 10545323776
[2024-12-06T04:16:17.631+0000] {main.py:60} INFO - Currently Fetching: 10544126779
[2024-12-06T04:16:17.636+0000] {main.py:60} INFO - Currently Fetching: 10542624779
[2024-12-06T04:16:17.638+0000] {main.py:60} INFO - Currently Fetching: 10542439743
[2024-12-06T04:16:17.638+0000] {main.py:60} INFO - Currently Fetching: 10539732768
[2024-12-06T04:16:17.640+0000] {main.py:60} INFO - Currently Fetching: 10533525712
[2024-12-06T04:16:17.641+0000] {main.py:60} INFO - Currently Fetching: 10527422719
[2024-12-06T04:16:17.642+0000] {main.py:60} INFO - Currently Fetching: 10523239709
[2024-12-06T04:16:17.643+0000] {main.py:60} INFO - Currently Fetching: 10520033737
[2024-12-06T04:16:17.649+0000] {main.py:60} INFO - Currently Fetching: 10508533746
[2024-12-06T04:16:17.659+0000] {main.py:60} INFO - Currently Fetching: 10504729792
[2024-12-06T04:16:17.662+0000] {main.py:60} INFO - Currently Fetching: 10194520790
[2024-12-06T04:16:17.666+0000] {main.py:60} INFO - Currently Fetching: 10182536706
[2024-12-06T04:16:17.666+0000] {main.py:60} INFO - Currently Fetching: 10161621717
[2024-12-06T04:16:17.667+0000] {main.py:60} INFO - Currently Fetching: 10157828710
[2024-12-06T04:16:17.668+0000] {main.py:60} INFO - Currently Fetching: 10157129715
[2024-12-06T04:16:17.668+0000] {main.py:60} INFO - Currently Fetching: 10154025775
[2024-12-06T04:16:17.669+0000] {main.py:60} INFO - Currently Fetching: 10150636723
[2024-12-06T04:16:17.670+0000] {main.py:60} INFO - Currently Fetching: 10130723775
[2024-12-06T04:16:17.672+0000] {main.py:60} INFO - Currently Fetching: 10121133742
[2024-12-06T04:16:17.694+0000] {main.py:60} INFO - Currently Fetching: 10105721751
[2024-12-06T04:16:17.699+0000] {main.py:60} INFO - Currently Fetching: 10102239769
[2024-12-06T04:16:17.703+0000] {main.py:60} INFO - Currently Fetching: 10098837700
[2024-12-06T04:16:17.700+0000] {main.py:60} INFO - Currently Fetching: 10098935765
[2024-12-06T04:16:17.704+0000] {main.py:60} INFO - Currently Fetching: 10097732764
[2024-12-06T04:16:17.710+0000] {main.py:60} INFO - Currently Fetching: 10094832764
[2024-12-06T04:16:17.711+0000] {main.py:60} INFO - Currently Fetching: 10094731745
[2024-12-06T04:16:17.712+0000] {main.py:60} INFO - Currently Fetching: 10094621794
[2024-12-06T04:16:17.713+0000] {main.py:60} INFO - Currently Fetching: 10088730702
[2024-12-06T04:16:17.713+0000] {main.py:60} INFO - Currently Fetching: 10086825715
[2024-12-06T04:16:17.714+0000] {main.py:60} INFO - Currently Fetching: 10084629778
[2024-12-06T04:16:17.716+0000] {main.py:60} INFO - Currently Fetching: 10084124772
[2024-12-06T04:16:17.717+0000] {main.py:60} INFO - Currently Fetching: 10082437708
[2024-12-06T04:16:17.717+0000] {main.py:60} INFO - Currently Fetching: 10081130730
[2024-12-06T04:16:17.718+0000] {main.py:60} INFO - Currently Fetching: 10080738742
[2024-12-06T04:16:17.719+0000] {main.py:60} INFO - Currently Fetching: 10080531769
[2024-12-06T04:16:17.720+0000] {main.py:60} INFO - Currently Fetching: 10080123797
[2024-12-06T04:16:17.720+0000] {main.py:60} INFO - Currently Fetching: 10079932702
[2024-12-06T04:16:17.722+0000] {main.py:60} INFO - Currently Fetching: 10079927751
[2024-12-06T04:16:17.730+0000] {main.py:60} INFO - Currently Fetching: 10077329710
[2024-12-06T04:16:17.733+0000] {main.py:60} INFO - Currently Fetching: 10077025775
[2024-12-06T04:16:17.744+0000] {main.py:60} INFO - Currently Fetching: 10076226758
[2024-12-06T04:16:17.747+0000] {main.py:60} INFO - Currently Fetching: 10075525756
[2024-12-06T04:16:17.753+0000] {main.py:60} INFO - Currently Fetching: 10074025777
[2024-12-06T04:16:17.789+0000] {main.py:60} INFO - Currently Fetching: 10070823775
[2024-12-06T04:16:17.822+0000] {main.py:60} INFO - Currently Fetching: 10068826711
[2024-12-06T04:16:17.837+0000] {main.py:60} INFO - Currently Fetching: 10067534748
[2024-12-06T04:16:17.866+0000] {main.py:60} INFO - Currently Fetching: 10066335751
[2024-12-06T04:16:17.880+0000] {main.py:60} INFO - Currently Fetching: 10066024771
[2024-12-06T04:16:17.904+0000] {main.py:60} INFO - Currently Fetching: 10066024719
[2024-12-06T04:16:17.913+0000] {main.py:60} INFO - Currently Fetching: 10064636761
[2024-12-06T04:16:17.918+0000] {main.py:60} INFO - Currently Fetching: 10063735759
[2024-12-06T04:16:17.937+0000] {main.py:60} INFO - Currently Fetching: 10062423712
[2024-12-06T04:16:17.959+0000] {main.py:60} INFO - Currently Fetching: 10061520714
[2024-12-06T04:16:17.963+0000] {main.py:60} INFO - Currently Fetching: 10060229777
[2024-12-06T04:16:17.971+0000] {main.py:60} INFO - Currently Fetching: 10058728773
[2024-12-06T04:16:17.994+0000] {main.py:60} INFO - Currently Fetching: 10058431768
[2024-12-06T04:16:18.014+0000] {main.py:60} INFO - Currently Fetching: 10056738744
[2024-12-06T04:16:18.026+0000] {main.py:60} INFO - Currently Fetching: 10056227774
[2024-12-06T04:16:18.054+0000] {main.py:60} INFO - Currently Fetching: 10054738743
[2024-12-06T04:16:18.037+0000] {main.py:60} INFO - Currently Fetching: 10055727770
[2024-12-06T04:16:18.072+0000] {main.py:60} INFO - Currently Fetching: 10053825776
[2024-12-06T04:16:18.081+0000] {main.py:60} INFO - Currently Fetching: 10053529775
[2024-12-06T04:16:18.085+0000] {main.py:60} INFO - Currently Fetching: 10052924771
[2024-12-06T04:16:18.086+0000] {main.py:60} INFO - Currently Fetching: 10052737761
[2024-12-06T04:16:18.087+0000] {main.py:60} INFO - Currently Fetching: 10052330764
[2024-12-06T04:16:18.088+0000] {main.py:60} INFO - Currently Fetching: 10051622774
[2024-12-06T04:16:18.097+0000] {main.py:60} INFO - Currently Fetching: 10051522771
[2024-12-06T04:16:18.121+0000] {main.py:60} INFO - Currently Fetching: 10051124776
[2024-12-06T04:16:18.122+0000] {main.py:60} INFO - Currently Fetching: 10050323774
[2024-12-06T04:16:18.140+0000] {main.py:60} INFO - Currently Fetching: 10050028778
[2024-12-06T04:16:18.141+0000] {main.py:60} INFO - Currently Fetching: 10049022777
[2024-12-06T04:16:18.143+0000] {main.py:60} INFO - Currently Fetching: 10047728778
[2024-12-06T04:16:18.150+0000] {main.py:60} INFO - Currently Fetching: 10047630738
[2024-12-06T04:16:18.153+0000] {main.py:60} INFO - Currently Fetching: 10045539755
[2024-12-06T04:16:18.156+0000] {main.py:60} INFO - Currently Fetching: 10044020776
[2024-12-06T04:16:18.161+0000] {main.py:60} INFO - Currently Fetching: 10043637737
[2024-12-06T04:16:18.170+0000] {main.py:60} INFO - Currently Fetching: 10043426777
[2024-12-06T04:16:18.170+0000] {main.py:60} INFO - Currently Fetching: 10042631733
[2024-12-06T04:16:18.181+0000] {main.py:60} INFO - Currently Fetching: 10041633748
[2024-12-06T04:16:18.205+0000] {main.py:60} INFO - Currently Fetching: 10040825797
[2024-12-06T04:16:18.221+0000] {main.py:60} INFO - Currently Fetching: 10039533740
[2024-12-06T04:16:18.229+0000] {main.py:60} INFO - Currently Fetching: 10038720777
[2024-12-06T04:16:18.231+0000] {main.py:60} INFO - Currently Fetching: 10037936765
[2024-12-06T04:16:18.235+0000] {main.py:60} INFO - Currently Fetching: 10036837701
[2024-12-06T04:16:18.237+0000] {main.py:60} INFO - Currently Fetching: 10036023771
[2024-12-06T04:16:18.241+0000] {main.py:60} INFO - Currently Fetching: 10035620710
[2024-12-06T04:16:18.248+0000] {main.py:60} INFO - Currently Fetching: 10034881740
[2024-12-06T04:16:18.250+0000] {main.py:60} INFO - Currently Fetching: 10034738733
[2024-12-06T04:16:18.254+0000] {main.py:60} INFO - Currently Fetching: 10034234732
[2024-12-06T04:16:18.285+0000] {main.py:60} INFO - Currently Fetching: 10034124776
[2024-12-06T04:16:18.286+0000] {main.py:60} INFO - Currently Fetching: 10033023714
[2024-12-06T04:16:18.286+0000] {main.py:60} INFO - Currently Fetching: 10032424719
[2024-12-06T04:16:18.287+0000] {main.py:60} INFO - Currently Fetching: 10030922710
[2024-12-06T04:16:18.287+0000] {main.py:60} INFO - Currently Fetching: 10026928791
[2024-12-06T04:16:18.302+0000] {main.py:60} INFO - Currently Fetching: 10026524713
[2024-12-06T04:16:18.311+0000] {main.py:60} INFO - Currently Fetching: 10026434758
[2024-12-06T04:16:18.334+0000] {main.py:60} INFO - Currently Fetching: 10021237762
[2024-12-06T04:16:18.345+0000] {main.py:60} INFO - Currently Fetching: 10021234738
[2024-12-06T04:16:18.348+0000] {main.py:60} INFO - Currently Fetching: 10019723790
[2024-12-06T04:16:18.363+0000] {main.py:60} INFO - Currently Fetching: 10019628779
[2024-12-06T04:16:18.374+0000] {main.py:60} INFO - Currently Fetching: 10017325773
[2024-12-06T04:16:18.397+0000] {main.py:60} INFO - Currently Fetching: 10015426753
[2024-12-06T04:16:18.399+0000] {main.py:60} INFO - Currently Fetching: 10014728775
[2024-12-06T04:16:18.404+0000] {main.py:60} INFO - Currently Fetching: 10013221797
[2024-12-06T04:16:18.415+0000] {main.py:60} INFO - Currently Fetching: 10012231703
[2024-12-06T04:16:18.418+0000] {main.py:60} INFO - Currently Fetching: 10011221712
[2024-12-06T04:16:18.421+0000] {main.py:60} INFO - Currently Fetching: 10009021793
[2024-12-06T04:16:18.427+0000] {main.py:60} INFO - Currently Fetching: 10007934760
[2024-12-06T04:16:18.430+0000] {main.py:60} INFO - Currently Fetching: 10007021778
[2024-12-06T04:16:18.432+0000] {main.py:60} INFO - Currently Fetching: 10005323712
[2024-12-06T04:16:18.437+0000] {main.py:60} INFO - Currently Fetching: 10004833746
[2024-12-06T04:16:18.438+0000] {main.py:60} INFO - Currently Fetching: 10003326797
[2024-12-06T04:16:18.449+0000] {main.py:60} INFO - Currently Fetching: 10003128717
[2024-12-06T04:16:18.457+0000] {main.py:60} INFO - Currently Fetching: 10002721770
[2024-12-06T04:16:18.462+0000] {main.py:60} INFO - Currently Fetching: 10002132765
[2024-12-06T04:16:18.464+0000] {main.py:60} INFO - Currently Fetching: 10002038729
[2024-12-06T04:16:18.467+0000] {main.py:60} INFO - Currently Fetching: 10001131761
[2024-12-06T04:16:18.468+0000] {main.py:60} INFO - Currently Fetching: 10000931700
[2024-12-06T04:16:18.469+0000] {main.py:60} INFO - Currently Fetching: 10082837731
[2024-12-06T04:16:18.480+0000] {main.py:60} INFO - Currently Fetching: 10001231792
[2024-12-06T04:16:18.502+0000] {main.py:60} INFO - Currently Fetching: 10063189722
[2024-12-06T04:16:18.571+0000] {main.py:60} INFO - Currently Fetching: 11267025777
[2024-12-06T04:16:18.563+0000] {main.py:60} INFO - Currently Fetching: 10077382748
[2024-12-06T04:16:18.580+0000] {main.py:60} INFO - Currently Fetching: 11216639785
[2024-12-06T04:16:18.588+0000] {main.py:60} INFO - Currently Fetching: 10593633761
[2024-12-06T04:16:18.596+0000] {main.py:60} INFO - Currently Fetching: 10573627750
[2024-12-06T04:16:18.603+0000] {main.py:60} INFO - Currently Fetching: 10511238743
[2024-12-06T04:16:18.605+0000] {main.py:60} INFO - Currently Fetching: 10099224798
[2024-12-06T04:16:18.612+0000] {main.py:60} INFO - Currently Fetching: 10098427771
[2024-12-06T04:16:18.623+0000] {main.py:60} INFO - Currently Fetching: 10068728776
[2024-12-06T04:16:18.668+0000] {main.py:60} INFO - Currently Fetching: 10050320716
[2024-12-06T04:16:18.700+0000] {main.py:60} INFO - Currently Fetching: 10023236705
[2024-12-06T04:16:18.705+0000] {main.py:60} INFO - Currently Fetching: 10011127775
[2024-12-06T04:16:18.717+0000] {main.py:60} INFO - Currently Fetching: 10004020777
[2024-12-06T04:16:18.726+0000] {main.py:60} INFO - Currently Fetching: 10552537794
[2024-12-06T04:16:18.727+0000] {main.py:60} INFO - Currently Fetching: 11235134713
[2024-12-06T04:16:18.729+0000] {main.py:60} INFO - Currently Fetching: 10553933789
[2024-12-06T04:16:18.730+0000] {main.py:60} INFO - Currently Fetching: 10176486747
[2024-12-06T04:16:18.733+0000] {main.py:60} INFO - Currently Fetching: 10592280765
[2024-12-06T04:16:18.735+0000] {main.py:60} INFO - Currently Fetching: 10193681745
[2024-12-06T04:16:18.747+0000] {main.py:60} INFO - Currently Fetching: 10552081723
[2024-12-06T04:16:18.752+0000] {main.py:60} INFO - Currently Fetching: 10014783747
[2024-12-06T04:16:18.755+0000] {main.py:60} INFO - Currently Fetching: 10587680722
[2024-12-06T04:16:18.759+0000] {main.py:60} INFO - Currently Fetching: 11252731754
[2024-12-06T04:16:18.753+0000] {main.py:60} INFO - Currently Fetching: 10038132710
[2024-12-06T04:16:18.766+0000] {main.py:60} INFO - Currently Fetching: 11289226779
[2024-12-06T04:16:18.764+0000] {main.py:60} INFO - Currently Fetching: 10081085700
[2024-12-06T04:16:18.769+0000] {main.py:60} INFO - Currently Fetching: 11287028772
[2024-12-06T04:16:18.770+0000] {main.py:60} INFO - Currently Fetching: 11286130755
[2024-12-06T04:16:18.776+0000] {main.py:60} INFO - Currently Fetching: 11283323718
[2024-12-06T04:16:18.784+0000] {main.py:60} INFO - Currently Fetching: 11268132702
[2024-12-06T04:16:18.795+0000] {main.py:60} INFO - Currently Fetching: 11260139782
[2024-12-06T04:16:18.798+0000] {main.py:60} INFO - Currently Fetching: 11255237766
[2024-12-06T04:16:18.810+0000] {main.py:60} INFO - Currently Fetching: 11252932734
[2024-12-06T04:16:18.814+0000] {main.py:60} INFO - Currently Fetching: 11251421711
[2024-12-06T04:16:18.818+0000] {main.py:60} INFO - Currently Fetching: 11247952765
[2024-12-06T04:16:18.815+0000] {main.py:60} INFO - Currently Fetching: 11249233746
[2024-12-06T04:16:18.822+0000] {main.py:60} INFO - Currently Fetching: 11243429750
[2024-12-06T04:16:18.849+0000] {main.py:60} INFO - Currently Fetching: 11241927715
[2024-12-06T04:16:18.884+0000] {main.py:60} INFO - Currently Fetching: 11230630703
[2024-12-06T04:16:18.894+0000] {main.py:60} INFO - Currently Fetching: 11220221776
[2024-12-06T04:16:18.918+0000] {main.py:60} INFO - Currently Fetching: 11219726772
[2024-12-06T04:16:18.922+0000] {main.py:60} INFO - Currently Fetching: 11207221711
[2024-12-06T04:16:18.994+0000] {main.py:60} INFO - Currently Fetching: 11206528719
[2024-12-06T04:16:18.983+0000] {main.py:60} INFO - Currently Fetching: 11207020716
[2024-12-06T04:16:19.004+0000] {main.py:60} INFO - Currently Fetching: 10582937741
[2024-12-06T04:16:19.055+0000] {main.py:60} INFO - Currently Fetching: 10582226718
[2024-12-06T04:16:19.060+0000] {main.py:60} INFO - Currently Fetching: 10580228779
[2024-12-06T04:16:19.063+0000] {main.py:60} INFO - Currently Fetching: 10577929771
[2024-12-06T04:16:19.089+0000] {main.py:60} INFO - Currently Fetching: 10574425717
[2024-12-06T04:16:19.120+0000] {main.py:60} INFO - Currently Fetching: 10568425777
[2024-12-06T04:16:19.130+0000] {main.py:60} INFO - Currently Fetching: 10568129774
[2024-12-06T04:16:19.413+0000] {main.py:60} INFO - Currently Fetching: 10564924717
[2024-12-06T04:16:19.690+0000] {main.py:60} INFO - Currently Fetching: 10562926756
[2024-12-06T04:16:19.822+0000] {main.py:60} INFO - Currently Fetching: 10561727713
[2024-12-06T04:16:19.871+0000] {main.py:60} INFO - Currently Fetching: 10561020716
[2024-12-06T04:16:19.988+0000] {main.py:60} INFO - Currently Fetching: 10559723797
[2024-12-06T04:16:20.100+0000] {main.py:60} INFO - Currently Fetching: 10552125778
[2024-12-06T04:16:20.017+0000] {main.py:60} INFO - Currently Fetching: 10558022770
[2024-12-06T04:16:20.247+0000] {main.py:60} INFO - Currently Fetching: 10551429778
[2024-12-06T04:16:20.264+0000] {main.py:60} INFO - Currently Fetching: 10547826714
[2024-12-06T04:16:20.528+0000] {main.py:60} INFO - Currently Fetching: 10535133709
[2024-12-06T04:16:20.553+0000] {main.py:60} INFO - Currently Fetching: 10534931706
[2024-12-06T04:16:20.779+0000] {main.py:60} INFO - Currently Fetching: 10533454755
[2024-12-06T04:16:20.820+0000] {main.py:60} INFO - Currently Fetching: 10529833740
[2024-12-06T04:16:21.054+0000] {main.py:60} INFO - Currently Fetching: 10528026771
[2024-12-06T04:16:21.155+0000] {main.py:60} INFO - Currently Fetching: 10522227712
[2024-12-06T04:16:21.360+0000] {main.py:60} INFO - Currently Fetching: 10517733763
[2024-12-06T04:16:21.507+0000] {main.py:60} INFO - Currently Fetching: 10513839740
[2024-12-06T04:16:21.874+0000] {main.py:60} INFO - Currently Fetching: 10510032787
[2024-12-06T04:16:22.733+0000] {main.py:60} INFO - Currently Fetching: 10500134743
[2024-12-06T04:16:22.768+0000] {main.py:60} INFO - Currently Fetching: 10500029779
[2024-12-06T04:16:23.025+0000] {main.py:60} INFO - Currently Fetching: 10193425711
[2024-12-06T04:16:23.524+0000] {main.py:60} INFO - Currently Fetching: 10188620771
[2024-12-06T04:16:23.557+0000] {main.py:60} INFO - Currently Fetching: 10186032749
[2024-12-06T04:16:23.568+0000] {main.py:60} INFO - Currently Fetching: 10181030710
[2024-12-06T04:16:24.156+0000] {main.py:60} INFO - Currently Fetching: 10175926713
[2024-12-06T04:16:24.586+0000] {main.py:60} INFO - Currently Fetching: 10164228778
[2024-12-06T04:16:24.903+0000] {main.py:60} INFO - Currently Fetching: 10163420795
[2024-12-06T04:16:25.043+0000] {main.py:60} INFO - Currently Fetching: 10161226773
[2024-12-06T04:16:25.123+0000] {main.py:60} INFO - Currently Fetching: 10155035767
[2024-12-06T04:16:25.156+0000] {main.py:60} INFO - Currently Fetching: 10136526772
[2024-12-06T04:24:40.055+0000] {job.py:229} INFO - Heartbeat recovered after 15.18 seconds
[2024-12-06T04:24:45.643+0000] {job.py:229} INFO - Heartbeat recovered after 15.41 seconds
[2024-12-06T04:16:25.346+0000] {main.py:60} INFO - Currently Fetching: 10121437705
[2024-12-06T04:16:25.369+0000] {main.py:60} INFO - Currently Fetching: 10120722775
[2024-12-06T04:16:26.193+0000] {main.py:60} INFO - Currently Fetching: 10108823775
[2024-12-06T04:16:26.379+0000] {main.py:60} INFO - Currently Fetching: 10105725756
[2024-12-06T04:16:26.544+0000] {main.py:60} INFO - Currently Fetching: 10105125750
[2024-12-06T04:16:26.659+0000] {main.py:60} INFO - Currently Fetching: 10098522719
[2024-12-06T04:16:26.913+0000] {main.py:60} INFO - Currently Fetching: 10097138735
[2024-12-06T04:16:27.224+0000] {main.py:60} INFO - Currently Fetching: 10089432768
[2024-12-06T04:16:27.639+0000] {main.py:60} INFO - Currently Fetching: 10089327773
[2024-12-06T04:16:27.645+0000] {main.py:60} INFO - Currently Fetching: 10088237769
[2024-12-06T04:16:27.741+0000] {main.py:60} INFO - Currently Fetching: 10085920710
[2024-12-06T04:16:29.652+0000] {main.py:60} INFO - Currently Fetching: 10079627774
[2024-12-06T04:16:30.362+0000] {main.py:60} INFO - Currently Fetching: 10073327776
[2024-12-06T04:16:31.003+0000] {main.py:60} INFO - Currently Fetching: 10069420779
[2024-12-06T04:16:31.441+0000] {main.py:60} INFO - Currently Fetching: 10069420772
[2024-12-06T04:16:31.681+0000] {main.py:60} INFO - Currently Fetching: 10068437798
[2024-12-06T04:16:31.831+0000] {main.py:60} INFO - Currently Fetching: 10067935709
[2024-12-06T04:16:31.900+0000] {main.py:60} INFO - Currently Fetching: 10067128719
[2024-12-06T04:16:32.089+0000] {main.py:60} INFO - Currently Fetching: 10062639751
[2024-12-06T04:16:33.173+0000] {main.py:60} INFO - Currently Fetching: 10061436764
[2024-12-06T04:16:33.295+0000] {main.py:60} INFO - Currently Fetching: 10059520719
[2024-12-06T04:16:33.307+0000] {main.py:60} INFO - Currently Fetching: 10057626715
[2024-12-06T04:16:33.594+0000] {main.py:60} INFO - Currently Fetching: 10054626717
[2024-12-06T04:16:33.596+0000] {main.py:60} INFO - Currently Fetching: 10054321772
[2024-12-06T04:16:33.804+0000] {main.py:60} INFO - Currently Fetching: 10052929779
[2024-12-06T04:16:33.445+0000] {main.py:60} INFO - Currently Fetching: 10056220715
[2024-12-06T04:16:33.924+0000] {main.py:60} INFO - Currently Fetching: 10051522754
[2024-12-06T04:16:34.153+0000] {main.py:60} INFO - Currently Fetching: 10050734740
[2024-12-06T04:16:34.191+0000] {main.py:60} INFO - Currently Fetching: 10049229779
[2024-12-06T04:16:34.205+0000] {main.py:60} INFO - Currently Fetching: 10045723711
[2024-12-06T04:16:34.313+0000] {main.py:60} INFO - Currently Fetching: 10043920719
[2024-12-06T04:16:34.411+0000] {main.py:60} INFO - Currently Fetching: 10038239761
[2024-12-06T04:16:34.361+0000] {main.py:60} INFO - Currently Fetching: 10039521714
[2024-12-06T04:16:34.578+0000] {main.py:60} INFO - Currently Fetching: 10036636765
[2024-12-06T04:16:34.745+0000] {main.py:60} INFO - Currently Fetching: 10028838735
[2024-12-06T04:16:35.681+0000] {main.py:60} INFO - Currently Fetching: 10027537704
[2024-12-06T04:16:35.757+0000] {main.py:60} INFO - Currently Fetching: 10027431730
[2024-12-06T04:16:37.167+0000] {main.py:60} INFO - Currently Fetching: 10026720775
[2024-12-06T04:16:37.476+0000] {main.py:60} INFO - Currently Fetching: 10026538708
[2024-12-06T04:16:38.958+0000] {main.py:60} INFO - Currently Fetching: 10024834734
[2024-12-06T04:16:39.410+0000] {main.py:60} INFO - Currently Fetching: 10024321718
[2024-12-06T04:16:39.724+0000] {main.py:60} INFO - Currently Fetching: 10022337727
[2024-12-06T04:16:39.809+0000] {main.py:60} INFO - Currently Fetching: 10018338740
[2024-12-06T04:16:40.094+0000] {main.py:60} INFO - Currently Fetching: 10015933769
[2024-12-06T04:16:40.102+0000] {main.py:60} INFO - Currently Fetching: 10015732749
[2024-12-06T04:16:40.410+0000] {main.py:60} INFO - Currently Fetching: 10014835786
[2024-12-06T04:16:43.098+0000] {main.py:60} INFO - Currently Fetching: 10011535709
[2024-12-06T04:16:43.292+0000] {main.py:60} INFO - Currently Fetching: 10011530762
[2024-12-06T04:16:43.398+0000] {main.py:60} INFO - Currently Fetching: 10001781760
[2024-12-06T04:16:43.395+0000] {main.py:60} INFO - Currently Fetching: 10010132792
[2024-12-06T04:16:43.522+0000] {main.py:60} INFO - Currently Fetching: 10001330764
[2024-12-06T04:16:44.462+0000] {main.py:60} INFO - Currently Fetching: 11027733737
[2024-12-06T04:16:44.691+0000] {main.py:60} INFO - Currently Fetching: 10028786700
[2024-12-06T04:16:44.821+0000] {main.py:60} INFO - Currently Fetching: 10078283761
[2024-12-06T04:16:45.732+0000] {main.py:60} INFO - Currently Fetching: 10596487782
[2024-12-06T04:16:46.011+0000] {main.py:60} INFO - Currently Fetching: 11240334784
[2024-12-06T04:16:46.080+0000] {main.py:60} INFO - Currently Fetching: 10018481747
[2024-12-06T04:16:46.946+0000] {main.py:60} INFO - Currently Fetching: 10524682768
[2024-12-06T04:16:46.952+0000] {main.py:60} INFO - Currently Fetching: 10112287722
[2024-12-06T04:16:47.005+0000] {main.py:60} INFO - Currently Fetching: 11262821753
[2024-12-06T04:16:47.480+0000] {main.py:60} INFO - Currently Fetching: 11256226797
[2024-12-06T04:16:48.471+0000] {main.py:60} INFO - Currently Fetching: 11239723755
[2024-12-06T04:16:48.861+0000] {main.py:60} INFO - Currently Fetching: 10574221778
[2024-12-06T04:16:49.019+0000] {main.py:60} INFO - Currently Fetching: 10060038702
[2024-12-06T04:30:22.141+0000] {python.py:240} INFO - Done. Returned value was: None
[2024-12-06T04:30:22.566+0000] {taskinstance.py:340} INFO - ::group::Post task execution logs
[2024-12-06T04:30:22.571+0000] {taskinstance.py:352} INFO - Marking task as SUCCESS. dag_id=cars24_etl_pipeline, task_id=combined_extract, run_id=manual__2024-12-06T04:15:27.398411+00:00, execution_date=20241206T041527, start_date=20241206T041600, end_date=20241206T043022
[2024-12-06T04:30:22.632+0000] {logging_mixin.py:190} INFO - Task instance in success state
[2024-12-06T04:30:22.633+0000] {logging_mixin.py:190} INFO -  Previous state of the Task instance: running
[2024-12-06T04:30:22.634+0000] {logging_mixin.py:190} INFO - Dag name:cars24_etl_pipeline queued_at:2024-12-06 04:15:27.716116+00:00
[2024-12-06T04:30:22.634+0000] {logging_mixin.py:190} INFO - Task hostname:252cdb13a655 operator:PythonOperator
[2024-12-06T04:30:22.959+0000] {local_task_job_runner.py:266} INFO - Task exited with return code 0
[2024-12-06T04:30:23.670+0000] {taskinstance.py:3895} INFO - 1 downstream tasks scheduled from follow-on schedule check
[2024-12-06T04:30:23.689+0000] {local_task_job_runner.py:245} INFO - ::endgroup::
