[2024-12-07T18:23:22.244+0000] {local_task_job_runner.py:123} INFO - ::group::Pre task execution logs
[2024-12-07T18:23:22.530+0000] {taskinstance.py:2613} INFO - Dependencies all met for dep_context=non-requeueable deps ti=<TaskInstance: cars24_etl_pipeline.transform_stage manual__2024-12-07T18:08:25.330674+00:00 [queued]>
[2024-12-07T18:23:22.652+0000] {taskinstance.py:2613} INFO - Dependencies all met for dep_context=requeueable deps ti=<TaskInstance: cars24_etl_pipeline.transform_stage manual__2024-12-07T18:08:25.330674+00:00 [queued]>
[2024-12-07T18:23:22.702+0000] {taskinstance.py:2866} INFO - Starting attempt 2 of 4
[2024-12-07T18:23:22.952+0000] {taskinstance.py:2889} INFO - Executing <Task(PythonOperator): transform_stage> on 2024-12-07 18:08:25.330674+00:00
[2024-12-07T18:23:23.096+0000] {standard_task_runner.py:72} INFO - Started process 597 to run task
[2024-12-07T18:23:23.728+0000] {standard_task_runner.py:104} INFO - Running: ['airflow', 'tasks', 'run', 'cars24_etl_pipeline', 'transform_stage', 'manual__2024-12-07T18:08:25.330674+00:00', '--job-id', '8', '--raw', '--subdir', 'DAGS_FOLDER/etl_dag.py', '--cfg-path', '/tmp/tmpazdy5lgg']
[2024-12-07T18:23:23.742+0000] {standard_task_runner.py:105} INFO - Job 8: Subtask transform_stage
[2024-12-07T18:23:27.710+0000] {task_command.py:467} INFO - Running <TaskInstance: cars24_etl_pipeline.transform_stage manual__2024-12-07T18:08:25.330674+00:00 [running]> on host bc0ae7fc4eec
[2024-12-07T18:23:28.457+0000] {taskinstance.py:3132} INFO - Exporting env vars: AIRFLOW_CTX_DAG_OWNER='airflow' AIRFLOW_CTX_DAG_ID='cars24_etl_pipeline' AIRFLOW_CTX_TASK_ID='transform_stage' AIRFLOW_CTX_EXECUTION_DATE='2024-12-07T18:08:25.330674+00:00' AIRFLOW_CTX_TRY_NUMBER='2' AIRFLOW_CTX_DAG_RUN_ID='manual__2024-12-07T18:08:25.330674+00:00'
[2024-12-07T18:23:28.483+0000] {logging_mixin.py:190} INFO - Task instance is in running state
[2024-12-07T18:23:28.485+0000] {logging_mixin.py:190} INFO -  Previous state of the Task instance: queued
[2024-12-07T18:23:28.488+0000] {logging_mixin.py:190} INFO - Current task name:transform_stage state:running start_date:2024-12-07 18:23:22.595029+00:00
[2024-12-07T18:23:28.489+0000] {logging_mixin.py:190} INFO - Dag name:cars24_etl_pipeline and current dag run status:running
[2024-12-07T18:23:28.493+0000] {taskinstance.py:731} INFO - ::endgroup::
[2024-12-07T18:23:28.512+0000] {etl_dag.py:167} INFO - Starting Transformation Stage
[2024-12-07T18:23:28.514+0000] {transform.py:11} INFO - Starting data transformation
[2024-12-07T18:23:28.515+0000] {transform.py:18} INFO - Reading raw data from /app/output/cars24_raw_data.xlsx
[2024-12-07T18:23:34.639+0000] {transform.py:22} INFO - Dropping duplicate rows
[2024-12-07T18:23:34.706+0000] {transform.py:27} INFO - Removing rows with missing values in ['Displacementcc', 'GearBoxNumberOfGears']
[2024-12-07T18:23:34.728+0000] {transform.py:32} INFO - Dropping columns: ['TransmissionType', 'specs_tag', 'content.city']
[2024-12-07T18:23:34.738+0000] {transform.py:40} INFO - Replacing NaN values with 'not available'
[2024-12-07T18:23:34.748+0000] {transform.py:44} INFO - Performing date feature engineering
[2024-12-07T18:23:34.851+0000] {transform.py:78} INFO - Dropping original date columns
[2024-12-07T18:23:34.855+0000] {transform.py:83} INFO - Encoding features
[2024-12-07T18:23:34.872+0000] {transform.py:92} INFO - Dropping tyre-related columns
[2024-12-07T18:23:34.879+0000] {transform.py:97} INFO - Finalizing dataset
[2024-12-07T18:23:34.883+0000] {transform.py:109} INFO - Saving transformed data to /app/output/cars24_transformed_data.xlsx
[2024-12-07T18:23:35.117+0000] {transform.py:112} INFO - Data transformation completed successfully
[2024-12-07T18:23:35.119+0000] {python.py:240} INFO - Done. Returned value was: None
[2024-12-07T18:23:35.128+0000] {taskinstance.py:340} INFO - ::group::Post task execution logs
[2024-12-07T18:23:35.130+0000] {taskinstance.py:352} INFO - Marking task as SUCCESS. dag_id=cars24_etl_pipeline, task_id=transform_stage, run_id=manual__2024-12-07T18:08:25.330674+00:00, execution_date=20241207T180825, start_date=20241207T182322, end_date=20241207T182335
[2024-12-07T18:23:35.171+0000] {logging_mixin.py:190} INFO - Task instance in success state
[2024-12-07T18:23:35.172+0000] {logging_mixin.py:190} INFO -  Previous state of the Task instance: running
[2024-12-07T18:23:35.173+0000] {logging_mixin.py:190} INFO - Dag name:cars24_etl_pipeline queued_at:2024-12-07 18:08:26.939578+00:00
[2024-12-07T18:23:35.173+0000] {logging_mixin.py:190} INFO - Task hostname:bc0ae7fc4eec operator:PythonOperator
[2024-12-07T18:23:35.209+0000] {local_task_job_runner.py:266} INFO - Task exited with return code 0
[2024-12-07T18:23:35.259+0000] {taskinstance.py:3895} INFO - 1 downstream tasks scheduled from follow-on schedule check
[2024-12-07T18:23:35.269+0000] {local_task_job_runner.py:245} INFO - ::endgroup::
