[2024-12-07T16:59:05.674+0000] {local_task_job_runner.py:123} INFO - ::group::Pre task execution logs
[2024-12-07T16:59:05.727+0000] {taskinstance.py:2613} INFO - Dependencies all met for dep_context=non-requeueable deps ti=<TaskInstance: cars24_etl_pipeline.combined_extract manual__2024-12-07T16:58:25.252048+00:00 [queued]>
[2024-12-07T16:59:05.767+0000] {taskinstance.py:2613} INFO - Dependencies all met for dep_context=requeueable deps ti=<TaskInstance: cars24_etl_pipeline.combined_extract manual__2024-12-07T16:58:25.252048+00:00 [queued]>
[2024-12-07T16:59:05.797+0000] {taskinstance.py:2866} INFO - Starting attempt 1 of 4
[2024-12-07T16:59:05.872+0000] {taskinstance.py:2889} INFO - Executing <Task(PythonOperator): combined_extract> on 2024-12-07 16:58:25.252048+00:00
[2024-12-07T16:59:05.898+0000] {standard_task_runner.py:72} INFO - Started process 68217 to run task
[2024-12-07T16:59:05.907+0000] {standard_task_runner.py:104} INFO - Running: ['airflow', 'tasks', 'run', 'cars24_etl_pipeline', 'combined_extract', 'manual__2024-12-07T16:58:25.252048+00:00', '--job-id', '4', '--raw', '--subdir', 'DAGS_FOLDER/etl_dag.py', '--cfg-path', '/tmp/tmpok45iznq']
[2024-12-07T16:59:05.909+0000] {standard_task_runner.py:105} INFO - Job 4: Subtask combined_extract
[2024-12-07T16:59:06.081+0000] {task_command.py:467} INFO - Running <TaskInstance: cars24_etl_pipeline.combined_extract manual__2024-12-07T16:58:25.252048+00:00 [running]> on host 98e62141e0b8
[2024-12-07T16:59:06.185+0000] {taskinstance.py:3132} INFO - Exporting env vars: AIRFLOW_CTX_DAG_OWNER='airflow' AIRFLOW_CTX_DAG_ID='cars24_etl_pipeline' AIRFLOW_CTX_TASK_ID='combined_extract' AIRFLOW_CTX_EXECUTION_DATE='2024-12-07T16:58:25.252048+00:00' AIRFLOW_CTX_TRY_NUMBER='1' AIRFLOW_CTX_DAG_RUN_ID='manual__2024-12-07T16:58:25.252048+00:00'
[2024-12-07T16:59:06.187+0000] {logging_mixin.py:190} INFO - Task instance is in running state
[2024-12-07T16:59:06.187+0000] {logging_mixin.py:190} INFO -  Previous state of the Task instance: queued
[2024-12-07T16:59:06.188+0000] {logging_mixin.py:190} INFO - Current task name:combined_extract state:running start_date:2024-12-07 16:59:05.744135+00:00
[2024-12-07T16:59:06.189+0000] {logging_mixin.py:190} INFO - Dag name:cars24_etl_pipeline and current dag run status:running
[2024-12-07T16:59:06.189+0000] {taskinstance.py:731} INFO - ::endgroup::
[2024-12-07T16:59:06.191+0000] {etl_dag.py:75} INFO - Starting combined Extract Stage 1 and Stage 2
[2024-12-07T16:59:06.191+0000] {extract.py:208} INFO - Starting extract stage 1 and 2
[2024-12-07T16:59:06.192+0000] {extract.py:195} INFO - Starting Stage 1: Fetching appointment IDs
[2024-12-07T16:59:07.116+0000] {logging_mixin.py:190} WARNING - /usr/local/lib/python3.8/site-packages/urllib3/connectionpool.py:1099 InsecureRequestWarning: Unverified HTTPS request is being made to host 'b2c-catalog-gateway.c24.tech'. Adding certificate verification is strongly advised. See: https://urllib3.readthedocs.io/en/latest/advanced-usage.html#tls-warnings
[2024-12-07T16:59:07.288+0000] {logging_mixin.py:190} WARNING - /usr/local/lib/python3.8/site-packages/urllib3/connectionpool.py:1099 InsecureRequestWarning: Unverified HTTPS request is being made to host 'b2c-catalog-gateway.c24.tech'. Adding certificate verification is strongly advised. See: https://urllib3.readthedocs.io/en/latest/advanced-usage.html#tls-warnings
[2024-12-07T16:59:07.312+0000] {logging_mixin.py:190} WARNING - /usr/local/lib/python3.8/site-packages/urllib3/connectionpool.py:1099 InsecureRequestWarning: Unverified HTTPS request is being made to host 'b2c-catalog-gateway.c24.tech'. Adding certificate verification is strongly advised. See: https://urllib3.readthedocs.io/en/latest/advanced-usage.html#tls-warnings
[2024-12-07T16:59:07.317+0000] {extract.py:59} ERROR - Error processing city_id 257: 'appointmentId'
[2024-12-07T16:59:07.318+0000] {logging_mixin.py:190} WARNING - /usr/local/lib/python3.8/site-packages/urllib3/connectionpool.py:1099 InsecureRequestWarning: Unverified HTTPS request is being made to host 'b2c-catalog-gateway.c24.tech'. Adding certificate verification is strongly advised. See: https://urllib3.readthedocs.io/en/latest/advanced-usage.html#tls-warnings
[2024-12-07T16:59:07.321+0000] {logging_mixin.py:190} WARNING - /usr/local/lib/python3.8/site-packages/urllib3/connectionpool.py:1099 InsecureRequestWarning: Unverified HTTPS request is being made to host 'b2c-catalog-gateway.c24.tech'. Adding certificate verification is strongly advised. See: https://urllib3.readthedocs.io/en/latest/advanced-usage.html#tls-warnings
[2024-12-07T16:59:07.325+0000] {logging_mixin.py:190} WARNING - /usr/local/lib/python3.8/site-packages/urllib3/connectionpool.py:1099 InsecureRequestWarning: Unverified HTTPS request is being made to host 'b2c-catalog-gateway.c24.tech'. Adding certificate verification is strongly advised. See: https://urllib3.readthedocs.io/en/latest/advanced-usage.html#tls-warnings
[2024-12-07T16:59:07.327+0000] {logging_mixin.py:190} WARNING - /usr/local/lib/python3.8/site-packages/urllib3/connectionpool.py:1099 InsecureRequestWarning: Unverified HTTPS request is being made to host 'b2c-catalog-gateway.c24.tech'. Adding certificate verification is strongly advised. See: https://urllib3.readthedocs.io/en/latest/advanced-usage.html#tls-warnings
[2024-12-07T16:59:07.329+0000] {logging_mixin.py:190} WARNING - /usr/local/lib/python3.8/site-packages/urllib3/connectionpool.py:1099 InsecureRequestWarning: Unverified HTTPS request is being made to host 'b2c-catalog-gateway.c24.tech'. Adding certificate verification is strongly advised. See: https://urllib3.readthedocs.io/en/latest/advanced-usage.html#tls-warnings
[2024-12-07T16:59:07.331+0000] {logging_mixin.py:190} WARNING - /usr/local/lib/python3.8/site-packages/urllib3/connectionpool.py:1099 InsecureRequestWarning: Unverified HTTPS request is being made to host 'b2c-catalog-gateway.c24.tech'. Adding certificate verification is strongly advised. See: https://urllib3.readthedocs.io/en/latest/advanced-usage.html#tls-warnings
[2024-12-07T16:59:07.333+0000] {logging_mixin.py:190} WARNING - /usr/local/lib/python3.8/site-packages/urllib3/connectionpool.py:1099 InsecureRequestWarning: Unverified HTTPS request is being made to host 'b2c-catalog-gateway.c24.tech'. Adding certificate verification is strongly advised. See: https://urllib3.readthedocs.io/en/latest/advanced-usage.html#tls-warnings
[2024-12-07T16:59:07.334+0000] {logging_mixin.py:190} WARNING - /usr/local/lib/python3.8/site-packages/urllib3/connectionpool.py:1099 InsecureRequestWarning: Unverified HTTPS request is being made to host 'b2c-catalog-gateway.c24.tech'. Adding certificate verification is strongly advised. See: https://urllib3.readthedocs.io/en/latest/advanced-usage.html#tls-warnings
[2024-12-07T16:59:07.448+0000] {extract.py:59} ERROR - Error processing city_id 270: 'appointmentId'
[2024-12-07T16:59:07.451+0000] {extract.py:59} ERROR - Error processing city_id 273: 'appointmentId'
[2024-12-07T16:59:07.453+0000] {extract.py:59} ERROR - Error processing city_id 275: 'appointmentId'
[2024-12-07T16:59:07.460+0000] {extract.py:59} ERROR - Error processing city_id 295: 'appointmentId'
[2024-12-07T16:59:07.461+0000] {extract.py:59} ERROR - Error processing city_id 280: 'appointmentId'
[2024-12-07T16:59:07.477+0000] {extract.py:59} ERROR - Error processing city_id 271: 'appointmentId'
[2024-12-07T16:59:07.485+0000] {extract.py:59} ERROR - Error processing city_id 276: 'appointmentId'
[2024-12-07T16:59:07.488+0000] {extract.py:59} ERROR - Error processing city_id 277: 'appointmentId'
[2024-12-07T16:59:07.498+0000] {extract.py:59} ERROR - Error processing city_id 272: 'appointmentId'
[2024-12-07T16:59:07.503+0000] {extract.py:59} ERROR - Error processing city_id 269: 'appointmentId'
[2024-12-07T16:59:07.891+0000] {logging_mixin.py:190} WARNING - /usr/local/lib/python3.8/site-packages/urllib3/connectionpool.py:1099 InsecureRequestWarning: Unverified HTTPS request is being made to host 'b2c-catalog-gateway.c24.tech'. Adding certificate verification is strongly advised. See: https://urllib3.readthedocs.io/en/latest/advanced-usage.html#tls-warnings
[2024-12-07T16:59:07.928+0000] {logging_mixin.py:190} WARNING - /usr/local/lib/python3.8/site-packages/urllib3/connectionpool.py:1099 InsecureRequestWarning: Unverified HTTPS request is being made to host 'b2c-catalog-gateway.c24.tech'. Adding certificate verification is strongly advised. See: https://urllib3.readthedocs.io/en/latest/advanced-usage.html#tls-warnings
[2024-12-07T16:59:07.992+0000] {logging_mixin.py:190} WARNING - /usr/local/lib/python3.8/site-packages/urllib3/connectionpool.py:1099 InsecureRequestWarning: Unverified HTTPS request is being made to host 'b2c-catalog-gateway.c24.tech'. Adding certificate verification is strongly advised. See: https://urllib3.readthedocs.io/en/latest/advanced-usage.html#tls-warnings
[2024-12-07T16:59:08.097+0000] {logging_mixin.py:190} WARNING - /usr/local/lib/python3.8/site-packages/urllib3/connectionpool.py:1099 InsecureRequestWarning: Unverified HTTPS request is being made to host 'b2c-catalog-gateway.c24.tech'. Adding certificate verification is strongly advised. See: https://urllib3.readthedocs.io/en/latest/advanced-usage.html#tls-warnings
[2024-12-07T16:59:08.292+0000] {logging_mixin.py:190} WARNING - /usr/local/lib/python3.8/site-packages/urllib3/connectionpool.py:1099 InsecureRequestWarning: Unverified HTTPS request is being made to host 'b2c-catalog-gateway.c24.tech'. Adding certificate verification is strongly advised. See: https://urllib3.readthedocs.io/en/latest/advanced-usage.html#tls-warnings
[2024-12-07T16:59:08.356+0000] {logging_mixin.py:190} WARNING - /usr/local/lib/python3.8/site-packages/urllib3/connectionpool.py:1099 InsecureRequestWarning: Unverified HTTPS request is being made to host 'b2c-catalog-gateway.c24.tech'. Adding certificate verification is strongly advised. See: https://urllib3.readthedocs.io/en/latest/advanced-usage.html#tls-warnings
[2024-12-07T16:59:08.364+0000] {extract.py:59} ERROR - Error processing city_id 259: 'appointmentId'
[2024-12-07T16:59:08.410+0000] {logging_mixin.py:190} WARNING - /usr/local/lib/python3.8/site-packages/urllib3/connectionpool.py:1099 InsecureRequestWarning: Unverified HTTPS request is being made to host 'b2c-catalog-gateway.c24.tech'. Adding certificate verification is strongly advised. See: https://urllib3.readthedocs.io/en/latest/advanced-usage.html#tls-warnings
[2024-12-07T16:59:08.450+0000] {extract.py:59} ERROR - Error processing city_id 260: 'appointmentId'
[2024-12-07T16:59:08.513+0000] {logging_mixin.py:190} WARNING - /usr/local/lib/python3.8/site-packages/urllib3/connectionpool.py:1099 InsecureRequestWarning: Unverified HTTPS request is being made to host 'b2c-catalog-gateway.c24.tech'. Adding certificate verification is strongly advised. See: https://urllib3.readthedocs.io/en/latest/advanced-usage.html#tls-warnings
[2024-12-07T16:59:08.561+0000] {extract.py:59} ERROR - Error processing city_id 286: 'appointmentId'
[2024-12-07T16:59:08.581+0000] {logging_mixin.py:190} WARNING - /usr/local/lib/python3.8/site-packages/urllib3/connectionpool.py:1099 InsecureRequestWarning: Unverified HTTPS request is being made to host 'b2c-catalog-gateway.c24.tech'. Adding certificate verification is strongly advised. See: https://urllib3.readthedocs.io/en/latest/advanced-usage.html#tls-warnings
[2024-12-07T16:59:08.639+0000] {extract.py:59} ERROR - Error processing city_id 299: 'appointmentId'
[2024-12-07T16:59:08.678+0000] {logging_mixin.py:190} WARNING - /usr/local/lib/python3.8/site-packages/urllib3/connectionpool.py:1099 InsecureRequestWarning: Unverified HTTPS request is being made to host 'b2c-catalog-gateway.c24.tech'. Adding certificate verification is strongly advised. See: https://urllib3.readthedocs.io/en/latest/advanced-usage.html#tls-warnings
[2024-12-07T16:59:08.711+0000] {extract.py:59} ERROR - Error processing city_id 278: 'appointmentId'
[2024-12-07T16:59:08.739+0000] {logging_mixin.py:190} WARNING - /usr/local/lib/python3.8/site-packages/urllib3/connectionpool.py:1099 InsecureRequestWarning: Unverified HTTPS request is being made to host 'b2c-catalog-gateway.c24.tech'. Adding certificate verification is strongly advised. See: https://urllib3.readthedocs.io/en/latest/advanced-usage.html#tls-warnings
[2024-12-07T16:59:08.759+0000] {extract.py:59} ERROR - Error processing city_id 297: 'appointmentId'
[2024-12-07T16:59:08.798+0000] {logging_mixin.py:190} WARNING - /usr/local/lib/python3.8/site-packages/urllib3/connectionpool.py:1099 InsecureRequestWarning: Unverified HTTPS request is being made to host 'b2c-catalog-gateway.c24.tech'. Adding certificate verification is strongly advised. See: https://urllib3.readthedocs.io/en/latest/advanced-usage.html#tls-warnings
[2024-12-07T16:59:08.831+0000] {extract.py:59} ERROR - Error processing city_id 284: 'appointmentId'
[2024-12-07T16:59:08.859+0000] {logging_mixin.py:190} WARNING - /usr/local/lib/python3.8/site-packages/urllib3/connectionpool.py:1099 InsecureRequestWarning: Unverified HTTPS request is being made to host 'b2c-catalog-gateway.c24.tech'. Adding certificate verification is strongly advised. See: https://urllib3.readthedocs.io/en/latest/advanced-usage.html#tls-warnings
[2024-12-07T16:59:08.881+0000] {extract.py:59} ERROR - Error processing city_id 265: 'appointmentId'
[2024-12-07T16:59:08.919+0000] {logging_mixin.py:190} WARNING - /usr/local/lib/python3.8/site-packages/urllib3/connectionpool.py:1099 InsecureRequestWarning: Unverified HTTPS request is being made to host 'b2c-catalog-gateway.c24.tech'. Adding certificate verification is strongly advised. See: https://urllib3.readthedocs.io/en/latest/advanced-usage.html#tls-warnings
[2024-12-07T16:59:08.951+0000] {extract.py:59} ERROR - Error processing city_id 262: 'appointmentId'
[2024-12-07T16:59:08.992+0000] {logging_mixin.py:190} WARNING - /usr/local/lib/python3.8/site-packages/urllib3/connectionpool.py:1099 InsecureRequestWarning: Unverified HTTPS request is being made to host 'b2c-catalog-gateway.c24.tech'. Adding certificate verification is strongly advised. See: https://urllib3.readthedocs.io/en/latest/advanced-usage.html#tls-warnings
[2024-12-07T16:59:09.012+0000] {extract.py:59} ERROR - Error processing city_id 298: 'appointmentId'
[2024-12-07T16:59:09.041+0000] {logging_mixin.py:190} WARNING - /usr/local/lib/python3.8/site-packages/urllib3/connectionpool.py:1099 InsecureRequestWarning: Unverified HTTPS request is being made to host 'b2c-catalog-gateway.c24.tech'. Adding certificate verification is strongly advised. See: https://urllib3.readthedocs.io/en/latest/advanced-usage.html#tls-warnings
[2024-12-07T16:59:09.069+0000] {extract.py:59} ERROR - Error processing city_id 281: 'appointmentId'
[2024-12-07T16:59:09.111+0000] {logging_mixin.py:190} WARNING - /usr/local/lib/python3.8/site-packages/urllib3/connectionpool.py:1099 InsecureRequestWarning: Unverified HTTPS request is being made to host 'b2c-catalog-gateway.c24.tech'. Adding certificate verification is strongly advised. See: https://urllib3.readthedocs.io/en/latest/advanced-usage.html#tls-warnings
[2024-12-07T16:59:09.128+0000] {extract.py:59} ERROR - Error processing city_id 289: 'appointmentId'
[2024-12-07T16:59:09.172+0000] {logging_mixin.py:190} WARNING - /usr/local/lib/python3.8/site-packages/urllib3/connectionpool.py:1099 InsecureRequestWarning: Unverified HTTPS request is being made to host 'b2c-catalog-gateway.c24.tech'. Adding certificate verification is strongly advised. See: https://urllib3.readthedocs.io/en/latest/advanced-usage.html#tls-warnings
[2024-12-07T16:59:09.195+0000] {extract.py:59} ERROR - Error processing city_id 266: 'appointmentId'
[2024-12-07T16:59:09.199+0000] {logging_mixin.py:190} WARNING - /usr/local/lib/python3.8/site-packages/urllib3/connectionpool.py:1099 InsecureRequestWarning: Unverified HTTPS request is being made to host 'b2c-catalog-gateway.c24.tech'. Adding certificate verification is strongly advised. See: https://urllib3.readthedocs.io/en/latest/advanced-usage.html#tls-warnings
[2024-12-07T16:59:09.204+0000] {extract.py:59} ERROR - Error processing city_id 268: 'appointmentId'
[2024-12-07T16:59:09.221+0000] {logging_mixin.py:190} WARNING - /usr/local/lib/python3.8/site-packages/urllib3/connectionpool.py:1099 InsecureRequestWarning: Unverified HTTPS request is being made to host 'b2c-catalog-gateway.c24.tech'. Adding certificate verification is strongly advised. See: https://urllib3.readthedocs.io/en/latest/advanced-usage.html#tls-warnings
[2024-12-07T16:59:09.282+0000] {logging_mixin.py:190} WARNING - /usr/local/lib/python3.8/site-packages/urllib3/connectionpool.py:1099 InsecureRequestWarning: Unverified HTTPS request is being made to host 'b2c-catalog-gateway.c24.tech'. Adding certificate verification is strongly advised. See: https://urllib3.readthedocs.io/en/latest/advanced-usage.html#tls-warnings
[2024-12-07T16:59:09.293+0000] {logging_mixin.py:190} WARNING - /usr/local/lib/python3.8/site-packages/urllib3/connectionpool.py:1099 InsecureRequestWarning: Unverified HTTPS request is being made to host 'b2c-catalog-gateway.c24.tech'. Adding certificate verification is strongly advised. See: https://urllib3.readthedocs.io/en/latest/advanced-usage.html#tls-warnings
[2024-12-07T16:59:09.302+0000] {extract.py:59} ERROR - Error processing city_id 264: 'appointmentId'
[2024-12-07T16:59:09.311+0000] {logging_mixin.py:190} WARNING - /usr/local/lib/python3.8/site-packages/urllib3/connectionpool.py:1099 InsecureRequestWarning: Unverified HTTPS request is being made to host 'b2c-catalog-gateway.c24.tech'. Adding certificate verification is strongly advised. See: https://urllib3.readthedocs.io/en/latest/advanced-usage.html#tls-warnings
[2024-12-07T16:59:09.326+0000] {extract.py:59} ERROR - Error processing city_id 282: 'appointmentId'
[2024-12-07T16:59:09.353+0000] {logging_mixin.py:190} WARNING - /usr/local/lib/python3.8/site-packages/urllib3/connectionpool.py:1099 InsecureRequestWarning: Unverified HTTPS request is being made to host 'b2c-catalog-gateway.c24.tech'. Adding certificate verification is strongly advised. See: https://urllib3.readthedocs.io/en/latest/advanced-usage.html#tls-warnings
[2024-12-07T16:59:09.389+0000] {extract.py:59} ERROR - Error processing city_id 258: 'appointmentId'
[2024-12-07T16:59:09.417+0000] {logging_mixin.py:190} WARNING - /usr/local/lib/python3.8/site-packages/urllib3/connectionpool.py:1099 InsecureRequestWarning: Unverified HTTPS request is being made to host 'b2c-catalog-gateway.c24.tech'. Adding certificate verification is strongly advised. See: https://urllib3.readthedocs.io/en/latest/advanced-usage.html#tls-warnings
[2024-12-07T16:59:09.488+0000] {extract.py:59} ERROR - Error processing city_id 255: 'appointmentId'
[2024-12-07T16:59:09.512+0000] {logging_mixin.py:190} WARNING - /usr/local/lib/python3.8/site-packages/urllib3/connectionpool.py:1099 InsecureRequestWarning: Unverified HTTPS request is being made to host 'b2c-catalog-gateway.c24.tech'. Adding certificate verification is strongly advised. See: https://urllib3.readthedocs.io/en/latest/advanced-usage.html#tls-warnings
[2024-12-07T16:59:09.526+0000] {extract.py:59} ERROR - Error processing city_id 251: 'appointmentId'
[2024-12-07T16:59:09.553+0000] {logging_mixin.py:190} WARNING - /usr/local/lib/python3.8/site-packages/urllib3/connectionpool.py:1099 InsecureRequestWarning: Unverified HTTPS request is being made to host 'b2c-catalog-gateway.c24.tech'. Adding certificate verification is strongly advised. See: https://urllib3.readthedocs.io/en/latest/advanced-usage.html#tls-warnings
[2024-12-07T16:59:09.573+0000] {extract.py:59} ERROR - Error processing city_id 267: 'appointmentId'
[2024-12-07T16:59:09.577+0000] {logging_mixin.py:190} WARNING - /usr/local/lib/python3.8/site-packages/urllib3/connectionpool.py:1099 InsecureRequestWarning: Unverified HTTPS request is being made to host 'b2c-catalog-gateway.c24.tech'. Adding certificate verification is strongly advised. See: https://urllib3.readthedocs.io/en/latest/advanced-usage.html#tls-warnings
[2024-12-07T16:59:09.582+0000] {extract.py:57} INFO - Fetched 101 appointment IDs for city_id 290
[2024-12-07T16:59:09.587+0000] {logging_mixin.py:190} WARNING - /usr/local/lib/python3.8/site-packages/urllib3/connectionpool.py:1099 InsecureRequestWarning: Unverified HTTPS request is being made to host 'b2c-catalog-gateway.c24.tech'. Adding certificate verification is strongly advised. See: https://urllib3.readthedocs.io/en/latest/advanced-usage.html#tls-warnings
[2024-12-07T16:59:09.589+0000] {extract.py:59} ERROR - Error processing city_id 254: 'appointmentId'
[2024-12-07T16:59:09.592+0000] {logging_mixin.py:190} WARNING - /usr/local/lib/python3.8/site-packages/urllib3/connectionpool.py:1099 InsecureRequestWarning: Unverified HTTPS request is being made to host 'b2c-catalog-gateway.c24.tech'. Adding certificate verification is strongly advised. See: https://urllib3.readthedocs.io/en/latest/advanced-usage.html#tls-warnings
[2024-12-07T16:59:09.594+0000] {extract.py:59} ERROR - Error processing city_id 253: 'appointmentId'
[2024-12-07T16:59:09.608+0000] {logging_mixin.py:190} WARNING - /usr/local/lib/python3.8/site-packages/urllib3/connectionpool.py:1099 InsecureRequestWarning: Unverified HTTPS request is being made to host 'b2c-catalog-gateway.c24.tech'. Adding certificate verification is strongly advised. See: https://urllib3.readthedocs.io/en/latest/advanced-usage.html#tls-warnings
[2024-12-07T16:59:09.611+0000] {extract.py:59} ERROR - Error processing city_id 261: 'appointmentId'
[2024-12-07T16:59:09.614+0000] {logging_mixin.py:190} WARNING - /usr/local/lib/python3.8/site-packages/urllib3/connectionpool.py:1099 InsecureRequestWarning: Unverified HTTPS request is being made to host 'b2c-catalog-gateway.c24.tech'. Adding certificate verification is strongly advised. See: https://urllib3.readthedocs.io/en/latest/advanced-usage.html#tls-warnings
[2024-12-07T16:59:09.622+0000] {logging_mixin.py:190} WARNING - /usr/local/lib/python3.8/site-packages/urllib3/connectionpool.py:1099 InsecureRequestWarning: Unverified HTTPS request is being made to host 'b2c-catalog-gateway.c24.tech'. Adding certificate verification is strongly advised. See: https://urllib3.readthedocs.io/en/latest/advanced-usage.html#tls-warnings
[2024-12-07T16:59:09.628+0000] {logging_mixin.py:190} WARNING - /usr/local/lib/python3.8/site-packages/urllib3/connectionpool.py:1099 InsecureRequestWarning: Unverified HTTPS request is being made to host 'b2c-catalog-gateway.c24.tech'. Adding certificate verification is strongly advised. See: https://urllib3.readthedocs.io/en/latest/advanced-usage.html#tls-warnings
[2024-12-07T16:59:09.631+0000] {logging_mixin.py:190} WARNING - /usr/local/lib/python3.8/site-packages/urllib3/connectionpool.py:1099 InsecureRequestWarning: Unverified HTTPS request is being made to host 'b2c-catalog-gateway.c24.tech'. Adding certificate verification is strongly advised. See: https://urllib3.readthedocs.io/en/latest/advanced-usage.html#tls-warnings
[2024-12-07T16:59:09.636+0000] {logging_mixin.py:190} WARNING - /usr/local/lib/python3.8/site-packages/urllib3/connectionpool.py:1099 InsecureRequestWarning: Unverified HTTPS request is being made to host 'b2c-catalog-gateway.c24.tech'. Adding certificate verification is strongly advised. See: https://urllib3.readthedocs.io/en/latest/advanced-usage.html#tls-warnings
[2024-12-07T16:59:09.641+0000] {logging_mixin.py:190} WARNING - /usr/local/lib/python3.8/site-packages/urllib3/connectionpool.py:1099 InsecureRequestWarning: Unverified HTTPS request is being made to host 'b2c-catalog-gateway.c24.tech'. Adding certificate verification is strongly advised. See: https://urllib3.readthedocs.io/en/latest/advanced-usage.html#tls-warnings
[2024-12-07T16:59:09.645+0000] {logging_mixin.py:190} WARNING - /usr/local/lib/python3.8/site-packages/urllib3/connectionpool.py:1099 InsecureRequestWarning: Unverified HTTPS request is being made to host 'b2c-catalog-gateway.c24.tech'. Adding certificate verification is strongly advised. See: https://urllib3.readthedocs.io/en/latest/advanced-usage.html#tls-warnings
[2024-12-07T16:59:09.646+0000] {logging_mixin.py:190} WARNING - /usr/local/lib/python3.8/site-packages/urllib3/connectionpool.py:1099 InsecureRequestWarning: Unverified HTTPS request is being made to host 'b2c-catalog-gateway.c24.tech'. Adding certificate verification is strongly advised. See: https://urllib3.readthedocs.io/en/latest/advanced-usage.html#tls-warnings
[2024-12-07T16:59:09.648+0000] {logging_mixin.py:190} WARNING - /usr/local/lib/python3.8/site-packages/urllib3/connectionpool.py:1099 InsecureRequestWarning: Unverified HTTPS request is being made to host 'b2c-catalog-gateway.c24.tech'. Adding certificate verification is strongly advised. See: https://urllib3.readthedocs.io/en/latest/advanced-usage.html#tls-warnings
[2024-12-07T16:59:09.660+0000] {extract.py:59} ERROR - Error processing city_id 293: 'appointmentId'
[2024-12-07T16:59:09.695+0000] {extract.py:59} ERROR - Error processing city_id 274: 'appointmentId'
[2024-12-07T16:59:09.753+0000] {extract.py:59} ERROR - Error processing city_id 256: 'appointmentId'
[2024-12-07T16:59:09.831+0000] {extract.py:59} ERROR - Error processing city_id 283: 'appointmentId'
[2024-12-07T16:59:09.833+0000] {extract.py:59} ERROR - Error processing city_id 294: 'appointmentId'
[2024-12-07T16:59:09.836+0000] {extract.py:59} ERROR - Error processing city_id 300: 'appointmentId'
[2024-12-07T16:59:09.842+0000] {extract.py:59} ERROR - Error processing city_id 279: 'appointmentId'
[2024-12-07T16:59:09.843+0000] {extract.py:59} ERROR - Error processing city_id 285: 'appointmentId'
[2024-12-07T16:59:09.845+0000] {extract.py:59} ERROR - Error processing city_id 292: 'appointmentId'
[2024-12-07T16:59:09.847+0000] {extract.py:59} ERROR - Error processing city_id 263: 'appointmentId'
[2024-12-07T16:59:09.848+0000] {extract.py:59} ERROR - Error processing city_id 291: 'appointmentId'
[2024-12-07T16:59:09.850+0000] {extract.py:59} ERROR - Error processing city_id 288: 'appointmentId'
[2024-12-07T16:59:09.851+0000] {extract.py:59} ERROR - Error processing city_id 250: 'appointmentId'
[2024-12-07T16:59:09.852+0000] {extract.py:59} ERROR - Error processing city_id 287: 'appointmentId'
[2024-12-07T16:59:09.853+0000] {extract.py:59} ERROR - Error processing city_id 252: 'appointmentId'
[2024-12-07T16:59:09.854+0000] {extract.py:59} ERROR - Error processing city_id 296: 'appointmentId'
[2024-12-07T16:59:09.863+0000] {extract.py:198} INFO - Total appointment IDs fetched: 101
[2024-12-07T16:59:09.867+0000] {extract.py:201} INFO - Starting Stage 2: Fetching car details
[2024-12-07T16:59:09.870+0000] {extract.py:66} INFO - Currently Fetching: 13210836788
[2024-12-07T16:59:09.871+0000] {extract.py:66} INFO - Currently Fetching: 13987280767
[2024-12-07T16:59:09.888+0000] {extract.py:66} INFO - Currently Fetching: 13209232780
[2024-12-07T16:59:09.876+0000] {extract.py:66} INFO - Currently Fetching: 13218985762
[2024-12-07T16:59:09.880+0000] {extract.py:66} INFO - Currently Fetching: 13955185764
[2024-12-07T16:59:09.872+0000] {extract.py:66} INFO - Currently Fetching: 13214586709
[2024-12-07T16:59:09.903+0000] {extract.py:66} INFO - Currently Fetching: 13214482748
[2024-12-07T16:59:09.907+0000] {extract.py:66} INFO - Currently Fetching: 13933136758
[2024-12-07T16:59:09.916+0000] {extract.py:66} INFO - Currently Fetching: 13299033725
[2024-12-07T16:59:09.930+0000] {extract.py:66} INFO - Currently Fetching: 13297527716
[2024-12-07T16:59:09.937+0000] {extract.py:66} INFO - Currently Fetching: 13296439742
[2024-12-07T16:59:09.935+0000] {extract.py:66} INFO - Currently Fetching: 13296538787
[2024-12-07T16:59:10.022+0000] {extract.py:66} INFO - Currently Fetching: 13296322794
[2024-12-07T16:59:10.042+0000] {extract.py:66} INFO - Currently Fetching: 13296223776
[2024-12-07T16:59:10.043+0000] {extract.py:66} INFO - Currently Fetching: 13294728773
[2024-12-07T16:59:10.044+0000] {extract.py:66} INFO - Currently Fetching: 13293536762
[2024-12-07T16:59:10.085+0000] {extract.py:66} INFO - Currently Fetching: 13287731709
[2024-12-07T16:59:10.095+0000] {extract.py:66} INFO - Currently Fetching: 13285638765
[2024-12-07T16:59:10.098+0000] {extract.py:66} INFO - Currently Fetching: 13282939765
[2024-12-07T16:59:10.109+0000] {extract.py:66} INFO - Currently Fetching: 13281232741
[2024-12-07T16:59:10.111+0000] {extract.py:66} INFO - Currently Fetching: 13280221772
[2024-12-07T16:59:10.273+0000] {extract.py:66} INFO - Currently Fetching: 13268036721
[2024-12-07T16:59:10.120+0000] {extract.py:66} INFO - Currently Fetching: 13278832768
[2024-12-07T16:59:10.126+0000] {extract.py:66} INFO - Currently Fetching: 13278729713
[2024-12-07T16:59:10.135+0000] {extract.py:66} INFO - Currently Fetching: 13277834709
[2024-12-07T16:59:10.139+0000] {extract.py:66} INFO - Currently Fetching: 13276028777
[2024-12-07T16:59:10.154+0000] {extract.py:66} INFO - Currently Fetching: 13275333705
[2024-12-07T16:59:10.394+0000] {extract.py:66} INFO - Currently Fetching: 13249332749
[2024-12-07T16:59:10.172+0000] {extract.py:66} INFO - Currently Fetching: 13273923798
[2024-12-07T16:59:10.191+0000] {extract.py:66} INFO - Currently Fetching: 13271930745
[2024-12-07T16:59:10.211+0000] {extract.py:66} INFO - Currently Fetching: 13269838707
[2024-12-07T16:59:10.238+0000] {extract.py:66} INFO - Currently Fetching: 13269133747
[2024-12-07T16:59:10.241+0000] {extract.py:66} INFO - Currently Fetching: 13268339747
[2024-12-07T16:59:10.116+0000] {extract.py:66} INFO - Currently Fetching: 13279235704
[2024-12-07T16:59:10.303+0000] {extract.py:66} INFO - Currently Fetching: 13265838723
[2024-12-07T16:59:10.315+0000] {extract.py:66} INFO - Currently Fetching: 13265637744
[2024-12-07T16:59:10.333+0000] {extract.py:66} INFO - Currently Fetching: 13264429779
[2024-12-07T16:59:10.337+0000] {extract.py:66} INFO - Currently Fetching: 13259139704
[2024-12-07T16:59:10.337+0000] {extract.py:66} INFO - Currently Fetching: 13258921794
[2024-12-07T16:59:10.336+0000] {extract.py:66} INFO - Currently Fetching: 13263334748
[2024-12-07T16:59:10.368+0000] {extract.py:66} INFO - Currently Fetching: 13258731726
[2024-12-07T16:59:10.370+0000] {extract.py:66} INFO - Currently Fetching: 13256923715
[2024-12-07T16:59:10.372+0000] {extract.py:66} INFO - Currently Fetching: 13256835749
[2024-12-07T16:59:10.373+0000] {extract.py:66} INFO - Currently Fetching: 13256426798
[2024-12-07T16:59:10.374+0000] {extract.py:66} INFO - Currently Fetching: 13256035735
[2024-12-07T16:59:10.375+0000] {extract.py:66} INFO - Currently Fetching: 13255639707
[2024-12-07T16:59:10.376+0000] {extract.py:66} INFO - Currently Fetching: 13255025715
[2024-12-07T16:59:10.377+0000] {extract.py:66} INFO - Currently Fetching: 13252332702
[2024-12-07T16:59:10.168+0000] {extract.py:66} INFO - Currently Fetching: 13274526797
[2024-12-07T16:59:10.399+0000] {extract.py:66} INFO - Currently Fetching: 13245923791
[2024-12-07T16:59:10.425+0000] {extract.py:66} INFO - Currently Fetching: 13243431721
[2024-12-07T16:59:10.430+0000] {extract.py:66} INFO - Currently Fetching: 13243022757
[2024-12-07T16:59:10.454+0000] {extract.py:66} INFO - Currently Fetching: 13242629713
[2024-12-07T16:59:10.529+0000] {extract.py:66} INFO - Currently Fetching: 13242133766
[2024-12-07T16:59:10.552+0000] {extract.py:66} INFO - Currently Fetching: 13238234723
[2024-12-07T16:59:10.609+0000] {extract.py:66} INFO - Currently Fetching: 13237623715
[2024-12-07T16:59:10.669+0000] {extract.py:66} INFO - Currently Fetching: 13237424779
[2024-12-07T16:59:10.673+0000] {extract.py:66} INFO - Currently Fetching: 13236924796
[2024-12-07T16:59:10.696+0000] {extract.py:66} INFO - Currently Fetching: 13234724794
[2024-12-07T16:59:10.825+0000] {extract.py:66} INFO - Currently Fetching: 13234527711
[2024-12-07T16:59:11.439+0000] {extract.py:66} INFO - Currently Fetching: 13233130725
[2024-12-07T16:59:11.680+0000] {extract.py:66} INFO - Currently Fetching: 13232827793
[2024-12-07T16:59:11.871+0000] {extract.py:66} INFO - Currently Fetching: 13232623791
[2024-12-07T16:59:11.958+0000] {extract.py:66} INFO - Currently Fetching: 13231431737
[2024-12-07T16:59:11.990+0000] {extract.py:66} INFO - Currently Fetching: 13230730732
[2024-12-07T16:59:12.001+0000] {extract.py:66} INFO - Currently Fetching: 13227230761
[2024-12-07T16:59:12.070+0000] {extract.py:66} INFO - Currently Fetching: 13226037747
[2024-12-07T16:59:12.077+0000] {extract.py:66} INFO - Currently Fetching: 13221939745
[2024-12-07T16:59:12.099+0000] {extract.py:66} INFO - Currently Fetching: 13221524756
[2024-12-07T16:59:12.105+0000] {extract.py:66} INFO - Currently Fetching: 13220139708
[2024-12-07T16:59:12.111+0000] {extract.py:66} INFO - Currently Fetching: 13218334749
[2024-12-07T16:59:12.124+0000] {extract.py:66} INFO - Currently Fetching: 13218026759
[2024-12-07T16:59:12.132+0000] {extract.py:66} INFO - Currently Fetching: 13217938702
[2024-12-07T16:59:12.155+0000] {extract.py:66} INFO - Currently Fetching: 13215330706
[2024-12-07T16:59:12.147+0000] {extract.py:66} INFO - Currently Fetching: 13215532703
[2024-12-07T16:59:12.188+0000] {extract.py:66} INFO - Currently Fetching: 13213832764
[2024-12-07T16:59:12.228+0000] {extract.py:66} INFO - Currently Fetching: 13213432722
[2024-12-07T16:59:12.242+0000] {extract.py:66} INFO - Currently Fetching: 13212931769
[2024-12-07T16:59:12.245+0000] {extract.py:66} INFO - Currently Fetching: 13212828791
[2024-12-07T16:59:12.326+0000] {extract.py:66} INFO - Currently Fetching: 13211733721
[2024-12-07T16:59:12.328+0000] {extract.py:66} INFO - Currently Fetching: 13209233722
[2024-12-07T16:59:12.348+0000] {extract.py:66} INFO - Currently Fetching: 13206533737
[2024-12-07T16:59:12.353+0000] {extract.py:66} INFO - Currently Fetching: 13205937743
[2024-12-07T16:59:12.411+0000] {extract.py:66} INFO - Currently Fetching: 13205537745
[2024-12-07T16:59:12.422+0000] {extract.py:66} INFO - Currently Fetching: 13205425774
[2024-12-07T16:59:12.498+0000] {extract.py:66} INFO - Currently Fetching: 13202524756
[2024-12-07T16:59:12.654+0000] {extract.py:66} INFO - Currently Fetching: 13201933702
[2024-12-07T16:59:12.693+0000] {extract.py:66} INFO - Currently Fetching: 13201420712
[2024-12-07T16:59:12.696+0000] {extract.py:66} INFO - Currently Fetching: 10001531709
[2024-12-07T16:59:12.714+0000] {extract.py:66} INFO - Currently Fetching: 13270439736
[2024-12-07T16:59:12.726+0000] {extract.py:66} INFO - Currently Fetching: 13287985723
[2024-12-07T16:59:12.747+0000] {extract.py:66} INFO - Currently Fetching: 13901138791
[2024-12-07T16:59:12.730+0000] {extract.py:66} INFO - Currently Fetching: 13245331799
[2024-12-07T16:59:12.775+0000] {extract.py:66} INFO - Currently Fetching: 13284430742
[2024-12-07T16:59:12.839+0000] {extract.py:66} INFO - Currently Fetching: 13258626792
[2024-12-07T16:59:12.851+0000] {extract.py:66} INFO - Currently Fetching: 13250223776
[2024-12-07T16:59:12.888+0000] {extract.py:66} INFO - Currently Fetching: 13237131741
[2024-12-07T16:59:12.925+0000] {extract.py:66} INFO - Currently Fetching: 13232633740
[2024-12-07T16:59:12.935+0000] {extract.py:66} INFO - Currently Fetching: 13230024717
[2024-12-07T16:59:13.032+0000] {extract.py:66} INFO - Currently Fetching: 13220332741
[2024-12-07T17:00:03.997+0000] {extract.py:66} INFO - Currently Fetching: 13214132726
[2024-12-07T17:02:55.180+0000] {extract.py:210} INFO - Attempting to save Excel file
[2024-12-07T17:02:56.437+0000] {extract.py:212} INFO - Data saved to /app/output/cars24_raw_data.xlsx
[2024-12-07T17:02:56.460+0000] {python.py:240} INFO - Done. Returned value was: None
[2024-12-07T17:02:56.489+0000] {taskinstance.py:340} INFO - ::group::Post task execution logs
[2024-12-07T17:02:56.491+0000] {taskinstance.py:352} INFO - Marking task as SUCCESS. dag_id=cars24_etl_pipeline, task_id=combined_extract, run_id=manual__2024-12-07T16:58:25.252048+00:00, execution_date=20241207T165825, start_date=20241207T165905, end_date=20241207T170256
[2024-12-07T17:02:56.533+0000] {logging_mixin.py:190} INFO - Task instance in success state
[2024-12-07T17:02:56.534+0000] {logging_mixin.py:190} INFO -  Previous state of the Task instance: running
[2024-12-07T17:02:56.535+0000] {logging_mixin.py:190} INFO - Dag name:cars24_etl_pipeline queued_at:2024-12-07 16:58:25.288929+00:00
[2024-12-07T17:02:56.535+0000] {logging_mixin.py:190} INFO - Task hostname:98e62141e0b8 operator:PythonOperator
[2024-12-07T17:02:56.795+0000] {local_task_job_runner.py:266} INFO - Task exited with return code 0
[2024-12-07T17:02:57.471+0000] {taskinstance.py:3895} INFO - 1 downstream tasks scheduled from follow-on schedule check
[2024-12-07T17:02:57.862+0000] {local_task_job_runner.py:245} INFO - ::endgroup::
