[2024-12-07T18:43:47.534+0000] {local_task_job_runner.py:123} INFO - ::group::Pre task execution logs
[2024-12-07T18:43:47.712+0000] {taskinstance.py:2613} INFO - Dependencies all met for dep_context=non-requeueable deps ti=<TaskInstance: cars24_etl_pipeline.transform_stage manual__2024-12-07T18:24:29.417481+00:00 [queued]>
[2024-12-07T18:43:47.768+0000] {taskinstance.py:2613} INFO - Dependencies all met for dep_context=requeueable deps ti=<TaskInstance: cars24_etl_pipeline.transform_stage manual__2024-12-07T18:24:29.417481+00:00 [queued]>
[2024-12-07T18:43:47.771+0000] {taskinstance.py:2866} INFO - Starting attempt 1 of 4
[2024-12-07T18:43:48.053+0000] {taskinstance.py:2889} INFO - Executing <Task(PythonOperator): transform_stage> on 2024-12-07 18:24:29.417481+00:00
[2024-12-07T18:43:48.136+0000] {standard_task_runner.py:72} INFO - Started process 933 to run task
[2024-12-07T18:43:48.901+0000] {standard_task_runner.py:104} INFO - Running: ['airflow', 'tasks', 'run', 'cars24_etl_pipeline', 'transform_stage', 'manual__2024-12-07T18:24:29.417481+00:00', '--job-id', '12', '--raw', '--subdir', 'DAGS_FOLDER/etl_dag.py', '--cfg-path', '/tmp/tmp91ukaq2v']
[2024-12-07T18:43:48.935+0000] {standard_task_runner.py:105} INFO - Job 12: Subtask transform_stage
[2024-12-07T18:43:51.096+0000] {task_command.py:467} INFO - Running <TaskInstance: cars24_etl_pipeline.transform_stage manual__2024-12-07T18:24:29.417481+00:00 [running]> on host bc0ae7fc4eec
[2024-12-07T18:43:51.589+0000] {taskinstance.py:3132} INFO - Exporting env vars: AIRFLOW_CTX_DAG_OWNER='airflow' AIRFLOW_CTX_DAG_ID='cars24_etl_pipeline' AIRFLOW_CTX_TASK_ID='transform_stage' AIRFLOW_CTX_EXECUTION_DATE='2024-12-07T18:24:29.417481+00:00' AIRFLOW_CTX_TRY_NUMBER='1' AIRFLOW_CTX_DAG_RUN_ID='manual__2024-12-07T18:24:29.417481+00:00'
[2024-12-07T18:43:51.619+0000] {logging_mixin.py:190} INFO - Task instance is in running state
[2024-12-07T18:43:51.620+0000] {logging_mixin.py:190} INFO -  Previous state of the Task instance: queued
[2024-12-07T18:43:51.622+0000] {logging_mixin.py:190} INFO - Current task name:transform_stage state:running start_date:2024-12-07 18:43:47.717654+00:00
[2024-12-07T18:43:51.623+0000] {logging_mixin.py:190} INFO - Dag name:cars24_etl_pipeline and current dag run status:running
[2024-12-07T18:43:51.653+0000] {taskinstance.py:731} INFO - ::endgroup::
[2024-12-07T18:43:51.692+0000] {etl_dag.py:167} INFO - Starting Transformation Stage
[2024-12-07T18:43:51.705+0000] {transform.py:11} INFO - Starting data transformation
[2024-12-07T18:43:51.721+0000] {transform.py:18} INFO - Reading raw data from /app/output/cars24_raw_data.xlsx
[2024-12-07T18:44:07.467+0000] {transform.py:22} INFO - Dropping duplicate rows
[2024-12-07T18:44:07.573+0000] {transform.py:27} INFO - Removing rows with missing values in ['Displacementcc', 'GearBoxNumberOfGears']
[2024-12-07T18:44:07.613+0000] {transform.py:32} INFO - Dropping columns: ['TransmissionType', 'specs_tag', 'content.city']
[2024-12-07T18:44:07.623+0000] {transform.py:40} INFO - Replacing NaN values with 'not available'
[2024-12-07T18:44:07.637+0000] {transform.py:44} INFO - Performing date feature engineering
[2024-12-07T18:44:10.714+0000] {transform.py:78} INFO - Dropping original date columns
[2024-12-07T18:44:10.953+0000] {transform.py:83} INFO - Encoding features
[2024-12-07T18:44:11.140+0000] {transform.py:92} INFO - Dropping tyre-related columns
[2024-12-07T18:44:11.309+0000] {transform.py:97} INFO - Finalizing dataset
[2024-12-07T18:44:11.357+0000] {transform.py:109} INFO - Saving transformed data to /app/output/cars24_transformed_data.xlsx
[2024-12-07T18:44:13.291+0000] {transform.py:112} INFO - Data transformation completed successfully
[2024-12-07T18:44:13.316+0000] {python.py:240} INFO - Done. Returned value was: None
[2024-12-07T18:44:13.395+0000] {taskinstance.py:340} INFO - ::group::Post task execution logs
[2024-12-07T18:44:13.443+0000] {taskinstance.py:352} INFO - Marking task as SUCCESS. dag_id=cars24_etl_pipeline, task_id=transform_stage, run_id=manual__2024-12-07T18:24:29.417481+00:00, execution_date=20241207T182429, start_date=20241207T184347, end_date=20241207T184413
[2024-12-07T18:44:13.976+0000] {logging_mixin.py:190} INFO - Task instance in success state
[2024-12-07T18:44:14.029+0000] {logging_mixin.py:190} INFO -  Previous state of the Task instance: running
[2024-12-07T18:44:14.098+0000] {logging_mixin.py:190} INFO - Dag name:cars24_etl_pipeline queued_at:2024-12-07 18:24:29.506926+00:00
[2024-12-07T18:44:14.149+0000] {logging_mixin.py:190} INFO - Task hostname:bc0ae7fc4eec operator:PythonOperator
[2024-12-07T18:44:14.338+0000] {local_task_job_runner.py:266} INFO - Task exited with return code 0
[2024-12-07T18:44:14.490+0000] {taskinstance.py:3895} INFO - 1 downstream tasks scheduled from follow-on schedule check
[2024-12-07T18:44:14.702+0000] {local_task_job_runner.py:245} INFO - ::endgroup::
